[0211-10:00:57:256][info] SPI Connection Descriptor FFFF8E0AE75CB0A8 ConnectionSpeed:10000000
[0211-10:00:57:256][info] Connected to SPBTARGET 000071F51C21BE18 at address 0x0 from WDFDEVICE 000071F52A260F18
[0211-10:00:57:257][info] Opening handle to SPB target via \Device\RESOURCE_HUB\0000000000000003

[0211-10:00:57:306] write    4 -  0000: a0 08 00 a8

[0211-10:00:57:320] write    8 -  0000: 01 05 00 00 00 00 00 88

[0211-10:00:57:336] write    4 -  0000: a0 06 00 a6

[0211-10:00:57:352] write    6 -  0000: d5 03 00 00 00 d3

[0211-10:00:57:368] write    4 -  0000: a0 08 00 a8

[0211-10:00:57:383] write    8 -  0000: 01 05 00 00 00 00 00 88

[0211-10:00:57:399] write    4 -  0000: a0 06 00 a6

[0211-10:00:57:414] write    6 -  0000: a8 03 00 00 00 ff

[0211-10:00:57:416]  read    4 -  0000: a0 06 00 a6

[0211-10:00:57:416]  read    6 -  0000: b0 03 00 a8 07 48

[0211-10:00:57:418]  read    4 -  0000: a0 1a 00 ba

[0211-10:00:57:418]  read   26 -  0000: a8 17 00 47 46 5f 48 43 34 36 30 53 45 43 5f 41
[0211-10:00:57:418]  read   26 -  0010: 50 50 5f 31 34 32 31 30 00 68

[0211-10:00:57:430] write    4 -  0000: a0 08 00 a8

[0211-10:00:57:446] write    8 -  0000: 01 05 00 00 00 00 00 88

[0211-10:00:57:462] write    4 -  0000: a0 06 00 a6

[0211-10:00:57:478] write    6 -  0000: 97 03 00 01 01 0f

[0211-10:00:57:494] write    4 -  0000: a0 09 00 a9

[0211-10:00:57:510] write    9 -  0000: af 06 00 55 95 e0 00 00 2c

[0211-10:00:57:511]  read    4 -  0000: a0 1a 00 ba

[0211-10:00:57:511]  read   26 -  0000: ae 17 00 04 00 30 00 00 00 00 00 20 00 00 00 00
[0211-10:00:57:511]  read   26 -  0010: 01 00 00 04 25 02 00 00 00 65

[0211-10:00:57:513] write    4 -  0000: a0 08 00 a8

[0211-10:00:57:525] write    8 -  0000: 01 05 00 00 00 00 00 88

[0211-10:00:57:542] write    4 -  0000: a0 06 00 a6

[0211-10:00:57:557] write    6 -  0000: a8 03 00 00 00 ff

[0211-10:00:57:558]  read    4 -  0000: a0 06 00 a6

[0211-10:00:57:559]  read    6 -  0000: b0 03 00 a8 07 48

[0211-10:00:57:560]  read    4 -  0000: a0 1a 00 ba

[0211-10:00:57:560]  read   26 -  0000: a8 17 00 47 46 5f 48 43 34 36 30 53 45 43 5f 41
[0211-10:00:57:560]  read   26 -  0010: 50 50 5f 31 34 32 31 30 00 68

[0211-10:00:57:579] write    4 -  0000: a0 0c 00 ac

[0211-10:00:57:589] write   12 -  0000: e4 09 00 02 00 01 bb 00 00 00 00 ff

[0211-10:00:57:590]  read    4 -  0000: a0 06 00 a6

[0211-10:00:57:590]  read    6 -  0000: b0 03 00 e4 07 0c

[0211-10:00:57:592]  read    4 -  0000: a0 59 01 fa

[0211-10:00:57:593]  read  345 -  0000: e4 56 01 00 02 00 01 bb 4c 01 00 00 01 00 00 00
[0211-10:00:57:593]  read  345 -  0010: d0 8c 9d df 01 15 d1 11 8c 7a 00 c0 4f c2 97 eb
[0211-10:00:57:593]  read  345 -  0020: 01 00 00 00 4c 9c e6 7c 50 c6 b0 4b b6 37 cd 1c
[0211-10:00:57:593]  read  345 -  0030: 72 51 14 ee 04 00 00 00 40 00 00 00 54 00 68 00
[0211-10:00:57:593]  read  345 -  0040: 69 00 73 00 20 00 69 00 73 00 20 00 74 00 68 00
[0211-10:00:57:593]  read  345 -  0050: 65 00 20 00 64 00 65 00 73 00 63 00 72 00 69 00
[0211-10:00:57:593]  read  345 -  0060: 70 00 74 00 69 00 6f 00 6e 00 20 00 73 00 74 00
[0211-10:00:57:593]  read  345 -  0070: 72 00 69 00 6e 00 67 00 2e 00 00 00 10 66 00 00
[0211-10:00:57:593]  read  345 -  0080: 00 01 00 00 20 00 00 00 6e 4f a0 f0 c6 eb 2c 20
[0211-10:00:57:593]  read  345 -  0090: 5b f3 09 19 73 5f 8e 39 ce 6a 75 1a 66 e1 35 de
[0211-10:00:57:593]  read  345 -  00a0: 92 fd aa 1c 9f 16 df 43 00 00 00 00 0e 80 00 00
[0211-10:00:57:593]  read  345 -  00b0: 00 02 00 00 20 00 00 00 be 11 9b ea 58 88 c5 88
[0211-10:00:57:593]  read  345 -  00c0: 61 21 86 d6 e3 32 63 14 be 59 64 79 49 eb 55 52
[0211-10:00:57:593]  read  345 -  00d0: b8 d6 c9 c5 ad 0d 98 11 30 00 00 00 cb 4a b3 4e
[0211-10:00:57:593]  read  345 -  00e0: 61 d0 45 80 ca cc 20 85 21 68 5b e9 6b bb a7 35
[0211-10:00:57:593]  read  345 -  00f0: 59 87 8d 70 df 9f 85 73 8a b5 74 36 d5 06 a8 d0
[0211-10:00:57:593]  read  345 -  0100: 12 f8 93 38 7f e3 32 fe 32 53 f9 bc 40 00 00 00
[0211-10:00:57:593]  read  345 -  0110: 5a a4 2a c1 1c 54 b4 e8 af 8a bc 02 e1 cf 9e bd
[0211-10:00:57:593]  read  345 -  0120: a8 23 bd 05 65 13 e6 c5 dc 7d e5 a0 ba a3 c5 e3
[0211-10:00:57:593]  read  345 -  0130: 57 da 67 a3 4b d3 35 f1 54 29 c6 c4 49 a3 c4 5b
[0211-10:00:57:593]  read  345 -  0140: 37 92 f8 27 d3 92 e5 f7 2a 00 15 30 c0 81 7a 3a
[0211-10:00:57:593]  read  345 -  0150: 6b e5 a0 cb ee f0 3c 0b 03

[0211-10:00:57:613] write    4 -  0000: a0 0c 00 ac

[0211-10:00:57:621] write   12 -  0000: e4 09 00 03 00 02 bb 00 00 00 00 fd

[0211-10:00:57:622]  read    4 -  0000: a0 06 00 a6

[0211-10:00:57:622]  read    6 -  0000: b0 03 00 e4 07 0c

[0211-10:00:57:624]  read    4 -  0000: a0 2d 00 cd

[0211-10:00:57:624]  read   45 -  0000: e4 2a 00 00 03 00 02 bb 20 00 00 00 8d 8e 99 80
[0211-10:00:57:624]  read   45 -  0010: 5d 1e 22 89 c5 41 12 5d 5a dd 5d d5 30 89 4c c8
[0211-10:00:57:624]  read   45 -  0020: 50 0d 03 55 41 b8 c0 a5 96 1e c0 5d d3

[0211-10:00:57:639] write    4 -  0000: a0 06 00 a6

[0211-10:00:57:653] write    6 -  0000: a2 03 00 01 14 f0

[0211-10:00:57:654]  read    4 -  0000: a0 06 00 a6

[0211-10:00:57:654]  read    6 -  0000: b0 03 00 a2 07 4e

[0211-10:00:57:697]  read    4 -  0000: a0 07 00 a7

[0211-10:00:57:697]  read    7 -  0000: a2 04 00 01 00 08 fb

[0211-10:00:57:701] write    4 -  0000: a0 09 00 a9

[0211-10:00:57:717] write    9 -  0000: 82 06 00 00 00 00 04 00 1e

[0211-10:00:57:718]  read    4 -  0000: a0 06 00 a6

[0211-10:00:57:718]  read    6 -  0000: b0 03 00 82 07 6e

[0211-10:00:57:720]  read    4 -  0000: a0 08 00 a8

[0211-10:00:57:720]  read    8 -  0000: 82 05 00 a2 04 25 00 58

[0211-10:00:57:736] write    4 -  0000: a0 06 00 a6

[0211-10:00:57:749] write    6 -  0000: a6 03 00 00 00 01

[0211-10:00:57:750]  read    4 -  0000: a0 06 00 a6

[0211-10:00:57:751]  read    6 -  0000: b0 03 00 a6 07 4a

[0211-10:00:57:773]  read    4 -  0000: a0 44 00 e4

[0211-10:00:57:773]  read   68 -  0000: a6 41 00 53 34 30 36 36 36 2e 00 0a 7d 82 b3 72
[0211-10:00:57:773]  read   68 -  0010: a0 46 0a 51 07 05 0e 7d 4b 17 27 41 02 9a 0c f1
[0211-10:00:57:773]  read   68 -  0020: 80 7f 0c 07 81 30 38 e4 80 dd fc 0a be bb 44 01
[0211-10:00:57:773]  read   68 -  0030: bb b3 b5 b3 b3 b3 b5 b3 b3 41 33 e4 1b dd 22 0c
[0211-10:00:57:773]  read   68 -  0040: f0 17 db 1c

[0211-10:00:57:780] write    4 -  0000: a0 06 00 a6

[0211-10:00:57:797] write    6 -  0000: a2 03 00 01 14 f0

[0211-10:00:57:798]  read    4 -  0000: a0 06 00 a6

[0211-10:00:57:799]  read    6 -  0000: b0 03 00 a2 07 4e

[0211-10:00:57:842]  read    4 -  0000: a0 07 00 a7

[0211-10:00:57:842]  read    7 -  0000: a2 04 00 01 00 08 fb

[0211-10:00:57:843] write    4 -  0000: a0 06 00 a6

[0211-10:00:57:860] write    6 -  0000: 70 03 00 14 00 23

[0211-10:00:57:862]  read    4 -  0000: a0 06 00 a6

[0211-10:00:57:862]  read    6 -  0000: b0 03 00 70 07 80

[0211-10:00:57:891] write    4 -  0000: a0 0c 00 ac

[0211-10:00:57:907] write   12 -  0000: 98 09 00 38 0b b5 00 b3 00 b3 00 ab

[0211-10:00:57:908]  read    4 -  0000: a0 06 00 a6

[0211-10:00:57:908]  read    6 -  0000: b0 03 00 98 07 58

[0211-10:00:57:909]  read    4 -  0000: a0 06 00 a6

[0211-10:00:57:909]  read    6 -  0000: 98 03 00 01 00 0e

[0211-10:00:57:939] write    4 -  0000: a0 e4 00 84

[0211-10:00:57:955] write  228 -  0000: 90 e1 00 70 11 74 85 00 85 2c b1 18 c9 14 dd 00
[0211-10:00:57:955] write  228 -  0010: dd 00 dd 00 ba 00 01 80 ca 00 04 00 84 00 15 b3
[0211-10:00:57:955] write  228 -  0020: 86 00 00 c4 88 00 00 ba 8a 00 00 b2 8c 00 00 aa
[0211-10:00:57:955] write  228 -  0030: 8e 00 00 c1 90 00 bb bb 92 00 b1 b1 94 00 00 a8
[0211-10:00:57:955] write  228 -  0040: 96 00 00 b6 98 00 00 00 9a 00 00 00 d2 00 00 00
[0211-10:00:57:955] write  228 -  0050: d4 00 00 00 d6 00 00 00 d8 00 00 00 50 00 01 05
[0211-10:00:57:955] write  228 -  0060: d0 00 00 00 70 00 00 00 72 00 78 56 74 00 34 12
[0211-10:00:57:955] write  228 -  0070: 20 00 10 40 5c 00 00 01 20 02 38 0b 36 02 b5 00
[0211-10:00:57:955] write  228 -  0080: 38 02 b3 00 3a 02 b3 00 2a 01 82 03 22 00 01 20
[0211-10:00:57:955] write  228 -  0090: 24 00 14 00 80 00 01 00 5c 00 00 01 56 00 04 20
[0211-10:00:57:955] write  228 -  00a0: 58 00 03 02 32 00 0c 02 66 00 03 00 7c 00 00 58
[0211-10:00:57:955] write  228 -  00b0: 82 00 80 1b 2a 01 08 00 54 00 10 01 62 00 04 03
[0211-10:00:57:955] write  228 -  00c0: 64 00 19 00 66 00 03 00 7c 00 00 58 2a 01 08 00
[0211-10:00:57:955] write  228 -  00d0: 52 00 08 00 54 00 00 01 66 00 03 00 7c 00 00 58
[0211-10:00:57:955] write  228 -  00e0: 00 53 66 8f

[0211-10:00:57:956]  read    4 -  0000: a0 06 00 a6

[0211-10:00:57:957]  read    6 -  0000: b0 03 00 90 07 60

[0211-10:00:57:958]  read    4 -  0000: a0 06 00 a6

[0211-10:00:57:958]  read    6 -  0000: 90 03 00 01 00 16

[0211-10:00:57:990] write    4 -  0000: a0 06 00 a6

[0211-10:00:58:002] write    6 -  0000: d1 03 00 00 00 d7

[0211-10:00:58:003]  read    4 -  0000: b0 34 00 e4

[0211-10:00:58:003]  read   52 -  0000: 16 03 03 00 2f 01 00 00 2b 03 03 2d f4 51 58 cf
[0211-10:00:58:003]  read   52 -  0010: 8c b1 40 46 f6 b5 4b 29 31 03 47 04 5b 70 30 b4
[0211-10:00:58:003]  read   52 -  0020: 5d fd 20 78 7f 8b 1a d8 59 29 50 00 00 04 00 a8
[0211-10:00:58:003]  read   52 -  0030: 00 ff 01 00

[0211-10:00:58:008] write    4 -  0000: b0 56 00 06

[0211-10:00:58:018] write   86 -  0000: 16 03 03 00 51 02 00 00 4d 03 03 9f 2f 49 60 ae
[0211-10:00:58:018] write   86 -  0010: 41 bb 5d 5d 78 5f 4d 4f 1b ad 89 32 63 36 af db
[0211-10:00:58:018] write   86 -  0020: 0b 99 c3 75 2a 88 c6 80 db e1 1c 20 06 af 56 22
[0211-10:00:58:018] write   86 -  0030: be 7c 96 3c fc 42 0d f9 59 cf fb 81 17 63 59 6b
[0211-10:00:58:018] write   86 -  0040: 4f 0c 75 52 88 92 79 b2 01 96 8d f9 00 a8 00 00
[0211-10:00:58:018] write   86 -  0050: 05 ff 01 00 01 00

[0211-10:00:58:037] write    4 -  0000: b0 09 00 b9

[0211-10:00:58:050] write    9 -  0000: 16 03 03 00 04 0e 00 00 00

[0211-10:00:58:051]  read    4 -  0000: b0 1a 00 ca

[0211-10:00:58:051]  read   26 -  0000: 16 03 03 00 15 10 00 00 11 00 0f 43 6c 69 65 6e
[0211-10:00:58:051]  read   26 -  0010: 74 5f 69 64 65 6e 74 69 74 79

[0211-10:00:58:064]  read    4 -  0000: b0 06 00 b6

[0211-10:00:58:065]  read    6 -  0000: 14 03 03 00 01 01

[0211-10:00:58:067]  read    4 -  0000: b0 2d 00 dd

[0211-10:00:58:068]  read   45 -  0000: 16 03 03 00 28 00 00 00 00 00 00 00 00 e7 1d 7a
[0211-10:00:58:068]  read   45 -  0010: ab c9 4d 15 40 77 f0 70 12 d3 a5 0e 88 55 17 64
[0211-10:00:58:068]  read   45 -  0020: 7e e1 58 6b 1d 27 fa 87 de 23 7e 45 56

[0211-10:00:58:084] write    4 -  0000: b0 06 00 b6

[0211-10:00:58:256] write    6 -  0000: 14 03 03 00 01 01

[0211-10:00:58:275] write    4 -  0000: b0 2d 00 dd

[0211-10:00:58:287] write   45 -  0000: 16 03 03 00 28 00 00 00 00 00 00 00 00 04 13 5a
[0211-10:00:58:287] write   45 -  0010: 3b 39 be ce 5b 9b 06 06 18 e4 9f f1 f6 65 94 5a
[0211-10:00:58:287] write   45 -  0020: 98 5d 9e 93 d5 a4 08 30 6e 7a ba 07 55

[0211-10:00:58:335] write    4 -  0000: a0 06 00 a6

[0211-10:00:58:351] write    6 -  0000: d4 03 00 00 00 d3

[0211-10:00:58:351]  read    4 -  0000: a0 06 00 a6

[0211-10:00:58:352]  read    6 -  0000: b0 03 00 d4 01 22

[0211-10:00:58:399] write    4 -  0000: a0 09 00 a9

[0211-10:00:58:414] write    9 -  0000: af 06 00 55 1e e4 00 00 9f

[0211-10:00:58:415]  read    4 -  0000: a0 1a 00 ba

[0211-10:00:58:415]  read   26 -  0000: ae 17 00 04 06 30 00 00 00 00 00 20 00 00 00 00
[0211-10:00:58:415]  read   26 -  0010: 01 00 01 04 25 02 00 00 00 5e

[0211-10:00:58:421] write    4 -  0000: a0 12 00 b2

[0211-10:00:58:429] write   18 -  0000: 36 0f 00 09 01 00 00 00 00 00 00 00 00 00 00 00
[0211-10:00:58:429] write   18 -  0010: 00 5b

[0211-10:00:58:430]  read    4 -  0000: a0 06 00 a6

[0211-10:00:58:430]  read    6 -  0000: b0 03 00 36 01 c0

[0211-10:00:58:450]  read    4 -  0000: a0 14 00 b4

[0211-10:00:58:450]  read   20 -  0000: 36 11 00 00 01 00 00 61 01 87 01 4a 01 6f 01 4e
[0211-10:00:58:450]  read   20 -  0010: 01 6f 01 fe

[0211-10:00:58:454] write    4 -  0000: a0 06 00 a6

[0211-10:00:58:461] write    6 -  0000: 50 03 00 01 00 56

[0211-10:00:58:462]  read    4 -  0000: a0 06 00 a6

[0211-10:00:58:462]  read    6 -  0000: b0 03 00 50 01 a6

[0211-10:00:58:480]  read    4 -  0000: a0 6d 09 16

[0211-10:00:58:482]  read 2413 -  0000: 50 6a 09 00 00 00 00 00 77 f3 b3 7f 92 78 39 b8
[0211-10:00:58:482]  read 2413 -  0010: 1b a0 a3 4a fa 13 20 aa a8 4a ba d8 0b a8 af fb
[0211-10:00:58:482]  read 2413 -  0020: fa f3 3b b2 b8 8b bb 6c a4 b2 ba 4b cb 5f cf bd
[0211-10:00:58:482]  read 2413 -  0030: bf 7b 8b d4 e0 c2 c1 bb 0b d8 e3 ba bf 4b 3c 2b
[0211-10:00:58:482]  read 2413 -  0040: 23 c1 c7 7c 0c 47 48 bf be cc 7c 20 2f c6 c5 8c
[0211-10:00:58:482]  read 2413 -  0050: 8c 4f 4b c0 c6 3c 7c 9b eb c8 c1 bb bc 6f 24 c3
[0211-10:00:58:482]  read 2413 -  0060: be 7c 3b c3 10 b2 a1 4a f7 db bf 7d 96 b8 79 eb
[0211-10:00:58:482]  read 2413 -  0070: 1f 9d a4 7a c9 e8 2f aa a8 8a fa 98 10 a9 ad 7b
[0211-10:00:58:482]  read 2413 -  0080: 4a e0 60 b5 b5 bb 8b 7c 74 b0 b6 0b 4b 83 7c ba
[0211-10:00:58:482]  read 2413 -  0090: bf 4b 8b ac a7 bc bf 8b bb eb b3 b9 c2 0b 3b d4
[0211-10:00:58:482]  read 2413 -  00a0: 04 bd c0 3c fc 17 ff bc be bb fb cf 03 c2 c0 cc
[0211-10:00:58:482]  read 2413 -  00b0: 4c 2c 17 c2 c2 3c 3c 13 db c4 c0 4b 8c 48 10 bc
[0211-10:00:58:482]  read 2413 -  00c0: b9 bc 3b 9b 0f ae a1 3a f8 4b e7 84 97 78 b9 d7
[0211-10:00:58:482]  read 2413 -  00d0: d4 9c a3 39 49 fc 40 a7 a4 fa 7a 77 c8 a5 ac 8a
[0211-10:00:58:482]  read 2413 -  00e0: 3a c4 c0 b5 b3 0a 4b 47 8f b1 b3 0b cb 57 7b b4
[0211-10:00:58:482]  read 2413 -  00f0: bb bb 8b 84 c7 b6 b8 cb bb c3 bb b9 bf 3b bb ac
[0211-10:00:58:482]  read 2413 -  0100: 8b bf bd 3b 7b e4 d7 bb be 0b 3c 0b bc ba bc 8b
[0211-10:00:58:482]  read 2413 -  0110: 4c 1f ef bb ba fb 4b d7 9f bc bf 3b fb b8 9f b8
[0211-10:00:58:482]  read 2413 -  0120: bf 0b 3b 2b bb a7 9b c9 47 c0 ac 7c 94 78 f9 8c
[0211-10:00:58:482]  read 2413 -  0130: 17 97 9e fa 0a 34 db a1 a2 c9 3a 38 7b a6 a7 fa
[0211-10:00:58:482]  read 2413 -  0140: 3a 78 6c b1 b0 3a cb 0c 30 ab b2 bb bb 04 2f b6
[0211-10:00:58:482]  read 2413 -  0150: b0 fb fb 5b 48 b0 b3 fb 8b 94 3b b7 b3 cb 0b 77
[0211-10:00:58:482]  read 2413 -  0160: 97 b9 b3 fb 3b 53 58 b6 b9 cb bb 2b 57 b8 b5 4b
[0211-10:00:58:482]  read 2413 -  0170: 0b 80 7c ba bc fb 4b 7f 6f b9 b8 7b 3b 34 58 b4
[0211-10:00:58:482]  read 2413 -  0180: b5 4b 4a db 67 a6 96 b9 f7 70 bc 76 93 38 b9 80
[0211-10:00:58:482]  read 2413 -  0190: a4 9c a0 b9 39 c8 af a3 a2 b9 0a 8f 98 a3 aa 3a
[0211-10:00:58:482]  read 2413 -  01a0: 8a 70 a4 ac af fa fa c3 1b b1 ae cb 8b 63 8f b5
[0211-10:00:58:482]  read 2413 -  01b0: b4 fb 3b 58 a4 b4 b2 bb bb 6c 5f b4 b7 3b cb 33
[0211-10:00:58:482]  read 2413 -  01c0: 83 b5 bb 8b fb 68 a0 b7 b8 3b 8b ab 4f b5 ba cb
[0211-10:00:58:482]  read 2413 -  01d0: fb 9c b0 b7 b8 cb 0b 9b 93 ba b9 8b bb 68 78 b3
[0211-10:00:58:482]  read 2413 -  01e0: b2 8b ba c3 94 ac 99 b9 87 b7 e7 7b 96 b8 39 cb
[0211-10:00:58:482]  read 2413 -  01f0: 07 a0 9f 3a 8a 03 1b a5 a5 7a 4a 90 bf a9 ac ba
[0211-10:00:58:482]  read 2413 -  0200: 4a cc d7 ae b4 fa fa f8 2c b2 b2 3b 7b 63 a4 b5
[0211-10:00:58:482]  read 2413 -  0210: b7 cb fb 44 8f b7 bb fb fb 7f 77 b6 b9 8b 8b 7f
[0211-10:00:58:482]  read 2413 -  0220: cc bb b8 fb 8b 97 b3 b8 b6 8b 7b b4 9c b8 b9 cb
[0211-10:00:58:482]  read 2413 -  0230: 4b b7 bc b7 b9 cb bb 8f 9c ba b9 cb cb 4c 8c b2
[0211-10:00:58:482]  read 2413 -  0240: b3 cb 3b 08 70 a9 97 39 07 b0 af 7b 95 48 89 9b
[0211-10:00:58:482]  read 2413 -  0250: c7 9b 9c f9 b9 cc 58 a1 a4 0a ba 58 84 a3 ac 0a
[0211-10:00:58:482]  read 2413 -  0260: 4a a4 8c aa b0 0a fa ff 4c b5 b0 bb fb 7b 4b b4
[0211-10:00:58:482]  read 2413 -  0270: bd 4b 8b 6f 78 b7 b6 bb bb 7b 38 b9 ba 0b 7b 7c
[0211-10:00:58:482]  read 2413 -  0280: 9c bc b9 cb cb 80 af b4 bd 4b cb b0 4f bb b9 cb
[0211-10:00:58:482]  read 2413 -  0290: 3b af e4 bc b7 8b cb 8c 57 b8 b7 cb 7b 88 83 bb
[0211-10:00:58:482]  read 2413 -  02a0: b3 8b 0a e4 68 a8 96 b9 c7 6b a8 76 93 88 39 6c
[0211-10:00:58:482]  read 2413 -  02b0: 8b 99 9c 49 09 d4 bb 9f 9d c9 8a 37 7b a4 a5 4a
[0211-10:00:58:482]  read 2413 -  02c0: 7a a8 db a9 b3 ca 7a b8 20 ab ab 7b bb 33 17 b2
[0211-10:00:58:482]  read 2413 -  02d0: b4 cb 4b 54 5b b1 b0 bb bb 54 47 b3 b4 3b fb 33
[0211-10:00:58:482]  read 2413 -  02e0: 3c b4 b5 7b bb 44 77 b6 b0 bb 3b 18 3c b5 b7 0b
[0211-10:00:58:482]  read 2413 -  02f0: fb 68 6c b6 b5 3b 4b 70 3b b8 b5 fb cb 27 ec ac
[0211-10:00:58:482]  read 2413 -  0300: af 7a 4a 94 fb a0 8f c8 b7 bb 97 7b 93 b8 f9 8f
[0211-10:00:58:482]  read 2413 -  0310: a3 9a 9c 89 ca 33 04 9d a2 8a fa 33 cc a6 a9 7a
[0211-10:00:58:482]  read 2413 -  0320: ca 78 73 ad ad 0a ba d8 20 af b1 4b 3a f7 80 b8
[0211-10:00:58:482]  read 2413 -  0330: bc 0b fb 1b 5b b3 b3 8b 8b 67 54 b4 b7 4b 0b a8
[0211-10:00:58:482]  read 2413 -  0340: 63 b8 b8 7b 7b 9c 80 b9 ba 0b 7b 87 87 bd b8 fb
[0211-10:00:58:482]  read 2413 -  0350: cb cf 73 b6 bb 3b bb 90 7f ba b7 3b fb 53 70 b2
[0211-10:00:58:482]  read 2413 -  0360: b1 7b ba c7 68 a3 96 b9 c7 ac d4 7a 92 48 79 98
[0211-10:00:58:482]  read 2413 -  0370: bc 99 9b f9 79 ef 5b a1 a4 ca 7a 7c 80 a7 a7 8a
[0211-10:00:58:482]  read 2413 -  0380: 7a c7 9c ad b0 ca cb 00 63 b3 b0 8b cb 20 68 b8
[0211-10:00:58:482]  read 2413 -  0390: ba bb 0b 80 73 b5 b6 fb 8b f4 74 b5 ba 8b 8b 9f
[0211-10:00:58:482]  read 2413 -  03a0: b0 b6 b4 fb bb af af ba ba cb fb 94 7f ba b8 fb
[0211-10:00:58:482]  read 2413 -  03b0: fb a0 77 b7 bc cb 4b 4c 7c ba ba 4b fb 67 84 b3
[0211-10:00:58:482]  read 2413 -  03c0: b3 cb fa d3 64 a1 96 79 07 dc b8 7e 90 08 49 67
[0211-10:00:58:482]  read 2413 -  03d0: 70 96 9c c9 09 b8 ef a1 a3 f9 4a 6b 57 a4 a5 8a
[0211-10:00:58:482]  read 2413 -  03e0: ba d4 c0 ae b0 0a 0b 1b 08 b0 b3 fb 3b 30 3b b5
[0211-10:00:58:482]  read 2413 -  03f0: b7 bb 4b 40 a3 ba b5 8b 8b e0 68 b1 b4 fb 3b 9f
[0211-10:00:58:482]  read 2413 -  0400: 3f b7 b3 7b cb 98 93 b5 b5 bb cb 7b 50 bb b9 bb
[0211-10:00:58:482]  read 2413 -  0410: cb ac 78 b7 b5 bb 3b 5c 5f b5 b6 fb 4b 7b 4f b3
[0211-10:00:58:482]  read 2413 -  0420: ad cb fa d7 8b a2 98 b9 77 7b 8f 77 8e c8 79 20
[0211-10:00:58:482]  read 2413 -  0430: 80 97 96 c9 89 b4 b3 9e a1 39 3a 27 68 9e a6 4a
[0211-10:00:58:482]  read 2413 -  0440: 0a 78 58 a8 ab 0a fa d3 27 a8 ae fb cb 33 ef b2
[0211-10:00:58:482]  read 2413 -  0450: af 0a 7b 23 1c b0 af cb 7b 43 77 b5 b6 fb fb 14
[0211-10:00:58:482]  read 2413 -  0460: 5f b4 af 7b 8b 78 43 b0 b8 3b 7b 30 4b b5 b3 fb
[0211-10:00:58:482]  read 2413 -  0470: cb 53 5f b4 b6 0b fb 57 2f b7 b6 bb 3b 24 2b ac
[0211-10:00:58:482]  read 2413 -  0480: ac cb 3a cc d0 a4 8d 78 37 43 a0 74 8c 78 b9 30
[0211-10:00:58:482]  read 2413 -  0490: 63 90 9a 49 f9 7f d8 9b 9d 39 f9 ff 33 a3 a9 3a
[0211-10:00:58:482]  read 2413 -  04a0: 3a 9b 9b a8 ae 3a ba e0 f4 a8 b1 7a cb 1b 0f b4
[0211-10:00:58:482]  read 2413 -  04b0: b3 0b bb 1f 74 b1 b3 bb bb 4f 27 b6 b4 bb 3b 1b
[0211-10:00:58:482]  read 2413 -  04c0: 6f b5 b3 8b fb 9c 64 b5 b8 fb bb 88 40 ba b7 8b
[0211-10:00:58:482]  read 2413 -  04d0: 3b b0 6b b5 b5 7b bb 9f 03 b8 b8 7b bb 73 47 b2
[0211-10:00:58:482]  read 2413 -  04e0: b1 7b 3a e8 58 a4 95 49 77 c4 fc 7c 96 08 39 b7
[0211-10:00:58:482]  read 2413 -  04f0: f8 9b 9d 79 8a 10 e4 a5 a4 c9 0a c4 88 a6 ae 0a
[0211-10:00:58:482]  read 2413 -  0500: 7a fc eb b0 b4 8a bb 5f 93 b3 b2 cb bb 5f 5c b9
[0211-10:00:58:482]  read 2413 -  0510: b9 fb fb 70 cb b5 b9 bb 3b 9b 5b bb b8 cb 3b 63
[0211-10:00:58:482]  read 2413 -  0520: b0 b8 ba cb 0b eb a7 bc b8 cb 8b 88 6f bd b9 3b
[0211-10:00:58:482]  read 2413 -  0530: 7b c3 fc bb be 3b 8b 84 a4 ba ba fb bb 8b af ba
[0211-10:00:58:482]  read 2413 -  0540: b4 4b 8b 24 db aa 9d b9 87 6b 8c 76 8c c8 b9 90
[0211-10:00:58:482]  read 2413 -  0550: 7c 97 9b b9 b9 bf 08 9e a0 fa 3a ab 23 a3 ac ba
[0211-10:00:58:482]  read 2413 -  0560: ca 50 93 a8 ac ca 3a d4 00 ad ae bb fb 08 2f b2
[0211-10:00:58:482]  read 2413 -  0570: b7 3b bb 1b 17 b1 b5 3b cb 2f bc b4 b5 4a 3b 37
[0211-10:00:58:482]  read 2413 -  0580: 28 b7 b4 8b 7b 2c 54 b7 b1 bb cb 20 1f b0 b0 7b
[0211-10:00:58:482]  read 2413 -  0590: 4b 0f 14 b2 b2 fb 4b 10 1c b5 b2 bb 4b 47 13 aa
[0211-10:00:58:482]  read 2413 -  05a0: ae 0b 4a 8c 17 a4 91 79 77 4b 74 74 90 b8 b9 3b
[0211-10:00:58:482]  read 2413 -  05b0: db 96 9c c9 49 d3 8c a2 9b 89 8a 48 47 a1 a1 3a
[0211-10:00:58:482]  read 2413 -  05c0: 4a d3 8f ab aa fa 4a 94 0c aa a9 3b ca c0 13 af
[0211-10:00:58:482]  read 2413 -  05d0: af 4b 3a f8 df b2 b9 0a 8b 4f 1c af ae 0b 0b 33
[0211-10:00:58:482]  read 2413 -  05e0: 83 b3 b5 8b 0a e7 2b b0 b0 0b 3b 1c 28 b7 b2 7b
[0211-10:00:58:482]  read 2413 -  05f0: 4b 68 7f b2 b1 3b 8b 1c b0 ad b3 ca 3a ef ef ae
[0211-10:00:58:482]  read 2413 -  0600: ae ba ba 9f 0b a1 90 c9 37 a7 7c 7a 8c 78 c9 7c
[0211-10:00:58:482]  read 2413 -  0610: ab 95 98 f9 f9 83 ec 9f a0 f9 3a 3f a8 a5 a8 7a
[0211-10:00:58:482]  read 2413 -  0620: ba b7 cf ac b2 4a 8a d4 0c b1 b1 cb 3b 4b 4c b9
[0211-10:00:58:482]  read 2413 -  0630: b9 fb cb 68 44 b4 b6 3b fb 53 77 b3 b9 8b cb 58
[0211-10:00:58:482]  read 2413 -  0640: 88 ba b4 3b 3b 60 43 b6 b9 7b fb bb 68 b6 bd 0b
[0211-10:00:58:482]  read 2413 -  0650: cb b7 b0 b9 b5 4b 7b 93 83 b8 b6 4b fb 8c 4f b8
[0211-10:00:58:482]  read 2413 -  0660: b0 4b 0b 07 93 a2 99 39 b7 ac cf 7a 92 48 c9 5f
[0211-10:00:58:482]  read 2413 -  0670: c7 98 9b f9 b9 fb f3 a2 a2 c9 fa 67 8b a4 aa ca
[0211-10:00:58:482]  read 2413 -  0680: ba b3 ff aa b1 4a 8b 08 07 b1 af fb 7b 2f 23 b2
[0211-10:00:58:482]  read 2413 -  0690: b6 4b 4b 5c 43 b4 b3 fb 7b 6f 73 b4 ba 3b cb 83
[0211-10:00:58:482]  read 2413 -  06a0: 77 b8 b6 4b 3b 7f 9b b9 b8 cb 3b 8f 6f ba bc 8b
[0211-10:00:58:482]  read 2413 -  06b0: 7b bc ab b9 b9 7b 3b c0 97 bd b7 7b 4b 8b 4b b6
[0211-10:00:58:482]  read 2413 -  06c0: b0 8b fb 57 ab a4 9a b9 37 a4 b3 7a 8f c8 49 63
[0211-10:00:58:482]  read 2413 -  06d0: 84 98 9c c9 09 cc 0b 9d 9e ba 4a 64 63 a2 a8 0a
[0211-10:00:58:482]  read 2413 -  06e0: 4a ab a8 ad ab 3a cb 03 f0 af ad 3a bb 37 d3 b1
[0211-10:00:58:482]  read 2413 -  06f0: b1 ba 3a d4 77 b3 b5 fb 4b 9b 68 b2 b6 bb fb 0b
[0211-10:00:58:482]  read 2413 -  0700: 67 b5 b8 7b 3b 38 5f b2 af 4b 7b 48 9f b5 b5 8b
[0211-10:00:58:482]  read 2413 -  0710: cb db 3c b7 b1 fb bb 68 6c b8 b6 fb fb 17 48 b2
[0211-10:00:58:482]  read 2413 -  0720: b1 3b 4a bf f3 a4 8f 48 87 4c b7 74 8f 48 b9 9b
[0211-10:00:58:482]  read 2413 -  0730: 8b 93 9a 89 f9 9f 1f 9a 9e 7a ca 53 34 a5 a9 3a
[0211-10:00:58:482]  read 2413 -  0740: fa 77 98 a6 b1 4a 7a b0 0f af ae 4b 8a bf eb b3
[0211-10:00:58:482]  read 2413 -  0750: b3 7a 4a ff 04 ae b4 cb 0b 14 d4 b3 b6 fa fb 17
[0211-10:00:58:482]  read 2413 -  0760: 40 b3 b2 cb 3b 00 04 b0 b8 bb 4b 64 34 b4 b4 0b
[0211-10:00:58:482]  read 2413 -  0770: 3b 17 8b b5 b5 4b 3a c3 50 b5 b4 7b bb 6b 58 b3
[0211-10:00:58:482]  read 2413 -  0780: af cb 4a a4 24 a7 92 39 47 7b 8f 77 89 b8 39 43
[0211-10:00:58:482]  read 2413 -  0790: c0 93 9b c9 49 a4 db 9e a1 39 f9 fb 63 a3 a2 fa
[0211-10:00:58:482]  read 2413 -  07a0: 4a 43 77 ad b1 7a 3a a7 bc ad aa 4a cb 13 0c b0
[0211-10:00:58:482]  read 2413 -  07b0: b4 8b 7b 4b 4c b3 b4 7b 4b 50 43 b1 b9 4b cb 6b
[0211-10:00:58:482]  read 2413 -  07c0: 34 b8 b4 cb 4b 23 68 b4 b6 7b 3b 74 0c b5 b2 7b
[0211-10:00:58:482]  read 2413 -  07d0: 8b 88 7f b8 b7 7b 8b 37 4f b6 b5 fb 8b 53 f7 b1
[0211-10:00:58:482]  read 2413 -  07e0: b3 4a ca e0 4c a6 94 c9 47 68 e8 76 92 88 49 b3
[0211-10:00:58:482]  read 2413 -  07f0: d3 96 a0 49 b9 cf 2c a4 a1 4a 0a 4c 64 a5 a8 4a
[0211-10:00:58:482]  read 2413 -  0800: ca ab c8 ac b0 0a 8a ff 2b b0 b4 cb 4b 2f 4f b3
[0211-10:00:58:482]  read 2413 -  0810: b9 3b fb 44 54 b7 b2 7b bb a0 6c b7 b9 4b bb 3c
[0211-10:00:58:482]  read 2413 -  0820: 9f b7 b7 bb 0b af 9f b7 b8 bb 8b e0 5f bc b6 8b
[0211-10:00:58:482]  read 2413 -  0830: fb c7 b3 ba ba bb 4b 7b 38 bc bd 0b 8b 53 48 b4
[0211-10:00:58:482]  read 2413 -  0840: b2 fb 4b 1f 5c aa 95 b9 47 7c ab 77 90 08 b9 54
[0211-10:00:58:482]  read 2413 -  0850: cb 98 a0 39 f9 c0 18 a0 a3 ca 4a 64 af a8 a4 0a
[0211-10:00:58:482]  read 2413 -  0860: ca a0 ef ad ae 8a 0b 28 3b b2 b0 0b 7a fc 3f b5
[0211-10:00:58:482]  read 2413 -  0870: b8 7b 8b 1b 8b b3 b2 fb fb 88 83 b8 b9 0b cb 7b
[0211-10:00:58:482]  read 2413 -  0880: 7c be b5 fb fb 24 63 b6 b5 3b 7b 87 c0 b4 b8 bb
[0211-10:00:58:482]  read 2413 -  0890: 7b 7f 9f b8 bb fb 8b 6f 7b be b7 bb fb 4f 84 b3
[0211-10:00:58:482]  read 2413 -  08a0: b0 bb 8b 3b 88 a5 98 b9 47 58 5f 75 8f c8 c9 5f
[0211-10:00:58:482]  read 2413 -  08b0: e3 97 9d 49 49 d4 84 a2 a2 49 ba 73 94 a4 a5 3a
[0211-10:00:58:482]  read 2413 -  08c0: 0a 6f 94 ab ac ca ca c7 2b a9 af 3b ba ef 3f b0
[0211-10:00:58:482]  read 2413 -  08d0: b2 fb ba fb 6b b1 b1 4b 3b 2b 3f b3 b2 bb 8b 13
[0211-10:00:58:482]  read 2413 -  08e0: 3b b0 b4 4b fb 1f 68 b4 b5 4b fb 2b 17 b7 b6 fb
[0211-10:00:58:482]  read 2413 -  08f0: 3b 83 43 b4 b1 8b 7b 6f 18 b7 b3 bb 0b 2c 04 b4
[0211-10:00:58:482]  read 2413 -  0900: ad 7b 4a af 38 9f 93 79 b7 83 b7 77 90 38 c9 6f
[0211-10:00:58:482]  read 2413 -  0910: 87 95 9e 49 f9 f3 28 a4 a2 4a 3a 4c 78 a7 a8 7a
[0211-10:00:58:482]  read 2413 -  0920: ba 87 b0 ae b2 ca fa b8 38 af b3 8b 3b 4f 2f b8
[0211-10:00:58:482]  read 2413 -  0930: b7 cb 4b 30 b4 b4 b5 cb 7b b7 48 b6 ba 8b 4b c4
[0211-10:00:58:482]  read 2413 -  0940: ab b9 bd 7b 7b 63 d4 b2 ba fb 7b 6b d4 b7 b9 0b
[0211-10:00:58:482]  read 2413 -  0950: 7b 70 d8 bb ba bb bb a8 8f b6 b9 fb 7b 8b 80 b9
[0211-10:00:58:482]  read 2413 -  0960: b2 8b 4b 23 38 a7 93 89 64 4c b8 39 88

[0211-10:00:58:484] write    4 -  0000: a0 12 00 b2

[0211-10:00:58:493] write   18 -  0000: 36 0f 00 09 01 80 b0 80 c3 80 a5 80 b7 80 a7 80
[0211-10:00:58:493] write   18 -  0010: b7 2e

[0211-10:00:58:494]  read    4 -  0000: a0 06 00 a6

[0211-10:00:58:494]  read    6 -  0000: b0 03 00 36 01 c0

[0211-10:00:58:514]  read    4 -  0000: a0 14 00 b4

[0211-10:00:58:514]  read   20 -  0000: 36 11 00 00 01 00 00 60 01 86 01 4c 01 70 01 50
[0211-10:00:58:514]  read   20 -  0010: 01 70 01 fa

[0211-10:00:58:517] write    4 -  0000: a0 09 00 a9

[0211-10:00:58:525] write    9 -  0000: 82 06 00 00 82 00 02 00 9e

[0211-10:00:58:526]  read    4 -  0000: a0 06 00 a6

[0211-10:00:58:526]  read    6 -  0000: b0 03 00 82 01 74

[0211-10:00:58:528]  read    4 -  0000: a0 06 00 a6

[0211-10:00:58:528]  read    6 -  0000: 82 03 00 80 1b 8a

[0211-10:00:58:541] write    4 -  0000: a0 06 00 a6

[0211-10:00:58:556] write    6 -  0000: 20 03 00 01 00 86

[0211-10:00:58:557]  read    4 -  0000: a0 06 00 a6

[0211-10:00:58:558]  read    6 -  0000: b0 03 00 20 01 d6

[0211-10:00:58:622]  read    4 -  0000: b0 2a 1e f8

[0211-10:00:58:628]  read 7722 -  0000: 17 03 03 1e 25 00 00 00 00 00 00 00 01 01 7f 54
[0211-10:00:58:628]  read 7722 -  0010: 15 0e 51 86 a9 d8 47 db 71 e7 5f 55 24 7c 5d 0a
[0211-10:00:58:628]  read 7722 -  0020: 8d 15 f2 0a 02 1c 4d fd 42 10 ff 34 4c 20 01 50
[0211-10:00:58:628]  read 7722 -  0030: f9 a6 96 28 72 50 92 23 89 b7 4a 53 60 a3 5a 9c
[0211-10:00:58:628]  read 7722 -  0040: 3b 5e 32 7d d7 4c 4c c4 f2 f9 0a ee 44 15 f8 35
[0211-10:00:58:628]  read 7722 -  0050: 2d af 3c 39 b2 59 3f cd 22 1b f9 4c 38 18 e8 d6
[0211-10:00:58:628]  read 7722 -  0060: 59 9e 57 7e de 3c 36 19 f7 9f 0d 22 9a 86 10 3b
[0211-10:00:58:628]  read 7722 -  0070: 95 11 a3 2c de 12 cb d3 8b 36 67 9c 00 40 08 39
[0211-10:00:58:628]  read 7722 -  0080: b0 aa ce 2f 45 7b 42 59 c9 46 67 31 2b cb 78 c9
[0211-10:00:58:628]  read 7722 -  0090: aa 53 69 c4 32 ad 73 82 66 12 ef d5 c2 68 af 90
[0211-10:00:58:628]  read 7722 -  00a0: 30 4c 5f 73 1f a1 da 86 e4 a4 78 9c 87 12 a1 3b
[0211-10:00:58:628]  read 7722 -  00b0: 7b dd c9 9e 2a 48 eb 17 d6 a8 4b 16 33 a0 4e 20
[0211-10:00:58:628]  read 7722 -  00c0: c3 1a 4a d7 a2 fb f0 1b 39 f5 45 26 84 47 f8 ef
[0211-10:00:58:628]  read 7722 -  00d0: d6 6b 8c bd be c4 32 52 65 3d 10 99 c8 20 f3 b6
[0211-10:00:58:628]  read 7722 -  00e0: 91 06 72 5f 98 21 d0 be 89 f4 92 55 22 10 95 79
[0211-10:00:58:628]  read 7722 -  00f0: 37 32 5a d5 fd ca 97 79 18 6c 47 6e 92 18 4d 63
[0211-10:00:58:628]  read 7722 -  0100: 92 11 a1 a2 1b af 80 15 6f 38 fd 33 7a 37 bf 3e
[0211-10:00:58:628]  read 7722 -  0110: 7a e8 e4 9a 09 74 3a e8 87 d8 f8 50 9d b3 7b 77
[0211-10:00:58:628]  read 7722 -  0120: 88 56 26 4f fe 9d 82 4a 0b 47 55 87 a1 9b 08 e3
[0211-10:00:58:628]  read 7722 -  0130: 1e 4d a2 e1 9b f8 6c 5f d4 4b 98 9d 0d 82 bd a5
[0211-10:00:58:628]  read 7722 -  0140: f4 26 bd 70 02 98 9a 93 9b 73 bf 62 aa c3 c7 bc
[0211-10:00:58:628]  read 7722 -  0150: 12 f8 ea 44 60 82 87 d9 e4 30 9c fa c1 70 ca 26
[0211-10:00:58:628]  read 7722 -  0160: 61 d2 4f 32 c2 54 04 ee c6 b3 10 13 a7 80 d4 38
[0211-10:00:58:628]  read 7722 -  0170: e4 62 bd 22 08 c8 ff b6 4d f4 47 90 7a 1c ce b4
[0211-10:00:58:628]  read 7722 -  0180: f1 69 9c 80 37 f1 c3 f8 18 fb 9a b2 03 db 23 3c
[0211-10:00:58:628]  read 7722 -  0190: ad 37 99 a5 67 db 08 6c c7 f5 48 96 4e e6 b1 b4
[0211-10:00:58:628]  read 7722 -  01a0: 6b d4 39 46 93 ae 49 98 ff 6b e1 f5 a6 22 a3 20
[0211-10:00:58:628]  read 7722 -  01b0: 22 73 88 58 d8 7f e3 3f dd 80 3a 30 4b cc 3e 20
[0211-10:00:58:628]  read 7722 -  01c0: c8 ee f9 b6 e8 75 38 3a f6 e2 f2 57 13 2b 85 d0
[0211-10:00:58:628]  read 7722 -  01d0: 39 59 e9 fe db 14 3c 78 0a 29 1a e5 56 a4 ea 4d
[0211-10:00:58:628]  read 7722 -  01e0: ce b2 1e c4 d5 d7 65 aa 9b 37 c8 a8 c0 fd 74 dd
[0211-10:00:58:628]  read 7722 -  01f0: 5f d5 10 4f 1d a3 f9 ab 52 60 e0 1b cf 05 49 66
[0211-10:00:58:628]  read 7722 -  0200: f3 6d 05 c2 da bc c4 81 65 f6 97 07 27 d5 1b 91
[0211-10:00:58:628]  read 7722 -  0210: 75 29 c9 e7 1a 4a 29 4c 48 38 d0 13 6c db 83 37
[0211-10:00:58:628]  read 7722 -  0220: 87 51 1e 78 11 dd 8f f5 57 4f 20 5e 97 f4 57 fd
[0211-10:00:58:628]  read 7722 -  0230: 8f 0d 43 02 fd 44 7d 46 10 49 7e 1b ea 4b a0 90
[0211-10:00:58:628]  read 7722 -  0240: f6 15 2a 3a a1 b7 43 ee e6 16 30 42 3a a2 b4 87
[0211-10:00:58:628]  read 7722 -  0250: 96 2b 61 03 a7 67 7d 79 d8 72 d6 9e 69 82 6a 4e
[0211-10:00:58:628]  read 7722 -  0260: f9 b8 37 73 45 7e c8 3a 94 60 1c f5 ce 35 cb 01
[0211-10:00:58:628]  read 7722 -  0270: a4 41 bf 58 e4 2b ae e4 46 5a 04 1c 98 71 03 d2
[0211-10:00:58:628]  read 7722 -  0280: 37 87 53 5e 3d e0 a8 a1 a2 b3 57 35 06 50 be b5
[0211-10:00:58:628]  read 7722 -  0290: 45 cc 68 5f ac 4b 95 5b 7a ad 41 2e 82 ff 34 a5
[0211-10:00:58:628]  read 7722 -  02a0: 16 f2 a1 d4 03 96 45 03 04 73 91 37 97 9e e0 00
[0211-10:00:58:628]  read 7722 -  02b0: f5 b0 6b 40 34 18 78 6a cf d4 17 11 4c 8e c4 19
[0211-10:00:58:628]  read 7722 -  02c0: 23 0d a4 37 ce c9 8b 2f 48 12 0e 1a e7 15 9f ae
[0211-10:00:58:628]  read 7722 -  02d0: 49 e1 e7 c7 cf cb fe aa c0 be 2f b5 29 f3 44 04
[0211-10:00:58:628]  read 7722 -  02e0: a8 02 dc d1 a7 b3 68 c5 da ef d1 d0 1a 55 da d8
[0211-10:00:58:628]  read 7722 -  02f0: 7f 3d 82 44 05 08 db 5c b5 82 5a fc 1d 68 55 57
[0211-10:00:58:628]  read 7722 -  0300: 2e 34 c0 de 7d 70 9a f4 0e c5 1c 1b 03 cd 7d d9
[0211-10:00:58:628]  read 7722 -  0310: d1 a7 41 35 49 79 f9 56 01 e9 96 a5 6c d9 bd a9
[0211-10:00:58:628]  read 7722 -  0320: 18 8b a5 4a d1 2e a2 9b 84 ad 0c 2b 1d 47 aa 6a
[0211-10:00:58:628]  read 7722 -  0330: 5f 64 ed 4d 2c fe 56 2b d6 d3 d3 17 ba 5d 36 e6
[0211-10:00:58:628]  read 7722 -  0340: 9f 8c b7 e7 b4 b6 ba 88 1e 1a fb 95 fc 81 65 42
[0211-10:00:58:628]  read 7722 -  0350: 0a 3a e5 94 5a 39 a6 a4 dc 83 3a df cc 0b 91 d9
[0211-10:00:58:628]  read 7722 -  0360: 8b a1 fd 7c 34 8f 84 c4 37 27 e4 0f 4d 7d 5f 5c
[0211-10:00:58:628]  read 7722 -  0370: 17 d7 9a cb 32 52 eb 16 36 fe 95 38 41 9d 11 bf
[0211-10:00:58:628]  read 7722 -  0380: 49 e4 0d 3b 50 f8 5b 31 11 d0 94 30 b8 8a c9 13
[0211-10:00:58:628]  read 7722 -  0390: d4 61 4d 5b fa 64 e3 52 e9 a2 76 51 9b 09 93 b8
[0211-10:00:58:628]  read 7722 -  03a0: bc 15 8d 09 f4 66 95 92 2d 07 e8 02 cb f9 1b cc
[0211-10:00:58:628]  read 7722 -  03b0: d0 f3 58 b4 d2 f7 2b 41 c1 4a c7 09 e0 79 06 6d
[0211-10:00:58:628]  read 7722 -  03c0: d3 49 c7 17 2a 93 25 76 3b 22 ad c3 72 43 62 42
[0211-10:00:58:628]  read 7722 -  03d0: 84 33 38 36 17 9f 11 81 85 8a 2c 05 fc 06 0a ed
[0211-10:00:58:628]  read 7722 -  03e0: 23 47 6a bc 51 32 c3 8d 08 78 d9 94 08 3d 49 14
[0211-10:00:58:628]  read 7722 -  03f0: a3 2d 49 27 76 b9 3c 9d cb 07 f3 f5 c5 8f f6 5c
[0211-10:00:58:628]  read 7722 -  0400: 71 93 b6 06 8f 5e 95 87 3d a2 21 0f 8c c0 c3 4b
[0211-10:00:58:628]  read 7722 -  0410: 4f d3 53 b0 74 e7 07 53 ef ea 7c 85 5c 1e 1f 1c
[0211-10:00:58:628]  read 7722 -  0420: ad 6b 33 b9 ec fd f6 39 6a b7 ae d1 01 6c 18 17
[0211-10:00:58:628]  read 7722 -  0430: ab bb 98 15 b3 c7 e1 ec 71 de 8e 45 9c 46 eb bf
[0211-10:00:58:628]  read 7722 -  0440: ca e6 3d f9 b8 9e 93 e1 49 9e ca bf 4d 1a e5 f7
[0211-10:00:58:628]  read 7722 -  0450: 21 69 5e dc 16 65 6f e3 d7 81 86 1e 1f a7 40 1b
[0211-10:00:58:628]  read 7722 -  0460: c9 37 a7 07 48 19 05 3d da 20 82 9f 22 00 04 c5
[0211-10:00:58:628]  read 7722 -  0470: 9d 00 c3 64 78 dc a4 ef f2 8c 47 02 5d f8 77 de
[0211-10:00:58:628]  read 7722 -  0480: bb 62 fe fe b0 cd b3 41 78 39 6a f0 ea b4 69 cb
[0211-10:00:58:628]  read 7722 -  0490: 42 ee ed b5 b3 7a aa 64 fb 95 10 55 03 50 dd 26
[0211-10:00:58:628]  read 7722 -  04a0: 1d 71 db ac ac 3f 3a 83 6a dc 8c 65 cd 9d 9b 23
[0211-10:00:58:628]  read 7722 -  04b0: 6a 88 17 d5 9a a8 70 c4 5f f7 34 89 9c 57 63 62
[0211-10:00:58:628]  read 7722 -  04c0: d0 ef a5 c4 d6 37 ef 07 91 16 e1 98 61 c8 cc b6
[0211-10:00:58:628]  read 7722 -  04d0: 33 6a bb b1 8e 28 01 a9 77 1e 13 9b e9 a2 7d aa
[0211-10:00:58:628]  read 7722 -  04e0: cb 07 d9 d7 3d 13 13 a8 ff db 35 07 36 56 c9 60
[0211-10:00:58:628]  read 7722 -  04f0: 80 3b 24 a9 62 ed b6 c7 77 dc 1e 3a 48 fe 2a f4
[0211-10:00:58:628]  read 7722 -  0500: 38 8e 1b a9 7a 55 7f 41 29 cd e9 cf 01 11 e0 54
[0211-10:00:58:628]  read 7722 -  0510: 38 6a 4d 78 af ff 9b d8 41 06 d2 d3 bb f5 3b bb
[0211-10:00:58:628]  read 7722 -  0520: 4d 6c e4 a1 0a f9 63 55 38 0b 39 d2 de df 6a a0
[0211-10:00:58:628]  read 7722 -  0530: 37 d9 e6 a3 b6 3b f0 c1 3f 6b f0 fb b6 30 a6 55
[0211-10:00:58:628]  read 7722 -  0540: 9f e1 0d cf 11 9b 69 75 7e 2f e4 3b 0a 8e ab be
[0211-10:00:58:628]  read 7722 -  0550: 71 d4 68 fa d7 39 62 f2 19 9b 43 7a 88 80 1d 75
[0211-10:00:58:628]  read 7722 -  0560: 4b 84 62 61 26 1b dc ba 14 de 04 d8 5e db aa 5a
[0211-10:00:58:628]  read 7722 -  0570: e5 ca 2f b8 b8 b7 8f ab 56 1d e6 06 48 30 c0 9a
[0211-10:00:58:628]  read 7722 -  0580: b5 80 72 da 08 88 ba dc bf c3 67 62 d9 ce 57 ad
[0211-10:00:58:628]  read 7722 -  0590: 33 2b c4 5e 1c fb 9f 97 f2 04 1e 4c 89 d4 d8 cc
[0211-10:00:58:628]  read 7722 -  05a0: a2 23 7a dc ea 03 65 cd 32 b3 f0 4c fe bf 58 af
[0211-10:00:58:628]  read 7722 -  05b0: 67 24 e5 4d 57 d8 cb ea 59 fe 98 2d 7b ab 48 d2
[0211-10:00:58:628]  read 7722 -  05c0: 00 39 1b 16 43 63 41 81 d3 c1 19 74 3a 9b e0 ac
[0211-10:00:58:628]  read 7722 -  05d0: 5e f8 15 12 fd 56 64 c8 22 2c 71 1e 4a ee d6 2a
[0211-10:00:58:628]  read 7722 -  05e0: f6 b1 05 ba c4 3d 03 2f e2 d4 32 4e 1d c3 6e 21
[0211-10:00:58:628]  read 7722 -  05f0: 9d 86 9c 47 92 3f 58 5e 29 95 c0 9e 36 0e d5 c3
[0211-10:00:58:628]  read 7722 -  0600: 8c c0 04 a3 96 1d 30 26 f8 b9 9b cd ca b7 a7 c6
[0211-10:00:58:628]  read 7722 -  0610: e6 02 a2 43 55 53 8a 97 19 b0 24 93 8e 40 60 d0
[0211-10:00:58:628]  read 7722 -  0620: e5 64 3a 1d 53 80 4a 4a f0 b9 10 cc 54 af 1e 66
[0211-10:00:58:628]  read 7722 -  0630: b2 be 66 9a ef ac 2c d8 da c4 b1 09 3f 23 a4 53
[0211-10:00:58:628]  read 7722 -  0640: 31 5b 3a 4d 4e cb 3c 3a 73 43 49 65 53 86 c6 0c
[0211-10:00:58:628]  read 7722 -  0650: 36 f5 be ff 5f e4 fb 17 75 b8 bd c9 bf 3e 99 42
[0211-10:00:58:628]  read 7722 -  0660: 24 91 97 1e b2 74 4b 48 95 40 ab 1f 8c 60 cf 2b
[0211-10:00:58:628]  read 7722 -  0670: eb 6e 54 ba c6 bf 2f 6a 07 b7 01 bd ec d9 e7 a6
[0211-10:00:58:628]  read 7722 -  0680: 04 a5 38 55 10 69 ff 78 5d de 43 43 8f 82 60 72
[0211-10:00:58:628]  read 7722 -  0690: 2b c5 d1 91 d5 9a f7 90 ca 82 bc 3e 58 d2 02 10
[0211-10:00:58:628]  read 7722 -  06a0: 59 5c bc 0e d0 ce 02 21 05 d0 d1 60 6a 02 7e d5
[0211-10:00:58:628]  read 7722 -  06b0: 64 89 4f 7f 7a b3 9e 8b 79 09 37 13 90 05 a5 66
[0211-10:00:58:628]  read 7722 -  06c0: 74 15 83 e1 a6 73 68 9b dc 03 24 02 22 fb 72 35
[0211-10:00:58:628]  read 7722 -  06d0: 3e 7c 5e f5 09 69 06 52 10 13 6d 70 d9 e6 96 91
[0211-10:00:58:628]  read 7722 -  06e0: e3 62 cf cd 4a c1 7d 7c 3d b8 2c fd 8d 63 52 19
[0211-10:00:58:628]  read 7722 -  06f0: f9 22 b4 21 16 a7 6a a1 49 70 65 a1 eb 63 3f c0
[0211-10:00:58:628]  read 7722 -  0700: 88 97 78 32 74 96 1a 57 21 c5 73 15 e5 eb c2 bf
[0211-10:00:58:628]  read 7722 -  0710: e5 24 07 e0 34 22 0e 9c c7 be 3c 84 c8 c4 2d df
[0211-10:00:58:628]  read 7722 -  0720: 10 58 c9 51 52 e2 f4 5e 36 d1 95 bd 84 bb 32 9f
[0211-10:00:58:628]  read 7722 -  0730: 80 c4 f5 4d 35 35 2b 4b 85 8c ca 20 ad 3f c9 fd
[0211-10:00:58:628]  read 7722 -  0740: 30 99 6f b5 dd 09 f3 dc bb 46 7a 8f 4d 01 41 7f
[0211-10:00:58:628]  read 7722 -  0750: 81 18 09 1f 25 29 d2 c4 fa cf d1 9e 84 3a 8b 93
[0211-10:00:58:628]  read 7722 -  0760: 73 05 62 ae 20 69 b5 83 99 9e be d0 26 f3 f6 c6
[0211-10:00:58:628]  read 7722 -  0770: 09 8e a3 25 d1 25 8b b1 84 d8 91 fb 7c 29 b3 7d
[0211-10:00:58:628]  read 7722 -  0780: cf 35 c6 d1 52 0e 2a 9b 4e f8 da 4d 08 e4 b4 af
[0211-10:00:58:628]  read 7722 -  0790: 16 2d 13 20 11 f6 95 e3 ca dd cf b4 af 62 44 4e
[0211-10:00:58:628]  read 7722 -  07a0: 05 a6 56 ef 4c d0 58 ec 19 40 e0 47 ba 5c 16 3b
[0211-10:00:58:628]  read 7722 -  07b0: 34 a6 64 17 fc 91 1f f0 9d f8 94 72 b7 74 30 56
[0211-10:00:58:628]  read 7722 -  07c0: 07 e0 ff 97 d3 15 f4 ab d4 68 41 62 16 fb 4e dd
[0211-10:00:58:628]  read 7722 -  07d0: ae c9 db 1d 08 e7 f7 74 ed 68 55 ba 8d 09 f8 a8
[0211-10:00:58:628]  read 7722 -  07e0: 08 de 86 e7 90 79 86 bb 98 61 ba d4 2a ce 17 1e
[0211-10:00:58:628]  read 7722 -  07f0: 27 28 27 8f 6c 1b 95 b3 5f e9 d6 46 15 3b c3 27
[0211-10:00:58:628]  read 7722 -  0800: 01 13 6c 40 9a c7 35 df 2c 9a a0 36 3b 30 f1 b0
[0211-10:00:58:628]  read 7722 -  0810: 9d 67 86 aa 54 53 f2 1e fa f9 08 35 06 dc 14 da
[0211-10:00:58:628]  read 7722 -  0820: 29 cb a0 d2 c0 9d 4d 94 6e 5a e7 d3 54 61 8f 39
[0211-10:00:58:628]  read 7722 -  0830: 46 59 58 93 20 c3 d5 1c b5 5a 09 e4 74 ee 93 27
[0211-10:00:58:628]  read 7722 -  0840: 1b df 4c 5e f4 a3 ea 88 31 76 3e c1 94 bb 46 35
[0211-10:00:58:628]  read 7722 -  0850: ad 48 2a 9c f1 23 8d 7c c3 fb 80 d0 8d 6d 5e 12
[0211-10:00:58:628]  read 7722 -  0860: 58 ed e1 e0 ce 63 3b 81 f7 5e 07 c0 0c f8 05 01
[0211-10:00:58:628]  read 7722 -  0870: 13 90 59 6d fd c2 83 0e d1 ee e3 86 4b 9e 96 11
[0211-10:00:58:628]  read 7722 -  0880: 4a 62 60 ed 70 b2 ae a2 4c d3 b0 07 7d d5 6e d2
[0211-10:00:58:628]  read 7722 -  0890: 96 81 3e 33 88 d5 33 39 39 55 fb 62 9b f5 3c 60
[0211-10:00:58:628]  read 7722 -  08a0: 4d 42 49 34 47 d3 a1 7d ea 0c e9 c7 7a 77 af 5b
[0211-10:00:58:628]  read 7722 -  08b0: a4 2c 48 64 84 7c d1 d4 0b b5 fb 41 a8 a5 7e 86
[0211-10:00:58:628]  read 7722 -  08c0: 20 53 eb f9 ca 8e 97 90 c7 ce b4 91 af 14 7a 86
[0211-10:00:58:628]  read 7722 -  08d0: e8 35 fa 0d a7 5a 1c 50 c4 fd 93 97 49 bf 4a a6
[0211-10:00:58:628]  read 7722 -  08e0: a5 40 bc 3b 64 58 52 9c 6f 1e f7 09 98 28 14 5f
[0211-10:00:58:628]  read 7722 -  08f0: 11 31 24 d4 0c 7f f1 f5 db 49 bf 9c 07 56 b0 b6
[0211-10:00:58:628]  read 7722 -  0900: 48 ab 33 ab 17 3c be a7 a9 ee 76 52 5d 11 98 2d
[0211-10:00:58:628]  read 7722 -  0910: 02 87 38 63 47 c7 0c 0b 92 64 e2 c1 22 77 f2 9a
[0211-10:00:58:628]  read 7722 -  0920: 45 e7 c2 9b 72 e1 80 2e 63 b4 0a 02 81 c9 5b 8f
[0211-10:00:58:628]  read 7722 -  0930: 32 09 5e 41 ec 42 8f b0 4d b1 53 02 9e e5 7f ed
[0211-10:00:58:628]  read 7722 -  0940: be f7 21 b1 a2 83 c4 bf 51 0f 18 4b 43 1c 13 6b
[0211-10:00:58:628]  read 7722 -  0950: d4 75 c7 d7 ea 29 7e 3c 0a 92 8a ab 49 11 61 99
[0211-10:00:58:628]  read 7722 -  0960: c4 5d 4a 01 8d 68 a1 ed 58 2e f1 ee 31 85 d0 c1
[0211-10:00:58:628]  read 7722 -  0970: 60 be 7c d7 96 d4 97 20 44 95 ab da 86 f1 75 41
[0211-10:00:58:628]  read 7722 -  0980: e7 68 d3 d7 9e 82 de 3e ed cc 62 4f d3 15 43 1c
[0211-10:00:58:628]  read 7722 -  0990: c0 1b f5 d7 da 7a 33 8d b9 1b 52 33 15 58 98 8b
[0211-10:00:58:628]  read 7722 -  09a0: e3 ae 3c 88 57 35 f4 48 44 e0 b3 c2 d3 f3 8c 08
[0211-10:00:58:628]  read 7722 -  09b0: 83 47 34 35 c3 6d e3 23 af fd 87 92 d6 6f 34 f4
[0211-10:00:58:628]  read 7722 -  09c0: 62 4a cb 58 9b 63 a0 07 7f 3b 9c bc 62 a0 7f fa
[0211-10:00:58:628]  read 7722 -  09d0: 6f b4 78 4e 9c 07 a7 58 d3 85 67 e8 80 eb 46 f0
[0211-10:00:58:628]  read 7722 -  09e0: d3 e5 64 46 57 96 39 61 e0 66 d9 4e 5e c4 b5 e8
[0211-10:00:58:628]  read 7722 -  09f0: c1 44 86 6d 62 ae fb ea 88 67 14 54 05 57 c5 d9
[0211-10:00:58:628]  read 7722 -  0a00: 0f 8a fa 7e d3 49 44 7e cf 7d f4 13 78 ea ab 6f
[0211-10:00:58:628]  read 7722 -  0a10: 41 04 3e d1 5d e4 f3 b3 81 fe 43 c3 a3 cc b6 74
[0211-10:00:58:628]  read 7722 -  0a20: 5f 33 ae 01 2c 1f cf 89 57 86 79 c4 a1 90 58 85
[0211-10:00:58:628]  read 7722 -  0a30: 5e 52 ae 01 36 ae bc a4 90 0c ff 20 21 e3 52 ee
[0211-10:00:58:628]  read 7722 -  0a40: af 68 96 c1 69 71 c7 d2 97 cd e1 82 0e e0 97 78
[0211-10:00:58:628]  read 7722 -  0a50: 28 ba e1 15 b8 27 12 a1 8d 7c d0 6b 3a 07 36 70
[0211-10:00:58:628]  read 7722 -  0a60: bc d5 d4 d6 eb 3f 11 ff 7a fc f1 1b a8 2c 44 05
[0211-10:00:58:628]  read 7722 -  0a70: e8 e6 df ed dc ad c5 b9 1c 9e c1 99 09 ef e6 66
[0211-10:00:58:628]  read 7722 -  0a80: 79 ce 31 e8 f7 64 2f b3 ca 77 3f 42 fd 51 1d 14
[0211-10:00:58:628]  read 7722 -  0a90: b5 6b f5 68 cc 44 02 86 7b 63 ee 45 29 c4 8f 86
[0211-10:00:58:628]  read 7722 -  0aa0: e6 17 ec a7 df 4d 39 4c c8 c1 10 8b 25 53 03 59
[0211-10:00:58:628]  read 7722 -  0ab0: 7e 5f c6 eb cc 3f 3a ed 7d 3f c4 94 46 46 a4 74
[0211-10:00:58:628]  read 7722 -  0ac0: 96 bb 75 25 82 da d3 8e ca 8f c7 4b 65 95 1d a0
[0211-10:00:58:628]  read 7722 -  0ad0: 3f a5 b2 c7 78 8c 99 50 46 96 f8 88 e0 81 2b ea
[0211-10:00:58:628]  read 7722 -  0ae0: b3 a0 5f 57 21 12 38 d0 20 1a dd 0b 54 07 f4 f0
[0211-10:00:58:628]  read 7722 -  0af0: c6 b1 47 b4 8f bc 12 33 42 07 40 07 9a 89 0f 98
[0211-10:00:58:628]  read 7722 -  0b00: f7 c8 39 d7 85 2a 64 3c 60 22 ec 85 da 56 5d a8
[0211-10:00:58:628]  read 7722 -  0b10: cd 34 4c 45 29 ca 8e da a1 e4 4d d2 e1 9f d8 a5
[0211-10:00:58:628]  read 7722 -  0b20: 96 da 9a d2 9c e2 82 73 e4 95 b2 1d ec 1d c6 d3
[0211-10:00:58:628]  read 7722 -  0b30: c6 d7 32 67 93 3c 8c c2 6b 3a 66 f0 f5 bb ce c9
[0211-10:00:58:628]  read 7722 -  0b40: 1b d0 ff 71 03 c1 81 77 5a e5 42 4a a0 5e 70 f8
[0211-10:00:58:628]  read 7722 -  0b50: 7d a5 bb 01 37 72 d2 10 a2 62 0a 29 84 4f 19 a6
[0211-10:00:58:628]  read 7722 -  0b60: 60 5e 19 9b 8c 95 3b 6e 48 df 01 9c 3c 61 f1 dd
[0211-10:00:58:628]  read 7722 -  0b70: 58 17 98 96 c3 33 3c fb 46 da f1 4f 83 c7 a3 e9
[0211-10:00:58:628]  read 7722 -  0b80: 03 3f bb 8e cb 12 77 d1 91 94 57 2a b3 18 3e 60
[0211-10:00:58:628]  read 7722 -  0b90: bb 32 89 54 45 08 6a c5 47 40 33 13 ed 7a 3e 9a
[0211-10:00:58:628]  read 7722 -  0ba0: ba 97 7f c3 df 98 b1 c1 cd e4 13 44 86 49 7f fe
[0211-10:00:58:628]  read 7722 -  0bb0: 20 1d 56 78 94 99 8f 4f 6a 12 b4 67 e5 3a 39 2e
[0211-10:00:58:628]  read 7722 -  0bc0: 15 4d af 6b 23 fc c8 61 d1 ed bc 9d 15 31 ba ea
[0211-10:00:58:628]  read 7722 -  0bd0: b2 d1 f5 9e 11 c6 2e 5a ba 7a f8 c6 31 a3 e8 39
[0211-10:00:58:628]  read 7722 -  0be0: 51 61 5a ab 04 91 67 86 82 13 cd 31 1c 78 40 37
[0211-10:00:58:628]  read 7722 -  0bf0: 69 d2 e1 ae c5 0a 6c a3 81 42 e4 56 cf bc 1f cb
[0211-10:00:58:628]  read 7722 -  0c00: 37 b9 60 b5 0b 60 29 4e b3 4a 51 b4 b1 66 3f cb
[0211-10:00:58:628]  read 7722 -  0c10: fa b9 c3 39 d8 bc ae ec 5f 1e 5d 2d bf 51 46 4b
[0211-10:00:58:628]  read 7722 -  0c20: ce b1 af c4 87 80 12 dd 7d 33 f3 22 50 6c 9a 6b
[0211-10:00:58:628]  read 7722 -  0c30: 24 76 26 4e 8f a1 84 3f 2b 67 96 1e 59 70 6d a0
[0211-10:00:58:628]  read 7722 -  0c40: 9d af 96 bd 5a cb c0 78 bf 2b 21 62 53 98 67 1b
[0211-10:00:58:628]  read 7722 -  0c50: 6b a5 11 b4 78 d3 43 83 2a f8 d0 55 1a 98 de 2b
[0211-10:00:58:628]  read 7722 -  0c60: 2a 41 1c b2 d5 8c 73 3b 49 0a 05 28 39 0e 1d 7d
[0211-10:00:58:628]  read 7722 -  0c70: 52 59 91 7d 3d 84 36 74 b8 3c a4 e1 88 49 7d ff
[0211-10:00:58:628]  read 7722 -  0c80: ef ed 2c 06 56 b6 29 e6 0b d9 6a 92 50 6e b3 d4
[0211-10:00:58:628]  read 7722 -  0c90: 43 bb 73 5c a8 c9 b5 62 9d 9b 17 40 a5 da 6f 67
[0211-10:00:58:628]  read 7722 -  0ca0: df e0 fa e2 6a 18 d2 3c 0f a3 45 de 65 b7 c4 06
[0211-10:00:58:628]  read 7722 -  0cb0: ae 1d cb a9 4f 91 b9 e1 03 ae ba 70 e9 a6 aa ba
[0211-10:00:58:628]  read 7722 -  0cc0: db ec 86 44 29 78 c9 d0 15 98 a7 a0 71 86 8c 3d
[0211-10:00:58:628]  read 7722 -  0cd0: 33 9d 5c ee e5 fc 86 4b 84 ef 9b eb ea 92 40 a8
[0211-10:00:58:628]  read 7722 -  0ce0: 1d 27 c6 1a f8 e8 6e bd 33 06 64 8e 81 b6 ad a0
[0211-10:00:58:628]  read 7722 -  0cf0: 6a 8d 99 8b 30 de 7a 50 ea c6 c7 df 14 42 9c 5a
[0211-10:00:58:628]  read 7722 -  0d00: a4 31 6b cb 20 99 50 51 27 eb c4 e1 d4 55 00 70
[0211-10:00:58:628]  read 7722 -  0d10: b0 50 b6 3b cd 55 17 3e 75 f8 05 ce 23 f1 b1 e8
[0211-10:00:58:628]  read 7722 -  0d20: 94 84 21 06 11 b5 9c 73 4c 1f 3c 92 b0 c0 e7 d5
[0211-10:00:58:628]  read 7722 -  0d30: 97 b4 7b d6 43 51 29 6a b7 dd c0 cb 8c de 1c 32
[0211-10:00:58:628]  read 7722 -  0d40: 40 2b 93 94 29 83 19 4d 7e ee 19 af e9 82 1f 62
[0211-10:00:58:628]  read 7722 -  0d50: fe 88 25 2d 1b 62 f5 44 8d a4 f7 ea e0 54 dd 55
[0211-10:00:58:628]  read 7722 -  0d60: 7c 6e 5d d9 ea 92 ac 11 57 8d b7 d6 b0 51 f2 9a
[0211-10:00:58:628]  read 7722 -  0d70: ff 39 b0 62 0e fa 54 a2 6a 9f 44 41 68 0a 13 69
[0211-10:00:58:628]  read 7722 -  0d80: 6a 11 5c 30 89 e0 a1 9c b1 e6 0e 89 3d dc 98 6b
[0211-10:00:58:628]  read 7722 -  0d90: 2f 53 c5 55 e5 a2 87 28 25 9e 31 76 b7 34 1e f6
[0211-10:00:58:628]  read 7722 -  0da0: b3 80 00 20 2f 72 cb 78 78 06 b9 7e eb de 75 45
[0211-10:00:58:628]  read 7722 -  0db0: 0c 29 94 07 49 64 af 38 43 7f b0 e2 6c b3 e2 9c
[0211-10:00:58:628]  read 7722 -  0dc0: 77 46 66 6a b9 72 1b 93 51 87 5c 3c 16 22 f8 eb
[0211-10:00:58:628]  read 7722 -  0dd0: e4 06 cb e9 4e 23 ff 49 62 74 48 e3 e8 d6 86 c0
[0211-10:00:58:628]  read 7722 -  0de0: d4 f3 29 d3 b0 79 60 a2 36 60 24 18 7b a4 d1 e8
[0211-10:00:58:628]  read 7722 -  0df0: 1c 6e 0f 23 8f d0 ea 17 4d 17 fb e5 97 6d 5e 96
[0211-10:00:58:628]  read 7722 -  0e00: 70 1d 12 6c 7b c5 88 85 2b 9a be 0b dd ce 68 9d
[0211-10:00:58:628]  read 7722 -  0e10: 1b da 53 c0 08 20 78 0a b7 d5 af 84 d5 f9 60 f6
[0211-10:00:58:628]  read 7722 -  0e20: 52 bb e5 e2 5b 92 cd 78 ec 6b f4 93 f7 06 5a 2b
[0211-10:00:58:628]  read 7722 -  0e30: 78 0b 8c 99 24 f0 a7 ca 91 b2 8e b8 1a 6f d7 e6
[0211-10:00:58:628]  read 7722 -  0e40: c9 13 1a 54 85 e9 20 95 fd 6a 7d 46 71 d9 f0 b2
[0211-10:00:58:628]  read 7722 -  0e50: a7 e8 f1 6e 2a 5e 36 97 4b 14 42 02 3c b5 b6 f4
[0211-10:00:58:628]  read 7722 -  0e60: 0a d6 c9 6e b5 c8 3f e4 2a 6c 29 c1 f5 bd b7 43
[0211-10:00:58:628]  read 7722 -  0e70: ee 4e 10 96 94 9c 34 75 0a 37 f6 ee a0 5f f0 b9
[0211-10:00:58:628]  read 7722 -  0e80: e3 da ec 08 ff 2b ab 8a 4a 02 80 96 7f 93 1f 29
[0211-10:00:58:628]  read 7722 -  0e90: 68 82 83 b4 e1 c8 c0 60 12 c8 ee 10 26 a0 de 81
[0211-10:00:58:628]  read 7722 -  0ea0: 01 d2 47 da 0b d5 bd 27 6d 92 33 35 df ca 29 52
[0211-10:00:58:628]  read 7722 -  0eb0: ba 9b 94 cc 0f 5c 78 e4 11 36 10 a7 62 45 28 f8
[0211-10:00:58:628]  read 7722 -  0ec0: 60 d2 54 92 e2 8b 3f 8e 76 e5 05 26 c9 87 07 c4
[0211-10:00:58:628]  read 7722 -  0ed0: 21 68 a5 23 63 5e ef 92 26 7c 9f 1b 54 c6 18 2b
[0211-10:00:58:628]  read 7722 -  0ee0: 9e 07 d1 a8 0e 87 72 05 71 33 35 f3 e3 d8 54 da
[0211-10:00:58:628]  read 7722 -  0ef0: aa 3c 12 8a 73 f2 b3 a0 f4 2f e4 e3 76 38 76 dc
[0211-10:00:58:628]  read 7722 -  0f00: 1b 8e 5b 55 d3 4f 64 c3 fc 64 3f 0a 61 ab 9e ae
[0211-10:00:58:628]  read 7722 -  0f10: 7d de 0c 4f a4 22 e9 36 c6 62 26 fd 62 4b 2e 5a
[0211-10:00:58:628]  read 7722 -  0f20: 26 07 4c 51 19 b5 cc 89 02 11 bc 5d dd d1 a1 bf
[0211-10:00:58:628]  read 7722 -  0f30: cc 3e 34 7f cb 6f 12 4b 4e e5 c5 1a be 73 0b 7f
[0211-10:00:58:628]  read 7722 -  0f40: 67 5d 39 e5 a9 63 b8 ea 70 20 65 a4 d3 5d ea 7c
[0211-10:00:58:628]  read 7722 -  0f50: 9a 85 a6 62 41 50 2d 51 c0 b7 5a 98 75 f4 67 5b
[0211-10:00:58:628]  read 7722 -  0f60: 2a 0e cd 23 fe 68 73 d8 4e 1f 27 4d c4 83 d8 42
[0211-10:00:58:628]  read 7722 -  0f70: a7 66 52 19 c4 71 c5 a1 c9 af aa 21 a4 73 ff ce
[0211-10:00:58:628]  read 7722 -  0f80: 47 1b 77 22 cf 6e 4a 4c 07 8c 29 a8 b6 22 87 a4
[0211-10:00:58:628]  read 7722 -  0f90: ce 12 0c 97 b8 bb 58 52 98 84 f4 84 70 e7 37 54
[0211-10:00:58:628]  read 7722 -  0fa0: 42 8d 88 33 30 30 b3 3f 89 bd 2b df 75 f5 6b 46
[0211-10:00:58:628]  read 7722 -  0fb0: 64 d8 eb 9d ef fc 01 fb dd 28 3b a6 a9 44 4a d2
[0211-10:00:58:628]  read 7722 -  0fc0: f5 41 7c c0 ff f1 7d b7 9f 47 72 3e ce 06 5d e8
[0211-10:00:58:628]  read 7722 -  0fd0: 4a a5 be 50 74 a0 c0 2d b7 df 71 45 c6 09 38 a3
[0211-10:00:58:628]  read 7722 -  0fe0: 5a ec 0b 16 1f 00 ab 21 92 d8 57 da 9f 01 e5 c2
[0211-10:00:58:628]  read 7722 -  0ff0: 05 42 58 4d e0 65 0e 38 86 f7 71 74 b9 27 f7 94
[0211-10:00:58:628]  read 7722 -  1000: 61 f9 c2 20 f8 a0 6d b4 6c f4 39 ca 7b a3 29 d0
[0211-10:00:58:628]  read 7722 -  1010: 15 37 e0 f8 45 bb 8c 1d 4a db 95 9a 1e 66 dd e6
[0211-10:00:58:628]  read 7722 -  1020: f9 f5 7a 7b be ed e6 b6 44 c0 70 07 6d 9a 5c d4
[0211-10:00:58:628]  read 7722 -  1030: 76 80 0a 44 30 f6 11 a7 39 e4 c8 18 6f c2 ef 99
[0211-10:00:58:628]  read 7722 -  1040: a2 4a 12 46 6e 71 48 9d 61 1f a1 14 a1 d6 01 0d
[0211-10:00:58:628]  read 7722 -  1050: 6b 85 97 c1 87 b5 65 f8 21 44 8f c8 c8 e7 d0 19
[0211-10:00:58:628]  read 7722 -  1060: 04 a6 b2 b9 6c c9 d8 33 15 86 90 25 38 0d 1c f0
[0211-10:00:58:628]  read 7722 -  1070: e5 91 92 80 38 57 05 f2 1a b7 55 ae fd 59 eb e7
[0211-10:00:58:628]  read 7722 -  1080: 5d 11 78 16 8f cc 86 34 e9 e5 74 f0 ff 23 3d 0c
[0211-10:00:58:628]  read 7722 -  1090: 6f 9b 02 c0 f9 6b f1 65 6d 25 59 e6 23 87 03 9a
[0211-10:00:58:628]  read 7722 -  10a0: 6f 02 8d b1 1a 0f cc 19 a2 91 00 a0 75 01 f9 22
[0211-10:00:58:628]  read 7722 -  10b0: eb a8 a2 56 f6 ba 55 26 f7 4c 54 d6 ae 95 d7 16
[0211-10:00:58:628]  read 7722 -  10c0: da 64 62 62 a3 6e d6 ce 10 61 3d 52 00 75 9d 9c
[0211-10:00:58:628]  read 7722 -  10d0: 94 24 b9 c0 0d ba db 2b 2a 58 a7 94 f8 be 04 92
[0211-10:00:58:628]  read 7722 -  10e0: 8b c6 14 2e e0 1a 30 6e d4 9f 56 1e 21 9b 6f bc
[0211-10:00:58:628]  read 7722 -  10f0: 9b e1 b5 9c 5c 6b 53 7c d0 ab 65 47 f9 57 13 66
[0211-10:00:58:628]  read 7722 -  1100: 42 db fe d0 ec a8 ab 98 d3 4f 6c 16 53 52 a3 a3
[0211-10:00:58:628]  read 7722 -  1110: 65 ac e0 34 7e 68 3f c3 12 51 eb 18 14 d7 6a 65
[0211-10:00:58:628]  read 7722 -  1120: 08 33 d2 d0 94 41 2b f4 16 b1 12 9f 19 06 c2 84
[0211-10:00:58:628]  read 7722 -  1130: 81 95 06 49 ee d3 81 e3 d4 0d d2 cb fc fe e7 4a
[0211-10:00:58:628]  read 7722 -  1140: 54 8f 4e ee 2e 81 8d 13 47 01 7e 87 90 c0 ce 03
[0211-10:00:58:628]  read 7722 -  1150: 27 f1 11 0d e6 35 41 2a 75 86 f4 40 7d 79 dd 8d
[0211-10:00:58:628]  read 7722 -  1160: cb 55 72 60 47 06 f9 df bc 07 20 85 b2 cb b0 d7
[0211-10:00:58:628]  read 7722 -  1170: 42 5c 29 24 6f a9 8f d0 43 ce 15 28 25 96 b5 16
[0211-10:00:58:628]  read 7722 -  1180: 7e 1b af 6c 78 df 34 10 e3 b1 4f 73 a9 cd 2a 2c
[0211-10:00:58:628]  read 7722 -  1190: c3 4a 8f 4a 30 cc 17 49 6b 47 a8 c2 8f f1 d4 50
[0211-10:00:58:628]  read 7722 -  11a0: fe cf 09 96 43 2c ff bb b4 be bb 06 54 ac c9 6f
[0211-10:00:58:628]  read 7722 -  11b0: 6f c0 f5 7a 67 82 fc 36 8f ca 73 1a 56 81 ba a7
[0211-10:00:58:628]  read 7722 -  11c0: 20 5d 16 4d e3 d8 f0 b5 7c ba dc dd 93 7e 19 c8
[0211-10:00:58:628]  read 7722 -  11d0: 8e a7 33 34 7c ca ef d6 94 b0 cf f0 12 ca 71 ed
[0211-10:00:58:628]  read 7722 -  11e0: e5 1f 75 76 63 fb 45 30 66 52 9f 4a 19 27 bf 88
[0211-10:00:58:629]  read 7722 -  11f0: f4 b7 d6 c7 ca a7 45 d5 64 e5 15 86 4e 6b b3 ca
[0211-10:00:58:629]  read 7722 -  1200: 15 80 b2 dd 7c ab 18 6c 6b ed d3 fc 65 ca 02 6c
[0211-10:00:58:629]  read 7722 -  1210: 65 da 22 3a 73 5a 5c 56 76 9f 5f 0d c3 2d 6d 12
[0211-10:00:58:629]  read 7722 -  1220: 20 37 fe 47 b5 d6 ea cf a4 6c 89 d7 31 04 32 4b
[0211-10:00:58:629]  read 7722 -  1230: db 30 48 86 f2 3d 25 75 d1 ee e3 12 8c 44 86 ed
[0211-10:00:58:629]  read 7722 -  1240: 9d 66 e3 7c 65 3b a1 bc 5a db 7c 56 0c f5 f4 59
[0211-10:00:58:629]  read 7722 -  1250: df f4 0b e0 30 0b e4 d7 75 a9 82 50 32 1b 9b 5e
[0211-10:00:58:629]  read 7722 -  1260: b1 2f 3d b5 58 d2 11 ce fb d8 b1 2f 19 da 8f 1d
[0211-10:00:58:629]  read 7722 -  1270: 79 c9 ad b5 8e f7 be 69 5a 61 2c cf b3 fb 54 99
[0211-10:00:58:629]  read 7722 -  1280: 26 a4 58 e7 a2 c6 82 eb 56 d8 a1 8c d2 2b 29 58
[0211-10:00:58:629]  read 7722 -  1290: 71 92 18 04 a9 80 d9 6c 17 05 4c 61 53 41 4b fd
[0211-10:00:58:629]  read 7722 -  12a0: 74 fd 2c ce 2a f3 da 5f f0 ca 20 78 53 2b cb 0e
[0211-10:00:58:629]  read 7722 -  12b0: 8b 2c 7b f8 5e 65 11 98 0f 0c 9b cc 3f 58 5c 18
[0211-10:00:58:629]  read 7722 -  12c0: 43 7f b8 8d 25 e5 d9 3b 03 b8 15 41 f8 e1 5f 21
[0211-10:00:58:629]  read 7722 -  12d0: 1e f4 21 65 4d 13 56 5e 80 ee 7f 1d 9d 4a c3 f4
[0211-10:00:58:629]  read 7722 -  12e0: 54 51 81 96 7b 25 42 f6 d1 be 61 ab be 1b ba c8
[0211-10:00:58:629]  read 7722 -  12f0: f6 bc 7d 52 06 5d a6 13 23 eb ed a6 9c a1 c5 38
[0211-10:00:58:629]  read 7722 -  1300: 61 dc 35 f6 d4 fd a5 fe d4 e4 bc 2c df aa 3b e9
[0211-10:00:58:629]  read 7722 -  1310: 47 46 46 ff b7 ec 02 af 10 9d d1 62 5b 97 6f d0
[0211-10:00:58:629]  read 7722 -  1320: 80 07 13 99 eb 82 cd 36 48 e8 d3 84 0c c6 09 de
[0211-10:00:58:629]  read 7722 -  1330: c4 7a 57 f3 ec fb 50 78 a2 86 2c 14 81 bd 64 33
[0211-10:00:58:629]  read 7722 -  1340: 25 1d 8c 17 a7 fa b9 99 a4 c3 ba 96 cc 78 cc c9
[0211-10:00:58:629]  read 7722 -  1350: ff c7 51 ae 92 d2 db d3 bd fc 7a 13 e0 33 9e 71
[0211-10:00:58:629]  read 7722 -  1360: 1f 42 d8 85 27 46 7e 0b c1 c8 06 91 57 ee 2f e0
[0211-10:00:58:629]  read 7722 -  1370: cd b7 b7 b0 aa e8 cf 84 6a b5 80 b3 14 b2 4b ed
[0211-10:00:58:629]  read 7722 -  1380: f6 51 c8 83 64 01 3f f5 60 50 c7 6c 20 75 88 d4
[0211-10:00:58:629]  read 7722 -  1390: de b4 bd 86 fd c8 4a 08 e3 6b 2d db 4c b9 3a e5
[0211-10:00:58:629]  read 7722 -  13a0: a6 6e cb 8d 32 c5 72 8c 81 a5 73 4b 6a 92 44 d4
[0211-10:00:58:629]  read 7722 -  13b0: 69 14 2b 6e 09 05 2e aa 22 98 7f c2 9d 9f 70 41
[0211-10:00:58:629]  read 7722 -  13c0: cd 89 f0 3c cb 82 19 21 67 b7 50 fc 91 be 74 bc
[0211-10:00:58:629]  read 7722 -  13d0: 4f b3 46 8e ae 9b b2 ac ef a6 29 f2 57 31 09 4e
[0211-10:00:58:629]  read 7722 -  13e0: f1 e3 70 ce 26 e0 ac 05 f0 d2 f4 74 c3 5e 89 a9
[0211-10:00:58:629]  read 7722 -  13f0: e5 46 13 52 2b 80 25 4e 3e b0 9c 9a a8 11 10 41
[0211-10:00:58:629]  read 7722 -  1400: 5e f3 fd dd f1 78 c5 e8 66 62 93 f6 6c 6c 69 c6
[0211-10:00:58:629]  read 7722 -  1410: e0 ca ea 3b 08 27 ee 25 0e f8 b4 f3 4b f9 2d 0f
[0211-10:00:58:629]  read 7722 -  1420: 25 1b 0a d3 a8 09 2f 00 93 40 cd 78 5f 0d 53 2c
[0211-10:00:58:629]  read 7722 -  1430: e1 45 4b 4a de d3 4a fd 6d c0 09 cc 58 6e 40 77
[0211-10:00:58:629]  read 7722 -  1440: 2c 63 99 ba 3c 00 2a 2d d8 45 6a 81 f3 f7 3e c9
[0211-10:00:58:629]  read 7722 -  1450: 67 48 00 8e c1 df 10 c6 e4 64 c4 4a fa 38 02 f3
[0211-10:00:58:629]  read 7722 -  1460: cd 7c 52 38 4f 3a ac ac 50 52 38 5f 8f 6d 03 33
[0211-10:00:58:629]  read 7722 -  1470: bc d4 6b a1 c6 f6 1a 4f b0 5b 5e 74 77 0c 26 0f
[0211-10:00:58:629]  read 7722 -  1480: be 1f a6 65 7f 88 c8 1b 43 13 c2 75 10 06 50 45
[0211-10:00:58:629]  read 7722 -  1490: 02 3f d8 32 f8 43 8e 42 fd 16 94 13 e9 d6 ae 43
[0211-10:00:58:629]  read 7722 -  14a0: bc cc fd 0b 46 16 d3 fb dc 2f e2 e8 1f e2 b4 8e
[0211-10:00:58:629]  read 7722 -  14b0: 9e 64 60 49 d9 66 2f 95 8a 30 bc f1 c0 2f 08 c2
[0211-10:00:58:629]  read 7722 -  14c0: b5 e9 3f 72 b3 8b 4d 07 72 2b 76 73 7a 3a 27 8d
[0211-10:00:58:629]  read 7722 -  14d0: f9 6c 9f 0f 17 39 3d 1b 45 f1 4d bb da 5b 26 10
[0211-10:00:58:629]  read 7722 -  14e0: 9b 3e 43 c3 0e 85 c5 e7 c2 a4 ba 0d 65 9c 2c 7b
[0211-10:00:58:629]  read 7722 -  14f0: fe 46 92 4d af cc 93 ab 59 6b e5 38 81 c6 76 94
[0211-10:00:58:629]  read 7722 -  1500: 0f 56 ae f6 4c 8f 29 84 26 36 e4 70 2d e5 fe fd
[0211-10:00:58:629]  read 7722 -  1510: 39 b5 dd e3 a7 96 d8 1a 72 1e 4d c8 e9 b8 a0 46
[0211-10:00:58:629]  read 7722 -  1520: d7 70 d9 ca df f5 44 91 75 70 a0 85 48 ca 87 f5
[0211-10:00:58:629]  read 7722 -  1530: ed e3 2e a3 4e 18 22 81 01 ed 46 04 72 02 2e f2
[0211-10:00:58:629]  read 7722 -  1540: d5 04 d7 ca d8 de 69 52 ca 8b 07 17 af a0 5e a3
[0211-10:00:58:629]  read 7722 -  1550: 5c 62 df 77 09 43 61 94 29 7c 6a 0d d3 be 07 71
[0211-10:00:58:629]  read 7722 -  1560: de 64 39 65 fc bb 7e e3 db e0 db 6b 4a 28 83 cb
[0211-10:00:58:629]  read 7722 -  1570: 8d 49 d7 35 be c8 6c 18 fc 4b 08 41 bb ad be 95
[0211-10:00:58:629]  read 7722 -  1580: 05 6d 20 20 06 03 29 73 63 21 fd 0a b9 b7 87 4f
[0211-10:00:58:629]  read 7722 -  1590: 27 c7 73 8e de 73 d1 21 aa f8 b3 bc 7f 9c 53 85
[0211-10:00:58:629]  read 7722 -  15a0: d7 49 dc 05 3b 06 c1 32 b9 ae 70 2e 41 a9 f2 1a
[0211-10:00:58:629]  read 7722 -  15b0: af 88 8a f3 b2 d9 79 cf 81 d6 ea 15 31 e5 2c 75
[0211-10:00:58:629]  read 7722 -  15c0: 29 86 c0 7e 39 75 6a 19 d8 fe b4 a1 12 cc 27 de
[0211-10:00:58:629]  read 7722 -  15d0: 15 25 d6 be 02 a8 a4 98 32 a1 8e 0e ad cb 46 58
[0211-10:00:58:629]  read 7722 -  15e0: 95 1c fb a0 8d f0 60 d9 35 40 a8 fe b0 eb 5d 66
[0211-10:00:58:629]  read 7722 -  15f0: 01 6f 88 ac 2f 27 00 9f bc d4 d4 7c 75 de 45 9c
[0211-10:00:58:629]  read 7722 -  1600: 63 f1 16 1b 0b df 1f 5a 8a ae fa bc b5 fe 29 5b
[0211-10:00:58:629]  read 7722 -  1610: 48 a2 74 a3 9e ff f2 20 68 64 dc 04 c6 43 ca 91
[0211-10:00:58:629]  read 7722 -  1620: 63 cc c7 54 c5 7c 77 05 40 39 d7 22 e1 35 48 11
[0211-10:00:58:629]  read 7722 -  1630: aa 14 5e 8d a3 c8 28 9c bc ba de 0e fd 65 42 8d
[0211-10:00:58:629]  read 7722 -  1640: 5b fc 8b 19 39 35 f0 89 26 34 2d b0 9f a3 de 02
[0211-10:00:58:629]  read 7722 -  1650: e9 85 59 8a af 98 c4 4f 5a 7e 2b a2 6c 63 33 c9
[0211-10:00:58:629]  read 7722 -  1660: 45 cb 22 41 47 c5 f9 9b 34 bb b7 a6 cd d3 c9 3a
[0211-10:00:58:629]  read 7722 -  1670: d9 14 e3 92 90 a1 14 6b 51 c9 84 50 ca 9d 70 6a
[0211-10:00:58:629]  read 7722 -  1680: 86 31 12 72 41 f6 09 7f 88 d6 6b 4f c8 1f d3 b6
[0211-10:00:58:629]  read 7722 -  1690: ae 8c d7 7e 3b 3a a3 0d bd 86 71 c2 07 a1 ce fd
[0211-10:00:58:629]  read 7722 -  16a0: 53 b9 b4 b6 95 87 ca 50 79 b5 72 e2 83 50 77 db
[0211-10:00:58:629]  read 7722 -  16b0: 14 7b 6e 98 c3 4b b5 de 1e ab d3 62 88 4e 8a e5
[0211-10:00:58:629]  read 7722 -  16c0: 00 09 af 98 f6 be 15 43 68 d7 5f 47 e1 59 04 c0
[0211-10:00:58:629]  read 7722 -  16d0: 6f 2e d7 9b 63 fc fa 40 7f ee a0 3e c6 9d 38 59
[0211-10:00:58:629]  read 7722 -  16e0: fa 7b 9f b8 d8 23 fb f2 43 d5 9c 1a 1f 53 46 26
[0211-10:00:58:629]  read 7722 -  16f0: 2e de 28 b1 34 21 19 5c 88 2b 96 69 aa 11 58 f7
[0211-10:00:58:629]  read 7722 -  1700: 06 75 e1 49 38 01 24 1f 79 72 62 42 ef 60 13 6f
[0211-10:00:58:629]  read 7722 -  1710: 74 66 c7 fd 76 e7 27 7a 00 ae 9c 56 41 bb 5d f7
[0211-10:00:58:629]  read 7722 -  1720: d1 c9 bc a9 bc a3 a1 b0 55 05 4e 97 ea 71 c7 11
[0211-10:00:58:629]  read 7722 -  1730: 9a fd e1 d4 ce e6 24 25 2e d1 01 9c 5c 57 95 10
[0211-10:00:58:629]  read 7722 -  1740: 21 5b 4d ff 00 a3 e0 4d ad 55 b9 2f 70 f9 cd b4
[0211-10:00:58:629]  read 7722 -  1750: 21 ea 1e 27 28 16 62 70 44 0e 0a b3 ba e9 d9 95
[0211-10:00:58:629]  read 7722 -  1760: 9c 22 6c e5 6f e6 8e 3b 5b 28 6a 31 ac cb 98 11
[0211-10:00:58:629]  read 7722 -  1770: 6d 8a 6a 5f 91 d7 21 ae 6a 98 2a 22 31 e3 f1 35
[0211-10:00:58:629]  read 7722 -  1780: 69 c0 3d 64 30 1c a1 4f 91 80 d2 f7 05 b0 a5 d1
[0211-10:00:58:629]  read 7722 -  1790: 57 ac 4c 6b e9 57 5b f1 9b d8 8d 8a 44 32 7e b8
[0211-10:00:58:629]  read 7722 -  17a0: 95 5e fe 3b a0 94 54 67 a5 90 96 ce c4 83 80 eb
[0211-10:00:58:629]  read 7722 -  17b0: 0f ad 5a b9 09 f8 9c 49 f4 1e ca 07 27 a0 76 f7
[0211-10:00:58:629]  read 7722 -  17c0: 60 e2 6d 04 f3 73 f8 88 f0 ae a2 fe 21 ba f4 2c
[0211-10:00:58:629]  read 7722 -  17d0: 5e cf 7e 4e 6c 4c a6 1a cf bc d0 d7 df 2b 08 9b
[0211-10:00:58:629]  read 7722 -  17e0: bc fb 93 2c 4a 3b 7f d9 dd e9 46 62 45 c2 42 07
[0211-10:00:58:629]  read 7722 -  17f0: 48 d8 ff a3 6a 0a e1 23 0c 40 6d fd 15 b9 d7 38
[0211-10:00:58:629]  read 7722 -  1800: af 00 ff a5 a7 e3 dc db 5a 5f 26 77 e2 50 9a e5
[0211-10:00:58:629]  read 7722 -  1810: 7e 11 c0 54 31 f0 a1 ce b0 4f 68 c7 35 ee 62 e4
[0211-10:00:58:629]  read 7722 -  1820: 38 e7 a2 12 41 27 7b 4a b7 8b 84 db 07 ed f5 d5
[0211-10:00:58:629]  read 7722 -  1830: 8a f0 0a 2f 83 af 61 2a 81 84 82 89 3e cf 50 86
[0211-10:00:58:629]  read 7722 -  1840: db 87 6a 7e e0 8f b8 67 4d 65 36 fe 90 2f 7c 17
[0211-10:00:58:629]  read 7722 -  1850: d4 26 c7 26 fd 58 02 e9 aa 61 24 f3 d6 c5 0b 72
[0211-10:00:58:629]  read 7722 -  1860: 5c 35 18 16 32 ea 26 31 53 f4 9a 07 2d e6 3b c0
[0211-10:00:58:629]  read 7722 -  1870: 88 f1 53 20 7a 1c 71 7f 14 44 a7 ad 7f 1e 86 22
[0211-10:00:58:629]  read 7722 -  1880: 6e 84 f4 20 f3 d1 7f 9f e5 25 cb f3 df a1 3a c3
[0211-10:00:58:629]  read 7722 -  1890: 87 ed 60 71 4d f9 67 76 6b 9c 67 b0 8a f5 24 66
[0211-10:00:58:629]  read 7722 -  18a0: 1a f3 91 f4 27 38 ca 37 27 67 d4 90 61 05 91 ce
[0211-10:00:58:629]  read 7722 -  18b0: 13 2e 29 88 52 b7 81 86 64 fa 9a 04 50 f8 de 59
[0211-10:00:58:629]  read 7722 -  18c0: 79 7a 05 29 fa 9c 88 42 21 f3 d3 1c bf c4 b0 8b
[0211-10:00:58:629]  read 7722 -  18d0: 35 2c a0 57 6e 9b 47 33 86 b3 72 6d dd f7 53 7c
[0211-10:00:58:629]  read 7722 -  18e0: c1 e5 af a5 4f d9 9f 52 59 40 ed 8d 88 13 4f 7b
[0211-10:00:58:629]  read 7722 -  18f0: 37 e0 a3 1f b1 1e 64 75 b8 c2 c1 cf 47 a8 91 ba
[0211-10:00:58:629]  read 7722 -  1900: 1f ac e5 54 b1 3f 29 9b 70 b5 bc 6d f4 b0 ff 75
[0211-10:00:58:629]  read 7722 -  1910: 77 04 59 3f b7 8f 35 ef 6b fe a3 c2 b9 ca aa 78
[0211-10:00:58:629]  read 7722 -  1920: c2 c0 ef 3e 4f 5c 77 17 aa 61 8d b1 0e 7d 72 af
[0211-10:00:58:629]  read 7722 -  1930: bf 46 a0 d8 a2 60 65 3f 56 73 3d 39 e4 8c ec b2
[0211-10:00:58:629]  read 7722 -  1940: dd 20 c8 96 95 18 0a 71 9e dd 95 03 d5 c0 1d 7e
[0211-10:00:58:629]  read 7722 -  1950: e7 d8 72 48 2b ea 94 62 bf b4 ff 9f 4a 23 c9 70
[0211-10:00:58:629]  read 7722 -  1960: 7d 92 65 0a 33 c6 e0 cf 2e db 34 96 cc d3 15 44
[0211-10:00:58:629]  read 7722 -  1970: 1d d2 aa 58 1d 82 2e 08 29 24 a0 03 c2 15 4e f2
[0211-10:00:58:629]  read 7722 -  1980: a9 01 84 5f 19 66 90 5f dd b7 24 06 74 d0 93 a9
[0211-10:00:58:629]  read 7722 -  1990: 16 ae 96 b8 1e e0 20 70 56 16 3a 83 6c 72 fd 0a
[0211-10:00:58:629]  read 7722 -  19a0: c0 f4 50 84 c4 dc 72 0c eb bf 6c 3c 7a d3 f8 1a
[0211-10:00:58:629]  read 7722 -  19b0: dd e6 05 73 34 01 19 85 1f 23 74 72 bc 8b ac c2
[0211-10:00:58:629]  read 7722 -  19c0: 63 85 57 c2 15 c4 9c 4f 85 18 48 0e 0f 63 69 c4
[0211-10:00:58:629]  read 7722 -  19d0: 6f 5e 45 56 31 38 a2 98 98 8a b7 42 ff 5d a7 5b
[0211-10:00:58:629]  read 7722 -  19e0: aa f6 f3 fe 27 e4 77 b2 81 f1 32 f3 e5 eb 4d 9d
[0211-10:00:58:629]  read 7722 -  19f0: 26 f6 d5 29 77 d5 af 5f 0a 20 0a 33 e7 3a cc 54
[0211-10:00:58:629]  read 7722 -  1a00: 9a ee 40 12 10 42 9f 0e 2b de c6 e6 03 c8 25 00
[0211-10:00:58:629]  read 7722 -  1a10: 1d 50 f4 aa a1 6b 0b db 3c c5 a3 74 b4 d9 f9 40
[0211-10:00:58:629]  read 7722 -  1a20: 8d 7f 75 44 06 f4 79 eb be 67 29 f4 a2 6a fd 3a
[0211-10:00:58:629]  read 7722 -  1a30: f4 33 e2 37 8d 3f 5b 7b 51 ba 67 f1 9a 32 81 ca
[0211-10:00:58:629]  read 7722 -  1a40: c5 6a 51 cd f1 63 7e fc fa 32 4c 64 dd b7 0a 41
[0211-10:00:58:629]  read 7722 -  1a50: 43 0c d9 eb 73 11 6e 91 6c 51 3e d3 66 10 67 88
[0211-10:00:58:629]  read 7722 -  1a60: 8e 01 01 b4 4d c1 c9 62 29 a4 3d 78 b4 3e cc fa
[0211-10:00:58:629]  read 7722 -  1a70: e2 5b d6 33 26 80 ce 62 57 db 30 7e 55 76 de bf
[0211-10:00:58:629]  read 7722 -  1a80: dc 0d 7d 07 b2 b2 a7 71 6a e5 26 3c e4 8d 55 7d
[0211-10:00:58:629]  read 7722 -  1a90: 5f 91 3b 26 54 c0 c5 14 63 bf 6c 1c 20 df c7 1f
[0211-10:00:58:629]  read 7722 -  1aa0: 00 da f8 c6 ec d9 17 a8 9a ea ad e8 7a 52 d5 40
[0211-10:00:58:629]  read 7722 -  1ab0: 73 ec 02 aa 02 79 d9 e6 3d 71 e3 1d 11 d6 7b 61
[0211-10:00:58:629]  read 7722 -  1ac0: fa 5b 2c f7 3d dc b5 8a 90 93 6e 46 37 43 04 95
[0211-10:00:58:629]  read 7722 -  1ad0: c6 62 26 d5 da 5b 9c fd 89 a4 71 e9 13 84 68 45
[0211-10:00:58:629]  read 7722 -  1ae0: 9a 5b 61 3b e6 a4 59 cd 58 8c f0 8b 16 4e 77 14
[0211-10:00:58:629]  read 7722 -  1af0: d9 af 0b 55 5a 01 59 12 11 cc 90 00 ac fa 54 f4
[0211-10:00:58:629]  read 7722 -  1b00: 8a a1 d7 92 00 1e 03 19 c9 45 28 65 0c 57 20 93
[0211-10:00:58:629]  read 7722 -  1b10: e7 e2 70 70 69 a0 fb 6b d9 2d 0f a3 fe 92 eb 49
[0211-10:00:58:629]  read 7722 -  1b20: e6 dd 6e 3c 1c 6e a6 b9 a2 28 a2 ef ed 50 58 80
[0211-10:00:58:629]  read 7722 -  1b30: 97 8c a6 a3 85 42 7d a1 c9 ce 25 27 0d ad 02 d2
[0211-10:00:58:629]  read 7722 -  1b40: f2 ec 96 af f5 62 48 f3 1c 19 88 20 01 c1 c8 2d
[0211-10:00:58:629]  read 7722 -  1b50: 66 73 8e fa 35 2f 7c 8b 9a 4a 60 fc f0 20 d0 6a
[0211-10:00:58:629]  read 7722 -  1b60: 51 92 06 69 6c 22 46 80 26 19 7d b2 74 80 09 bc
[0211-10:00:58:629]  read 7722 -  1b70: c1 7b 43 41 e9 f0 66 b3 c1 90 74 2a 15 c0 6c bd
[0211-10:00:58:629]  read 7722 -  1b80: 54 45 ec 3f 18 6a 2e 27 04 37 37 14 47 ca 15 11
[0211-10:00:58:629]  read 7722 -  1b90: 47 1d e1 da 9d 23 1a 51 02 af 1c e0 f9 81 1d 4d
[0211-10:00:58:629]  read 7722 -  1ba0: e9 81 4e 1e 46 a9 f9 14 28 4e eb 45 59 d8 10 aa
[0211-10:00:58:629]  read 7722 -  1bb0: 12 2c 34 c6 2c 89 5a 14 02 3a 32 00 bf 23 56 d1
[0211-10:00:58:629]  read 7722 -  1bc0: 26 39 1c 58 cb 38 fa e6 0b 24 36 45 62 8d a4 7b
[0211-10:00:58:629]  read 7722 -  1bd0: f1 7e be 7b 2e 3f 34 84 e7 58 ed 61 c4 43 68 7f
[0211-10:00:58:629]  read 7722 -  1be0: 4a 3a 7c 01 47 0c 6a 81 5c 6d d2 cb 1d 7a 6f d3
[0211-10:00:58:629]  read 7722 -  1bf0: 35 fc d6 09 b7 de 71 d2 42 b8 92 02 ee 5b 15 29
[0211-10:00:58:629]  read 7722 -  1c00: dd d9 8f c4 93 06 a5 7c 89 52 2c 5d e4 9f fe a4
[0211-10:00:58:629]  read 7722 -  1c10: fe ef 06 29 a6 e7 b8 15 93 b1 6d 7b ca a5 f9 06
[0211-10:00:58:629]  read 7722 -  1c20: 3b 06 ba 35 f4 92 71 7c e5 02 a4 c4 d9 dd 56 5a
[0211-10:00:58:629]  read 7722 -  1c30: 10 fe 61 70 d1 ad a1 c3 1e ec c2 2b 6c 46 84 45
[0211-10:00:58:629]  read 7722 -  1c40: 3f 9e e0 a5 a5 6d 7d 0e f0 16 59 94 c7 51 80 3b
[0211-10:00:58:629]  read 7722 -  1c50: 95 60 b9 ff fc 28 4d 86 8d f2 a2 db 3c bf ce 1e
[0211-10:00:58:629]  read 7722 -  1c60: 29 78 44 b9 d7 6c 7d 77 5c dd 7d 61 a8 3b 64 d5
[0211-10:00:58:629]  read 7722 -  1c70: 5f 36 aa 3d 61 ca 11 d3 2a cd 0a b4 d3 ef 01 5c
[0211-10:00:58:629]  read 7722 -  1c80: 2c 1a 38 03 51 db 4a 79 aa 10 f8 fa 8e 4e 4a df
[0211-10:00:58:629]  read 7722 -  1c90: b1 f4 6e f6 75 60 0b 6c b8 19 ce d0 fd 61 a1 d9
[0211-10:00:58:629]  read 7722 -  1ca0: 1a d9 e9 63 14 bc e7 0a 4e f1 75 e9 72 ec 5e 5a
[0211-10:00:58:629]  read 7722 -  1cb0: e4 de 1c cc 62 fe 36 5b 7f 9c e7 e9 aa 70 ab cd
[0211-10:00:58:629]  read 7722 -  1cc0: ce 95 1c 36 08 54 a0 46 06 71 6a 58 51 e6 ed d1
[0211-10:00:58:629]  read 7722 -  1cd0: 12 06 2f 60 77 52 bb 27 24 67 89 5b 4b 72 53 c6
[0211-10:00:58:629]  read 7722 -  1ce0: b9 a3 cd e0 ff 00 c8 bb 0f 6e cf 05 36 39 eb 26
[0211-10:00:58:629]  read 7722 -  1cf0: 8e f8 03 e7 ec d4 00 b2 9a 01 32 b5 76 00 55 77
[0211-10:00:58:629]  read 7722 -  1d00: a0 2d be 2e e8 2a 00 15 bb 76 4d 39 0b 31 58 4a
[0211-10:00:58:629]  read 7722 -  1d10: 01 a3 f4 0a 5a 4c 20 15 30 55 bf 87 8d 84 36 99
[0211-10:00:58:629]  read 7722 -  1d20: 23 d5 a7 e2 c9 8e 61 a0 ec 09 9f 56 89 aa 9b bb
[0211-10:00:58:629]  read 7722 -  1d30: ee 4e 1c a5 69 8d 08 7e f4 08 61 af 5d d9 c4 93
[0211-10:00:58:629]  read 7722 -  1d40: 47 ae 70 69 6e 98 d4 74 6c d9 54 93 e6 1b 54 49
[0211-10:00:58:629]  read 7722 -  1d50: 1a f6 fb bb 94 13 ac 2e 27 fc fa 63 c8 84 1f a8
[0211-10:00:58:629]  read 7722 -  1d60: 6d 74 10 14 48 1e e1 6e 08 4a a3 fd 63 41 7c c1
[0211-10:00:58:629]  read 7722 -  1d70: 3d b3 c8 e0 2e 86 94 65 9d 38 4d 88 62 19 49 a3
[0211-10:00:58:629]  read 7722 -  1d80: 5a 35 6e a0 19 ce eb 2e bd 86 40 e4 41 2c 42 78
[0211-10:00:58:629]  read 7722 -  1d90: 72 70 a8 bb da e5 07 48 dd 21 ef 1a 74 87 6c fe
[0211-10:00:58:629]  read 7722 -  1da0: 4e 75 0a a3 0f 50 48 d6 1c 8a 3a ae 60 0b 47 82
[0211-10:00:58:629]  read 7722 -  1db0: 97 dc 85 af 5d bd 3e d4 68 ff 3d cc 68 aa 44 ef
[0211-10:00:58:629]  read 7722 -  1dc0: da cb 4b 93 7d 3a ca 06 84 38 83 b4 34 91 d0 0c
[0211-10:00:58:629]  read 7722 -  1dd0: 5a 0c 84 f6 e3 b7 98 cc 95 01 08 58 87 a8 2d 77
[0211-10:00:58:629]  read 7722 -  1de0: 86 5d 8d 40 41 c8 9c 43 9f 03 ee b6 33 1a 06 a5
[0211-10:00:58:629]  read 7722 -  1df0: 04 00 82 8f db 02 76 9b 42 e5 34 a5 70 68 71 44
[0211-10:00:58:629]  read 7722 -  1e00: 0a a1 98 78 96 45 79 64 fe db b8 99 94 b9 7e 21
[0211-10:00:58:629]  read 7722 -  1e10: 3f 08 21 c6 16 37 09 7b 11 ac 40 ea 54 6c 86 08
[0211-10:00:58:629]  read 7722 -  1e20: 76 39 be 40 ad cc 41 af 73 b1

[0211-10:00:58:636] write    4 -  0000: a0 12 00 b2

[0211-10:00:58:652] write   18 -  0000: 36 0f 00 09 01 80 b0 80 c3 80 a6 80 b8 80 a8 80
[0211-10:00:58:652] write   18 -  0010: b8 2a

[0211-10:00:58:653]  read    4 -  0000: a0 06 00 a6

[0211-10:00:58:653]  read    6 -  0000: b0 03 00 36 01 c0

[0211-10:00:58:673]  read    4 -  0000: a0 14 00 b4

[0211-10:00:58:673]  read   20 -  0000: 36 11 00 00 01 00 00 60 01 87 01 4c 01 71 01 51
[0211-10:00:58:673]  read   20 -  0010: 01 71 01 f6
