
[0103-19:59:08:587][info] Received write request 0000407CECE6B4C8 of length 4 for SPBTARGET 0000407CEE866D28 (WDFDEVICE 0000407CECE97968)
[0103-19:59:08:587][info] Formatting SPB request 0000407CE191F828 for write
[0103-19:59:08:587][info] Saving client request 0000407CECE6B4C8, and sending SPB request 0000407CE191F828
[0103-19:59:08:598][info] Completion callback received for SPB request 0000407CE191F828 with STATUS_SUCCESS
[0103-19:59:08:598][info] Marking SPB request 0000407CE191F828 for reuse, and completing client request 0000407CECE6B4C8 with STATUS_SUCCESS and bytes=4
[0103-19:59:08:598][    ] device   3: ##00 write    4 -  0000: a0 08 00 a8

[0103-19:59:08:607][info] Received write request 0000407CECE6B4C8 of length 8 for SPBTARGET 0000407CEE866D28 (WDFDEVICE 0000407CECE97968)
[0103-19:59:08:607][info] Formatting SPB request 0000407CE191F828 for write
[0103-19:59:08:607][info] Saving client request 0000407CECE6B4C8, and sending SPB request 0000407CE191F828
[0103-19:59:08:607][info] Completion callback received for SPB request 0000407CE191F828 with STATUS_SUCCESS
[0103-19:59:08:607][info] Marking SPB request 0000407CE191F828 for reuse, and completing client request 0000407CECE6B4C8 with STATUS_SUCCESS and bytes=8
[0103-19:59:08:607][    ] device   3: ##00 write    8 -  0000: 01 05 00 00 00 00 00 88

[0103-19:59:08:624][info] Received write request 0000407CECE6B4C8 of length 4 for SPBTARGET 0000407CEE866D28 (WDFDEVICE 0000407CECE97968)
[0103-19:59:08:624][info] Formatting SPB request 0000407CE191F828 for write
[0103-19:59:08:624][info] Saving client request 0000407CECE6B4C8, and sending SPB request 0000407CE191F828
[0103-19:59:08:624][info] Completion callback received for SPB request 0000407CE191F828 with STATUS_SUCCESS
[0103-19:59:08:624][info] Marking SPB request 0000407CE191F828 for reuse, and completing client request 0000407CECE6B4C8 with STATUS_SUCCESS and bytes=4
[0103-19:59:08:624][    ] device   3: ##00 write    4 -  0000: a0 06 00 a6

[0103-19:59:08:639][info] Received write request 0000407CECE6B4C8 of length 6 for SPBTARGET 0000407CEE866D28 (WDFDEVICE 0000407CECE97968)
[0103-19:59:08:639][info] Formatting SPB request 0000407CE191F828 for write
[0103-19:59:08:639][info] Saving client request 0000407CECE6B4C8, and sending SPB request 0000407CE191F828
[0103-19:59:08:639][info] Completion callback received for SPB request 0000407CE191F828 with STATUS_SUCCESS
[0103-19:59:08:639][info] Marking SPB request 0000407CE191F828 for reuse, and completing client request 0000407CECE6B4C8 with STATUS_SUCCESS and bytes=6
[0103-19:59:08:639][    ] device   3: ##00 write    6 -  0000: d5 03 00 00 00 d3

[0103-19:59:08:656][info] Received write request 0000407CECE6B4C8 of length 4 for SPBTARGET 0000407CEE866D28 (WDFDEVICE 0000407CECE97968)
[0103-19:59:08:656][info] Formatting SPB request 0000407CE191F828 for write
[0103-19:59:08:656][info] Saving client request 0000407CECE6B4C8, and sending SPB request 0000407CE191F828
[0103-19:59:08:656][info] Completion callback received for SPB request 0000407CE191F828 with STATUS_SUCCESS
[0103-19:59:08:656][info] Marking SPB request 0000407CE191F828 for reuse, and completing client request 0000407CECE6B4C8 with STATUS_SUCCESS and bytes=4
[0103-19:59:08:656][    ] device   3: ##00 write    4 -  0000: a0 08 00 a8

[0103-19:59:08:671][info] Received write request 0000407CECE6B4C8 of length 8 for SPBTARGET 0000407CEE866D28 (WDFDEVICE 0000407CECE97968)
[0103-19:59:08:671][info] Formatting SPB request 0000407CE191F828 for write
[0103-19:59:08:671][info] Saving client request 0000407CECE6B4C8, and sending SPB request 0000407CE191F828
[0103-19:59:08:672][info] Completion callback received for SPB request 0000407CE191F828 with STATUS_SUCCESS
[0103-19:59:08:672][info] Marking SPB request 0000407CE191F828 for reuse, and completing client request 0000407CECE6B4C8 with STATUS_SUCCESS and bytes=8
[0103-19:59:08:672][    ] device   3: ##00 write    8 -  0000: 01 05 00 00 00 00 00 88

[0103-19:59:08:688][info] Received write request 0000407CECE6B4C8 of length 4 for SPBTARGET 0000407CEE866D28 (WDFDEVICE 0000407CECE97968)
[0103-19:59:08:688][info] Formatting SPB request 0000407CE191F828 for write
[0103-19:59:08:688][info] Saving client request 0000407CECE6B4C8, and sending SPB request 0000407CE191F828
[0103-19:59:08:689][info] Completion callback received for SPB request 0000407CE191F828 with STATUS_SUCCESS
[0103-19:59:08:689][info] Marking SPB request 0000407CE191F828 for reuse, and completing client request 0000407CECE6B4C8 with STATUS_SUCCESS and bytes=4
[0103-19:59:08:689][    ] device   3: ##00 write    4 -  0000: a0 09 00 a9

[0103-19:59:08:703][info] Received write request 0000407CECE6B4C8 of length 9 for SPBTARGET 0000407CEE866D28 (WDFDEVICE 0000407CECE97968)
[0103-19:59:08:703][info] Formatting SPB request 0000407CE191F828 for write
[0103-19:59:08:703][info] Saving client request 0000407CECE6B4C8, and sending SPB request 0000407CE191F828
[0103-19:59:08:703][info] Completion callback received for SPB request 0000407CE191F828 with STATUS_SUCCESS
[0103-19:59:08:703][info] Marking SPB request 0000407CE191F828 for reuse, and completing client request 0000407CECE6B4C8 with STATUS_SUCCESS and bytes=9
[0103-19:59:08:703][    ] device   3: ##00 write    9 -  0000: af 06 00 55 ef 21 00 00 91

[0103-19:59:08:704][info] Received sequence request 0000407CECE6B4C8 with transfer count 1 for SPBTARGET 0000407CEE866D28 (WDFDEVICE 0000407CECE97968)
[0103-19:59:08:704][info] Formatting SPB request 0000407CE191F828 for IOCTL_SPB_EXECUTE_SEQUENCE
[0103-19:59:08:704][info] Built sequence transfer FFFFA48E9F5DEB40 with byte length=4
[0103-19:59:08:704][info] Saving client request 0000407CECE6B4C8, and sending SPB request 0000407CE191F828
[0103-19:59:08:705][info] Completion callback received for SPB request 0000407CE191F828 with STATUS_SUCCESS
[0103-19:59:08:705][info] Marking SPB request 0000407CE191F828 for reuse, and completing client request 0000407CECE6B4C8 with STATUS_SUCCESS and bytes=4
[0103-19:59:08:705][    ] device   3: ##00  read    4 -  0000: a0 1a 00 ba

[0103-19:59:08:705][info] Received sequence request 0000407CECE6B4C8 with transfer count 1 for SPBTARGET 0000407CEE866D28 (WDFDEVICE 0000407CECE97968)
[0103-19:59:08:705][info] Formatting SPB request 0000407CE191F828 for IOCTL_SPB_EXECUTE_SEQUENCE
[0103-19:59:08:705][info] Built sequence transfer FFFFA48E9F5DEB40 with byte length=26
[0103-19:59:08:705][info] Saving client request 0000407CECE6B4C8, and sending SPB request 0000407CE191F828
[0103-19:59:08:705][info] Completion callback received for SPB request 0000407CE191F828 with STATUS_SUCCESS
[0103-19:59:08:705][info] Marking SPB request 0000407CE191F828 for reuse, and completing client request 0000407CECE6B4C8 with STATUS_SUCCESS and bytes=26
[0103-19:59:08:705][    ] device   3: ##00  read   26 -  0000: ae 17 00 04 06 30 00 00 00 00 00 20 00 06 00 00
[0103-19:59:08:705][    ] device   3: ##00  read   26 -  0010: 01 80 01 04 25 02 00 56 00 82
