[0103-19:59:08:576][info][MilanEvtDeviceD0Entry:04731] Goodix>>> entry, prev state: 4(4-D3,5-D3Final), power action: 0, driver version 1.1.142.8
[0103-19:59:08:577][info][ResumeAllThreads:00496] Goodix>>> suspended 1
[0103-19:59:08:577][info][MilanEvtDeviceD0Entry:04755] Goodix>>> resume from S0 idle
[0103-19:59:08:580][debug][_StartInitCreaterThread:06477] Goodix>>> enter
[0103-19:59:08:580][info][_StartInitCreaterThread:06488] Goodix>>> init creater completed
[0103-19:59:08:580][info][_StartInitCreaterThread:06502] Goodix>>> to create init creater
[0103-19:59:08:581][debug][_StartInitCreaterThread:06510] Goodix>>> exit
[0103-19:59:08:581][info][MilanEvtDeviceD0Entry:04771] Goodix>>> exit
[0103-19:59:08:581][info][init_creater:06468] Goodix>>> --- start
[0103-19:59:08:581][debug][_StartInitThread:06425] Goodix>>> enter
[0103-19:59:08:581][trace][OnActivate:03995] Goodix>>> entry
[0103-19:59:08:582][info][_StopInitThread:06401] Goodix>>> to wait for init thread to complete
[0103-19:59:08:582][info][_StopInitThread:06404] Goodix>>> init thread completed
[0103-19:59:08:582][info][_StartInitThread:06452] Goodix>>> to create init thread
[0103-19:59:08:582][info][OnActivate:04029] Goodix>>> activate 1
[0103-19:59:08:583][debug][_StartInitThread:06462] Goodix>>> exit
[0103-19:59:08:583][info][init_creater:06471] Goodix>>> --- exit
[0103-19:59:08:583][info][OnActivate:04057] Goodix>>> last OnActivate done.
[0103-19:59:08:583][info][InitThread:01359] Goodix>>> --- Init: start
[0103-19:59:08:584][debug][OnActivate:04082] Goodix>>> exit
[0103-19:59:08:584][info][InitThread:01398] Goodix>>> Init: pov 1, pba 0, tls-client-server-rebuild-session 1-1-1-0-0, have config 1, device inited 1, base inited 1
[0103-19:59:08:585][debug][SpiSendDataToDevice:03392] Goodix>>> cmd0-cmd1-Len-ackt-ec:0x0-0-0x4-0-0
[0103-19:59:08:593][trace][OnActivate:03995] Goodix>>> entry
[0103-19:59:08:593][info][OnActivate:04029] Goodix>>> activate 0
[0103-19:59:08:593][info][OnActivate:04057] Goodix>>> last OnActivate done.
[0103-19:59:08:593][info][OnActivate:04063] Goodix>>> Init thread not done.
[0103-19:59:08:594][debug][OnActivate:04082] Goodix>>> exit
[0103-19:59:08:607][debug][SpiSendDataToDevice:03475] Goodix>>> !!not to wait for ack
[0103-19:59:08:623][info][UnlockTlsForce:01327] Goodix>>> force unlock it
[0103-19:59:08:623][debug][SpiSendDataToDevice:03392] Goodix>>> cmd0-cmd1-Len-ackt-ec:0xd-2-0x2-0-0
[0103-19:59:08:639][debug][SpiSendDataToDevice:03475] Goodix>>> !!not to wait for ack
[0103-19:59:08:655][debug][SpiSendDataToDevice:03392] Goodix>>> cmd0-cmd1-Len-ackt-ec:0x0-0-0x4-0-0
[0103-19:59:08:671][debug][SpiSendDataToDevice:03475] Goodix>>> !!not to wait for ack
[0103-19:59:08:687][warn][GetMcuState:04101] Goodix>>> mcu-state TIMESTAMP 0x21ef
[0103-19:59:08:687][debug][SpiSendDataToDevice:03392] Goodix>>> cmd0-cmd1-Len-ackt-ec:0xa-7-0x5-0-0
[0103-19:59:08:703][debug][SpiSendDataToDevice:03475] Goodix>>> !!not to wait for ack
[0103-19:59:08:705][debug][data_from_device:04920] Goodix>>> recvd data cmd-len: 0xae-23
[0103-19:59:08:705][debug][data_from_device:05100] Goodix>>> --- cmd: other
[0103-19:59:08:705][info][GetMcuState:04178] Goodix>>> pov 1, pba 0, tls-client-server-lock 1-1-1-0, have config 1, pov valid 0
[0103-19:59:08:706][debug][PrintMcuState:04046] Goodix>>> mcu state::0x04063000000000002000060000018001042502005600
[0103-19:59:08:706][info][PrintMcuState:04074] Goodix>>> mcu state: version:4, isPOVImageValid:0, isTlsConnected:1, isTlsUsed:1, isLocked:0, availImgCnt:0, povImgCnt:3
[0103-19:59:08:706][info][PrintMcuState:04076] Goodix>>> mcu state: sensor_data_int_timeout_count:0, image_crc_fail_count:0, povTouchAccidentCnt:0x0, readChipIDCnt:0, sensorExceptionFlag:0, sensorUnexpectedIntCnt:0, to_master_timeout_count:0
[0103-19:59:08:706][info][PrintMcuState:04078] Goodix>>> mcu state: psk_len:32, psk_check_fail:0, psk_write_fail:0, ec_falling_count:0, system_up_stop_cnt:6, system_down_pov_stop_cnt:0, system_up_cleared_pov_count:0
[0103-19:59:08:707][info][PrintMcuState:04080] Goodix>>> mcu state: pov_wake_by_fp:1, pov_wake_by_ec:0, pov_procedure:0x80, config_down_flag:1, sensor_chip_id:0x2504, sensor_type:2, pov_capture_count:0, normal_capture_count:86, otp_mcu_check_status:0x0
[0103-19:59:08:707][info][InitThread:01427] Goodix>>> tls alive.
[0103-19:59:08:707][info][InitThread:01457] Goodix>>> Init: pov 1, pba 0, tls-client-server-rebuild-session 1-1-1-0-1, have config 1, device inited 1, base inited 1, d0exit 0
[0103-19:59:08:707][info][InitThread:01497] Goodix>>> Init Device Already Done Successfully
[0103-19:59:08:707][info][InitThread:01558] Goodix>>> Init tls already done or not necessary
[0103-19:59:08:707][info][InitThread:01572] Goodix>>> power not lost
[0103-19:59:08:708][info][InitThread:01747] Goodix>>> !!Init: Initialization done successfully
[0103-19:59:08:708][info][InitThread:01752] Goodix>>> --- Init: end
