
 Goodix>>> entry, prev state: 4(4-D3,5-D3Final), power action: 0, driver version 1.1.142.8
 Goodix>>> suspended 1
 Goodix>>> resume from S0 idle
 Goodix>>> enter
 Goodix>>> init creater completed
 Goodix>>> to create init creater
 Goodix>>> exit
 Goodix>>> --- start
 Goodix>>> exit
 Goodix>>> enter
 Goodix>>> to wait for init thread to complete
 Goodix>>> init thread completed
 Goodix>>> entry
 Goodix>>> to create init thread
 Goodix>>> activate 1
 Goodix>>> exit
 Goodix>>> --- Init: start
 Goodix>>> last OnActivate done.
 Goodix>>> --- exit
 Goodix>>> Init: pov 1, pba 0, tls-client-server-rebuild-session 1-1-1-0-0, have config 1, device inited 1, base inited 1
 Goodix>>> exit
 Goodix>>> cmd0-cmd1-Len-ackt-ec:0x0-0-0x4-0-0
 write    4 -  0000: a0 08 00 a8

 Goodix>>> !!not to wait for ack
 write    8 -  0000: 01 05 00 00 00 00 00 88

 Goodix>>> force unlock it
 Goodix>>> cmd0-cmd1-Len-ackt-ec:0xd-2-0x2-0-0
 write    4 -  0000: a0 06 00 a6

 Goodix>>> !!not to wait for ack
 write    6 -  0000: d5 03 00 00 00 d3

 Goodix>>> cmd0-cmd1-Len-ackt-ec:0x0-0-0x4-0-0
 write    4 -  0000: a0 08 00 a8

 Goodix>>> !!not to wait for ack
 write    8 -  0000: 01 05 00 00 00 00 00 88

 Goodix>>> mcu-state TIMESTAMP 0x34c8
 Goodix>>> cmd0-cmd1-Len-ackt-ec:0xa-7-0x5-0-0
 write    4 -  0000: a0 09 00 a9

 Goodix>>> !!not to wait for ack
 Goodix>>> recvd data cmd-len: 0xae-23
 Goodix>>> --- cmd: other
 Goodix>>> pov 1, pba 0, tls-client-server-lock 1-1-1-0, have config 1, pov valid 0
 Goodix>>> mcu state::0x04063000000000002000020000018001042502000100
 Goodix>>> mcu state: version:4, isPOVImageValid:0, isTlsConnected:1, isTlsUsed:1, isLocked:0, availImgCnt:0, povImgCnt:3
 Goodix>>> mcu state: sensor_data_int_timeout_count:0, image_crc_fail_count:0, povTouchAccidentCnt:0x0, readChipIDCnt:0, sensorExceptionFlag:0, sensorUnexpectedIntCnt:0, to_master_timeout_count:0
 Goodix>>> mcu state: psk_len:32, psk_check_fail:0, psk_write_fail:0, ec_falling_count:0, system_up_stop_cnt:2, system_down_pov_stop_cnt:0, system_up_cleared_pov_count:0
 Goodix>>> mcu state: pov_wake_by_fp:1, pov_wake_by_ec:0, pov_procedure:0x80, config_down_flag:1, sensor_chip_id:0x2504, sensor_type:2, pov_capture_count:0, normal_capture_count:1, otp_mcu_check_status:0x0
 Goodix>>> tls alive.
 Goodix>>> Init: pov 1, pba 0, tls-client-server-rebuild-session 1-1-1-0-1, have config 1, device inited 1, base inited 1, d0exit 0
 Goodix>>> Init Device Already Done Successfully
 Goodix>>> Init tls already done or not necessary
 Goodix>>> power not lost
 Goodix>>> !!Init: Initialization done successfully
 Goodix>>> --- Init: end
 write    9 -  0000: af 06 00 55 c8 34 00 00 a5

  read    4 -  0000: a0 1a 00 ba

  read   26 -  0000: ae 17 00 04 06 30 00 00 00 00 00 20 00 02 00 00
  read   26 -  0010: 01 80 01 04 25 02 00 01 00 db

 Goodix>>> entry, request:FFFFFE11E1E7A638
 Goodix>>> Purpose=2, Type=1025, Owner=27, Flags=0x20
 Goodix>>> enter
 Goodix>>> exit
 Goodix>>> to wait init done
 Goodix>>> wait init done
 Goodix>>> OnActivate done.
 Goodix>>> activate 1, fdt_is_down 0
 Goodix>>> Capture request: to down
 Goodix>>> to set state to DEVICE_ACTION
 Goodix>>> to set state from 1 to 3
 Goodix>>> temperature not occure, to FDT DOWN
 Goodix>>> enter, Mode 3, Type 1, base_type 1
 Goodix>>> setmode: Fdt down
 Goodix>>> fdt-down TIMESTAMP 0x4041
 Goodix>>> switch to FDT mode 1
 Goodix>>> data sent::0x80b080c380a680b880a880b8
 Goodix>>> cmd0-cmd1-Len-ackt-ec:0x3-1-0x10-1000-0
 write    4 -  0000: a0 14 00 b4

 write   20 -  0000: 32 11 00 08 01 80 b0 80 c3 80 a6 80 b8 80 a8 80
 write   20 -  0010: b8 41 40 ac

 Goodix>>> recvd data cmd-len: 0xb0-3
 Goodix>>> get ack for cmd 0x32, cfg flag 0x1
  read    4 -  0000: a0 06 00 a6

  read    6 -  0000: b0 03 00 32 01 c4

 Goodix>>> to set state to DEVICE_ENABLE
 Goodix>>> to set state from 3 to 1
 Goodix>>> ******** to Register CaptureFramedone for capture a frame ********
 Goodix>>> exit
 Goodix>>> recvd data cmd-len: 0x32-17
 Goodix>>> --- cmd: fdt
 Goodix>>> IrqStatus:0x2 cmd1 1
 Goodix>>> IRQ for fdt-down, get fdt-up base, current mode is fdt-down, touchflag 0x3f
 Goodix>>> received fdt base::0xde001301d700fc00f4001c01
 Goodix>>> iSecondFlag 0, need_fdt_up_twice 0, diff_use 27, touchflag 0x3f
 Goodix>>> fdt base:0xde001301d700fc00f4001c01
:0x8a80, original 0xb0b0
:0xa480, original 0xc3c3
:0x8680, original 0xa6a6
:0x9980, original 0xb8b8
:0x9580, original 0xa8a8
:0xa980, original 0xb8b8
 Goodix>>> receive fdt down......fdt_is_down:1
 Goodix>>> submit delay 0, monitor state 1, sesssion state 8
 Goodix>>> entry
 Goodix>>> enter, tls-client-server 1-1-1
 Goodix>>> g_halcontext.sensor_ops.SetMode:0x00007FF86A09BB50.
 Goodix>>> enter, Mode 2, Type 1, base_type 0
 Goodix>>> setmode: Image
 Goodix>>> cmd0-cmd1-Len-ackt-ec:0x2-1-0x2-1000-0
  read    4 -  0000: a0 14 00 b4

  read   20 -  0000: 32 11 00 02 00 3f 00 de 00 13 01 d7 00 fc 00 f4
  read   20 -  0010: 00 1c 01 50

 write    4 -  0000: a0 06 00 a6

 Goodix>>> recvd data cmd-len: 0xb0-3
 Goodix>>> get ack for cmd 0x22, cfg flag 0x1
 write    6 -  0000: 22 03 00 01 00 84

  read    4 -  0000: a0 06 00 a6

  read    6 -  0000: b0 03 00 22 01 d4

  read    4 -  0000: b0 2a 1e f8

 Goodix>>> enter
 Goodix>>>  ---- pack len: 7722
 Goodix>>> enter
 Goodix>>> TLS LOG: => read
 Goodix>>> TLS LOG: => read record
 Goodix>>> TLS LOG: => fetch input
 Goodix>>> TLS LOG: in_left: 0, nb_want: 5
 Goodix>>> enter, tls inited 1
 Goodix>>> bytes to read: 5, bytes left: 7722
 Goodix>>> bytes read: 5, bytes left: 7717
 Goodix>>> recv ret:5.
 Goodix>>> TLS LOG: in_left: 0, nb_want: 5
 Goodix>>> TLS LOG: ssl->f_recv(_timeout)() returned 5 (-0xfffffffb)
 Goodix>>> TLS LOG: <= fetch input
 Goodix>>> TLS LOG: => fetch input
 Goodix>>> TLS LOG: in_left: 5, nb_want: 7722
 Goodix>>> enter, tls inited 1
 Goodix>>> bytes to read: 7717, bytes left: 7717
 Goodix>>> bytes read: 7717, bytes left: 0
 Goodix>>> recv ret:7717.
 Goodix>>> TLS LOG: in_left: 5, nb_want: 7722
 Goodix>>> TLS LOG: ssl->f_recv(_timeout)() returned 7717 (-0xffffe1db)
 Goodix>>> TLS LOG: <= fetch input
 Goodix>>> TLS LOG: => decrypt buf
 Goodix>>> TLS LOG: <= decrypt buf
 Goodix>>> TLS LOG: <= read record
 Goodix>>> TLS LOG: <= read
 Goodix>>> enter
 Goodix>>> TLS now IN handshake state:16.
 Goodix>>> <= tlslib_read exit with ret:7693 tls server state:16.
 Goodix>>> ---- tls 7693 bytes recv
 Goodix>>> recvd data cmd-len: 0x22-7690
  read 7722 -  0000: 17 03 03 1e 25 00 00 00 00 00 00 00 02 b3 9e 1f
  read 7722 -  0010: 11 b2 98 1c c7 25 dd c3 d1 ee 9e cd 99 47 c2 69
  read 7722 -  0020: f6 d3 b3 66 c6 8b b0 76 41 59 d2 8a 90 16 25 f4
  read 7722 -  0030: ec bd 56 70 2e cc 26 02 95 03 64 61 35 19 e5 12
  read 7722 -  0040: 25 b8 36 da 78 5f 32 03 b0 33 a7 64 27 f4 6f 66
  read 7722 -  0050: e1 db a5 97 ae ac a8 c0 24 ec 0f f6 35 b2 45 98
  read 7722 -  0060: f8 34 85 88 33 13 5d 0b 89 3c 14 bf cc bb 7a fd
  read 7722 -  0070: 02 d1 64 61 e7 6e 1a 80 39 de b8 10 5d 40 5a 2c
  read 7722 -  0080: c6 ad f8 b4 90 21 79 c7 ac 0f f3 8c e8 03 79 1b
  read 7722 -  0090: 88 25 8a e5 45 7c 1d 83 35 75 6b e2 76 16 d1 e1
  read 7722 -  00a0: b1 48 a5 25 a2 59 20 8a 55 f9 ad 08 b9 d9 41 36
  read 7722 -  00b0: cc be bb 12 e7 6b a0 04 96 99 fd bc 4a fb 68 5b
  read 7722 -  00c0: 85 4f 41 01 0e 40 a6 cb 1b 0c a8 73 11 d4 0c 4f
  read 7722 -  00d0: 89 d6 a4 a2 4e 10 a4 30 59 b6 1a ce de 1d 91 4a
  read 7722 -  00e0: 59 7c 4a 59 8d 30 16 46 92 0e 48 5d 35 37 49 8b
  read 7722 -  00f0: 4d cb a8 01 37 2c ec 0a 54 47 14 71 27 b8 76 45
  read 7722 -  0100: 6d 21 12 2e 19 f1 a1 6d 73 5a 9c af d6 e1 95 14
  read 7722 -  0110: 57 1f fe 28 84 a4 f1 3b d7 05 b7 b7 ad 7b ec ca
  read 7722 -  0120: 32 d8 2a c6 6d 70 9c 30 37 10 bb 57 50 2c 0c 5c
  read 7722 -  0130: f3 bd 8f 69 bc fd ba fd 0a 14 d7 85 56 6e 4a 89
  read 7722 -  0140: 72 6d 42 b9 b1 42 50 93 85 f3 75 3e 06 6e a5 cd
  read 7722 -  0150: 96 6c 06 22 02 27 e0 bb d2 eb e7 d6 ea 70 aa 5b
  read 7722 -  0160: df 39 da 56 1e ee b6 24 61 61 b3 0d 7e 26 db 46
  read 7722 -  0170: 3c 3a 39 6a b4 59 bf 57 cf 0d 4f e8 e9 72 92 b6
  read 7722 -  0180: 99 59 52 b0 72 33 9b 96 32 ca 20 6f d2 ba 3f 74
  read 7722 -  0190: 79 3b 78 75 9d 39 71 2b d0 91 b1 86 ce 3d 2d cf
  read 7722 -  01a0: b0 2e 3a dd 94 4f bb 4a 24 9d 58 f4 b3 50 7b 91
  read 7722 -  01b0: b0 49 0c be 37 c9 06 c4 2a d5 04 6a 0c 10 ad 9d
  read 7722 -  01c0: ed 65 3c 2f 0d 2d aa f5 65 2d c0 f1 d7 d6 d9 ea
  read 7722 -  01d0: 9c 54 ae 99 58 df 83 e4 0f c2 ad 69 cc f8 dd a9
  read 7722 -  01e0: 54 9b 17 c6 60 be a6 68 8a 21 14 86 58 03 56 6a
  read 7722 -  01f0: 2a fc a9 a4 45 e5 3b a3 fc d1 12 9a 6c 75 b9 63
  read 7722 -  0200: 4c a7 d7 b3 78 bd 79 e9 97 f8 11 cb 70 8d 52 49
  read 7722 -  0210: f8 c2 ba d3 9c b5 78 86 88 a2 90 76 02 3b 7a dd
  read 7722 -  0220: 38 77 78 bc 5a 3a be 47 70 29 fd f3 59 0c ce fa
  read 7722 -  0230: 7a e7 3c 80 9b 7f 2d 8f 0c 79 f1 f5 cb 57 38 d6
  read 7722 -  0240: 05 f7 55 a0 5e 12 da 9b 6e c4 44 ff 75 e2 d3 be
  read 7722 -  0250: b4 bd d5 8d 54 29 db e5 e6 4f a1 7e c5 b2 e7 59
  read 7722 -  0260: 21 65 d2 33 15 c6 20 f6 fe ff 6c 9d 07 6a 28 dc
  read 7722 -  0270: 6f 08 1a a5 ce 67 b6 bc 35 4e 3f b3 c8 a5 cd 60
  read 7722 -  0280: 7b 39 a7 63 cd 6b 94 07 b3 02 f8 54 ee 12 49 cf
  read 7722 -  0290: 95 43 43 0a f3 00 c3 53 a1 37 50 6e 1b 27 d2 17
  read 7722 -  02a0: b2 f7 c9 b7 e0 a0 c3 c4 ee 91 4b 68 e8 5a ad ea
  read 7722 -  02b0: 77 13 88 c8 ab 3f fe 71 72 e1 11 8b 08 67 df 29
  read 7722 -  02c0: c2 cb c7 85 fb 07 ab 14 80 9a 2c 46 75 de 13 51
  read 7722 -  02d0: 5c 99 fb b1 13 a0 47 6a b5 55 c9 f3 fa d8 34 26
  read 7722 -  02e0: 6b 6a 54 12 ef 82 fc 0d 19 a8 d6 58 2e 5b 34 78
  read 7722 -  02f0: fd c6 f0 f7 9d 6a 2e 21 9b b1 41 34 b2 f6 74 ee
  read 7722 -  0300: 10 cd b2 72 dc 4c 7d 83 cf 78 40 f2 4b 97 ae bd
  read 7722 -  0310: 0d 03 05 0f de 8f ca 71 a0 84 80 c4 0f 7e b6 5a
  read 7722 -  0320: 25 ed 08 8a 00 67 2c 99 6b 90 43 aa bb 41 4e 35
  read 7722 -  0330: 1a 30 0f c3 f5 b8 d2 74 a0 86 7e 67 6e 4e 8c 44
  read 7722 -  0340: b4 ff 3d cd 58 51 bf 30 b0 14 98 12 fc 7c 5f d0
  read 7722 -  0350: f3 30 0d e2 6d 6e 2e 28 05 2b 3d d5 18 1d b9 a6
  read 7722 -  0360: 50 b3 ee c8 bc 83 90 31 8d 80 85 7e cc 77 0f a5
  read 7722 -  0370: e5 d7 8a bf 46 82 5c c1 93 a8 64 05 f2 25 7d 93
  read 7722 -  0380: d1 f1 09 20 a3 de e5 98 01 e1 83 b8 62 d3 6b 53
  read 7722 -  0390: 1c 07 0b a7 4c 55 ec 9a 0b fc f9 d0 6c 91 e1 20
  read 7722 -  03a0: 0d 90 6d ac ec 52 24 c9 45 48 a8 cc ee 23 a3 8e
  read 7722 -  03b0: fa 7f 42 fb 45 82 c0 1e 93 12 34 ac 2f ff 36 f1
  read 7722 -  03c0: ec 9f 39 da 40 9d 23 32 c3 49 6c d3 a7 03 e8 f4
  read 7722 -  03d0: 77 e7 68 d5 a8 45 e9 61 be 51 77 e6 77 70 86 61
  read 7722 -  03e0: a8 e4 35 7d 3c d8 8b f1 c9 d4 0c 4c 6a 64 4c bc
  read 7722 -  03f0: b3 98 64 cd 96 f1 47 8a ea f2 ff ba b5 b7 9f 9d
  read 7722 -  0400: 8d fa 9b 3f 23 b4 fd 76 60 53 1b c4 5a df 37 45
  read 7722 -  0410: e4 d7 a7 5b d9 a4 7b bb fd 08 da 2c 40 1f d8 f0
  read 7722 -  0420: 2b 68 a6 c6 e5 9a 1f 83 9b f8 17 3f d7 81 77 0e
  read 7722 -  0430: 33 d9 e3 02 f5 7f 9d 27 e7 cc 2b 0f 8d ef b3 61
  read 7722 -  0440: 42 cc f6 d0 4d aa 46 44 b5 bd 3f e1 39 b5 f2 f2
  read 7722 -  0450: 66 ce fe 54 3e 64 43 74 df 66 e0 7e 86 44 3a 9c
  read 7722 -  0460: 5c fb b4 a3 49 fc ab 42 2a aa 6e 70 cc e3 9f 78
  read 7722 -  0470: 91 ec cb da 22 8a 2c 57 7e 2e 56 92 39 36 40 0a
  read 7722 -  0480: d9 31 28 8f 97 07 b6 96 fc 8e fe 58 93 1c 60 0d
  read 7722 -  0490: 0d 6e c2 9a 5a 40 b4 9b 0e 55 13 93 21 6c ca a1
  read 7722 -  04a0: 5a cd d7 35 3f 99 d7 c8 0d df 60 88 67 8c 98 11
  read 7722 -  04b0: 97 fa 43 7f 3a 77 b2 4e 37 e3 b4 9e cc 1c d5 06
  read 7722 -  04c0: e9 02 24 8a e8 97 6d b2 1d 32 7c 98 9f 15 97 33
  read 7722 -  04d0: a4 0f b4 fc 15 5b b3 b7 31 da e5 85 54 0d f0 58
  read 7722 -  04e0: 50 97 6c 09 ef 92 db 20 62 1a 39 cc 37 50 6e 6c
  read 7722 -  04f0: eb bd ed 9a ab 44 75 a7 2b 5b e8 f7 e9 b0 b5 bf
  read 7722 -  0500: fb c4 37 7d b0 9d a6 a9 4f 69 74 96 bd fe 42 cc
  read 7722 -  0510: 5f 17 7c 19 65 1f 65 4e fd eb ad 38 81 8e ba f2
  read 7722 -  0520: 7d f6 15 17 0f a2 46 0d 62 77 2a e5 19 0b 18 03
  read 7722 -  0530: f6 c6 5a 36 c1 fe 44 6b b7 ca 23 7a fd 0c 92 c8
  read 7722 -  0540: 72 12 54 30 cb 48 04 c9 f8 45 18 57 30 90 8b 24
  read 7722 -  0550: 8f 6d 71 c4 8a 66 1b b3 ec 7c 26 9c f4 4a 1b 57
  read 7722 -  0560: 0b bc 20 de ea 68 5d 3c 0f 03 41 14 c9 07 b3 77
  read 7722 -  0570: 60 2e f4 d4 4a 15 c1 46 f6 d5 30 81 c4 f0 33 f5
  read 7722 -  0580: 8b 2e f3 c2 63 af ed fa c6 8f 6f 49 f6 77 e8 07
  read 7722 -  0590: ad f6 f5 7f ed 9a 71 a6 dc a2 da 46 39 7e 12 59
  read 7722 -  05a0: c9 12 9c e1 56 3d 7d 92 e9 3a 02 ef 7f 8f 95 83
  read 7722 -  05b0: 87 56 88 41 9d 2b 34 7c cb 2a 94 78 c8 ee 0d 54
  read 7722 -  05c0: a6 fa 6c 60 7f 98 5b 4c 2d 53 c4 a4 90 19 b6 51
  read 7722 -  05d0: 17 6f 40 8d d0 af 6f 8c a3 e9 2a 25 44 68 59 ca
  read 7722 -  05e0: aa e4 9c 84 04 d6 c0 1b fd a7 aa 6e 3d 25 e5 71
  read 7722 -  05f0: c9 d8 08 27 0c d9 72 aa 80 e2 9e 83 97 9d 4d d7
  read 7722 -  0600: d5 b3 90 70 3b 83 06 c8 7e d6 95 7e 8c 94 10 5f
  read 7722 -  0610: 8d 02 ac 12 d9 4c 35 41 dd 4c 5a 28 16 1e 2a 06
  read 7722 -  0620: ab ba 95 86 fa b9 59 f8 39 00 78 75 29 47 79 85
  read 7722 -  0630: d5 ea ee 70 2e 60 d6 8e 3a 62 c3 12 ae ed 9e 7f
  read 7722 -  0640: 30 f8 66 5e b5 86 1e 21 be ad 27 87 0a ed 8c 77
  read 7722 -  0650: 56 02 e2 6f 42 56 ac 76 35 29 f3 3d 15 43 42 1e
  read 7722 -  0660: f9 8d a1 4e 88 42 63 bb 45 79 cf 4f 32 41 a3 06
  read 7722 -  0670: 95 dc 3e 27 dd 85 c1 2f 16 29 99 57 f3 c7 13 14
  read 7722 -  0680: e7 21 13 58 54 4d 26 0c e9 af c7 ab 31 4b f7 94
  read 7722 -  0690: 99 fd 77 e8 e0 07 f6 db b5 0f c3 57 79 74 71 92
  read 7722 -  06a0: 12 60 64 7b 69 f3 38 42 24 16 cc 5d dc 19 81 e0
  read 7722 -  06b0: 82 28 20 4b 2d 41 ec 3c 42 a2 5d 84 c9 16 d1 6e
  read 7722 -  06c0: e0 fb 5f ab aa f0 b1 cc ed 02 0d db 4c 01 05 3f
  read 7722 -  06d0: fb 75 42 d9 25 61 fa a6 0e 96 c5 3f 5b e1 1c b4
  read 7722 -  06e0: 62 66 6d da 63 3b 55 76 ae 4a 16 1d 9c b3 94 55
  read 7722 -  06f0: 42 17 c5 66 f4 22 f6 eb a3 7f 0d bf 81 32 49 7a
  read 7722 -  0700: d7 96 e9 22 65 30 31 c2 41 c6 3c 1f 24 92 8a d9
  read 7722 -  0710: a3 61 3a 72 d2 cf e4 40 15 99 7c 07 79 61 a8 1f
  read 7722 -  0720: 7b 76 25 72 83 8a 7c 7a ae d9 bc 81 4e 89 9a 9b
  read 7722 -  0730: 56 d4 fd b2 2b 39 2e 35 99 f1 34 54 1a 09 97 d6
  read 7722 -  0740: bf 5a e6 c1 0a 00 12 d4 c0 fe ac 36 bf f2 15 ad
  read 7722 -  0750: 32 0d fa 93 32 a6 2e ba c4 4d c2 13 f3 66 bc 30
  read 7722 -  0760: 82 8d ac 6e c7 13 2a 5a 90 07 a8 e2 17 63 5f d0
  read 7722 -  0770: 45 4b 8c 71 2c 9d d1 5e 8e 84 f4 d3 61 9c 03 5b
  read 7722 -  0780: ea 53 f8 a3 e1 93 35 3a 6e ca 7f bf 8c cf ef 8c
  read 7722 -  0790: e4 71 41 3e ad 94 6e 24 39 a2 ac 8a 31 d6 99 42
  read 7722 -  07a0: df 61 14 cc 91 d1 96 a6 f4 da 9f 96 01 71 a3 8c
  read 7722 -  07b0: 5a b4 00 41 68 d9 1d dd 78 6c b8 01 25 88 fc 60
  read 7722 -  07c0: 5b 1d 70 b1 cd 3d 1a e0 3d d7 b0 cd 3c a6 37 81
  read 7722 -  07d0: f2 92 cc 19 bb 6c 6b 26 3c d6 30 9f ae 10 af 64
  read 7722 -  07e0: 58 10 d8 6a 2a a2 ae 48 46 28 1a d5 6c 50 86 59
  read 7722 -  07f0: 31 c4 98 66 f0 5f 3a e3 a5 bd 6b 9a 3f 1e 2d 1e
  read 7722 -  0800: ec 5b e3 a5 8f 89 d6 ed 70 6c 67 aa 11 88 ea e7
  read 7722 -  0810: 10 f3 b2 c6 49 6f 70 ae 10 7d c9 19 04 ae 68 19
  read 7722 -  0820: 45 cd 75 3b 8e 07 71 c3 37 21 16 55 01 5d 9d da
  read 7722 -  0830: e2 2f c4 f7 86 6c 20 7b 16 4c d3 c0 60 3f aa 8a
  read 7722 -  0840: b5 6d 12 2c 9e 4f f4 ae 66 c0 e4 f4 18 56 4a f0
  read 7722 -  0850: ff 3d 54 c5 61 02 44 22 93 60 21 29 05 1c cd 09
  read 7722 -  0860: af 79 71 e1 ca b5 2a e2 cc 68 1a 3b 7f 05 52 aa
  read 7722 -  0870: 58 2e a1 9c f3 7b 4f 9d 62 32 a5 55 ba e9 80 4b
  read 7722 -  0880: 5d a5 34 37 59 3e 1e d6 cd 20 c8 25 1e 20 4b ee
  read 7722 -  0890: b3 df dc 51 cd 27 a7 f5 9d df 7b 81 b2 97 c5 ea
  read 7722 -  08a0: 30 51 8e 47 b2 2f d6 9b c9 cd b9 a5 ce b3 e8 4c
  read 7722 -  08b0: 35 52 2d 89 e1 81 c5 5a 50 bd b3 d3 c4 14 3e 9e
  read 7722 -  08c0: 0f 77 5c 6d 7a bb 0f 9b e9 c3 1a f0 47 1e c0 40
  read 7722 -  08d0: 56 c6 c3 8f 0a 5e 22 21 97 a8 cd f4 0a fe 64 dd
  read 7722 -  08e0: ea 0f 10 be 8f b2 81 20 25 f9 56 99 2a 79 fd a1
  read 7722 -  08f0: 64 c7 40 ad 41 5d 01 f5 b7 f0 5e 92 a1 46 02 9c
  read 7722 -  0900: 28 9f 49 07 b4 1c 58 bc a4 7a 33 8f 1a a3 dd 0d
  read 7722 -  0910: 0f 96 3f a3 f7 55 1f cc 44 22 b0 72 8b b7 2e da
  read 7722 -  0920: 4a 54 62 e2 27 4e a6 65 de a9 0c 5d e5 f0 e1 79
  read 7722 -  0930: c6 0c e8 36 31 fe 8c 90 71 44 df 36 6f 4f 45 f6
  read 7722 -  0940: 81 b5 01 3a 98 57 65 58 e2 4c ca 41 42 1f 37 fb
  read 7722 -  0950: 03 5f b7 22 27 d0 38 00 a4 ae 21 94 fd c3 53 33
  read 7722 -  0960: c2 ff 53 6d ef 69 85 e4 4b 89 e7 ca 63 82 78 58
  read 7722 -  0970: b3 ce c1 5e b4 f7 73 cc 6f e5 28 cc 8c 1c d0 1d
  read 7722 -  0980: d1 07 65 0c 0e 34 12 e6 61 ff 0a 4d 02 fe f1 fe
  read 7722 -  0990: 0e f2 ce 9e f7 c8 30 f3 1e a8 d1 4f 00 bd 16 8d
  read 7722 -  09a0: 59 2c c1 fc a3 54 58 34 1a c4 5a c8 68 9f 4a d1
  read 7722 -  09b0: 41 1c b3 dc 5c f3 65 9a ce 4d c6 89 87 07 31 0a
  read 7722 -  09c0: f2 01 77 ac df ee 17 11 4b 4f 79 82 bb 0b 02 b2
  read 7722 -  09d0: fd 5f 7c 01 23 1b 42 ad 6a 2a 22 99 a2 32 eb 2d
  read 7722 -  09e0: bc 55 03 89 f2 4d e7 03 50 45 5a 6d a5 93 67 05
  read 7722 -  09f0: cb 50 8d bf e9 ce 9a b8 7a bf 66 8a 2c 08 4c 0a
  read 7722 -  0a00: 16 d8 ee 64 c8 56 62 9f 98 44 56 1c 92 49 27 c0
  read 7722 -  0a10: a3 af db 8c f1 00 be a3 23 79 92 35 fc 72 13 c6
  read 7722 -  0a20: 21 63 90 dc c4 c4 65 ab 8e 71 2f 2e b7 30 23 56
  read 7722 -  0a30: 45 00 e7 17 da 0d 43 cc 99 31 31 16 80 89 5d ae
  read 7722 -  0a40: dc 39 8b 95 bd db 21 9b 21 19 ed ae 54 3c 34 ea
  read 7722 -  0a50: 13 46 a6 2b 52 d8 57 3d 37 c8 1b 4a 60 43 a5 42
  read 7722 -  0a60: 27 0e fb e3 ff db a6 14 76 5d 0f 6c fb 71 47 04
  read 7722 -  0a70: 03 52 63 be d5 bb 9f 49 b7 5f c2 ba 7e 2d 4a f6
  read 7722 -  0a80: e7 ea aa 2c 59 46 3f c3 5b 40 16 6f 52 02 4a 3d
  read 7722 -  0a90: 8b 25 f8 e0 e8 e4 a2 9b 06 c5 ab 2e 69 39 78 0b
  read 7722 -  0aa0: 34 32 9c 48 07 e3 aa 7c 0b 79 ca f4 1f 13 1e 7c
  read 7722 -  0ab0: 62 24 b7 59 76 ea 73 1d ae f4 65 3c fd 3c 7d e3
  read 7722 -  0ac0: 2d b6 c2 64 a7 64 be 2c c9 f5 62 ac ed 0f be 9b
  read 7722 -  0ad0: 9e 34 40 41 41 95 0d 72 08 bd c2 3d 4e 33 8e 91
  read 7722 -  0ae0: 75 2b 0d 29 82 7c 9b e8 a2 be 3f df f8 8b 9a 2f
  read 7722 -  0af0: 39 fd d2 98 78 7c 2c 50 61 e0 80 ed f6 76 21 1f
  read 7722 -  0b00: 1b dc 7e 47 0e ec b5 0e bc 83 00 50 c8 85 cf 36
  read 7722 -  0b10: a5 7b 4e 1e bf b7 00 3f 37 a3 e6 3c 73 06 ca 31
  read 7722 -  0b20: f5 16 f4 ca ba e0 b8 af 5e a1 c2 00 84 3c e9 09
  read 7722 -  0b30: e2 0b 2e 18 3d 21 6a 30 22 39 95 10 96 7c 31 61
  read 7722 -  0b40: c2 7f 27 ea da 8f 63 ec 11 be b3 4e 2a c9 b2 80
  read 7722 -  0b50: eb 6e 8e ee 43 70 85 b6 b0 0a 28 a6 b7 76 ed 55
  read 7722 -  0b60: 78 df c7 bc 24 ed 33 f8 09 b2 e3 d4 72 69 ed a9
  read 7722 -  0b70: 2f 26 84 83 7f 96 ca 59 09 24 04 7b 82 3a 28 c7
  read 7722 -  0b80: 72 20 ff 46 68 28 02 64 08 03 37 af 0c b6 a1 35
  read 7722 -  0b90: 80 f0 4d c2 a3 cd 67 f5 16 33 a5 ed af 4d 63 a0
  read 7722 -  0ba0: 9e f6 48 d0 8a 13 af 89 b5 00 5d 9a df bb 67 23
  read 7722 -  0bb0: 49 ee 36 70 c0 e0 1d 48 c0 23 bc 08 22 05 4f cc
  read 7722 -  0bc0: 40 2c e7 b4 2a 72 81 6d 84 63 05 ce 93 5c 51 be
  read 7722 -  0bd0: b3 1d 8c 5a a6 87 90 aa 1b 46 af 14 db 85 42 3c
  read 7722 -  0be0: 46 f2 9d 2f 19 57 62 7d 5b 99 89 55 5a be 4c a0
  read 7722 -  0bf0: b1 a3 25 54 6b f1 12 a4 8f 81 9b 16 83 e3 8c 49
  read 7722 -  0c00: fc aa bd c1 35 37 7b d6 76 a0 7f 27 58 05 6f 7e
  read 7722 -  0c10: ce 27 ac 15 be 9d 52 af 96 62 79 8e e4 1a 1e 84
  read 7722 -  0c20: 4e ec be 2e d9 b4 98 05 49 02 63 9c af 3e f4 cb
  read 7722 -  0c30: f1 18 3a b1 20 b8 4e 50 97 dd 4e 7f 7c 97 0e 51
  read 7722 -  0c40: 85 69 0c 88 10 6f 4f d6 52 39 5f 2e ba 7a 8c 82
  read 7722 -  0c50: 51 ed e2 c9 9d d2 82 d9 cd 81 3b a6 b5 98 8b 8f
  read 7722 -  0c60: d6 60 19 c3 c1 9f 7f 89 e7 07 3c e6 d7 f0 4a 64
  read 7722 -  0c70: ba 3b dc 40 14 d6 26 0b 69 f0 93 4e b1 c5 cc 54
  read 7722 -  0c80: 4e 0e 5e 7e 82 b0 fb ce 42 2b e2 fd 96 39 e5 e2
  read 7722 -  0c90: c2 d8 84 61 03 02 46 54 29 2d 3e 06 54 a5 52 08
  read 7722 -  0ca0: 98 54 4f a0 f4 c2 d1 6e e0 e6 60 e8 09 5b 0c 1b
  read 7722 -  0cb0: da 5b 25 13 93 8b 12 9e d6 d4 ec 31 e6 6b b6 3e
  read 7722 -  0cc0: 8e 25 50 f2 4e b3 a2 95 26 18 f0 ce ab b5 36 09
  read 7722 -  0cd0: f4 ab bf 9e 91 a6 5c e7 11 cc ab e7 ca f0 1b 9e
  read 7722 -  0ce0: b1 f3 9b 68 f6 75 a1 50 cc 20 61 e4 94 e3 1d 6f
  read 7722 -  0cf0: 65 d1 f6 68 be 5c f3 e8 67 83 6b 29 b6 1d 54 44
  read 7722 -  0d00: 29 d5 31 09 ff cd 15 03 7d 16 80 4c 9d c1 82 a5
  read 7722 -  0d10: 5d 2a a6 46 aa f0 99 5d fb 65 d2 83 af 91 db 26
  read 7722 -  0d20: 27 ab e5 0a 64 af 8c e8 56 57 2b 13 12 d7 b9 12
  read 7722 -  0d30: bf 29 52 d9 e4 dd 60 c7 dc c5 d7 46 77 6f 38 f4
  read 7722 -  0d40: 32 67 4e 39 c9 e1 1a 7d d8 11 23 08 d0 33 e4 e4
  read 7722 -  0d50: 7b f8 cc 9e d6 a9 59 06 49 77 e8 15 51 c4 22 6f
  read 7722 -  0d60: e9 5d 39 9c b8 c6 c0 c4 63 a7 b9 2d ea 38 09 11
  read 7722 -  0d70: 39 a7 f8 7f 28 e0 c9 a2 09 fc 0a 6e 42 86 3c d1
  read 7722 -  0d80: 45 17 28 31 09 80 f5 77 00 07 3d 47 c6 31 4b 4d
  read 7722 -  0d90: 35 14 92 04 1c b7 59 e8 90 4b a0 1c 27 1c bb 94
  read 7722 -  0da0: 9f 8d d8 4f 17 3b cb 75 e5 65 60 5c 80 3e 3d 7a
  read 7722 -  0db0: ad 0e 40 73 87 d1 a8 24 4a 3f 46 cf af 84 04 77
  read 7722 -  0dc0: 73 62 e8 a9 cc cc a9 7d 34 a6 16 f3 b9 53 e3 b0
  read 7722 -  0dd0: fc 40 7f 49 19 7e b2 74 3a cf 31 23 46 ed 76 f8
  read 7722 -  0de0: a0 25 8e c3 8d e5 09 84 e5 84 21 aa 24 29 d0 02
  read 7722 -  0df0: 7d 72 cf 21 78 37 ca 08 d6 b3 57 30 bc e7 b0 71
  read 7722 -  0e00: 54 ae a5 6d 39 68 ec a5 bb 17 70 1f ad 5d 26 c3
  read 7722 -  0e10: 09 2a 1d 86 4e 65 c8 ef 10 a9 36 b2 42 f6 ee 4c
  read 7722 -  0e20: a6 2e 33 62 39 76 cd fa 54 7b b5 e9 d0 a1 f9 7c
  read 7722 -  0e30: b6 03 6a 0e 77 15 9e 70 6d 9c 30 4a 90 ad 88 51
  read 7722 -  0e40: f3 12 bd 5e e4 ac 6e cb 74 00 a3 06 21 0e 64 99
  read 7722 -  0e50: b9 9c 2c 57 d9 5b e1 8c a1 9c fa b9 d3 7a e4 4c
  read 7722 -  0e60: de 8c a9 12 37 e0 56 0d 54 21 b9 7a 1d 7e fa 81
  read 7722 -  0e70: 42 d8 e1 9e 56 2c 93 1c c1 e5 93 11 c4 6e c2 41
  read 7722 -  0e80: 9c 90 e2 b0 76 bf 86 ed 4b a1 b3 49 e6 2e a1 a8
  read 7722 -  0e90: 61 0e 28 8c 69 3c fa 31 d3 9c 00 dc 45 34 50 a6
  read 7722 -  0ea0: b1 97 84 87 26 7e 4e 7e e1 86 e2 18 dc ea d3 52
  read 7722 -  0eb0: 47 85 3e be 2d 16 d7 c6 a6 4e 06 c9 bc f7 3e 99
  read 7722 -  0ec0: 9e 6c 78 51 9e bb 9b b2 78 f4 a5 cd 4f 81 74 88
  read 7722 -  0ed0: 3b fd f7 5b 5e e8 99 da 4d 0b 15 fa 01 82 d8 d4
  read 7722 -  0ee0: 6d 03 1c 2f f1 7a e2 1a f8 ac c5 c1 e9 fd 72 3c
  read 7722 -  0ef0: ee c1 b3 aa 1d e8 51 86 43 42 0e cd 71 13 8b 1b
  read 7722 -  0f00: 20 72 20 f0 57 d4 99 fb 8b 95 8f 0e c6 96 77 ca
  read 7722 -  0f10: db e1 88 42 dc a0 5f 8e 4d 38 f0 d9 c7 22 d0 a4
  read 7722 -  0f20: 71 1d da 37 68 c4 19 f0 09 e6 da d5 82 c3 b4 ce
  read 7722 -  0f30: 64 e0 6f 7b fa 6f 44 26 39 5f fb 74 40 e5 93 d8
  read 7722 -  0f40: 81 90 bf 91 8e 87 a3 c1 6e 89 76 ad c9 74 d9 62
  read 7722 -  0f50: e4 82 ed 4e c8 fd 69 e7 1c e3 5d 88 d7 53 a8 c6
  read 7722 -  0f60: 4e 77 5a 2e 83 05 43 dd 20 df 3d f5 2f 0c ce a0
  read 7722 -  0f70: 6f 16 60 d7 68 8d c0 7a fd 2a 4e 0b ba 6c 46 0f
  read 7722 -  0f80: 05 db a4 4f 2e 38 a4 1c 2b 34 ed 6e ba f3 b0 8d
  read 7722 -  0f90: 45 4b 29 48 c5 1d 75 6c 0c 9e 2c c0 89 89 fe d4
  read 7722 -  0fa0: b4 be 7e a7 05 2c 14 8a c8 b9 a8 27 42 2c 0e 6b
  read 7722 -  0fb0: b3 1a 75 53 f3 b9 a0 1c c0 bc 0c e3 2a b7 f8 fe
  read 7722 -  0fc0: 6b bd a9 f4 6c d5 83 13 cb 30 dd da 46 da 49 56
  read 7722 -  0fd0: b0 58 a8 e0 9a 24 a8 c7 5e 65 4d 94 54 8c de 4e
  read 7722 -  0fe0: 14 1b c5 32 3f 1f 60 b9 94 2e 2a 35 5d dc 68 c8
  read 7722 -  0ff0: bc de fd e6 c1 28 f1 bc 4e ef 9c 13 74 22 db 89
  read 7722 -  1000: be 49 87 c0 98 2f a1 25 99 69 0e 1a 30 7b b0 ce
  read 7722 -  1010: aa d5 85 da c0 19 a8 cd 87 d7 ed 67 19 4e 47 07
  read 7722 -  1020: b5 ce 57 15 ef 3c 92 b4 48 84 cc 68 2d 3e 7d 33
  read 7722 -  1030: ef f6 8e 63 01 97 6d 37 48 f8 19 bd 8d 21 76 eb
  read 7722 -  1040: 0a bf 88 c9 dd b3 11 43 49 2f 97 53 13 6b 8d ee
  read 7722 -  1050: ea 0c 8a 4d 85 a5 07 1e 52 00 82 74 da 84 e3 06
  read 7722 -  1060: ba 55 eb a8 05 ca ec e5 32 2a 16 59 9d 07 85 8e
  read 7722 -  1070: 94 2e a5 a7 4c d3 15 60 7a f2 17 21 48 61 00 6f
  read 7722 -  1080: d0 7b 3e e9 d9 6d 58 a6 ab 9c e9 e3 33 35 ca 52
  read 7722 -  1090: 19 60 d8 18 0e f5 e7 07 e7 90 6a 6e af 71 62 47
  read 7722 -  10a0: e2 09 63 b9 e8 30 16 f1 b7 9a 34 65 64 e1 15 be
  read 7722 -  10b0: 80 c6 7f 04 9a a3 5a 23 12 70 9a ba bd aa 92 40
  read 7722 -  10c0: 71 3d 77 c9 57 f5 94 4d c3 40 97 41 f6 24 1a d9
  read 7722 -  10d0: d6 90 6b 07 3a 80 95 5c fc ad ea 30 26 4c 54 9b
  read 7722 -  10e0: 95 46 13 aa a8 8c 17 08 37 f3 61 71 54 c6 3f fe
  read 7722 -  10f0: 6e b0 96 96 e3 22 e1 0b 9b f5 bc 57 61 46 0c 7b
  read 7722 -  1100: 59 9e f2 42 0c be 72 d6 b3 3b c4 6d fd f5 60 58
  read 7722 -  1110: 41 62 53 25 89 f3 60 a3 2a 75 36 a4 39 6b 71 59
  read 7722 -  1120: d2 1a df 88 0e c8 3d 8e a0 3c de 57 9c 88 8d f8
  read 7722 -  1130: b7 73 23 a0 c2 cd e1 cd 70 7b da 38 65 14 9e c2
  read 7722 -  1140: ef 10 d9 02 cd be 31 1a 6d e3 8c 10 e8 f9 c7 7d
  read 7722 -  1150: 09 5e 02 82 64 33 49 db d8 a6 2a ea 14 ff 62 c6
  read 7722 -  1160: 2c 7c eb 5f 00 4e e0 b0 b9 7a 1d 04 c8 0f 5b ca
  read 7722 -  1170: d6 2f fc 1a 43 c9 72 69 3e 10 70 23 db ab dc 39
  read 7722 -  1180: 20 ef dc 9c 4b 8e 87 98 92 e9 71 c7 cf 42 9d 74
  read 7722 -  1190: 2f 86 f1 37 02 e4 8c dd a2 a6 e7 d1 c1 b9 5b 27
  read 7722 -  11a0: d7 b5 6f e5 21 88 fe eb 17 35 51 9e b1 2f aa 60
  read 7722 -  11b0: 4a 66 1c 6e 18 23 cd 03 9b 76 16 6d 1e 5f 35 a9
  read 7722 -  11c0: 94 74 c0 50 c8 e0 7d 1d bd a8 d2 fc 77 14 63 bd
  read 7722 -  11d0: ef a9 f2 6b 99 d4 c6 3e 38 a0 7f 4a 12 b9 4a 74
  read 7722 -  11e0: 0c c7 8a 05 c1 2f 15 0e 7f 0d 47 67 3b 6f a9 c1
  read 7722 -  11f0: 16 02 78 3c a6 92 63 c2 ae 34 04 63 3e 71 e6 53
  read 7722 -  1200: a5 b5 5e 4e 3e b8 99 99 0f 65 b7 d6 07 97 0d f0
  read 7722 -  1210: 20 4b e0 87 fe 5b de 57 31 85 ee 26 a1 20 0d 0e
  read 7722 -  1220: 35 64 50 17 ae 47 43 36 1c a9 cf d5 21 76 e9 1c
  read 7722 -  1230: 32 ba 06 c7 c3 a8 fb 12 6c 3c a5 52 02 27 94 a1
  read 7722 -  1240: 07 4e 42 69 3a 30 46 0d 86 e0 25 72 85 a9 35 a8
  read 7722 -  1250: 20 10 a9 98 85 00 6b f3 8a aa bf 41 4b f1 fd ef
  read 7722 -  1260: c6 8f 6d d0 5c ac db ba a5 97 56 be f5 cd 3b cf
  read 7722 -  1270: 12 1b 42 30 8d 0d 7f 92 34 aa 1a 05 8d 08 72 49
  read 7722 -  1280: 78 96 2c 39 4b 11 f8 ba ac 48 8f ce 0e 0c c2 f5
  read 7722 -  1290: cb 53 32 55 60 ae 6d bd c1 68 ea e0 db 2d b7 e5
  read 7722 -  12a0: 0e f1 5e 6c 58 3e 17 f5 2c d0 af 50 96 60 6f 48
  read 7722 -  12b0: ed ef 8d 69 d0 0c 25 a6 c1 d2 2f 79 a6 8d 88 60
  read 7722 -  12c0: 31 e3 fa d3 f1 22 3a 17 a3 73 62 22 95 81 ec b9
  read 7722 -  12d0: ee 35 3b 3a 36 f5 98 3d ba 5c 78 97 e6 23 33 73
  read 7722 -  12e0: 41 2c 3d 67 df 03 2a 32 82 d4 43 85 a7 07 39 23
  read 7722 -  12f0: 68 aa 70 87 c3 69 a2 55 16 e4 00 26 44 ce 4f fa
  read 7722 -  1300: 8b ce 74 10 68 da dd 94 da 1c 62 6d c3 80 ba 79
  read 7722 -  1310: 5f 27 1b e2 ab 11 1e 2f 8a 87 53 67 2f 50 56 ba
  read 7722 -  1320: ad 2a d2 63 73 e3 89 b6 d5 35 d4 14 16 09 a0 5c
  read 7722 -  1330: 21 37 8d 2b 4f 16 5b e8 df 25 d6 4c 89 c3 10 f7
  read 7722 -  1340: 9b 52 46 fd 32 ad e7 57 20 41 5c d4 28 e4 5e 06
  read 7722 -  1350: bc e0 01 7e fc 07 6b 49 44 73 89 ac 7d 06 55 30
  read 7722 -  1360: 1e 4d ba 8d b6 22 19 fe d2 74 96 e8 cc c4 cb ab
  read 7722 -  1370: 59 62 f6 56 ff 54 e8 9a eb f8 af 39 33 94 9d 27
  read 7722 -  1380: b4 6a 6f 4c 63 7b 22 c9 ce 33 2d 85 3b b4 f7 8d
  read 7722 -  1390: 12 fa 5f a4 a2 fb 9f c8 bf 0a 41 d1 f0 20 7d ab
  read 7722 -  13a0: 75 92 58 5a 40 0d 2c 15 2e 8c c0 7b 34 56 36 4f
  read 7722 -  13b0: 4e 38 17 e0 13 04 f4 1d 08 f7 89 a0 4f b9 a3 37
  read 7722 -  13c0: 84 01 be 75 18 2c df d3 83 c8 73 72 74 97 6f de
  read 7722 -  13d0: 5d 7d e5 ce 2c d4 de 4c 53 54 09 be 4c 22 05 cf
  read 7722 -  13e0: a7 8f 81 cc 60 65 5a ab 46 eb a3 76 e8 a1 d1 71
  read 7722 -  13f0: 46 71 e7 84 16 f9 af 92 c0 8a 1d 13 4c d8 14 b6
  read 7722 -  1400: b5 ce 59 8d 98 1c 91 72 b8 5d 7d 00 fd cf e1 26
  read 7722 -  1410: 87 6f 0e e5 fd 92 b9 29 db 10 df be 96 df 2d 80
  read 7722 -  1420: 53 15 65 09 c3 ef 13 d3 c2 d5 79 83 c8 8b 55 e0
  read 7722 -  1430: cf 1e 6b a6 63 33 5c 6b ec c2 b3 ba 94 df 00 78
  read 7722 -  1440: 98 07 35 49 d7 b9 92 b5 11 d1 57 f0 33 2a e2 f6
  read 7722 -  1450: 7c df 8d c7 70 cd ce dd 8e 54 e9 9f f3 b3 0c bc
  read 7722 -  1460: f0 f6 5a 6e 9f 3b 49 e6 0a 60 75 ec cc 68 84 47
  read 7722 -  1470: a4 27 4f fc f7 ef 0f a0 4e 0b 9f 9e 6d 58 f3 25
  read 7722 -  1480: ab 2f c2 25 62 87 e5 96 1b 4b 09 6e 91 61 e0 5f
  read 7722 -  1490: 13 78 e4 7b 4e 17 c7 fb 01 8c 26 02 8b 48 12 08
  read 7722 -  14a0: b1 bc 21 c9 8a 59 bc d3 06 fa 2a 7c 94 58 aa fa
  read 7722 -  14b0: 9a 1d 7a b4 f8 23 86 40 05 b7 67 db 5c e7 47 f6
  read 7722 -  14c0: 94 ca b8 60 c4 73 32 fb 12 82 3f 1d ee b5 43 f1
  read 7722 -  14d0: e9 5d b5 88 bc 70 d8 bf 71 6b cd b9 43 14 3e 28
  read 7722 -  14e0: 89 25 8c 52 5a 8a 48 9a 00 b7 5e 25 88 27 5d bf
  read 7722 -  14f0: d8 41 e7 00 26 34 2a ca 6d 51 50 9a a0 e4 ae 12
  read 7722 -  1500: 56 1b 8c 8a e4 30 5a 10 5f 7b 26 da 22 a6 22 f6
  read 7722 -  1510: d1 f9 f8 63 19 be 1a 62 13 bf 4e 1a 6f 19 49 78
  read 7722 -  1520: f3 f1 ca 33 cf 1e 8e 80 6f 00 74 89 a6 c7 11 3b
  read 7722 -  1530: b2 60 89 b4 49 60 83 cd be af 18 fe 33 fb d5 3f
  read 7722 -  1540: 5d df 1a 19 b7 2c 94 b8 7c 08 0f 39 ad d4 0a f6
  read 7722 -  1550: f9 80 6d f5 1b 9c be 54 e6 14 17 01 1c e0 d0 11
  read 7722 -  1560: a7 4a f6 0f a3 2e ff fe 03 ef 70 ae 5f 89 e2 e5
  read 7722 -  1570: b4 21 a6 29 7d 91 91 2c a9 47 1a 68 87 82 ec fd
  read 7722 -  1580: db 89 23 85 48 a5 b9 b6 cb d5 84 0d cd fd 11 7e
  read 7722 -  1590: d1 e2 a9 d0 d6 0d 7c 40 01 11 4e e8 08 16 f7 5b
  read 7722 -  15a0: 14 23 62 69 4f 1d 72 c4 1b 35 e2 a3 c2 63 06 65
  read 7722 -  15b0: 62 4d 69 38 ce bb ae 54 2b 4e 39 5a 9a b4 45 a5
  read 7722 -  15c0: 4e be 41 41 2e 34 73 52 aa 8d 37 02 7a 3f 86 81
  read 7722 -  15d0: f3 d2 2b 1d c0 35 79 b7 48 3d 64 99 89 9a 32 eb
  read 7722 -  15e0: c0 2b 3e 7d 82 67 fc 0b ed ae c0 f4 d8 e9 e4 dc
  read 7722 -  15f0: e0 ca f5 f4 fc da 32 1f cb 15 0d 16 96 0c 8c d2
  read 7722 -  1600: 10 6d fe 05 7c 0c ac 34 0d d2 f6 4a b8 5e 59 bc
  read 7722 -  1610: 4e 99 a9 a5 4f aa 98 21 a1 8b 01 71 a4 6e 20 43
  read 7722 -  1620: a8 94 74 7a f8 2f b2 17 aa a3 25 99 ac 05 c4 91
  read 7722 -  1630: cb 8f 68 8c 75 5d 30 24 8b 91 be 26 0e 53 ce 29
  read 7722 -  1640: 3e 08 d4 0d f2 37 d6 3c bd 94 23 81 96 83 74 b7
  read 7722 -  1650: 8b 90 13 88 f0 a4 85 b7 ff 81 f8 cc c5 76 0e 82
  read 7722 -  1660: 79 55 33 22 81 b7 2d 11 be 5d 83 c8 26 e6 63 18
  read 7722 -  1670: c9 78 59 34 20 7a 86 30 ab 68 a2 fc 98 ae db bc
  read 7722 -  1680: 43 1b 06 71 d9 52 e1 6c 28 51 79 46 a5 b2 f1 a5
  read 7722 -  1690: 1b 76 71 86 4c 33 37 e3 31 97 3f 61 dc 6f 90 a3
  read 7722 -  16a0: 12 21 36 69 01 6a 7c 7c c8 2d e3 cc 7d 64 59 53
  read 7722 -  16b0: c2 a6 d2 22 d3 0e 3f 4b c5 0c 5f a7 2b 81 e7 62
  read 7722 -  16c0: 32 b1 2d 6e a5 7c d6 3d c0 0f 9c 6c a6 31 de 48
  read 7722 -  16d0: ef a9 26 f2 62 32 a9 70 76 54 a1 90 14 e2 7d 80
  read 7722 -  16e0: f3 4d e0 73 29 9e 83 c5 bf 39 ac 1b 59 6a 20 32
  read 7722 -  16f0: 5c 0d a8 41 ff 10 a8 18 fc ba 73 83 c6 86 41 b2
  read 7722 -  1700: 42 82 03 79 6d 33 c5 b4 4a b0 9f e3 9a 57 31 ac
  read 7722 -  1710: 10 d8 1f e8 4e 81 c3 c6 97 f7 cd 0f a2 75 1d 04
  read 7722 -  1720: 66 95 ee 90 5f 22 c0 06 de cb 00 b3 9e ca 62 aa
  read 7722 -  1730: 8a 15 85 4a be 38 df 53 a4 92 98 e9 c8 94 39 bb
  read 7722 -  1740: ed 47 99 a5 06 ee 8f b4 33 2a 98 ec 98 02 91 07
  read 7722 -  1750: 19 65 c1 56 f7 7d a0 7d 0c 2f cd ad b2 9d 4a d2
  read 7722 -  1760: ef a4 87 4a 61 78 4b 6e db 0a 60 db 36 9f 15 81
  read 7722 -  1770: e6 41 a9 35 12 e2 6b a3 19 31 ae d6 34 03 e1 fe
  read 7722 -  1780: 98 2b b2 64 8b e2 14 43 db c7 07 af c3 b5 20 e9
  read 7722 -  1790: 0f 13 1a 31 45 19 98 ba 88 97 f0 64 1f 3d 3b 75
  read 7722 -  17a0: 71 fb e5 d8 69 60 d8 14 8c f7 07 13 42 2e ea 3a
  read 7722 -  17b0: ec dd ea 7a 71 70 b1 6f 0a b2 a1 7f 8c 42 5b fb
  read 7722 -  17c0: f4 a8 94 49 02 38 23 52 75 85 5d 65 51 37 96 e2
  read 7722 -  17d0: 9b e9 d9 63 be 5a 5c e1 fd 6e b8 a0 19 7c c0 fa
  read 7722 -  17e0: 04 f4 35 17 5a 30 23 64 09 e7 da 25 f8 80 1a 7f
  read 7722 -  17f0: bc f8 dc 3d 66 54 dd 99 6e ad 9f aa 0f 30 10 15
  read 7722 -  1800: fb 52 58 dc bc 61 c3 21 e1 24 92 79 d9 9b 8a 11
  read 7722 -  1810: 1e bd 86 78 4c 98 cc ae 82 0f e3 06 d7 2a dc c8
  read 7722 -  1820: 59 61 2d 60 b6 0a d8 47 54 29 ac 7f f1 f8 fd 85
  read 7722 -  1830: 96 af 7b 00 21 5b a0 98 64 bc b1 5b 6a 75 c8 ae
  read 7722 -  1840: 7f 97 75 20 c9 fc 87 25 83 1a 24 c7 65 4b 4d b6
  read 7722 -  1850: b2 be db 37 0a 55 58 ce 83 06 e1 d0 9c fc 11 dc
  read 7722 -  1860: d1 5e 53 9b 1f b9 f3 52 9c 5e d2 15 0a 30 f9 62
  read 7722 -  1870: 64 8a f5 3d 4d 6d cb 6b 13 8c 63 b0 c5 57 78 fc
  read 7722 -  1880: 72 19 69 28 fd 69 4b 71 bf ff e9 75 c4 ea d0 e2
  read 7722 -  1890: ea 5f b4 11 bc 53 c9 5d 00 8e 6c bc d8 c6 34 71
  read 7722 -  18a0: eb 37 bf b0 a9 d4 a4 8f 42 ae 13 58 07 65 40 d3
  read 7722 -  18b0: b5 cf d3 d7 02 e2 2d 91 25 7e 6a 5e d3 c4 aa 81
  read 7722 -  18c0: ee 39 34 89 7d 71 17 b3 28 1e da fe 36 ce f1 ce
  read 7722 -  18d0: 06 00 f8 49 b3 1d 5f 4d 18 0f dc 5c ca 66 97 a3
  read 7722 -  18e0: e5 d4 18 92 8b f5 3d ce ac 46 e6 aa 25 aa 21 9e
  read 7722 -  18f0: 44 20 69 b2 b2 0c 0d 61 d9 43 61 cf 07 73 5c 8d
  read 7722 -  1900: d7 08 bf 5d 3c 61 78 fd 15 6a 8c 37 b3 ba 70 c9
  read 7722 -  1910: 6f fb 92 86 2d 02 75 45 49 38 6c 0e 70 de 32 52
  read 7722 -  1920: c9 9e 54 b5 87 5e a9 38 7a 4c c6 d7 7b ea 35 b6
  read 7722 -  1930: bc 7a de 9d 03 16 cc 69 65 73 07 91 c0 b0 f8 a5
  read 7722 -  1940: 68 e6 20 b2 d7 5c 36 93 45 27 1e 41 f2 5e b4 68
  read 7722 -  1950: 1d 3c fe af 06 cf b4 18 c1 27 92 71 ea 50 64 d9
  read 7722 -  1960: 75 27 1d 9e ad 56 da 32 7e f9 39 65 3f 83 6a 88
  read 7722 -  1970: 3a e7 4e dc 78 c5 6e b2 97 86 03 c8 5f 8d 51 63
  read 7722 -  1980: 27 cf dc f1 cd fe 7a 87 8e ce 4e 5e 01 4d f3 08
  read 7722 -  1990: 5e ac 58 2b dd 78 e5 ae 31 7e 13 14 7a d8 44 67
  read 7722 -  19a0: 89 cd 14 17 30 9e 4e a8 5b ec 36 91 3d 3e fa b5
  read 7722 -  19b0: dc ba 3b e4 bf 08 09 3d 32 8c fa 18 91 20 f0 98
  read 7722 -  19c0: 48 65 96 3e 98 5d e1 6e 19 21 b6 4b d5 30 f8 1a
  read 7722 -  19d0: 34 2d 6a d8 ca f2 d3 18 96 a5 6f 46 f7 87 6d 6c
  read 7722 -  19e0: 78 6f fe 59 3a d9 0b 5f 3b a1 a7 a2 15 63 c3 a5
  read 7722 -  19f0: 0a ca 18 d7 f3 ac d8 a8 74 21 99 33 6c d9 50 6c
  read 7722 -  1a00: 2d 55 af b4 dc 93 3a ea c2 9d 34 13 cf 95 43 f0
  read 7722 -  1a10: f3 e3 aa 1b 72 39 67 fe 0d 0e 7b ba 99 dd 1f ac
  read 7722 -  1a20: 16 d2 1a 8e 0d e2 1f 66 d5 0f 04 02 ef 0c 74 1d
  read 7722 -  1a30: d3 80 f2 6d 39 58 91 6e c1 73 95 bd 26 7f e9 fa
  read 7722 -  1a40: 2b b1 8b 41 95 83 66 d1 3a b3 bc 7d 33 a4 7a 84
  read 7722 -  1a50: d4 31 68 58 da f9 ba 99 11 ec 39 a6 73 7e 95 3a
  read 7722 -  1a60: c6 c2 a7 f2 12 66 9b a6 9a b5 0d 0c fb 8e 35 f5
  read 7722 -  1a70: 41 eb fe 8c 02 82 6f 95 ec 95 46 d4 d3 17 ab 50
  read 7722 -  1a80: ad d4 3a 6e a4 7e 68 cb 1d b0 45 19 de c1 93 1c
  read 7722 -  1a90: dc 3d 9e b7 9d 51 e6 ea e2 e4 21 6e ee d9 4a 2e
  read 7722 -  1aa0: 1f ee a6 a8 62 50 8b 29 c4 fd 95 66 1c b7 09 1d
  read 7722 -  1ab0: f6 7b b9 ec 30 1b d0 2d ec 86 f0 ef c7 04 67 c8
  read 7722 -  1ac0: ff fd 76 43 29 0d 1e 3a 24 04 48 40 97 9b 89 a2
  read 7722 -  1ad0: 62 b2 1f 3a d8 21 e8 a7 14 08 c2 cf 72 3f 34 e3
  read 7722 -  1ae0: de a8 49 a3 4d f3 f8 be 57 2b c1 39 34 f0 ba 97
  read 7722 -  1af0: 2d 98 cb 7e 63 64 0d 97 98 c7 76 90 28 a8 3a 31
  read 7722 -  1b00: e7 98 94 71 77 04 3b a2 4a 10 bc d3 84 a3 93 b2
  read 7722 -  1b10: ce 98 2e 69 43 4e 9a 27 92 81 42 e6 35 17 4a e4
  read 7722 -  1b20: 2e f7 1e fc e2 be cd f4 ee 2f 2b 9a 21 95 42 98
  read 7722 -  1b30: fb 78 77 c3 6b 86 e2 6f 03 b8 48 41 f5 f7 c9 42
  read 7722 -  1b40: 2f 05 e4 31 aa 02 3c c1 63 d9 f1 bf 9a 60 4c 21
  read 7722 -  1b50: bd a7 18 5a db 38 05 30 bd 86 e6 4d e8 35 13 8f
  read 7722 -  1b60: a1 89 70 80 5e e6 ce 4f 9d 34 b6 01 48 42 de 57
  read 7722 -  1b70: 22 d7 f0 05 8c 68 16 42 4b 5a 4e fb 8a e6 3d 47
  read 7722 -  1b80: 70 58 0f a3 b6 65 d1 6a 38 3f ba 19 9f 7a 06 c8
  read 7722 -  1b90: 3a 7d d2 b6 a6 17 23 de 63 0a 05 ff aa 2c ac 69
  read 7722 -  1ba0: 0c 23 ee 5e 39 9a 17 32 de 31 8f 02 79 c8 ce 38
  read 7722 -  1bb0: 7d 8a 17 b7 e3 6e 64 e6 4f 48 55 fa b2 79 2c 88
  read 7722 -  1bc0: 07 87 80 4a 05 bc 2b 86 72 21 ac 14 2e 03 61 bf
  read 7722 -  1bd0: bc be c0 a2 81 12 59 0c 7a 82 68 ba 9a ec d8 47
  read 7722 -  1be0: a9 f3 22 13 b0 ec 66 11 74 79 6d 28 33 86 1a 20
  read 7722 -  1bf0: b0 ae 4c 06 8e 5f 98 2d d3 7d 63 1a 3b 5e c1 8b
  read 7722 -  1c00: be ac 98 ab 0d 31 64 1f ba 73 83 a2 d1 69 18 68
  read 7722 -  1c10: f5 90 65 56 f0 1e fd 55 70 bd 5b dc 5e c4 ef 48
  read 7722 -  1c20: 38 6c d7 4b 4c 6b 5c 7f df 7d 25 e4 4a 60 10 3a
  read 7722 -  1c30: d7 1b de 70 3c 0c 8d 62 14 93 8f 04 be ea c8 63
  read 7722 -  1c40: ca 7d d0 a6 a7 4d 57 a5 f1 e8 a7 bc 12 78 9e 36
  read 7722 -  1c50: b4 5d 63 98 70 e1 5c f3 7b 35 c2 e2 c8 c5 80 40
  read 7722 -  1c60: 4d 55 3c 64 b5 db 6f 14 d1 f2 3c a4 c4 8c 4f cc
  read 7722 -  1c70: 3e c7 3b df 9c 9a c1 e7 b8 96 e7 b5 7a 85 37 96
  read 7722 -  1c80: f7 5f ec e7 a1 ef 8a 41 dc 77 bc 30 9a 88 a3 b5
  read 7722 -  1c90: 79 9c 2e 6c bc 26 ed 55 5a 84 27 4a 35 e6 e8 1d
  read 7722 -  1ca0: 04 36 7d 3f 35 d9 73 ee 01 00 e9 8c 97 00 e1 5b
  read 7722 -  1cb0: e7 b2 44 03 ff c7 1a 4b 66 a8 74 aa bb 33 d1 1d
  read 7722 -  1cc0: 0a dd 6b 86 10 06 40 d4 20 ee 97 27 b9 49 92 fd
  read 7722 -  1cd0: 6d 84 bc 28 3c 96 13 51 21 c8 db 9a 70 8c b5 e2
  read 7722 -  1ce0: 1a 84 88 05 82 b8 9f d9 07 d4 d0 84 f6 d4 2f ae
  read 7722 -  1cf0: 39 df 33 08 e2 3d 87 64 0a a5 92 1f 18 e5 47 40
  read 7722 -  1d00: cd 0e 3d 88 ec 2e 43 65 68 bb 21 6c 98 70 0c b1
  read 7722 -  1d10: d4 8f 5f e5 58 67 07 dc 21 d5 cb 13 42 c6 d3 c5
  read 7722 -  1d20: cb ac 64 f7 1d 18 f0 1b 25 26 a7 bf 72 41 e1 06
  read 7722 -  1d30: 48 e8 40 e6 2b 0e 6c 24 35 23 ff f5 03 14 1b 84
  read 7722 -  1d40: 9a 8d d7 11 85 9d c2 ab 93 22 07 86 98 8c ce d5
  read 7722 -  1d50: 61 1c 38 85 16 12 cd 3b 4a f6 cb 30 c8 75 2f 15
  read 7722 -  1d60: d0 d1 6b b0 57 9e 05 ba 27 db 6c d9 66 4d 9c 25
  read 7722 -  1d70: b0 36 61 38 2d 96 94 81 9a 98 5e 63 17 f3 fa 90
  read 7722 -  1d80: 48 23 5d f1 1f 51 d7 4e 74 ca f2 2c 03 e9 80 ec
  read 7722 -  1d90: 5c 69 0a 58 84 0b 2a f8 c4 7e 06 ae b1 64 29 70
  read 7722 -  1da0: 65 bb 44 b0 ef 88 95 25 ec ba f6 78 d6 63 f7 02
  read 7722 -  1db0: 88 66 55 2b 23 a9 1f 31 8b 57 9c aa 20 ba b3 75
  read 7722 -  1dc0: 93 a3 ad 00 5c 9f a9 8a 2d 77 99 a8 80 b3 7c bd
  read 7722 -  1dd0: 22 11 e4 94 06 cc 4d af b5 98 41 c6 39 fb 85 c2
  read 7722 -  1de0: 6c 55 a6 87 53 06 ac 4f d3 66 10 6d e6 25 40 b5
  read 7722 -  1df0: 02 df ce c3 ea fc 22 7a 4e 3b 17 23 33 84 d9 d2
  read 7722 -  1e00: 4f 6d d7 63 95 8f b2 1b 1a dc 52 e0 e5 93 79 5d
  read 7722 -  1e10: f6 7e 51 2e 8b db 4f 67 f9 e2 1f 63 d2 47 c2 12
  read 7722 -  1e20: 37 9c 34 31 cb bc f1 ce 91 4f

 Goodix>>> --- cmd: image
 Goodix>>> 7684 7684 10240
 Goodix>>> Regroup pixels:5120
 Goodix>>> receive non-POV image, length:7690
 Goodix>>> image crc check Ok
 Goodix>>> <= with ret(BOOL):1.
 Goodix>>> exit
 Goodix>>> imageret 0x1, dac valid 1
 Goodix>>> exit
 Goodix>>> finger down
 Goodix>>> ***********to complete capture request, display is on***********
 Goodix>>> Entry: need update 1, pov 0, MonitorOff:0, data size:10240, touchflag: 0x3f
 Goodix>>> Not support PBA.
 Goodix>>> ******** CompletePendingRequest ********
 Goodix>>> status:0x0
 Goodix>>> exit 1
 Goodix>>> Entry
 Goodix>>> 212 == 212 ? 
 Goodix>>> got device info, size 212 project_type:18, tcode 256, driver_version:1.1.142.8,  firmware_version: GF_HC460SEC_APP_14210
 Goodix>>> enter switch 1, delay time 3, submit delay 0
 Goodix>>> Exit
 Goodix>>> entry, request:FFFFFE11E1E7A638
 Goodix>>> Purpose=4, Type=1025, Owner=27, Flags=0x20
 Goodix>>> enter
 Goodix>>> enter
 Goodix>>> exit
 Goodix>>> to wait init done
 Goodix>>> wait init done
 Goodix>>> OnActivate done.
 Goodix>>> activate 0, fdt_is_down 1
 Goodix>>> Capture request: to up
 Goodix>>> to set state to DEVICE_ACTION
 Goodix>>> to set state from 1 to 3
 Goodix>>> enter, Mode 3, Type 2, base_type 1
 Goodix>>> setmode: Fdt up
 Goodix>>> switch to FDT mode 2
 Goodix>>> data sent::0x808a80a480868099809580a9
 Goodix>>> cmd0-cmd1-Len-ackt-ec:0x3-2-0xe-1000-0
 write    4 -  0000: a0 12 00 b2

 Goodix>>> recvd data cmd-len: 0xb0-3
 Goodix>>> get ack for cmd 0x34, cfg flag 0x1
 write   18 -  0000: 34 0f 00 0a 01 80 8a 80 a4 80 86 80 99 80 95 80
 write   18 -  0010: a9 d1

  read    4 -  0000: a0 06 00 a6

  read    6 -  0000: b0 03 00 34 01 c2

 Goodix>>> to set state to DEVICE_ENABLE
 Goodix>>> to set state from 3 to 1
 Goodix>>> ******** to Register CaptureFramedone for capture a frame ********
 Goodix>>> exit
 Goodix>>> recvd data cmd-len: 0x34-17
 Goodix>>> --- cmd: fdt
 Goodix>>> IrqStatus:0x200 cmd1 2
 Goodix>>> IRQ for fdt-up, get fdt-down base, current mode is fdt-up, touchflag 0x0
 Goodix>>> received fdt base::0x600187014c01710150017001
 Goodix>>> fdt base:0x600187014c01710150017001
:0xb080
:0xc380
:0xa680
:0xb880
  read    4 -  0000: a0 14 00 b4

  read   20 -  0000: 34 11 00 00 02 00 00 60 01 87 01 4c 01 71 01 50
  read   20 -  0010: 01 70 01 f9

:0xa880
:0xb880
 Goodix>>> receive fdt up or reset... 0x2, 2UP,9Reset, temp occure 0, base_is_valid 0
 Goodix>>> enter
 Goodix>>> base_is_valid 0
 Goodix>>> enter, tls-client-server 1-1-1
 Goodix>>> g_halcontext.sensor_ops.SetMode:0x00007FF86A09BB50.
 Goodix>>> enter, Mode 2, Type 0, base_type 0
 Goodix>>> setmode: Image
 Goodix>>> cmd0-cmd1-Len-ackt-ec:0x2-0-0x2-1000-0
 write    4 -  0000: a0 06 00 a6

 Goodix>>> recvd data cmd-len: 0xb0-3
 Goodix>>> get ack for cmd 0x20, cfg flag 0x1
 write    6 -  0000: 20 03 00 01 00 86

  read    4 -  0000: a0 06 00 a6

  read    6 -  0000: b0 03 00 20 01 d6

  read    4 -  0000: b0 2a 1e f8

 Goodix>>> enter
 Goodix>>>  ---- pack len: 7722
 Goodix>>> enter
 Goodix>>> TLS LOG: => read
 Goodix>>> TLS LOG: => read record
 Goodix>>> TLS LOG: => fetch input
 Goodix>>> TLS LOG: in_left: 0, nb_want: 5
 Goodix>>> enter, tls inited 1
 Goodix>>> bytes to read: 5, bytes left: 7722
 Goodix>>> bytes read: 5, bytes left: 7717
 Goodix>>> recv ret:5.
 Goodix>>> TLS LOG: in_left: 0, nb_want: 5
 Goodix>>> TLS LOG: ssl->f_recv(_timeout)() returned 5 (-0xfffffffb)
 Goodix>>> TLS LOG: <= fetch input
 Goodix>>> TLS LOG: => fetch input
 Goodix>>> TLS LOG: in_left: 5, nb_want: 7722
  read 7722 -  0000: 17 03 03 1e 25 00 00 00 00 00 00 00 03 d0 27 69
  read 7722 -  0010: 7d 7b 15 c8 bb 9a b6 b7 e6 d9 4a ef d4 e7 2b f4
  read 7722 -  0020: 5c 31 ee 7f 63 06 9f ac 18 44 1a 5d 34 0d 14 30
  read 7722 -  0030: a3 35 4a d7 51 9d 17 13 ff 57 83 16 4b 09 41 45
  read 7722 -  0040: cf c0 25 a9 ef d4 60 d3 58 b0 7f 51 ae 64 92 21
  read 7722 -  0050: aa 23 9b f3 ae a1 1c f3 a1 db 69 86 ac 48 2e fe
  read 7722 -  0060: 7c 77 69 7f f5 d0 fa f4 f4 a6 1b db 12 c4 f2 2e
  read 7722 -  0070: 8d d4 0b 45 e5 97 62 b6 29 88 fd 44 83 57 e2 b4
  read 7722 -  0080: 53 eb ec 8b 5d 7f 7a 1e 95 ec 68 72 59 b3 b2 2a
  read 7722 -  0090: 65 0f de 2c c1 a8 48 8b 69 9e 04 83 4a e4 c4 bd
  read 7722 -  00a0: e5 f2 03 04 bd 44 2a 2a e3 fe 0d a6 2b 84 ed cd
  read 7722 -  00b0: ed d1 b2 da dd fb 66 c2 63 44 fb 08 77 42 66 4d
  read 7722 -  00c0: b8 b3 7a b8 e3 36 ee c8 80 9c 8a d5 ae 00 69 81
  read 7722 -  00d0: 03 a3 87 86 09 68 26 ca 07 f0 ba ea cd 16 41 6c
  read 7722 -  00e0: 07 53 01 10 81 51 8f c5 d1 55 30 40 09 b8 f5 42
  read 7722 -  00f0: 99 fe 3e 77 6a 31 2a 99 0f 5e 4e e1 58 b5 90 56
  read 7722 -  0100: 9f 2d 9e 30 a3 62 3f f1 21 4d 12 3c 16 89 31 73
  read 7722 -  0110: 0e 0b 39 6b 4a 3a 87 c3 fb 3b 03 c8 d5 73 fd b8
  read 7722 -  0120: f5 74 69 1e 79 cc 3f 06 f9 f5 11 58 7e 30 5e b1
  read 7722 -  0130: 52 7b 8d 1f 96 b1 a2 54 50 46 10 05 33 1a 26 9c
  read 7722 -  0140: e9 0c 47 ff 80 54 0c 6a 33 f1 8b e5 f0 00 ff 1f
  read 7722 -  0150: 2f 63 9e c6 48 a7 38 ae a1 74 e5 20 a2 f6 a4 1c
  read 7722 -  0160: 36 24 a0 19 8f bc a2 c0 bb 74 30 c4 69 dc 9c 3c
  read 7722 -  0170: 03 14 49 b0 7f 77 cb 88 01 84 9a 8a f1 0a 7c ae
  read 7722 -  0180: f2 55 5d 7d 62 40 7d c6 8d 27 f8 28 67 b6 ff ee
  read 7722 -  0190: e8 96 94 3d 79 77 06 66 66 73 23 15 64 e2 0a 81
  read 7722 -  01a0: 33 a6 2d 0c 90 7c bc 71 0c 85 35 40 00 69 8e 17
  read 7722 -  01b0: 2a 7e 2e bc c1 5d ca 3c 7b 2b 77 06 2a 83 d7 ca
  read 7722 -  01c0: 1b 68 9a 8d 43 bf e8 65 8f f3 f6 e2 d1 98 74 a3
  read 7722 -  01d0: ae b8 74 5a a7 77 40 8a 0e b6 55 5e 3d 4f 13 2a
  read 7722 -  01e0: 22 44 c9 10 66 30 77 b4 d1 34 f8 77 86 b5 fb 5a
  read 7722 -  01f0: 50 e4 64 18 42 08 2b 6e ee b8 56 55 ba f0 24 ed
  read 7722 -  0200: f9 35 28 29 55 c7 0d 04 49 a0 e6 a2 8d 77 6b 33
  read 7722 -  0210: 2e 55 26 7d b5 94 1a b2 7e 51 07 f4 a4 92 cb ee
  read 7722 -  0220: 01 6b 36 02 2d 45 9d b3 f8 1c b7 ed ba 89 29 69
  read 7722 -  0230: 18 bb 56 35 84 0c 66 f7 21 ec 2f ab 58 ad dd 33
  read 7722 -  0240: 11 41 f1 fa 7d de b0 0a ed 54 dd 8e 5c 63 ad a3
  read 7722 -  0250: 33 9d b2 71 e4 82 13 3f 05 4a d1 dc 75 4f 81 7e
  read 7722 -  0260: e1 7d 8a 09 4a 53 ab 91 18 e7 1c 1b a7 b7 3d e4
  read 7722 -  0270: 24 ce cd 90 87 4c c9 c9 a2 ba 64 5b ea 08 95 b2
  read 7722 -  0280: 0b 54 f2 fc 6f 11 fe 65 a1 e5 df 51 56 5e fd ce
  read 7722 -  0290: ce b6 c2 2a 5d 0f 19 7b 25 fc 8d 44 7a 34 45 d3
  read 7722 -  02a0: 58 37 6d 77 72 79 41 88 08 a0 d1 5a ab 90 f2 5d
  read 7722 -  02b0: e3 94 0d 75 8b e1 d4 ab 74 02 f4 ef e0 f7 ca 39
  read 7722 -  02c0: 86 05 50 b2 61 ba 81 e6 66 f4 41 b7 a2 44 69 93
  read 7722 -  02d0: 10 8e 9a b0 a6 32 45 e3 8a 24 5a d8 e3 cb c3 8b
  read 7722 -  02e0: 41 36 d1 8e a8 2a 67 8d b9 00 06 98 bc 0c 9b 97
  read 7722 -  02f0: 36 0e 98 9f 59 a8 d3 9d 2e 62 cb ed 53 22 45 ca
  read 7722 -  0300: e9 8e 3f 39 59 63 52 39 8d e6 81 e9 98 7d 44 c5
  read 7722 -  0310: c8 9f 09 bc 4e 92 07 07 6f ef cb a4 d9 6b ec c2
  read 7722 -  0320: 4c 97 74 57 dd 43 e1 ad 22 73 0d e7 0d 39 e7 69
  read 7722 -  0330: c4 03 71 cf 5e 16 57 3d cf 2e 36 91 fe d2 f4 ea
  read 7722 -  0340: 9e b0 bd ac 02 cb fb 33 7a aa f2 2e bb 8c 5c de
  read 7722 -  0350: 23 6c 57 9c 3e 6e b6 42 68 6a 58 06 07 6d cf 24
  read 7722 -  0360: c7 cf a7 d0 53 e5 96 72 53 2e 21 a0 26 24 ac ca
  read 7722 -  0370: 89 35 33 9a 9c 1a 3d af 7e 11 db d8 70 0a 57 79
  read 7722 -  0380: c1 52 b6 f4 23 80 12 fc f2 3b 7f 7f 39 de 00 b3
  read 7722 -  0390: 02 46 ad 40 1a e9 86 67 f5 f0 0c 6e fa ef 37 c8
  read 7722 -  03a0: 36 39 44 16 65 65 7f 16 af d2 29 5e d7 52 58 3c
  read 7722 -  03b0: e4 8d 07 c7 b5 30 a2 0c 02 8f 29 05 01 ac 56 3e
  read 7722 -  03c0: c9 62 8e a6 e2 37 78 c8 44 6b 9c 25 eb f6 38 6d
  read 7722 -  03d0: e7 84 9a b5 dd f6 fe f3 52 0e 71 29 19 fb 51 a7
  read 7722 -  03e0: a6 47 b7 b5 a5 25 4a bb 82 4f 16 3c fe 05 5d 1f
  read 7722 -  03f0: 33 58 d4 ae 07 af 89 78 81 4b 4d 56 8d 97 37 e8
  read 7722 -  0400: 0e 8b 67 4f 1c fb d0 89 ee 13 a0 ca 1a 42 95 3b
  read 7722 -  0410: 9f 24 87 55 4b 08 5e 70 fd ab 01 e0 74 ac 17 d3
  read 7722 -  0420: e8 95 29 5d a2 04 f9 79 ef 90 4d 5f 16 02 0b e6
  read 7722 -  0430: 74 da c6 30 38 a1 16 95 fb 0e 2a 39 9e 5f 37 39
  read 7722 -  0440: 7b 93 cf 8c 58 3e da a0 33 5f 0e 12 e6 76 4b 60
  read 7722 -  0450: b7 e2 ec d1 67 cd e0 49 f6 4d 43 4c 22 e9 6d 97
  read 7722 -  0460: a8 cb 88 34 77 89 ae 97 ca 7b 3c 99 e1 54 74 58
  read 7722 -  0470: 09 ac 37 93 27 84 36 e3 8f d5 4f f5 d6 83 ce b7
  read 7722 -  0480: d1 56 5a e7 74 c1 ed fb 7c 4e 3c 20 3a 44 be dc
  read 7722 -  0490: 6d 0d 0e f5 2b d4 24 65 c8 7c 91 57 da ca b5 3d
  read 7722 -  04a0: d7 e2 af 87 08 b3 0f 57 6b 7f 92 b8 b3 97 42 4e
  read 7722 -  04b0: 1c 1d 90 c6 79 60 c3 cf 8a ca bc 96 9d 91 12 60
  read 7722 -  04c0: a6 6c 50 1e 3a ce 94 c9 ac 08 f8 d2 05 49 27 7b
  read 7722 -  04d0: 78 0a fa f0 e7 47 f5 84 6d d6 88 da 50 be 73 37
  read 7722 -  04e0: f5 8c 07 99 b5 89 ec b7 f8 15 22 d3 d2 b4 c4 bc
  read 7722 -  04f0: 9d 89 c6 af 87 61 11 55 cd 39 fd 99 04 77 37 15
  read 7722 -  0500: a8 57 ff 65 bd 96 0a 49 26 f9 6f 40 72 03 f7 b5
  read 7722 -  0510: 43 ad 8c 44 5b 88 67 98 2e b5 00 61 66 13 c1 27
  read 7722 -  0520: 6f fa 64 80 02 16 80 d1 b4 50 e8 6b c1 42 43 87
  read 7722 -  0530: 31 60 83 8f d0 c4 02 3a ae 47 e9 cf d4 ab 80 f2
  read 7722 -  0540: ab a8 fe aa 7e 1c f4 73 fa 81 ae 25 a7 26 a8 ea
  read 7722 -  0550: 06 37 6c 9b 59 f5 c6 33 7f 40 04 eb 1a b3 da b6
  read 7722 -  0560: 8b af 67 c1 5e fa 48 62 33 97 5d c6 83 60 0c ee
  read 7722 -  0570: 79 8a 27 bf 6b e8 1d 60 a5 1b 02 b8 45 cf b9 d5
  read 7722 -  0580: 6c 14 e9 a8 df df fc a3 94 61 74 5a b5 a1 77 dd
  read 7722 -  0590: fa 7b a7 2a d1 14 b0 0e 69 59 b2 a0 63 b7 32 d7
  read 7722 -  05a0: f9 2f bb 16 e6 a5 7c 9e a3 d4 eb d4 12 fb 39 10
  read 7722 -  05b0: 42 a5 e5 ef 5f 92 3f e4 36 6c e5 46 58 03 a5 a7
  read 7722 -  05c0: b5 af 92 38 8b 38 3e d3 6e 47 d9 47 2f 11 b5 04
  read 7722 -  05d0: 24 20 04 4f 53 d9 88 79 9f fb dc 43 ed 4c 10 db
  read 7722 -  05e0: ab 49 9d 8f d0 f1 13 0d 51 b4 b1 ff f3 c7 db 99
  read 7722 -  05f0: 58 7a 95 63 9a b1 e5 53 e3 e5 41 28 5c 06 d0 95
  read 7722 -  0600: 78 42 cd 8a 7e 14 6f 0e 3a 9a b4 d7 90 10 7c 7f
  read 7722 -  0610: b0 ee 31 90 f5 c9 11 3c 8f e7 21 01 d2 17 48 32
  read 7722 -  0620: 24 1b 9d 66 03 91 a2 a2 a2 6a 7d 2c 1d 2e c6 ff
  read 7722 -  0630: 10 8c fc d4 0c 15 ec 02 35 03 f5 ec bf 08 f8 e3
  read 7722 -  0640: e0 70 7d 2f cf e3 c3 c8 6c 5a a8 02 ec 41 67 09
  read 7722 -  0650: f0 80 3a 4f 1f 8e 78 23 95 ff 0b 4e 53 24 24 8a
  read 7722 -  0660: 9c 94 41 8a d5 50 3b e2 36 4d 37 c0 5b 06 dc d4
  read 7722 -  0670: c2 9b 99 77 e7 2e 71 36 01 54 f8 3a a5 3b 84 92
  read 7722 -  0680: 1c 61 20 73 b1 04 cd b3 9d b7 10 71 70 3b 6b d9
  read 7722 -  0690: cd c2 d7 24 42 b5 1d 2f ad 25 74 86 f2 71 ef b6
  read 7722 -  06a0: d8 2c d0 20 02 76 00 46 26 86 10 44 f1 92 4f 9d
  read 7722 -  06b0: 20 c0 4f fe 1a 8a 65 ad 2a ae 1f 00 21 a5 52 a1
  read 7722 -  06c0: 35 f5 80 47 26 43 a4 3a 39 6c fd d5 5d 95 29 98
  read 7722 -  06d0: d9 d4 11 66 de 6e 42 0c 0b 5b 9c 32 76 1f 50 55
  read 7722 -  06e0: 18 a1 5d 60 10 aa 13 27 ab 88 95 d7 bf da 65 0f
  read 7722 -  06f0: 28 cc c5 5f 36 87 96 ad 76 79 71 da af e3 83 0b
  read 7722 -  0700: 58 56 c5 1b 5c 4f 9e 0c b1 6b 7b e9 e4 77 d2 ca
  read 7722 -  0710: a7 10 8d 86 2a 38 29 66 7b 4d fa 10 b8 18 be bc
  read 7722 -  0720: 3d f9 cd 2c 5f de 72 b6 c9 ee 82 62 10 f3 fa 0d
  read 7722 -  0730: 2a 6d 03 55 67 5d c5 80 97 7f d4 71 90 15 f0 eb
  read 7722 -  0740: 87 65 80 8e 38 fa 14 2b 00 99 5b b9 1f 1a f8 38
  read 7722 -  0750: 45 0a ad 7e 7c 12 26 e7 1a 95 7c 33 7b 8a 2f 91
  read 7722 -  0760: 8c 31 a4 c9 f3 e6 bd 7b b9 44 ac be ad ba a7 45
  read 7722 -  0770: fa b8 97 e1 e5 ce 24 63 66 d5 b5 0c ae ac 2a 23
  read 7722 -  0780: 88 4b 93 a8 36 3e 8a 5f 4a ef 49 f7 5f e8 6e c6
  read 7722 -  0790: 65 2a 50 54 67 5e 89 1a 6a 0b c9 87 db d3 d1 a0
  read 7722 -  07a0: 74 84 22 1a bc c1 5d 0d e5 7f 0b 14 eb 4d b9 0c
  read 7722 -  07b0: 10 9b 4d b4 2b 6d 44 2b bb bb ef 0c 63 11 69 6f
  read 7722 -  07c0: 6a 7c 2c e5 76 d7 15 2f 97 4b 5d 0e 17 db b5 ee
  read 7722 -  07d0: 75 16 41 30 c8 60 78 ee 59 f4 8c 9e 8d ad f7 18
  read 7722 -  07e0: 4f 55 b0 aa 55 0f b3 ca ad 3c 9e 47 9e 63 09 75
  read 7722 -  07f0: ac bf db 54 3a b2 d6 f8 bf b2 99 75 c2 96 00 d7
  read 7722 -  0800: e8 50 6b 94 27 b7 c0 1a 04 bc e5 a8 21 39 df f8
  read 7722 -  0810: 42 f0 b6 d4 ec 5c 94 8a df 24 45 3e 25 84 21 79
  read 7722 -  0820: bd 84 f0 f5 13 e2 fb 86 d0 bd 52 e4 01 64 52 36
  read 7722 -  0830: 93 9d 72 c2 98 46 e0 85 bf db 4a a2 70 a9 7f 55
  read 7722 -  0840: aa d0 58 2a fa a2 bf fd b6 91 a9 5c 7d 26 34 fa
  read 7722 -  0850: 53 2e e4 3a fe 6b 6d 1e 38 60 ef b0 66 b8 1a 2f
  read 7722 -  0860: 56 c1 61 fd 3f 3e 34 1a 72 fa 51 3e a4 22 70 2e
  read 7722 -  0870: f6 b1 bf a0 dc a2 08 5d 5c 16 28 09 f2 a5 03 b1
  read 7722 -  0880: 22 85 fd c3 d1 4f 56 26 69 1b 03 aa 9a 88 59 d8
  read 7722 -  0890: de 2c 4d e3 5f 3f 20 0a ec a8 0b e8 a6 2f 33 c1
  read 7722 -  08a0: 71 69 4b 85 04 31 0f ca 15 fa 60 ca a2 3d 2a 72
  read 7722 -  08b0: fd 9d 37 f7 21 d4 05 37 da 39 2c 37 1a 33 54 ee
  read 7722 -  08c0: 49 c0 cf 61 69 05 1f 0a 4f 22 f5 c6 17 50 8c 7a
  read 7722 -  08d0: f5 b9 8b c4 c9 33 a0 e2 5e 61 4a 57 dd a0 b8 f8
  read 7722 -  08e0: 9f d0 fb ff 65 94 5c 53 b4 f1 0a ce 14 5f bd 28
  read 7722 -  08f0: 90 ee 56 eb 43 c8 5e 41 89 b1 a4 c5 a7 0b a9 a6
  read 7722 -  0900: 97 52 a4 f7 9a 2e 59 83 a4 f1 04 9c 6f c2 d9 d0
  read 7722 -  0910: 4e 58 c7 87 6f d1 a6 16 34 c0 b6 33 48 5a 4a 10
  read 7722 -  0920: 71 28 b3 40 5a 36 af 81 6f c4 36 db c5 df 53 3e
  read 7722 -  0930: 52 e4 0c bc 4c 8d dc 41 3a 71 d7 43 fc c9 93 ea
  read 7722 -  0940: 56 a3 c1 ef 08 f6 ba ec ae c9 fd ba 64 d0 54 8f
  read 7722 -  0950: e4 af 59 4c 6f 5c 36 3e 5a 13 47 89 d4 d0 7c b8
  read 7722 -  0960: 36 45 a1 23 57 c5 5f b0 33 04 cf ce 14 24 20 63
  read 7722 -  0970: 0c bc f4 de e3 ef 34 8f 1a fe f3 11 d7 60 21 af
  read 7722 -  0980: 13 f3 23 11 4e 5c e4 06 b6 89 ae 72 24 1c a6 16
  read 7722 -  0990: 5a 6f e1 ad 70 0b 91 28 7a 66 f0 51 43 47 84 35
  read 7722 -  09a0: 60 7d 6f db a6 d8 62 de d5 18 14 e9 83 06 9c 38
  read 7722 -  09b0: 53 45 1b 8c 0e 18 34 87 d9 f2 b0 04 3d 64 ef 55
  read 7722 -  09c0: 76 93 d8 d8 b1 80 77 8d c5 96 69 77 02 c7 4b 98
  read 7722 -  09d0: c2 26 b6 a1 82 7d 1b 80 b6 8d 29 6c 2c 8a 3b 12
  read 7722 -  09e0: 61 11 ea 91 44 1c 47 89 da 2a 52 b8 66 8a a6 c0
  read 7722 -  09f0: db 64 f8 72 09 4f 1c 77 d3 3d 3a 32 4d 27 4e 39
  read 7722 -  0a00: d9 91 7d b3 51 f8 f7 08 35 3f 61 47 e4 c6 dc 2d
  read 7722 -  0a10: c8 95 27 fb e9 bb 76 07 65 53 00 88 6f 0d 27 79
  read 7722 -  0a20: d9 52 f9 5d d6 f9 ce 0f e0 1a 7e 0b c8 4b d6 46
  read 7722 -  0a30: 5a 1e 03 4e 44 59 93 5d ae 7b c9 5f a1 2a ee 63
  read 7722 -  0a40: 30 de 99 3a 1c f7 5f 0b bf 19 ab e8 2a f5 1c 85
  read 7722 -  0a50: 21 92 5d 9f 3d d5 67 96 07 86 17 68 7f 4b 16 e0
  read 7722 -  0a60: ec 06 7f 66 f0 0e 18 0d 26 a0 5a 6b 3d 8d 0a a1
  read 7722 -  0a70: ab b9 43 97 23 3b 1e 6b 99 8a 57 96 8b a0 6d 15
  read 7722 -  0a80: 91 d9 a9 29 b1 cc 77 ac a9 93 3a d2 09 aa 4b 33
  read 7722 -  0a90: 10 28 83 04 c3 29 61 24 68 56 95 c1 85 78 21 0b
  read 7722 -  0aa0: 5f 37 d2 62 ce 51 9f b2 35 1d 07 aa 13 e3 c1 65
  read 7722 -  0ab0: dc 57 11 be 5a c5 86 35 f1 e7 6a 89 4c 7b f4 04
  read 7722 -  0ac0: 8e 30 66 a8 02 dc 96 ff 0e 55 18 50 b2 f8 41 0a
  read 7722 -  0ad0: cc f3 ec e6 58 48 ad 94 df 47 95 c1 64 82 15 00
  read 7722 -  0ae0: 4c 5c a7 27 21 1b 0c c3 83 0b d8 ba e6 77 ad 6d
  read 7722 -  0af0: df 94 7d dd 03 f9 b2 06 81 72 bf 8f a2 c7 ac cc
  read 7722 -  0b00: ad 67 df 71 c1 1f 74 a4 31 39 c4 62 ac d8 7d ab
  read 7722 -  0b10: 25 e4 98 61 a1 a2 8d 0d 18 59 03 8f 55 fe 9d 13
  read 7722 -  0b20: a2 c6 55 cf 8d 29 8b 76 7c 99 35 0f 81 48 bf 77
  read 7722 -  0b30: 62 13 19 af a4 19 65 5f 5b 39 4c e6 80 fa 38 22
  read 7722 -  0b40: d0 1f 97 2c d2 9a 55 95 d3 10 b2 da a5 53 95 bf
  read 7722 -  0b50: 30 ee 5f 04 83 9d eb 3e 49 19 b6 3b c8 f1 f1 ed
  read 7722 -  0b60: 21 2e 8d e6 0c a7 af 5e 06 4a c5 f9 06 7e b8 cb
  read 7722 -  0b70: 3b 87 79 0f 6f f7 77 ca 0c b1 c1 52 eb 27 a3 07
  read 7722 -  0b80: 26 f2 91 75 60 4c 54 8d dc 41 0e 44 48 ca 78 f1
  read 7722 -  0b90: a2 ae 78 9f ba 39 51 28 5f c2 12 12 a9 3f ac 06
  read 7722 -  0ba0: 09 1f 5a 41 c7 9c 30 d5 03 77 b7 f1 79 17 79 c2
  read 7722 -  0bb0: 76 40 21 3e 92 43 17 59 7f ae 73 cd e4 95 c2 e9
  read 7722 -  0bc0: d2 56 a6 29 76 a7 81 cc 66 de a8 21 2b a2 d2 67
  read 7722 -  0bd0: 7f d9 bb 82 ba 0f 0d 0b 9e ff 33 80 a2 d3 cb e7
  read 7722 -  0be0: d3 bb 6b bc 74 87 ab 4f 61 e2 61 15 38 12 20 45
  read 7722 -  0bf0: 14 93 58 db 8d fa 05 61 65 23 3b 71 53 48 f3 3b
  read 7722 -  0c00: c0 9a 9c 96 9f cf 3e fb 91 d4 b4 be a4 81 aa 59
  read 7722 -  0c10: 85 e8 cc 72 ba 41 c1 9f 56 d6 29 9a b4 04 3b 9b
  read 7722 -  0c20: 5d 17 d2 d2 09 a1 80 69 3b 8a f7 6b 4d 26 7e 19
  read 7722 -  0c30: 83 be 4e 16 e6 c9 5e f3 d8 45 b1 49 d1 51 a1 d2
  read 7722 -  0c40: 41 ea fe 4c 93 6c 67 61 89 d5 5b d6 d6 60 19 a3
  read 7722 -  0c50: 63 04 7e aa f2 da 1e 05 7f e4 1a 74 3b 67 60 75
  read 7722 -  0c60: 6d 13 32 c7 0b 9b 6c 11 34 35 5d b8 4a fb 61 f9
  read 7722 -  0c70: f3 cf 38 41 23 f4 15 e6 f3 92 5d a5 51 57 50 90
  read 7722 -  0c80: 6f 4d 57 42 67 fb f9 f9 da 32 b0 57 2f ac c6 24
  read 7722 -  0c90: 72 24 53 1c 08 83 79 4b fa b7 58 b1 e9 ee d0 9a
  read 7722 -  0ca0: 92 de b0 a1 6a d2 17 ea 01 1d 46 44 82 83 47 12
  read 7722 -  0cb0: e1 c4 55 99 b5 58 f6 0b 8f 84 33 ef 30 32 b3 dd
  read 7722 -  0cc0: 57 1a 84 4b 98 15 5a d8 4c c7 a9 70 53 14 80 5f
  read 7722 -  0cd0: 88 4c 27 ea 1a e4 00 8c c9 7e 39 c6 78 36 03 8b
  read 7722 -  0ce0: 7e 75 c8 c5 24 f0 20 76 f7 3d 57 5f d9 04 e0 ed
  read 7722 -  0cf0: b6 fb 5e 10 9d 3e b3 c3 eb 8c 81 f9 a7 db af 92
  read 7722 -  0d00: 20 96 81 fc 44 68 e5 ef 8d 95 5f 5c 2d 5d 57 58
  read 7722 -  0d10: 5b 5c 9b 42 08 0a f3 0e 00 85 c2 14 e9 72 aa 79
  read 7722 -  0d20: 61 e7 db 9d 61 70 ed 77 cd 75 73 31 06 36 ca af
  read 7722 -  0d30: 25 df 47 bd fa 79 e0 88 00 21 ed f6 ae 52 81 30
  read 7722 -  0d40: 02 b0 b7 f1 ed 32 79 4a 9e ae 69 31 ad 1b f0 35
  read 7722 -  0d50: a8 35 a6 75 29 e2 de 74 a0 7d ba ba 82 dd dc e5
  read 7722 -  0d60: f4 25 e7 c3 45 ff 4a d0 3a 31 6d a3 23 72 e8 b6
  read 7722 -  0d70: 5c f2 23 13 6e ef e2 5f af e9 4e 7e aa c3 a3 f4
  read 7722 -  0d80: 0a 65 98 e6 1c 9c 0e 39 0c 54 b3 06 df b4 3d 7e
  read 7722 -  0d90: 91 98 23 e9 09 9f 4d 5d 60 49 ea 2a f8 69 02 bd
  read 7722 -  0da0: 5c d6 53 ef 83 d0 74 34 d8 4b 07 93 a7 0b 87 6d
  read 7722 -  0db0: 75 e4 49 fb a7 8f 78 16 3a 00 cb 61 37 f1 c0 e0
  read 7722 -  0dc0: b7 14 83 5c db 5e 44 93 8f be f3 bc d1 99 af 26
  read 7722 -  0dd0: c0 84 cf 59 20 96 74 c3 0d 4c fb 2e 1b a0 44 ed
  read 7722 -  0de0: 67 26 f0 af ce f3 1d f0 48 7e 87 15 19 c8 42 f8
  read 7722 -  0df0: 72 ad f8 16 f7 d6 96 03 82 f2 42 11 28 22 f7 80
  read 7722 -  0e00: e6 c4 7d 94 6c 25 c9 48 14 2e 55 d3 44 d8 a7 14
  read 7722 -  0e10: b4 a7 c5 2a bb 60 d7 24 90 f5 f5 cb cf 88 fd 1b
  read 7722 -  0e20: 4b c4 5f 6d 7d e1 35 69 f4 a1 36 88 42 45 5d d7
  read 7722 -  0e30: 5e 27 6b 33 81 3c 4e 8a cf 12 3a aa 28 c8 3c f0
  read 7722 -  0e40: f9 6e 4b d0 1a 96 28 93 25 2b 2a 71 d8 1b 69 77
  read 7722 -  0e50: 41 65 cd e0 4e 88 5a 07 61 ae 21 cc f3 bf af da
  read 7722 -  0e60: bf bc 2e d3 4b 92 16 0a 10 28 37 0f 56 98 fb 3e
  read 7722 -  0e70: f3 1b f9 1d af cd 77 87 bb f5 1c f6 21 38 5c 62
  read 7722 -  0e80: 88 49 5d ea 94 79 ce 8e 2b d4 25 3c bf a8 b1 5f
  read 7722 -  0e90: a4 ab bb 10 a2 4a 39 d8 57 b5 22 9f c4 14 a3 69
  read 7722 -  0ea0: 3e 57 4f 04 09 10 b9 d5 41 95 91 b2 5b 39 1d 94
  read 7722 -  0eb0: f1 2c 40 3d 3a fd 6e 08 85 15 a5 64 42 6f ef 12
  read 7722 -  0ec0: 2e 79 0b 73 af 9f fc 85 f9 25 d3 10 b9 7b 21 3d
  read 7722 -  0ed0: cd e4 cf 18 49 4b 0c 32 f0 e4 dc 9b 8e 63 15 07
  read 7722 -  0ee0: 45 49 a9 04 3f 41 d8 94 26 07 e6 a2 43 46 45 50
  read 7722 -  0ef0: 61 1b cd 18 37 e0 74 ca c1 b4 79 c9 d9 b2 ec 0b
  read 7722 -  0f00: 11 ce d3 8e bf 3e 40 47 47 72 eb ad 81 8b d1 67
  read 7722 -  0f10: e4 85 67 71 9b b0 ac a7 00 26 57 50 57 85 a6 3d
  read 7722 -  0f20: 57 c8 ce 45 99 f8 79 a6 8f b7 59 d4 80 1b 72 35
  read 7722 -  0f30: 65 cc 1f 9b f6 73 eb 4c e3 4b b9 89 62 03 63 49
  read 7722 -  0f40: cd 2c 0a e6 b1 4d b6 7a ce e5 6e 1f ae 6e c2 50
  read 7722 -  0f50: b0 e0 69 3e 3c a0 0e 96 18 20 58 82 d7 14 fd 3d
  read 7722 -  0f60: 08 5f 54 0f ff de a2 c5 4f f1 7b 11 d0 b2 0c 16
  read 7722 -  0f70: d8 95 5b 44 33 6b 09 29 10 0e be 1a 51 9e 75 c1
  read 7722 -  0f80: aa 5c ba 8b f1 16 15 72 59 2a 5f a8 3d 6c 50 e5
  read 7722 -  0f90: 03 00 68 00 a7 f9 ae ae 58 ff 7d 3a 64 57 34 e3
  read 7722 -  0fa0: 39 d5 e0 ca c7 1c 6b b4 3d 09 93 5b 46 9a 49 3f
  read 7722 -  0fb0: 69 39 a7 65 44 15 a1 dd 51 2e 28 39 bc 54 82 56
  read 7722 -  0fc0: 3f 02 f4 e7 46 85 24 2b 22 b2 9c fb 2a 2a f7 81
  read 7722 -  0fd0: c5 a5 8f 19 56 9c 68 4b cb 0f bd 64 45 e9 43 1f
  read 7722 -  0fe0: 6b d1 0b a7 79 58 dc 66 f9 6c 7a dd 3e 37 43 a2
  read 7722 -  0ff0: e9 20 90 4a 95 77 cc 3c 2f 60 87 f0 ed 87 cf 7e
  read 7722 -  1000: a8 a5 ce 9d 2b cc 70 cb 84 79 f3 2a 02 b0 e7 44
  read 7722 -  1010: fc 4a 9d 33 c5 d0 a2 b7 eb 35 64 db d3 29 6d 3e
  read 7722 -  1020: b9 0c 73 43 4a 05 6f e1 64 61 3d a9 29 d9 20 3f
  read 7722 -  1030: b4 23 29 3f 99 b1 78 f0 60 a8 82 6a 33 ed bd ec
  read 7722 -  1040: 65 8f 3e a7 d1 7f 1e 56 2e e4 a6 02 48 2f e1 99
  read 7722 -  1050: cc 07 66 90 c5 fa 61 a2 24 63 66 2f e3 66 0d 32
  read 7722 -  1060: b5 16 b7 c7 b2 d9 08 95 f6 5c 17 92 fa e1 d7 41
  read 7722 -  1070: d9 bd 05 d2 b8 94 65 ac c7 5e 48 c2 c1 fa 03 bc
  read 7722 -  1080: 92 d3 8a 9e b9 0a 8c b3 77 2c 02 08 9a 1b 52 e4
  read 7722 -  1090: cf e9 48 d9 ba eb 4a fc bf e5 d9 7f 9e 72 2a 90
  read 7722 -  10a0: 0f ab a4 3d c8 df ef 8b 79 d7 1b 87 f0 09 3c 6c
  read 7722 -  10b0: 12 c2 d1 12 c6 2b 3e b1 ec c9 77 3c 3a 7f cd 02
  read 7722 -  10c0: 52 b6 a6 8f 4f cf f3 35 1f 96 9d 61 f7 f8 49 cc
  read 7722 -  10d0: bd 33 47 08 e9 29 59 7b 40 bc ab cd 63 64 aa f1
  read 7722 -  10e0: d9 5d d3 f9 6d 2d 04 2c f5 d4 9f 3f 5c 81 3f 45
  read 7722 -  10f0: f5 87 13 bc 9d 84 fc c2 6b 7e 3d 0e 32 d1 3b 21
  read 7722 -  1100: 16 67 32 6e 7d d1 66 c8 74 68 f9 15 04 1c dd 90
  read 7722 -  1110: 12 3e 6a 15 06 3a e6 24 13 ed 01 32 54 ed d2 5a
  read 7722 -  1120: 6b 70 0c 11 4f 8c bb 84 d1 e2 d1 53 d6 13 ab 20
  read 7722 -  1130: b2 60 3a 6f aa c9 7e af 1e 7c 91 61 88 ea 05 ea
  read 7722 -  1140: bf 01 f0 35 e6 9c 81 b6 b7 2d 42 88 45 9f 2c 44
  read 7722 -  1150: 42 93 71 3b 7a 2d 18 f3 8e c6 bb bd 8b 0f f1 f5
  read 7722 -  1160: 46 62 71 78 61 3a 57 99 5f e5 8f 5a 2f 15 7c c9
  read 7722 -  1170: 58 c0 8f cd 02 ed f4 b1 5f 47 2b a4 34 69 89 3d
  read 7722 -  1180: fa 0a 91 44 52 c3 db 58 8d f7 dc f0 67 7e cc 8c
  read 7722 -  1190: 4a d9 0a e4 64 32 fa 3b 49 23 88 cf a8 a8 64 b9
  read 7722 -  11a0: 4c d2 b1 6a 6c 2f dd 5a 8b 1c ba a1 a7 a2 f1 28
  read 7722 -  11b0: d7 a7 2d a7 c2 6e 67 e6 67 5e d6 00 3e 60 76 8a
  read 7722 -  11c0: 69 5a b7 8c c3 bf 5a 07 26 79 05 1a 8b 2d 52 81
  read 7722 -  11d0: 72 fa f9 e6 70 0d 76 44 6b d6 7a b5 64 cc 13 9c
  read 7722 -  11e0: cb 51 3a 3e 78 55 ed 8b dd 79 8a 73 e0 ac 02 1e
  read 7722 -  11f0: 1b e1 47 63 ff b3 7a 3d f5 c1 74 21 3e 03 ca 6a
  read 7722 -  1200: 93 c0 94 29 8e 90 7a 74 e9 e9 00 d9 75 4f ac fd
  read 7722 -  1210: ea 93 9c 36 5d 5f 95 13 80 09 f9 39 94 24 a5 88
  read 7722 -  1220: ce fb b8 58 d2 5b 5b 52 e9 54 cc 64 42 c3 65 fa
  read 7722 -  1230: 9c bf 15 13 a8 19 1a 71 c2 36 ad 5e c4 15 de 54
  read 7722 -  1240: 1b 84 92 37 8a 37 dc cd 0c 7c 4e 4a 94 48 0f 92
  read 7722 -  1250: 71 f8 ae 8a 34 45 f9 30 21 76 95 c8 ba 68 dc 70
  read 7722 -  1260: 4c 15 4a 3a d9 60 3f 6a 99 56 54 bb cf 6d 7a 30
  read 7722 -  1270: cd 85 74 de a2 76 c8 ce c3 71 4e 08 36 0f 03 3b
  read 7722 -  1280: 3d 0e 5e 26 96 ca 04 15 6e b1 71 6e 7f 95 37 e6
  read 7722 -  1290: d3 0f a4 1e fe b8 c6 bb d3 ee 80 f0 90 21 b5 10
  read 7722 -  12a0: 1e d7 be 49 58 2e 01 05 84 e6 a9 29 4f 01 bf 8c
  read 7722 -  12b0: c1 27 92 fc 2c 81 65 f0 18 e9 e5 1f 2c a3 f3 10
  read 7722 -  12c0: 99 d5 a2 14 a3 58 e5 f2 de 00 2b 9f dc 23 a5 c8
  read 7722 -  12d0: ea 60 32 de 1b 40 2e d2 bf ec d0 e3 28 a2 82 3b
  read 7722 -  12e0: a9 e7 2b 62 5d 48 a9 54 aa 11 18 89 fa fb 27 d1
  read 7722 -  12f0: e4 b7 59 bf 9c 4f 30 b8 6c 42 45 17 9c 0d fc d7
  read 7722 -  1300: 0d d7 b0 e0 8a a7 70 18 8e 2f c2 39 46 73 9b b5
  read 7722 -  1310: bd 1c d7 3c 2c b8 70 fe 03 4b e0 f6 74 af ea ab
  read 7722 -  1320: 31 7b fb 07 d5 ec 50 6f 09 b8 c0 07 5e 28 1b ca
  read 7722 -  1330: cf 2f f1 d8 0d 53 41 e5 94 b3 00 2f 32 2e 44 7d
  read 7722 -  1340: 43 f2 f2 4b 7a 2c c2 f6 75 13 03 07 71 15 90 67
  read 7722 -  1350: 4e 3c 68 a7 97 45 e4 86 09 e6 d0 a2 35 16 f3 e1
  read 7722 -  1360: ac 81 e1 0e 97 da 10 26 d1 46 f1 9b 47 6a a6 9d
  read 7722 -  1370: e5 85 6c c8 6b 83 85 fc 6d bd 3d f6 5b f2 95 b0
  read 7722 -  1380: 9a b9 9e b0 54 b4 69 0a c5 65 ed 9e 95 09 00 3d
  read 7722 -  1390: 91 4f bb f6 ae 2a de 82 9d a3 09 18 3a 6b 84 36
  read 7722 -  13a0: be 77 6d 9d f6 29 db c7 bc 0b 19 6f 32 56 5b b4
  read 7722 -  13b0: be 55 84 8d f2 f6 24 db fa 22 24 55 81 5a d4 6a
  read 7722 -  13c0: 98 74 4d 58 8c 2c e3 a2 b5 45 a4 25 46 8b 99 a3
  read 7722 -  13d0: 63 92 09 4d c3 9c c5 3d 03 37 8c ce b7 9a e1 18
  read 7722 -  13e0: b3 85 1c 40 d8 d1 34 9a 3d 08 bf ce 52 38 7e 0d
  read 7722 -  13f0: 2c b7 53 05 39 24 37 9a 4d 22 ba 3e af 3b cd 56
  read 7722 -  1400: f4 ef b7 6f 94 d0 88 fd d1 6e 91 73 5c 78 61 60
  read 7722 -  1410: e3 e4 df ac 1a 9a 22 3a d3 a7 1d 7f 0e b0 75 c8
  read 7722 -  1420: db fc f9 c6 12 68 12 f1 0e 08 45 6a a4 8f 44 28
  read 7722 -  1430: 71 af 8e f5 e5 a7 9f 68 9a 57 ae 1a 69 66 a2 d3
  read 7722 -  1440: b9 ce ac 69 9d 56 88 83 75 64 4f 38 d4 e4 7e 73
  read 7722 -  1450: 7c 89 89 b5 7c 98 ad 72 6b fb e8 0a a8 01 f3 f6
  read 7722 -  1460: 91 83 c4 ae af ca 22 0c b9 e6 c5 13 46 b9 fe 13
  read 7722 -  1470: ba 84 4f 9a bc 05 70 73 7e b7 b5 c9 fa 72 a5 86
  read 7722 -  1480: d6 e1 04 a2 08 72 95 32 c3 fa 58 07 11 57 06 71
  read 7722 -  1490: 28 39 5c c3 cc c8 2b 9c ef 11 cf 01 b1 a9 5e 47
  read 7722 -  14a0: 60 a9 d5 df 21 b2 32 27 4d 84 bb c8 83 fa 54 9c
  read 7722 -  14b0: db a3 9c 6a 2f ff 73 8a 38 1d 34 be dd 8d 8c 39
  read 7722 -  14c0: 9f 7c 72 2f 2b 88 4f 12 e5 c6 ee d2 0e eb 6d 76
  read 7722 -  14d0: 2c 30 02 0b 91 d5 85 99 9c 46 3c 1a 15 25 6a 74
  read 7722 -  14e0: 0c 81 94 04 78 05 01 ae 47 a6 39 f1 5c 8c 71 af
  read 7722 -  14f0: bd cc 46 8f 84 66 12 10 7e 64 6a 23 e3 9a 27 5e
  read 7722 -  1500: 46 fa 77 7f 1e a4 9c 7c 67 be 0c d9 d5 3d 49 13
  read 7722 -  1510: cb ce 1e ce 84 71 a5 e9 6c ff e1 e5 74 2d 83 4c
  read 7722 -  1520: e5 1b 9c 4c 13 95 06 8d 10 7a 96 3b bd 4f a5 fd
  read 7722 -  1530: b0 8f 0e 05 81 ed e1 1a 79 55 e0 24 e4 f4 70 df
  read 7722 -  1540: fa 10 73 56 e8 a3 bc 1b 9a 9c 5d c4 0b 84 cf cf
  read 7722 -  1550: 2d f0 06 46 02 34 e7 2f a1 27 b8 24 04 af 7a 23
  read 7722 -  1560: d9 15 ce b1 a2 9b 36 99 65 04 70 da 9d e3 cb 61
  read 7722 -  1570: 06 cb ee 7f 9e 3b 2e 02 a1 aa 4c 96 4a b4 04 67
  read 7722 -  1580: b5 6d 1a 69 67 ae 81 b9 2a d2 8d e4 ab 38 f3 67
  read 7722 -  1590: 59 52 52 2e 2e af d0 06 31 6a 75 ef 2d 78 98 ea
  read 7722 -  15a0: f3 05 1d ac 75 02 f7 c5 3f 59 91 1c 04 e7 82 37
  read 7722 -  15b0: fd 61 51 4f 5c 94 c6 e4 73 f6 64 22 9e f3 a5 1a
  read 7722 -  15c0: 6f 4e d9 0b 85 01 27 63 13 72 e2 67 57 52 8a 25
  read 7722 -  15d0: 8e 45 76 5e d5 e5 f7 4c a9 cf de 97 63 cb 49 5f
  read 7722 -  15e0: 2e b9 80 66 fa 88 68 24 88 ee bb 37 93 bc 8c 99
  read 7722 -  15f0: c0 19 ce 42 17 c6 d0 df a8 c4 6f 0d 11 1b e3 a2
  read 7722 -  1600: 6d 06 3e 91 09 65 11 6e cc ff 03 33 04 ef e2 33
  read 7722 -  1610: 0e 4c d7 92 94 25 d4 1f fa a1 f0 c8 a1 ae 48 92
  read 7722 -  1620: 08 b2 4f 56 76 d8 71 e6 90 c8 42 30 f7 f6 55 97
  read 7722 -  1630: 73 9a b4 19 f5 40 55 8a e8 36 f7 25 73 f8 22 3a
  read 7722 -  1640: f7 b6 ef aa c0 91 6b 21 a8 46 f2 1e e6 34 42 fb
  read 7722 -  1650: af 03 eb 1e e0 40 71 43 54 7b 47 cf 81 5b 1a b6
  read 7722 -  1660: c2 f2 a8 15 c4 23 9d d0 78 b5 43 ec 43 5a 92 90
  read 7722 -  1670: 8c 18 97 59 f9 00 b5 ba 03 e6 04 22 62 59 74 f8
  read 7722 -  1680: 5c ab a3 c2 db 4b 7e a7 77 2c 8f b4 b8 00 94 44
  read 7722 -  1690: 0d 8c ee 18 b6 af 9d f3 86 5b 0e 9f 68 04 50 61
  read 7722 -  16a0: 7d 58 76 a2 d0 6b 87 39 61 26 0f 04 d4 ee 6f fc
  read 7722 -  16b0: bb 7e df 5e 3d 40 2a a6 9b c4 80 73 a8 83 b3 57
  read 7722 -  16c0: b1 29 e0 d2 d2 75 27 66 f8 a8 e1 95 b5 58 52 e0
  read 7722 -  16d0: 1f 93 bd 4c e9 ec 7f fc 0b c3 24 3f e8 02 a7 6a
  read 7722 -  16e0: d0 bd 77 4c 58 68 b1 df 5a 4b e3 30 9f ee 72 26
  read 7722 -  16f0: 5f 65 5c 87 4a 46 2a f3 bc 94 f2 81 68 f8 eb ec
  read 7722 -  1700: 38 31 7d 1e de 1e 1f 11 61 ee 55 2a 19 e6 ab 2e
  read 7722 -  1710: 32 87 02 a6 07 0f 52 09 1d 69 c2 e5 65 17 b2 1a
  read 7722 -  1720: 75 72 85 7a ad c3 70 c6 ea 1e 76 ef fb b0 cb 20
  read 7722 -  1730: 13 65 24 c1 0b 50 80 c2 6e cd 71 63 31 f4 bb 25
  read 7722 -  1740: ab d2 35 67 c8 76 96 f0 76 e0 6f 99 b1 93 40 01
  read 7722 -  1750: 04 5e 53 8e 61 5a ff b9 b3 d7 64 e5 bd 8c 27 b0
  read 7722 -  1760: c7 83 ba 3e 6c 0b 29 54 7c 5f 66 9c 5a c3 f9 e0
  read 7722 -  1770: 87 fd 91 5a 7e 9b 86 28 f6 ec ce 9f e7 59 5f d9
  read 7722 -  1780: 62 25 5c d1 8d 61 e5 63 04 51 e4 54 e1 d3 3e b2
  read 7722 -  1790: 99 dd 45 84 f2 9a 61 9f 00 7b cc 05 77 5e f4 3a
  read 7722 -  17a0: 5c 79 e7 81 3f af bd 3d 17 bd ef 7b c0 94 29 8c
  read 7722 -  17b0: db 44 f4 2d 8e d1 72 a2 a5 a6 21 d1 db c4 df 17
  read 7722 -  17c0: 26 61 00 eb f0 9c 57 5b 22 64 80 36 15 4a 7d 02
  read 7722 -  17d0: e4 12 fc 99 6f eb a6 5b a6 d3 4f eb b6 c3 44 6a
  read 7722 -  17e0: d6 8a 30 50 c2 d3 95 70 7d e9 88 65 a7 cb 7d 80
  read 7722 -  17f0: 32 9c 47 f6 5b 96 46 eb d0 29 c7 ea 56 74 66 1e
  read 7722 -  1800: bb 3f 4f 64 86 99 51 ca 08 86 3c eb 51 e6 db 9b
  read 7722 -  1810: b9 75 54 5b 70 1d 17 f9 3d 2a 99 c7 00 50 91 1a
  read 7722 -  1820: a1 28 b3 55 70 a5 77 3d 8b ba c7 87 d4 34 67 4c
  read 7722 -  1830: d4 ba 0e 55 8f c8 62 d4 fa cc 7f 9a 85 83 65 38
  read 7722 -  1840: 3c f9 3b ff cc 90 a8 8c 6f 8a 23 95 fd 88 85 00
  read 7722 -  1850: 54 da 06 26 39 02 e2 d3 cf a5 5f bf c9 d1 4e 0e
  read 7722 -  1860: 0a a3 59 9b 5b c0 ac 30 aa c4 fd e3 ce 27 28 b5
  read 7722 -  1870: fc 81 b9 de 64 85 94 35 b6 af 0f 3f 57 d1 5b ea
  read 7722 -  1880: d1 a5 aa fb 7f 17 18 9d 60 03 81 37 d2 c8 47 05
  read 7722 -  1890: 36 23 36 cf ca b3 87 16 a1 98 4d c3 ec 10 da 73
  read 7722 -  18a0: 9f 30 24 50 5d 6d 51 fa 75 73 e0 37 c5 bd 41 f4
  read 7722 -  18b0: 2c 6b b6 d9 5f 1c c2 78 78 cc 5a 8e f7 81 e5 e4
  read 7722 -  18c0: 6e 25 10 40 a8 5d 44 66 40 17 56 b5 00 2b 82 c6
  read 7722 -  18d0: 2a 04 44 9e 75 25 4e b1 44 ce 2e 6d 10 49 fd 98
  read 7722 -  18e0: 4a b4 2d 62 1e 6a 7f cc a5 37 25 62 78 b1 b7 54
  read 7722 -  18f0: b0 6d b6 79 f8 77 42 b4 6e 71 a9 65 b2 d9 32 e2
  read 7722 -  1900: 29 63 a8 68 7d c4 a4 9b e1 e8 2e 53 96 de d3 62
  read 7722 -  1910: 31 35 0b a2 73 71 f3 b8 54 d8 ee 05 29 62 fc f5
  read 7722 -  1920: c9 c5 10 1e d5 d6 84 20 bd ff 63 cc 2f 4e 8e ae
  read 7722 -  1930: 9b f9 f2 83 d3 5e dd 1b 44 c6 d9 32 89 0f 30 bd
  read 7722 -  1940: 84 8b 76 a9 d8 07 5a 35 91 37 a3 31 87 36 1e 6b
  read 7722 -  1950: 8d 64 78 17 1b 69 89 76 16 0d db 48 22 1c d0 37
  read 7722 -  1960: e5 fe e2 fa 9e 76 4d 8f 1c 33 0c 81 ec 1a b3 d8
  read 7722 -  1970: 22 c5 80 d8 aa 95 41 90 b2 4b 1a aa 19 10 0c 13
  read 7722 -  1980: 95 8c 24 57 92 f8 57 9e cb 6d f9 e1 2c f3 ef cb
  read 7722 -  1990: 3b 93 db f3 3a ab b9 08 16 54 2c bb 64 80 00 f4
  read 7722 -  19a0: 7a 72 b7 34 1b dd e9 be 58 10 8f 28 f4 a2 98 ab
  read 7722 -  19b0: 23 86 c3 03 2c 3f 1d c5 8f c3 0c df 54 5e 5d cb
  read 7722 -  19c0: 71 a1 02 a6 8b 92 ac 98 52 9c 8b cf 8e d5 c1 92
  read 7722 -  19d0: 6b c2 fe d5 92 19 08 44 69 d6 c0 ff 7c 77 f6 96
  read 7722 -  19e0: 50 3b cf 66 30 ea 7a dc a0 b3 bf c6 3d ef 5a 6c
  read 7722 -  19f0: 30 82 98 88 d7 4a 41 c7 e7 fa 57 c7 b8 af d7 90
  read 7722 -  1a00: d0 bd 4d e6 07 95 48 fc 9e 73 74 5c 3f d9 a1 85
  read 7722 -  1a10: bd 9b b2 cb 78 74 11 eb 50 1f 7c dc 2c 7a 1c 5d
  read 7722 -  1a20: ac 5c e1 b9 ea 81 47 7a e5 7e b7 80 89 04 50 c4
  read 7722 -  1a30: 4c 07 fd 71 36 8a a7 79 87 96 76 98 10 0c 78 4a
  read 7722 -  1a40: 46 d6 ed 99 37 fa 3a 82 b2 1e 08 ab da fe 7e 7f
  read 7722 -  1a50: b8 eb f9 86 8c 97 91 70 9c 96 14 47 3a 96 f4 68
  read 7722 -  1a60: a0 2a b2 9a 14 80 6c 9d 6f cd 13 48 e5 e0 ad dd
  read 7722 -  1a70: 8a e6 4e 0b 31 af f4 25 49 55 91 37 23 43 ac 48
  read 7722 -  1a80: 62 70 2a ba ac d5 b1 cd 96 19 3e 4a 10 e1 60 00
  read 7722 -  1a90: c0 66 f7 b9 45 b0 f7 17 bc 2f b3 0a 84 74 2d d8
  read 7722 -  1aa0: 59 bd 07 92 dd d4 83 a1 b3 d5 75 3f 6e 6a 2f 6b
  read 7722 -  1ab0: 50 39 ed 35 7e 80 26 14 a3 fb 2d 29 16 88 af 75
  read 7722 -  1ac0: 6b 11 02 f0 54 36 f0 9b d4 11 f0 47 5f e5 54 a5
  read 7722 -  1ad0: c6 42 38 c5 34 3a 72 d3 f6 aa b0 a3 a3 dc 5c d8
  read 7722 -  1ae0: b0 f9 91 26 a2 30 37 8f d4 dd b9 64 eb d0 39 71
  read 7722 -  1af0: 18 18 01 84 65 42 9c 25 9b 84 82 df 0e 15 df e6
  read 7722 -  1b00: e0 b8 9b 73 7d 9e bf a4 08 26 f1 73 a8 bb 43 6f
  read 7722 -  1b10: f3 1f 8a 61 5e 6b 4f 39 c1 43 01 53 b2 6f 85 07
  read 7722 -  1b20: ea 1a e5 d5 1b e9 6c e9 90 2f 07 e1 0b d3 30 14
  read 7722 -  1b30: cb 0d e4 b4 02 fc af 5f 99 e6 0f fe 2c 2d aa cf
  read 7722 -  1b40: dc 3c b5 e0 08 3b 50 e5 79 76 85 9a 5e 5f 6b ed
  read 7722 -  1b50: ce 1d 57 e2 7d b2 9e 18 b2 bc 9b 02 1b 3d a9 f7
  read 7722 -  1b60: 0e 05 4f 6e b5 56 1e 3e b2 e2 0d 4f 92 c1 18 eb
  read 7722 -  1b70: 2f b8 4b a7 60 09 fe bd a7 fc b2 bc 9c 3c 7d 92
  read 7722 -  1b80: 50 ae 26 49 09 7e 54 46 4a 6b 07 6b e3 d6 58 ce
  read 7722 -  1b90: 74 77 5c da a4 e6 b5 1d 40 95 51 f0 0f 04 ba ab
  read 7722 -  1ba0: 76 a4 e9 c9 ba aa eb 1b 7d c4 69 18 e3 5f 49 5c
  read 7722 -  1bb0: 64 e8 93 48 86 d9 41 d9 49 00 59 41 41 e8 ed cb
  read 7722 -  1bc0: 77 45 d2 92 9a 4b d1 17 56 ea fb 1f eb 32 8f 00
  read 7722 -  1bd0: 0c e4 f5 f1 53 18 aa b4 3b 75 00 65 91 de 82 df
  read 7722 -  1be0: 46 6f 30 a0 7b 39 86 20 a4 db 9a c3 14 d2 15 aa
  read 7722 -  1bf0: a8 a0 bd 8e 43 70 13 89 8d 58 9f 97 ed 49 db cc
  read 7722 -  1c00: b2 35 db 04 f6 99 3b 7f b3 37 d0 f2 f6 14 b4 05
  read 7722 -  1c10: ab ed da 4a b2 87 ea c9 10 7d 6d a4 c2 e1 d6 79
  read 7722 -  1c20: d5 b2 b1 22 7e 0a ee 43 73 f8 c3 6d e0 6f 7e 32
  read 7722 -  1c30: 66 43 f3 27 b9 f5 3b c2 3d 9a 5b b4 56 c6 d0 b1
  read 7722 -  1c40: 00 9b 25 23 a6 1d 52 a8 56 c9 5e 5c c6 18 da 83
  read 7722 -  1c50: 3f 06 86 d3 67 4f 25 b5 1e 8f 79 1b 07 a1 06 0b
  read 7722 -  1c60: aa 82 64 7e ff 05 a6 fc b7 ed a2 bb 34 8f 3f 24
  read 7722 -  1c70: b8 dd b2 a1 24 92 de a3 9c e3 e7 38 4f 6a 6a 47
  read 7722 -  1c80: 82 48 d9 d8 e1 04 73 0b 13 0a ac 1d f3 e4 08 7b
  read 7722 -  1c90: ab d5 e8 d5 70 8f e1 f6 b2 98 36 44 83 20 65 1b
  read 7722 -  1ca0: e4 7c 2a 25 76 ed 70 28 40 61 93 db de d6 5a 20
  read 7722 -  1cb0: 2a 5b 1d 92 1c 27 86 99 63 f9 4f b6 a8 68 6a c6
  read 7722 -  1cc0: 7f fd 09 3f a6 79 8b 80 cf f4 d5 d5 7b c4 f9 31
  read 7722 -  1cd0: 52 64 76 64 4f 8c 56 3a 4f 8d 0f 4b ab e8 81 38
  read 7722 -  1ce0: 42 eb 2f d6 e9 1f da f0 96 d1 ea 4c 84 fd b1 d2
  read 7722 -  1cf0: 13 4d e8 1b c6 48 2f 7f 4c 58 e0 fc 34 6a ee 6d
  read 7722 -  1d00: 34 97 95 91 14 a7 b0 f7 5b bd 72 13 19 0a 28 01
  read 7722 -  1d10: a0 0b cd 15 37 5f ac 22 36 46 af 02 87 77 d2 1a
  read 7722 -  1d20: d6 05 61 6d 3c c8 15 1a e4 b8 ce 48 67 18 fb f3
  read 7722 -  1d30: f7 65 67 d1 fd a9 c1 90 bc 81 41 0f 1a 70 14 f9
  read 7722 -  1d40: 1a 34 2a d6 c1 b6 4d 94 ea 5e 13 f9 ed a3 da 5b
  read 7722 -  1d50: 20 c0 8d 06 18 a9 90 95 b1 0e 3c fe c1 15 40 a6
  read 7722 -  1d60: 3e 13 2e 98 20 ba f5 30 0a 0a 00 33 99 e3 3d dd
  read 7722 -  1d70: da ec 18 76 05 71 f7 c8 e8 f2 99 b0 99 08 41 14
  read 7722 -  1d80: f7 33 7e 32 3e b8 01 5f 07 6a b3 66 f9 c0 5f 3a
  read 7722 -  1d90: 63 96 74 af 71 33 2d d6 0f ff 54 e3 45 58 9f 6d
  read 7722 -  1da0: a9 27 8e 8d 23 dc 9b b4 cb 91 87 2c 47 1b 89 3d
  read 7722 -  1db0: 88 fd 31 16 57 ce d6 3f f4 c4 1b 57 4c b6 e8 bc
  read 7722 -  1dc0: 78 d6 ff 22 09 f7 87 2c d4 5f e4 ad a0 0a 1a 1d
  read 7722 -  1dd0: 94 1c 39 89 a3 50 eb 7a 34 86 ed 08 b7 08 eb 17
  read 7722 -  1de0: 92 df 98 ee 05 11 7c e8 41 87 d5 1d 85 fb 84 dc
  read 7722 -  1df0: 0f 48 7e 21 96 a2 3a 49 24 9d 5f 0e 30 ca 71 60
  read 7722 -  1e00: e1 e5 f7 5c c9 f6 d2 59 94 dc 35 9f b4 9a 44 ad
  read 7722 -  1e10: f7 1f a9 dc 7f 33 91 e6 7e 96 44 dd 32 ee 2d 39
  read 7722 -  1e20: ce ed 90 b5 10 db 80 bd 9a e8

 Goodix>>> enter, tls inited 1
 Goodix>>> bytes to read: 7717, bytes left: 7717
 Goodix>>> bytes read: 7717, bytes left: 0
 Goodix>>> recv ret:7717.
 Goodix>>> TLS LOG: in_left: 5, nb_want: 7722
 Goodix>>> TLS LOG: ssl->f_recv(_timeout)() returned 7717 (-0xffffe1db)
 Goodix>>> TLS LOG: <= fetch input
 Goodix>>> TLS LOG: => decrypt buf
 Goodix>>> TLS LOG: <= decrypt buf
 Goodix>>> TLS LOG: <= read record
 Goodix>>> TLS LOG: <= read
 Goodix>>> enter
 Goodix>>> TLS now IN handshake state:16.
 Goodix>>> <= tlslib_read exit with ret:7693 tls server state:16.
 Goodix>>> ---- tls 7693 bytes recv
 Goodix>>> recvd data cmd-len: 0x20-7690
 Goodix>>> --- cmd: image
 Goodix>>> 7684 7684 10240
 Goodix>>> Regroup pixels:5120
 Goodix>>> receive non-POV image, length:7690
 Goodix>>> image crc check Ok
 Goodix>>> exit
 Goodix>>> exit
 Goodix>>> <= with ret(BOOL):1.
 Goodix>>> imageret 0x2
 Goodix>>> :void
 Goodix>>> before calc, base_is_valid 0, 0x2 0x2
 Goodix>>> enter, Mode 5, Type 0, base_type 0
 Goodix>>> setmode: nav
 Goodix>>> cmd0-cmd1-Len-ackt-ec:0x5-0-0x2-1000-0
 write    4 -  0000: a0 06 00 a6

 Goodix>>> recvd data cmd-len: 0xb0-3
 Goodix>>> get ack for cmd 0x50, cfg flag 0x1
 write    6 -  0000: 50 03 00 01 00 56

  read    4 -  0000: a0 06 00 a6

  read    6 -  0000: b0 03 00 50 01 a6

 Goodix>>> recvd data cmd-len: 0x50-2410
 Goodix>>> --- recv nav data......length:2410
 Goodix>>> 2404 2404 3200
 Goodix>>> Regroup pixels:1600
 Goodix>>> nav crc check ok
  read    4 -  0000: a0 6d 09 16

  read 2413 -  0000: 50 6a 09 1e 25 00 00 00 c7 ec a7 7e 91 c8 49 ac
  read 2413 -  0010: 0b 9f a2 fa 3a 07 18 aa a7 fa 4a c8 07 a8 af 7b
  read 2413 -  0020: 0a ec 37 b2 b8 3b cb 5f 93 b1 b9 7b fb 50 cf bc
  read 2413 -  0030: be fb 3b cb d8 c2 c0 4b fb c8 d8 b8 be 3b 3c 23
  read 2413 -  0040: 17 c0 c6 fc fc 40 37 bd bd cc cc 1c 23 c5 c4 7c
  read 2413 -  0050: fc 3f 3b bf c5 4c 4c 8f e0 c7 c0 cb 3c 63 14 c3
  read 2413 -  0060: bd 8c fb af ff b0 a0 09 07 cc b7 7d 96 08 c9 e7
  read 2413 -  0070: 18 9c a3 fa 39 dc 1b aa a8 0a 3a 8f 0f aa ac cb
  read 2413 -  0080: ba e0 5c b4 b5 3b bb 7b 6b b0 b6 4b 7b 7b 7b ba
  read 2413 -  0090: bf 4b 4b af 9b bc bf bb bb ec a8 b9 c2 0b 8b cc
  read 2413 -  00a0: 07 bc c0 7c 7c 10 ff bc be bb 7b c8 07 c3 c0 8c
  read 2413 -  00b0: 4c 23 13 c2 c1 fc fc 0b cf c3 bf fb 3c 44 13 bc
  read 2413 -  00c0: b9 4c 3b 93 07 ae a0 ba 48 3f db 84 96 38 79 c4
  read 2413 -  00d0: c3 9b a2 39 b9 f0 2f a6 a4 4a 3a 6c b8 a5 ab fa
  read 2413 -  00e0: ba c7 b0 b4 b2 0a 0b 37 87 b1 b2 cb 0b 4b 70 b4
  read 2413 -  00f0: bb 3b 3b 78 c4 b6 b8 8b 8b bb b7 b8 be 8b 7b a8
  read 2413 -  0100: 7f bf bc fb fb db cf ba bd 7b 3c 03 b8 ba bb bb
  read 2413 -  0110: fc 17 e7 ba ba bb fb d3 98 bb be 8b 8b af 9f b8
  read 2413 -  0120: be 8b 4b 1b b4 a6 9b 79 b7 b8 a0 7b 92 c8 49 7f
  read 2413 -  0130: 00 96 9d 8a ba 28 cc a0 a1 f9 3a 28 67 a6 a7 4a
  read 2413 -  0140: 3a 68 6b b0 af 3a bb 04 2b aa b2 7b 8b 00 28 b6
  read 2413 -  0150: b0 cb 7b 4f 3c b0 b2 fb cb 8b 3c b6 b3 7b 0b 6c
  read 2413 -  0160: 90 b8 b2 fb fb 4f 57 b5 b9 8b fb 28 4f b8 b4 7b
  read 2413 -  0170: 4b 7b 6b b9 bc 3b 0b 78 63 b9 b8 3b 3b 28 57 b3
  read 2413 -  0180: b4 bb 7a d3 68 a5 96 c9 37 60 ac 76 92 78 79 73
  read 2413 -  0190: 94 9b 9f 79 b9 c3 a3 a2 a2 79 4a 84 93 a2 a9 7a
  read 2413 -  01a0: 0a 67 9f ac af 7a 4a bb 0f b1 ae 3b 3b 57 83 b5
  read 2413 -  01b0: b4 4b 8b 57 98 b3 b1 8b cb 68 5b b3 b6 fb 3b 27
  read 2413 -  01c0: 7b b5 ba fb 4b 63 94 b7 b7 bb 7b a3 47 b5 ba 4b
  read 2413 -  01d0: fb 97 a3 b6 b8 cb bb 93 88 b9 b9 7b 7b 67 77 b3
  read 2413 -  01e0: b2 8b fa bb 8b ab 98 f9 c7 b4 e8 7b 96 48 c9 cc
  read 2413 -  01f0: f8 9f 9e 79 c9 fc 14 a4 a4 ca 0a 8f bb a9 ac ca
  read 2413 -  0200: ba cb d4 ad b4 fa ba f0 2b b2 b1 3b 3b 5b a4 b5
  read 2413 -  0210: b7 cb fb 48 88 b7 bb 4b 0b 7f 7b b7 b9 3b 0b 74
  read 2413 -  0220: cc bb b8 8b 3b 97 b3 b8 b6 7b 0b b3 97 b8 b9 bb
  read 2413 -  0230: 4b b3 b7 b7 b8 cb bb 8c 8f ba b9 8b 8b 4f 88 b2
  read 2413 -  0240: b3 8b 3b 03 6b a9 96 f9 07 b0 a8 7b 94 c8 b9 97
  read 2413 -  0250: b7 9b 9d 39 49 c8 57 a1 a3 8a 7a 58 87 a2 ac 0a
  read 2413 -  0260: fa 9f 8b aa af ba ba ff 48 b5 b0 3b bb 7b 53 b4
  read 2413 -  0270: bd 7b fb 6b 74 b6 b6 4b fb 6b 37 b8 b9 fb 3b 78
  read 2413 -  0280: 98 bc b9 3b cb 7b b3 b3 bc fb bb af 44 bb b9 fb
  read 2413 -  0290: 0b af db bc b7 7b 3b 87 57 b8 b7 cb 3b 83 7f bb
  read 2413 -  02a0: b2 fb ba e0 68 a7 96 f9 b7 68 af 76 93 78 09 6b
  read 2413 -  02b0: 8b 99 9c 39 f9 cc b0 9e 9d f9 ba 34 77 a4 a4 fa
  read 2413 -  02c0: 7a a4 e0 a9 b3 8a 4a bc 2b ab ab 7b 8b 2b 1b b2
  read 2413 -  02d0: b4 3b 8b 53 5f b0 b0 bb fb 4b 48 b3 b4 8b 4b 2f
  read 2413 -  02e0: 3b b5 b5 bb 7b 3f 73 b6 b0 fb 4b 17 3b b5 b7 3b
  read 2413 -  02f0: 4b 6b 6b b7 b5 4b fb 70 3c b7 b5 fb bb 27 ec ac
  read 2413 -  0300: af 8a 8a 98 f3 a0 8f 78 87 b8 94 7b 93 08 b9 8c
  read 2413 -  0310: 9b 9a 9c 89 4a 2f 08 9d a2 ba fa 27 c0 a6 a9 4a
  read 2413 -  0320: ca 74 74 ad ac ba 4a dc 24 af b1 3b 8a f4 7b b7
  read 2413 -  0330: bb 7b 8b 14 4f b3 b3 7b 8b 64 48 b4 b7 cb 7b a8
  read 2413 -  0340: 58 b8 b8 4b 7b 8f 73 b9 ba 3b bb 80 7b bd b8 cb
  read 2413 -  0350: bb cf 6c b6 ba fb cb 8b 7f ba b7 7b bb 4c 6f b2
  read 2413 -  0360: b1 0b ba bb 64 a3 96 49 77 a8 cf 7a 92 48 39 97
  read 2413 -  0370: bc 99 9b b9 79 eb 60 a1 a4 4a 3a 78 88 a7 a7 4a
  read 2413 -  0380: 7a c3 97 ad b0 fa 7a ff 60 b3 b0 3b cb 1b 63 b7
  read 2413 -  0390: ba fb bb 7c 73 b4 b6 bb 3b f7 73 b5 ba 4b cb 9f
  read 2413 -  03a0: ab b6 b4 bb 7b ac a7 ba ba 4b bb 8f 7f ba b8 fb
  read 2413 -  03b0: 8b a0 73 b7 bc cb 0b 58 74 ba b9 fb 7b 64 7f b3
  read 2413 -  03c0: b3 4b ca cf 64 a1 96 79 b7 d8 b0 7d 8f f8 79 68
  read 2413 -  03d0: 73 96 9c 89 f9 bc eb a0 a3 f9 8a 6f 50 a4 a5 0a
  read 2413 -  03e0: ca d4 b7 ae af 4a 7b 1c 0f b0 b3 fb 3b 30 3b b5
  read 2413 -  03f0: b7 bb fb 3f 9b b9 b5 3b 8b d4 64 b1 b4 cb 4b 9b
  read 2413 -  0400: 3b b7 b3 7b 7b 9f 97 b5 b5 bb 4b 7b 4f bb b9 bb
  read 2413 -  0410: 8b a8 77 b8 b5 4b fb 5c 5b b4 b6 fb 0b 7f 53 b3
  read 2413 -  0420: ad bb fa cc 8b a2 98 b9 07 74 84 77 8e f8 c9 1b
  read 2413 -  0430: 84 96 97 09 b9 ab b0 9e a1 09 7a 27 68 9e a6 7a
  read 2413 -  0440: 4a 73 54 a8 ab 0a 7a d3 1f a8 ae 8b 8b 28 ec b2
  read 2413 -  0450: ae ba 7b 18 18 b0 af bb fb 48 6b b4 b6 7b 3b 13
  read 2413 -  0460: 5f b4 af cb cb 7b 47 b0 b8 4b 8b 2c 3f b5 b3 8b
  read 2413 -  0470: 3b 53 60 b5 b5 bb cb 54 2f b7 b6 bb cb 28 27 ab
  read 2413 -  0480: ac fb ca c3 d4 a4 8d 78 f7 40 ab 73 8c b8 b9 2c
  read 2413 -  0490: 5c 90 99 c9 39 7f e0 9c 9d 89 3a 04 30 a4 a9 7a
  read 2413 -  04a0: 0a 9f 98 a8 ae 0a fa e4 f8 a8 b1 7a bb 1f 0b b4
  read 2413 -  04b0: b2 8b 3b 1c 74 b2 b3 fb fb 50 2f b6 b4 8b 3b 1b
  read 2413 -  04c0: 68 b5 b4 3b bb a0 68 b5 b9 0b fb 8f 40 ba b7 8b
  read 2413 -  04d0: 8b a8 6b b5 b5 3b bb a3 00 b8 b8 7b 8b 73 4b b2
  read 2413 -  04e0: b1 8b 3a e8 4f a4 95 09 47 c4 ff 7c 96 08 f9 b4
  read 2413 -  04f0: f7 9a 9d 09 ca 1c e4 a5 a5 89 4a cb 83 a6 ae 4a
  read 2413 -  0500: 7b 03 f7 b0 b4 fa 3b 60 94 b4 b2 fb fb 64 64 b9
  read 2413 -  0510: ba 3b 8b 78 cf b6 b9 cb fb 9f 5b ba b8 fb bb 60
  read 2413 -  0520: b8 b8 bb 3b bb f0 ab bc b8 cb 4b 93 74 bd b9 7b
  read 2413 -  0530: 7b c0 00 bb be 3c 7b 84 ac ba bb 3b cb 8f b4 ba
  read 2413 -  0540: b4 fb 3b 24 dc ab 9d f9 37 64 7f 76 8c 78 b9 87
  read 2413 -  0550: 77 97 9b 49 09 b3 fb 9e a0 b9 ca a4 1b a2 ab fa
  read 2413 -  0560: 8a 4c 8c a8 ac 7a 3a d4 fb ad ae 7a 8b 0b 2f b2
  read 2413 -  0570: b7 0b bb 18 0c b1 b4 bb 0b 2b b8 b4 b4 ba 8b 2f
  read 2413 -  0580: 27 b6 b3 bb fb 28 4f b6 b1 8b 7b 1f 17 b0 b0 0b
  read 2413 -  0590: 0b 0f 10 b2 b2 bb 3b 0c 17 b5 b2 bb 0b 47 14 aa
  read 2413 -  05a0: ad 4b ba 84 0f a3 90 f9 b7 3f 6f 73 8f 88 09 2f
  read 2413 -  05b0: d4 96 9c b9 09 cf 84 a2 9b 39 ca 44 40 a0 a0 fa
  read 2413 -  05c0: fa d3 8b aa aa fa ca 8f 03 a9 a8 fb ba bf 13 af
  read 2413 -  05d0: ae fb 0a fb e0 b2 b8 8a 7b 48 18 af ad 3b 7b 2b
  read 2413 -  05e0: 7f b2 b4 fb 0a d8 24 b0 af 8b bb 24 24 b6 b2 3b
  read 2413 -  05f0: fb 63 7b b1 b0 8b 0b 18 a7 ad b3 8a 4a eb ef ae
  read 2413 -  0600: ae ba 8a a3 0f a1 91 09 37 94 74 79 8b 88 b9 77
  read 2413 -  0610: a4 95 98 49 39 7f e0 9f a0 b9 fa 3f 9c a4 a8 ba
  read 2413 -  0620: 8a b4 c4 ac b2 0a 4a d3 0b b1 b1 cb fb 44 3f b8
  read 2413 -  0630: b8 fb 3b 5f 38 b4 b6 3b 8b 54 77 b3 b8 fb bb 5b
  read 2413 -  0640: 8b ba b3 fb 8b 5c 38 b6 b8 7b 3b b3 67 b6 bc bb
  read 2413 -  0650: 7b b0 af b9 b4 fb 4b 8b 88 b8 b6 3b 4b 87 4c b8
  read 2413 -  0660: af bb cb 04 8b a1 98 89 77 a8 b8 7a 91 78 39 54
  read 2413 -  0670: bc 98 9b 89 39 f7 ec a2 a2 89 4a 5b 7b a4 aa ca
  read 2413 -  0680: 0a ac f3 aa b0 ba 4a ff 07 b1 af cb fb 28 27 b1
  read 2413 -  0690: b5 8b fb 50 3f b3 b3 cb 4b 73 7c b4 b9 7b 0b 73
  read 2413 -  06a0: 6b b8 b5 fb bb 7f 90 b8 b8 bb bb 84 64 ba bc 0b
  read 2413 -  06b0: 8b bb a7 b8 b8 cb cb bb 93 bc b7 3b cb 84 44 b5
  read 2413 -  06c0: af cb 3b 50 a0 a4 99 f9 f7 94 a8 78 8f 48 09 53
  read 2413 -  06d0: 87 98 9b c9 b9 c4 04 9c 9e 4a 0a 5c 5f a2 a7 7a
  read 2413 -  06e0: ba a3 a0 ac aa ba fa ff eb ae ac 8a fb 33 cc b0
  read 2413 -  06f0: b1 7a ca d0 70 b2 b5 8b 7b 8f 60 b1 b6 8b 3b 03
  read 2413 -  0700: 60 b5 b8 0b 3b 34 58 b2 ae fb fb 43 8f b4 b4 bb
  read 2413 -  0710: 7b d0 33 b7 b1 fb bb 5b 67 b8 b6 4b 0b 14 44 b2
  read 2413 -  0720: b1 0b fa bc f0 a3 8e f8 47 4b af 74 8e f8 b9 9b
  read 2413 -  0730: 87 93 9a 39 09 9b 13 9b 9e 4a 7a 48 2c a5 a8 4a
  read 2413 -  0740: 8a 6b 88 a6 b0 fa 3a a8 0f af ad fb 3a bc ef b3
  read 2413 -  0750: b2 fa ba ff 00 ad b4 cb fb 13 d4 b2 b6 fa bb 13
  read 2413 -  0760: 37 b3 b2 bb ca f7 03 af b8 4b fb 60 37 b3 b3 cb
  read 2413 -  0770: 0b 1c 83 b5 b5 7b fa bb 4c b4 b3 fb cb 63 50 b3
  read 2413 -  0780: b0 0b 7a a4 13 a7 91 49 c7 6c 84 76 89 48 89 3f
  read 2413 -  0790: b4 92 9a 89 b9 a4 cf 9d a0 f9 c9 fb 58 a3 a2 8a
  read 2413 -  07a0: 4a 3c 73 ad b0 8a ca 9c bb ac aa 4a cb 13 04 b0
  read 2413 -  07b0: b4 4b 4b 48 47 b3 b4 0b cb 4c 3c b0 b8 bb 0b 63
  read 2413 -  07c0: 2f b9 b4 bb 3b 1c 5c b4 b5 cb cb 6f 03 b4 b2 3b
  read 2413 -  07d0: cb 80 70 b7 b7 7b cb 2f 47 b5 b5 cb bb 4c eb b1
  read 2413 -  07e0: b3 3a 0a db 44 a6 94 49 77 6b e3 76 92 38 09 af
  read 2413 -  07f0: cf 96 a0 89 39 cb 24 a4 a1 ba 3a 48 5f a4 a8 7a
  read 2413 -  0800: fa af bf ac b0 3a 0a ff 28 b0 b3 cb 4b 2c 4c b3
  read 2413 -  0810: b8 cb cb 3c 4c b7 b2 0b 3b 9b 68 b7 b8 fb 4b 37
  read 2413 -  0820: 94 b7 b7 bb bb ac ab b6 b8 7b fb df 5f bc b5 fb
  read 2413 -  0830: 3b bf ab ba ba bb 3b 7f 3b bc bc 8b 7b 50 48 b4
  read 2413 -  0840: b2 4b 4b 14 5b aa 95 c9 f7 74 a7 76 8f b8 79 58
  read 2413 -  0850: cb 99 a0 09 f9 bf 17 a0 a3 ca 7a 67 a3 a8 a4 3a
  read 2413 -  0860: ca 9f ec ad ae 8a 7b 1f 43 b1 af cb fa fc 47 b4
  read 2413 -  0870: b8 bb 7b 1c 8b b3 b3 3b bb 8c 7f b8 b8 cb 7b 7f
  read 2413 -  0880: 7b bf b5 bb cb 24 5b b6 b5 0b 8b 88 c7 b4 b8 bb
  read 2413 -  0890: bb 7b 9f b8 bc 0b fb 73 77 bd b7 7b bb 54 80 b3
  read 2413 -  08a0: b0 cb 0b 3c 8b a6 98 b9 07 54 53 75 8f 48 c9 5c
  read 2413 -  08b0: e3 97 9d 79 49 d3 84 a2 a1 c9 ca 6f 93 a3 a5 7a
  read 2413 -  08c0: fa 6c 9f aa ac 0a ca c4 27 a9 ae 8b 7a eb 3b b0
  read 2413 -  08d0: b2 8b 7a f4 6f b1 b1 8b bb 2b 38 b2 b2 4b 7b 0f
  read 2413 -  08e0: 48 b0 b4 7b 7b 1b 63 b4 b5 0b fb 2b 10 b7 b6 4b
  read 2413 -  08f0: 8b 7f 40 b4 b1 4b fb 6b 1b b6 b3 7b bb 20 03 b3
  read 2413 -  0900: ad 4b 3a b0 37 9f 93 79 c7 80 b8 77 90 38 c9 68
  read 2413 -  0910: 8f 95 9e 89 89 ec 24 a4 a2 ba 8a 54 7b a7 a8 8a
  read 2413 -  0920: ca 84 a8 ae b2 fa 0a bf 3f b0 b2 fb 3b 53 2f b8
  read 2413 -  0930: b7 cb 8b 2b bf b4 b6 3b bb bb 43 b6 ba cb 8b c8
  read 2413 -  0940: a7 b9 bd 3b bb 68 d8 b1 bb 7b 3b 6f d7 b7 b9 7b
  read 2413 -  0950: fb 7c df bb bb 3b cb a7 98 b6 b9 cb cb 8b 83 b9
  read 2413 -  0960: b3 3b 8b 23 37 a7 93 b9 55 00 b5 b4 88

 Goodix>>> after Nav_isTouchedByFinger navret = 0x2
 Goodix>>> :void
 Goodix>>> update navbase
 Goodix>>> nav buffer size:3200 buffer size:10240
 Goodix>>> save imagebase 
 Goodix>>> fail to create dir C:\ProgramData\Goodix, errno 17
 Goodix>>> write 13520-13520 bytes to C:\ProgramData\Goodix\goodix.dat
 Goodix>>> exit size:13520(dec)
 Goodix>>> exit, base_is_valid 1
 Goodix>>> request pending after check: to FDT DOWN
 Goodix>>> enter, Mode 3, Type 1, base_type 1
 Goodix>>> setmode: Fdt down
 Goodix>>> fdt-down TIMESTAMP 0x47e0
 Goodix>>> switch to FDT mode 1
 Goodix>>> data sent::0x80b080c380a680b880a880b8
 Goodix>>> cmd0-cmd1-Len-ackt-ec:0x3-1-0x10-1000-0
 write    4 -  0000: a0 14 00 b4

 Goodix>>> recvd data cmd-len: 0xb0-3
 Goodix>>> get ack for cmd 0x32, cfg flag 0x1
 write   20 -  0000: 32 11 00 08 01 80 b0 80 c3 80 a6 80 b8 80 a8 80
 write   20 -  0010: b8 e0 47 06

  read    4 -  0000: a0 06 00 a6

  read    6 -  0000: b0 03 00 32 01 c4
 Goodix>>> entry
 Goodix>>> exit
 Goodix>>> entry
 Goodix>>> activate 0
 Goodix>>> last OnActivate done.
 Goodix>>> exit
