
 write    4 -  0000: a0 08 00 a8

 write    8 -  0000: 01 05 00 00 00 00 00 88

 write    4 -  0000: a0 06 00 a6

 write    6 -  0000: d5 03 00 00 00 d3

 write    4 -  0000: a0 08 00 a8

 write    8 -  0000: 01 05 00 00 00 00 00 88

 write    4 -  0000: a0 09 00 a9

 write    9 -  0000: af 06 00 55 44 21 00 00 3c

  read    4 -  0000: a0 1a 00 ba

  read   26 -  0000: ae 17 00 04 06 30 00 00 00 00 00 20 00 02 00 00
  read   26 -  0010: 01 80 01 04 25 02 00 01 00 db

 write    4 -  0000: a0 14 00 b4

 write   20 -  0000: 32 11 00 08 01 b1 b1 c4 c4 a7 a7 b9 b9 a9 a9 b9
 write   20 -  0010: b9 c4 31 fb

  read    4 -  0000: a0 06 00 a6

  read    6 -  0000: b0 03 00 32 01 c4

  read    4 -  0000: a0 14 00 b4

  read   20 -  0000: 32 11 00 02 00 1f 00 ca 00 fd 00 da 00 04 01 f1
  read   20 -  0010: 00 54 01 5a

 write    4 -  0000: a0 06 00 a6

 write    6 -  0000: 22 03 00 01 00 84

  read    4 -  0000: a0 06 00 a6

  read    6 -  0000: b0 03 00 22 01 d4

  read    4 -  0000: b0 2a 1e f8

  read 7722 -  0000: 17 03 03 1e 25 00 00 00 00 00 00 00 02 e1 e2 0b
  read 7722 -  0010: 41 e6 91 fe 73 14 3e 0c 00 eb 43 63 61 57 83 52
  read 7722 -  0020: 6d a7 a3 8b 8f 1f b5 61 82 8d 9c 3b 55 9a 43 c3
  read 7722 -  0030: 3d 10 7b 9c b7 53 a2 38 e0 cf 09 18 7b 1a 67 7f
  read 7722 -  0040: 85 0a 04 78 ef df 87 b4 a3 b9 80 2f 6d f8 2a 05
  read 7722 -  0050: 4f 57 b2 c3 09 cb d8 a5 2f 76 04 08 4e 50 cb dd
  read 7722 -  0060: df 9b 55 28 aa 65 b6 50 3f a6 61 11 eb 2e 2c b4
  read 7722 -  0070: cd 8f a7 24 60 7c 2a 7a 48 50 79 e8 bd 52 a6 ca
  read 7722 -  0080: 3a 45 36 87 7b 6b 5d 72 66 88 fb 03 8b 47 25 64
  read 7722 -  0090: 9d 79 a8 bc bc 69 a7 0f 05 81 d1 26 e4 19 a4 b3
  read 7722 -  00a0: f4 49 15 36 18 df 07 ab 3e 92 b6 8d 03 92 c6 54
  read 7722 -  00b0: cf 28 27 6f 34 a4 70 55 91 6c 06 31 5b 1f 46 9d
  read 7722 -  00c0: a3 b2 69 8b 99 f7 15 c1 50 99 30 88 bc 0e 5a 64
  read 7722 -  00d0: 39 e5 8d b3 85 34 65 04 76 cb 3b a6 14 fa 5a 54
  read 7722 -  00e0: 89 b3 4c 51 67 5a db eb 14 b4 29 7d 18 f6 72 4a
  read 7722 -  00f0: 70 a0 dc c2 b6 07 f2 34 e1 2f 4b ed e2 72 c0 18
  read 7722 -  0100: 19 3c 41 2e f6 ac 61 c3 fe b4 63 5c be cd 81 9c
  read 7722 -  0110: 62 cb 76 a7 48 57 ff 48 2a cc 9a 0e 48 6f b5 bc
  read 7722 -  0120: 27 99 c3 d0 1b dc 6c 07 24 8f 57 d8 26 66 69 5f
  read 7722 -  0130: 9b 7d d6 a0 5e de 47 96 66 4b 78 60 7c 4e c4 a2
  read 7722 -  0140: aa 7a fa 30 5d b7 27 70 23 bb 00 b6 19 65 16 1a
  read 7722 -  0150: 21 f7 5d 15 1c f9 b3 c3 35 84 a4 b2 46 b4 e0 ba
  read 7722 -  0160: 78 7d 7d 26 c4 60 54 ec 88 f7 e4 fd 54 92 03 86
  read 7722 -  0170: 61 42 95 66 8c 90 64 fa c3 ca 4e 76 56 d9 00 b6
  read 7722 -  0180: fa e1 da 96 ef 91 85 ea 16 17 ef 8c 5c 25 96 38
  read 7722 -  0190: 5a be 54 78 84 90 3a 85 aa 68 cf 10 96 ca d8 68
  read 7722 -  01a0: 39 d8 6d 5b 89 f6 fc f6 aa d5 18 31 67 d3 c1 47
  read 7722 -  01b0: a5 be 6c 8a 98 13 ee ae 16 c7 e7 d6 e0 6e ba a9
  read 7722 -  01c0: 4b 36 5c aa 17 9f 2a cd 1e 7a 4c db ee 8b 34 c5
  read 7722 -  01d0: 95 9d 7b 10 ee df ac 9f 83 a8 d8 4c 2c 37 75 8b
  read 7722 -  01e0: d5 97 f9 fb 26 d9 93 07 bc 3e ae 20 94 86 74 67
  read 7722 -  01f0: 77 e9 ae 46 2d a1 5b 16 1e 9a 49 5f 19 54 1a 0c
  read 7722 -  0200: 99 15 89 7e d4 72 08 b9 1a 6e 30 27 4e bd 27 72
  read 7722 -  0210: e7 f7 bb a0 bf 12 04 4a f3 b9 75 ae 35 cd 2e 59
  read 7722 -  0220: 94 b4 f5 80 6b 05 32 a4 26 f9 a3 07 84 88 3b 06
  read 7722 -  0230: af 65 e2 72 d1 0c d4 3a 06 22 9a 5a a6 ce a8 cc
  read 7722 -  0240: 5a 4c 6f 17 28 ab 88 bb 4f 31 c4 ae 37 00 d4 63
  read 7722 -  0250: 25 32 ba 75 b6 a1 90 5a ff 4b 4b eb ec 0c c0 40
  read 7722 -  0260: 59 96 5b a7 de 6b f1 32 b7 46 eb 14 04 c9 8d 90
  read 7722 -  0270: 4f 94 89 c6 9a db 40 b8 eb 2c 05 1f f6 99 c6 c4
  read 7722 -  0280: f8 05 23 06 2f 2b 23 89 36 53 cb 88 fe 77 53 c2
  read 7722 -  0290: 19 7e 93 c9 6a 64 e5 45 2b 78 e9 6d aa a3 f4 29
  read 7722 -  02a0: d4 0f c7 0f ab 38 9f 83 47 0d ff 9d bf 96 ed 97
  read 7722 -  02b0: 05 6d 07 60 ed f7 4b c2 fa 02 37 de 9f aa 84 c4
  read 7722 -  02c0: 6e 48 22 99 85 94 13 e6 d8 d8 0f c5 ab a0 1b 17
  read 7722 -  02d0: b5 42 68 ea 83 1f 2a 66 bc a5 fa 14 9f 5c 71 1b
  read 7722 -  02e0: 11 d3 d9 79 11 6a 13 20 4f ce 94 15 78 6c bb f2
  read 7722 -  02f0: 6e b8 fe c3 ac eb f4 a8 52 82 4f ad 46 cb ba ce
  read 7722 -  0300: 19 70 76 62 be 92 0e 67 60 6b 8e b2 50 47 c5 95
  read 7722 -  0310: 9a b8 5e e1 3f 5c bc 9a 3b 11 5e 12 e1 bd d3 73
  read 7722 -  0320: 7c 4b 58 d0 12 c4 7e 47 fa cd 1c b3 82 9d e6 b2
  read 7722 -  0330: 0c 21 e5 b0 a1 dd f2 5c 53 18 36 a6 34 1d fc c7
  read 7722 -  0340: 49 93 68 71 44 07 6f 78 5a e1 e2 6c f9 cf 33 52
  read 7722 -  0350: dd b7 7a 20 f1 57 a5 35 7f d2 fe 8f 34 f0 db bc
  read 7722 -  0360: 47 39 39 75 4c 6c 3b bc bc 39 b5 9e 98 d7 ef ea
  read 7722 -  0370: 17 ee b0 b6 17 26 a3 f6 96 9e 2e 95 6b 73 af 81
  read 7722 -  0380: 14 80 7f cf 77 7e a5 d8 32 eb 23 4d cf 81 a6 35
  read 7722 -  0390: 9f fc 69 65 34 1d b2 32 69 f4 a0 0f b7 84 2e b5
  read 7722 -  03a0: 45 28 27 1f 6f f3 f2 7d 98 c3 5c f5 a7 49 e8 96
  read 7722 -  03b0: 3f d3 f2 9a 7c 23 38 1a db 7a 3d 84 a4 ab 41 fc
  read 7722 -  03c0: 3c 1c c2 b5 a8 a1 4f 79 93 4e 1d bf 00 15 0e 63
  read 7722 -  03d0: d0 4e b9 04 43 1a ef df 89 77 b7 2a 23 61 22 59
  read 7722 -  03e0: f5 ba 35 2f 75 ae 2b d8 0b 06 fd 85 dd 6d b2 98
  read 7722 -  03f0: 16 25 93 2f 9a 3b 4e 29 6f fd 91 4b 5a 1f 1c 61
  read 7722 -  0400: 5a a0 60 69 2c 1b d2 9f c1 58 09 d7 1a 89 75 39
  read 7722 -  0410: ac 30 5a 53 d2 92 3b cf f3 95 21 c6 ff 00 95 9d
  read 7722 -  0420: 12 c7 cf 72 bb a5 a5 b5 60 f0 f5 fd 8e ef 98 e4
  read 7722 -  0430: 98 72 d9 f5 2e 39 34 f1 5d 91 ba 1c fc 3d 2f 33
  read 7722 -  0440: 97 1d af 35 7e 13 01 97 49 e7 59 eb 96 06 11 f5
  read 7722 -  0450: 0b 10 f5 24 99 17 ae 44 4a 54 c7 22 ed e3 21 69
  read 7722 -  0460: 83 18 59 bc 01 0d 1e 0e 8a 88 9c 13 1e 09 da a6
  read 7722 -  0470: fc bd 48 c7 ea 3d d5 0b 66 f3 1b fe 2f 2b 24 e9
  read 7722 -  0480: 2c 69 89 25 f4 11 ea a5 e4 b3 15 f1 8b 8f 06 a5
  read 7722 -  0490: db 47 75 1a af 95 51 40 12 3e 74 39 84 d1 e8 aa
  read 7722 -  04a0: 1e 83 2d 47 a0 92 44 79 dd 3a 3c f1 4a 9b 86 59
  read 7722 -  04b0: ed 90 69 c5 50 c3 f6 c0 27 27 15 7e 82 01 b3 be
  read 7722 -  04c0: a3 a8 29 43 3c d5 14 b0 7a ef a3 74 4a 20 c6 82
  read 7722 -  04d0: ca 56 dd 20 20 f2 a9 8f 47 e0 58 a9 9d b6 f2 64
  read 7722 -  04e0: 19 96 66 d7 36 54 a1 87 3d 3f a8 82 26 98 82 f5
  read 7722 -  04f0: 51 52 0d 22 a8 13 79 16 bb 50 c8 12 05 a3 f8 6b
  read 7722 -  0500: 23 5d 72 48 4a 8c b0 bf 30 57 31 df ba 1b c4 7b
  read 7722 -  0510: 7e b8 9b 9b c4 0d ef 52 0b 92 49 8e 28 61 23 18
  read 7722 -  0520: c3 c0 f1 7a ad 6e 47 da ec 2f 84 c6 65 f6 a1 ce
  read 7722 -  0530: b8 af 5d 8b 7c 33 aa 23 96 b1 28 eb b9 15 2f 30
  read 7722 -  0540: 76 c0 a6 ee ac 43 45 82 e6 96 f6 3a 64 95 c1 5b
  read 7722 -  0550: 09 a2 57 91 82 2d 2d 1a 94 1c 7a 5c d1 fc 01 98
  read 7722 -  0560: c9 cf 6f 4b 6a 0e b3 45 d3 cf 30 3f e1 69 97 9c
  read 7722 -  0570: 79 b2 a2 63 95 07 7b 5f 41 72 83 5a 16 44 85 44
  read 7722 -  0580: 1d 61 83 37 87 a0 19 47 2f df e7 2a e3 7e 79 5a
  read 7722 -  0590: 41 4c b2 80 4e 5e 4c dc 59 5f 19 b9 56 b2 ad e4
  read 7722 -  05a0: eb ca e8 e8 47 86 cc ed da 47 07 ee a5 f4 26 02
  read 7722 -  05b0: ea 8f 33 c6 70 b4 e9 91 bc 42 ca c1 09 24 bc c7
  read 7722 -  05c0: 30 1a 57 a4 12 38 d7 4b 31 75 08 d1 2e 44 39 e5
  read 7722 -  05d0: 74 5a e9 84 ed cb a6 a4 4a 5b 9c f7 26 25 0e ff
  read 7722 -  05e0: 8c 1b 5a 8d d2 80 3f 7f a1 b1 e1 c4 73 cf ca 54
  read 7722 -  05f0: cc 80 0f 5e f0 25 25 bf 3e 5d 70 20 07 27 2f 1c
  read 7722 -  0600: 23 f0 fc 3f 64 55 86 ec 3f 7b e5 21 08 55 25 34
  read 7722 -  0610: ad 26 2a eb 50 7b 12 05 48 8a 25 0d 91 57 24 9a
  read 7722 -  0620: 11 bd 21 b5 b3 32 3c 72 87 fb df e0 46 8c 42 d4
  read 7722 -  0630: 54 27 5b 2e 12 bf 64 27 80 04 a4 7d cc d5 29 60
  read 7722 -  0640: 2d f5 8f bc 9c 68 3b 66 b5 2d 4e f3 80 33 2f e4
  read 7722 -  0650: 46 7d 6c e8 6e 99 f5 bc 52 84 72 16 10 30 35 2f
  read 7722 -  0660: 6b fa 42 b6 d2 f2 ea 5f 69 2e c2 db fd f0 14 19
  read 7722 -  0670: de 07 e3 bb f5 17 c5 3b 22 4e f3 b1 a3 3e 1d 16
  read 7722 -  0680: e2 29 89 37 f3 8f a5 fa fe f2 40 2d 8b a2 e1 24
  read 7722 -  0690: 3c df c3 a1 34 cb 98 85 c5 e1 e6 89 9a 40 f6 e9
  read 7722 -  06a0: c4 65 b9 b8 34 06 69 1b 91 80 42 c6 71 22 29 2c
  read 7722 -  06b0: 36 2b cf f6 71 89 d3 a9 8c 1f d3 3f 8b 4f d3 27
  read 7722 -  06c0: 37 a2 3f 84 81 9f 41 9c 07 22 44 b4 dc 88 ba ed
  read 7722 -  06d0: ff c2 9e 36 bd 38 60 7d 26 70 34 7f f4 8f 33 d6
  read 7722 -  06e0: 6b 9c 70 03 10 a4 ea 6c c3 a8 a3 57 47 83 dd 81
  read 7722 -  06f0: e8 bf d8 06 24 5c de a0 7d 81 6d 92 a6 c6 14 2d
  read 7722 -  0700: a3 fb 19 a1 05 56 51 a5 92 dd 2a 44 c4 71 8c 6c
  read 7722 -  0710: 3e 2a 80 6f 4e ef 77 ba 98 c5 0b fe 89 f1 d3 70
  read 7722 -  0720: f6 fe 3d 97 f2 79 01 f6 06 d4 f3 64 4f d2 94 25
  read 7722 -  0730: a9 dc 5b de 59 c5 a1 93 6c 3a d8 99 dc 1c 4d 40
  read 7722 -  0740: 68 6d 0a 41 ef b1 74 cd 99 b8 71 bc 54 d7 9d 01
  read 7722 -  0750: 6d 88 a6 6e 7b 8e 7c 1d 83 bf cf 44 d7 01 70 0d
  read 7722 -  0760: a9 9f cb af 0e cd 11 f1 34 b3 1a 87 57 75 0c fb
  read 7722 -  0770: e0 5f 8a 2b cb c3 a0 91 01 c5 85 c1 14 be 73 8e
  read 7722 -  0780: c2 95 e2 51 10 52 c1 42 69 c8 97 e0 9a 42 82 12
  read 7722 -  0790: f1 1e 53 d5 bf 4f 97 bb 4b 19 10 c7 ef 28 c3 fc
  read 7722 -  07a0: 95 0e 38 43 f8 88 5e 99 19 5e 4d c9 a2 0a 04 94
  read 7722 -  07b0: 1c 01 b7 91 65 b6 cd 30 2d 49 e6 12 b3 e0 4b 51
  read 7722 -  07c0: 2f 31 79 c2 e8 80 3e b0 a6 43 15 3f f5 56 df 8e
  read 7722 -  07d0: c5 a0 c9 36 7d 5f 6f 1e a7 65 26 ff 51 42 36 03
  read 7722 -  07e0: 79 5b 4e 96 70 26 7f 7e 5e 9e 91 98 75 d2 72 68
  read 7722 -  07f0: c8 f8 79 ae 90 31 6f ce ea b3 13 64 fb c3 7d 5b
  read 7722 -  0800: 6c da 47 dc 7b fe 7a 1c 06 2f db ab 12 28 c4 80
  read 7722 -  0810: cc de cc 23 21 85 88 18 e7 71 3c 41 b6 37 f5 ab
  read 7722 -  0820: 20 04 18 9e f6 7b f7 b1 1a 69 fc 02 3b 4b 4d e4
  read 7722 -  0830: 7e bf 14 41 c0 00 ab 26 08 61 df b3 04 94 04 a0
  read 7722 -  0840: 8d cb 8e 1f 9f 0e 67 e7 a0 dd d8 e3 2e 14 80 8b
  read 7722 -  0850: a7 2a 8e 12 39 43 a9 00 dc 94 c8 c7 bf f5 e3 d7
  read 7722 -  0860: 1b 6a 27 8b 93 fe ad 73 f2 b0 3f 0f 95 4f a7 46
  read 7722 -  0870: d1 78 8e 38 07 e4 4a cc 28 71 90 04 49 60 5d 37
  read 7722 -  0880: 79 06 f7 ce 8a cc 0f f9 88 37 e3 30 14 32 c5 4c
  read 7722 -  0890: f2 cd 57 3a ac 7a d5 66 30 5a b3 48 38 9d 63 20
  read 7722 -  08a0: d9 71 08 3f a4 3e cb 8d 7f 9e 8f e3 42 30 ac 8e
  read 7722 -  08b0: e2 4c 2d 4b 38 8f b6 93 f1 8c 1a 32 05 77 38 17
  read 7722 -  08c0: c3 35 af 1c 3c 60 91 cd d8 83 1d 5a 89 38 f4 d0
  read 7722 -  08d0: be ea 4a 4e ee 4d 21 1e f3 46 31 54 f6 e0 40 7b
  read 7722 -  08e0: a8 e1 e1 9e 35 04 62 17 6f fa b8 a5 73 20 16 6d
  read 7722 -  08f0: 55 21 10 0f 21 b6 f9 33 58 35 93 57 c2 1d cb bb
  read 7722 -  0900: e8 55 62 66 7e b4 1d fa 2a 21 56 f4 03 52 86 9e
  read 7722 -  0910: de 0a 87 14 15 3b d8 d6 42 d8 22 28 c4 9f 66 60
  read 7722 -  0920: 36 6c db 76 24 e7 38 3b 7c cc c1 2e 39 86 64 de
  read 7722 -  0930: 85 23 d4 78 4d 26 ad b4 06 71 d9 9e 06 c3 0f ad
  read 7722 -  0940: 72 4e 23 db b8 14 f4 9b bf 3f d0 32 60 3b c4 1f
  read 7722 -  0950: 7f 94 09 75 af d8 99 6f 0a e6 28 37 77 c0 28 8a
  read 7722 -  0960: eb d7 e5 9c 26 15 15 d4 1d 3d 72 d5 06 ef 3a d7
  read 7722 -  0970: d8 61 b3 9a d1 27 44 9f 8d 98 d1 9c 88 83 b7 6a
  read 7722 -  0980: 04 1b de f7 a2 48 20 10 c1 d3 71 f0 6c 1b 36 7a
  read 7722 -  0990: be 9e 87 b0 a5 e9 49 be 28 e9 8f 08 d5 41 57 3f
  read 7722 -  09a0: 36 85 e8 89 9a a5 a5 6b 11 44 e6 ce 08 86 1a 26
  read 7722 -  09b0: c1 3f 0a f7 48 c3 1c 20 be f4 74 db 73 df 13 80
  read 7722 -  09c0: 72 ba 7e 3e 5a d4 19 4f db bd 1b 54 a1 97 b1 bd
  read 7722 -  09d0: cf 71 f8 3c 67 a7 7c 93 73 40 6e 4b 6a 1d a1 80
  read 7722 -  09e0: f5 75 9e ab e4 7f ee 9f 0f e8 73 7a 94 e8 9a ba
  read 7722 -  09f0: 12 e5 22 8d 8f 0f 2d b6 55 5b 44 69 cb ab 43 39
  read 7722 -  0a00: a6 e2 98 1c bc 66 73 c1 22 ca 85 57 6a b5 34 3f
  read 7722 -  0a10: 65 66 69 c2 c9 1a ac 05 5e 11 1e 80 b2 6b 26 c9
  read 7722 -  0a20: 17 c7 86 97 98 de c3 3a 51 10 c1 3a dd c2 17 15
  read 7722 -  0a30: d3 40 7b d5 88 8e f6 7b 9a a4 f0 63 9b 7e d0 c6
  read 7722 -  0a40: b3 b3 62 2c 30 48 27 d5 e8 4a 38 5f 95 30 38 3f
  read 7722 -  0a50: e2 82 1f 1b f8 d4 10 95 89 e5 15 cf c3 6d bb 86
  read 7722 -  0a60: eb e7 18 74 97 58 de 75 af 11 fb 23 35 bd 95 19
  read 7722 -  0a70: 60 aa cf 5c 81 63 31 9d e0 a2 3f e1 88 f9 30 49
  read 7722 -  0a80: 5c f9 c3 48 15 09 a0 86 b5 12 b4 fa 17 72 91 72
  read 7722 -  0a90: 6f 7d 43 9a 97 9e 0d aa 18 db e6 ee aa 31 24 f2
  read 7722 -  0aa0: 64 31 35 2c 7b 56 1d 32 e6 35 dd de 79 9b c4 c4
  read 7722 -  0ab0: 33 cf 12 d3 91 32 77 98 62 1e 16 3e 95 be 87 e7
  read 7722 -  0ac0: 25 dd 4c 36 d0 a4 64 5d 16 0a a8 52 1a cd a8 70
  read 7722 -  0ad0: 53 1f 8a e4 33 47 db 95 7f 69 cb ee 56 fd 86 dc
  read 7722 -  0ae0: 5f 87 19 fc a6 1c 2b a9 90 9c 47 09 45 82 58 e6
  read 7722 -  0af0: 88 c1 26 f4 14 bc 26 e3 99 1c 20 e4 a0 e0 03 17
  read 7722 -  0b00: df 1c 4d 3f 62 03 fc 20 d7 6c 1f 49 34 94 0a 0a
  read 7722 -  0b10: 88 87 d0 fe 67 50 42 83 b8 46 af d5 37 74 04 72
  read 7722 -  0b20: a0 9c ac 7c 72 1e ba a4 c1 19 cb 05 df 67 71 cd
  read 7722 -  0b30: 29 10 05 2c 9d 48 95 e1 b0 2e c0 1e 06 fc 23 94
  read 7722 -  0b40: ef 39 c7 e0 ed f5 06 1a 1f 88 80 d5 26 6a bb fe
  read 7722 -  0b50: 9c a4 c0 d8 42 99 4c 02 ca c7 fa b5 f1 3a e2 06
  read 7722 -  0b60: 53 cf 8e 59 37 49 6c 79 5c bc dc ac 02 7e d3 51
  read 7722 -  0b70: e0 32 9a af 45 eb 5d 56 4c 36 10 2a 6f 3b 07 52
  read 7722 -  0b80: 2c 79 63 dd 91 76 93 dd ea c6 b3 4e 0b d7 34 21
  read 7722 -  0b90: b1 22 ab ee c5 0a b9 1e 2f 1a 0e df f0 61 9d 2f
  read 7722 -  0ba0: 6c 83 51 e2 20 2b 0f 67 f0 ae 93 ed 0e 5d 0c 11
  read 7722 -  0bb0: 7f 61 51 9f f6 26 f1 c5 c9 99 59 d5 90 9a a3 12
  read 7722 -  0bc0: 32 c1 9d 3d 8c 5f de 61 a1 f2 4c ec 81 7e c5 27
  read 7722 -  0bd0: c3 fe fa 8b c0 5d 49 a4 5c e4 96 5c 1a 2e 72 57
  read 7722 -  0be0: a0 6f ef 4a 1f cf 1f 7b f1 57 a6 7c 20 aa 99 32
  read 7722 -  0bf0: 15 a0 8c e6 cb 61 5d 36 51 24 ae f9 81 e4 6f c1
  read 7722 -  0c00: 1d 0c 37 a5 37 35 5a bf ea ba b1 81 d8 f5 10 28
  read 7722 -  0c10: fe fd 7b e5 47 cd 9a 08 33 65 66 a8 7b d1 0d cb
  read 7722 -  0c20: 4b 9a 1b 8f 54 a0 d3 36 ab 60 81 34 5b 3c a2 83
  read 7722 -  0c30: 2e f4 ae 34 15 69 6c f7 e2 bb c8 af cf 20 04 d2
  read 7722 -  0c40: 29 10 a9 6c 14 1f e9 0d a1 5b ef a8 85 48 b3 a4
  read 7722 -  0c50: bf af b3 11 2c ea f5 51 f0 f7 53 ac ec 53 2f e2
  read 7722 -  0c60: eb 95 d8 e7 2f ba d9 8c 6b 62 38 43 3e 87 0e 2e
  read 7722 -  0c70: 02 f9 fd 4e 4f f8 cc aa 4b d6 34 76 82 b5 6e b4
  read 7722 -  0c80: b6 5c 29 ed 08 b9 5c c4 0f d4 cd df 90 13 62 90
  read 7722 -  0c90: 3d c9 7b 75 6d a8 08 ee 2b 46 14 98 4f e8 66 a0
  read 7722 -  0ca0: 33 7f 65 af 87 f8 76 84 5f 89 b5 d8 c9 a3 51 09
  read 7722 -  0cb0: 89 e2 bf a4 d0 94 ad 50 30 3d 9c 7d 8a 1e a3 ce
  read 7722 -  0cc0: 37 72 cc e3 e1 d3 89 71 5f e5 3e 25 af cc e7 89
  read 7722 -  0cd0: b1 5a bd d3 c7 3a 27 50 ba cf 69 6f 16 bc e4 0c
  read 7722 -  0ce0: f4 4a e5 f6 03 c9 86 2e 3d 45 46 85 ec e1 1f 8a
  read 7722 -  0cf0: 65 e7 8c 36 3a cf 29 3a b5 c3 2c 3c f8 69 f4 35
  read 7722 -  0d00: a0 1b 83 8e 8a e1 35 41 9b 55 28 68 7c 5d 89 7d
  read 7722 -  0d10: 3a fc f1 c2 54 b6 a0 70 f0 3e 30 a3 3e d9 73 f2
  read 7722 -  0d20: b0 7e a8 02 08 c9 ad db 00 5f cb 48 22 43 dc 7b
  read 7722 -  0d30: 63 28 6f 4a 2f 88 e4 4e 17 a9 1e 06 21 d7 bd 6b
  read 7722 -  0d40: 91 b5 4f c9 a6 f2 91 46 40 c9 8a 94 8e e4 3e 58
  read 7722 -  0d50: b2 35 11 a0 cb 6a d0 ce d4 d0 b8 9a 8d 7c b5 1d
  read 7722 -  0d60: 2f 0b 68 2e 76 b2 46 10 b4 71 23 0d 28 36 30 0b
  read 7722 -  0d70: f7 75 80 d4 c5 ea e2 a8 64 28 1b 8b bd 04 6a 4b
  read 7722 -  0d80: 24 95 01 c5 17 6d b8 bb 3c 07 64 4f 7d c5 d5 ea
  read 7722 -  0d90: 54 a0 35 22 4f 10 59 e4 ec 4c 53 eb 05 e5 76 dd
  read 7722 -  0da0: 42 24 89 2b 23 7b 54 dc b7 15 76 d5 b9 0f ec cc
  read 7722 -  0db0: 1c bc e2 b6 82 95 64 23 bb b1 8a 3f 13 d0 a2 31
  read 7722 -  0dc0: 7c 10 eb 41 7c bc c5 fc e5 d6 c2 27 78 9d f2 29
  read 7722 -  0dd0: 2a 7e a3 28 70 da 59 c0 0a f3 65 06 db c2 28 e6
  read 7722 -  0de0: 87 8a 26 9f 18 62 39 0b 22 ab 1a c8 64 c7 d2 ae
  read 7722 -  0df0: de a2 20 b9 16 ca 24 2f 12 72 4a 1a 8b d3 0a 74
  read 7722 -  0e00: c9 6c 1f 48 2e b1 51 44 24 75 6c 0b 5f 58 82 27
  read 7722 -  0e10: 13 12 89 f8 fc 4a 4b 17 10 fd 02 28 a5 01 59 75
  read 7722 -  0e20: d0 1e 5b a4 46 ec 49 5e 81 91 5b 47 24 e4 f2 38
  read 7722 -  0e30: 5d 40 33 4c a0 21 c0 a0 90 6a e5 fc 5d 4c c1 3f
  read 7722 -  0e40: c0 6b 21 8f 01 58 fe e0 41 76 1c 70 48 71 49 6a
  read 7722 -  0e50: 49 d4 f7 52 4f 09 ab a5 2b e2 98 e2 79 3c ac e3
  read 7722 -  0e60: 3a f9 26 33 ea fa 15 f1 fb 76 c9 81 7d fc b8 25
  read 7722 -  0e70: 97 f5 4e 0b 6a c9 c5 f3 74 bd 57 a7 8a 01 f1 e1
  read 7722 -  0e80: 50 45 2c ca d8 d9 d2 b4 a7 ce d8 97 04 ab 83 c6
  read 7722 -  0e90: 46 3d a2 30 19 22 10 f9 dd 5b 80 05 93 62 3f f7
  read 7722 -  0ea0: 6b f6 92 28 e9 3e 42 44 ec 7b c1 6e 4e 97 64 94
  read 7722 -  0eb0: d2 b4 62 83 d0 b5 71 91 19 f5 b0 45 75 8e bc 7e
  read 7722 -  0ec0: 00 06 47 28 5c 6b c0 2c 3f e5 83 93 f8 b8 b8 f9
  read 7722 -  0ed0: aa d0 0c 01 ef 99 11 b6 2d da a6 f4 af 4b 1f f7
  read 7722 -  0ee0: 97 1a b6 45 0b 8c b0 f1 27 30 d2 11 33 86 67 37
  read 7722 -  0ef0: a1 e0 69 10 a3 4f be 8a bb 04 ca 1f d3 2c 83 47
  read 7722 -  0f00: 32 cf 2f 54 f3 f5 e8 86 b7 8f 9c 7e 6c 6b 76 23
  read 7722 -  0f10: ce 84 6b a9 a2 a3 a6 4e ef f9 d8 b4 02 96 eb 87
  read 7722 -  0f20: 1c d0 f7 c4 e7 fc 8d 5a 6b 7e 94 b9 59 5c 89 0a
  read 7722 -  0f30: c9 4a be 06 c8 29 b3 45 e3 e9 f6 2d 8a ec 21 66
  read 7722 -  0f40: 74 df 3a b3 67 64 eb e5 f0 5c 18 0a c7 c2 e4 27
  read 7722 -  0f50: b9 11 63 07 73 62 82 ec a3 ed bc 89 c1 0d 44 05
  read 7722 -  0f60: a2 96 45 6d 45 70 e9 44 d1 79 f9 52 e3 a0 49 6d
  read 7722 -  0f70: 03 6a 17 34 37 a1 04 f1 3a 2e e7 5d 56 ad 58 96
  read 7722 -  0f80: 4b 6b d1 8b b7 a8 92 90 9c ac 1e b2 34 1c ff a6
  read 7722 -  0f90: 0c 70 bf 48 27 aa 3c dd 57 12 f9 38 87 77 c5 29
  read 7722 -  0fa0: 4e ac bc f5 4a 7d 90 c7 98 ed 92 23 4f 0a 3e 27
  read 7722 -  0fb0: 31 e1 74 8b 3a 99 e9 d5 b0 84 cc d4 dc 77 a6 a1
  read 7722 -  0fc0: 80 b2 2b 04 5a ad c3 f2 e3 2c 2d cc 36 ee c3 03
  read 7722 -  0fd0: ee 1c 80 56 a3 79 93 a1 c0 6c 75 fb 92 05 d8 f1
  read 7722 -  0fe0: 28 19 13 ee d2 e0 50 a9 c9 a5 c0 c6 31 b2 e3 19
  read 7722 -  0ff0: cc 55 ca 6b b0 f0 fe 8c ac 65 48 23 25 27 01 42
  read 7722 -  1000: e3 e6 92 7d 68 8f 3a bf 1e 92 c2 df 76 e2 e5 0d
  read 7722 -  1010: c6 15 45 15 28 df 48 f1 22 c7 0c 56 c1 87 62 61
  read 7722 -  1020: 56 5d 9e be ec 13 2d 8b 5a a1 80 b6 11 3e 9e 2f
  read 7722 -  1030: dd 15 f9 a1 ff e7 f0 eb 7b 7b e3 18 c4 35 ec 04
  read 7722 -  1040: 1a d7 c2 11 be e0 55 92 88 a0 ba d8 9a 18 c6 0a
  read 7722 -  1050: 5a af a2 70 0b ce e6 52 53 bc e8 5f bd e6 ac 50
  read 7722 -  1060: f6 56 2c 8d 53 f6 aa b4 10 f5 83 d0 9f 4c d0 15
  read 7722 -  1070: 33 d2 0f 3f a7 c3 82 6c eb b6 29 42 2b 67 7d a0
  read 7722 -  1080: cb 90 dc be 9f b6 da 52 13 43 ed 97 b9 b7 ee 80
  read 7722 -  1090: fc 19 af d9 3b 64 d2 08 94 4b 69 d1 ff 48 fa 51
  read 7722 -  10a0: 96 5f 34 39 1f 0a 8d de 03 09 88 e2 47 fa 70 e9
  read 7722 -  10b0: 2f 54 dc b0 60 c4 3b 57 d8 e7 ca 89 37 f5 7d 4b
  read 7722 -  10c0: 6a 2d f5 01 69 3c d6 48 f5 6d e7 4d 4c e3 a8 0f
  read 7722 -  10d0: 14 53 b8 44 76 39 67 01 93 37 1c b7 7b 96 44 17
  read 7722 -  10e0: ce 44 ac 8c dc 48 60 2c 09 38 5d f6 38 c8 ff 55
  read 7722 -  10f0: 5a d9 f5 4d 38 9a 10 6b 82 e3 2b e4 14 7a dd c8
  read 7722 -  1100: 37 f9 dc f8 32 06 e9 18 f3 5d 30 16 dc e9 3a b8
  read 7722 -  1110: b6 ba 1b 0a 1b 16 22 9a 1b 38 dc 82 61 de fb 9f
  read 7722 -  1120: e2 19 8a 8f 61 b1 fc 49 13 f6 82 94 02 26 4d 9a
  read 7722 -  1130: 25 91 80 82 eb 09 b2 5e 18 0f 36 2c a6 4d 4d 39
  read 7722 -  1140: bc f0 29 79 29 88 72 4b f1 af ee 60 c0 8f b6 5c
  read 7722 -  1150: 81 de f9 3d 90 37 77 ca 81 10 9f 03 4b 27 4b 39
  read 7722 -  1160: 61 0c 3c 05 2e 3f ad 33 88 14 a0 41 ec 2d 8a 12
  read 7722 -  1170: 15 10 2a b4 ed 50 ff 65 ea 0a c9 c6 69 ca 3c a6
  read 7722 -  1180: 96 b5 06 61 4a 2e 96 70 5c 90 2c 76 34 f1 b6 91
  read 7722 -  1190: 1a 54 8c aa 76 52 bc 1d da e5 6b 3e 7a 16 c1 99
  read 7722 -  11a0: 1f 52 a6 b8 20 16 a7 df 26 ae 20 b2 4d 4a f5 f5
  read 7722 -  11b0: 79 e4 1f 15 4c e7 d7 c0 95 9d 8c 03 af d0 6b d4
  read 7722 -  11c0: 6b e9 81 5c 97 33 44 c5 ed e4 ea a2 11 d5 ad 00
  read 7722 -  11d0: 94 3b 55 0d 82 92 99 20 05 1a 41 e0 90 bd ba 25
  read 7722 -  11e0: 54 af bf df a2 c6 61 b0 ec 44 c5 2d cd b2 80 5a
  read 7722 -  11f0: 14 a6 72 a2 95 4c b2 fa ec 61 d6 ee 7e e6 4f c6
  read 7722 -  1200: 12 fb 56 24 c9 ec 14 af f9 04 5c e8 01 a3 49 29
  read 7722 -  1210: 85 ca a1 d2 f8 9c 4e 27 62 f9 36 38 87 0a 6f 9e
  read 7722 -  1220: 78 de bb 09 dd 45 7e a4 e1 f1 66 ab 24 cf 40 7d
  read 7722 -  1230: 04 91 e4 87 16 2d 56 db 15 a1 60 aa 30 18 93 aa
  read 7722 -  1240: 6c 25 fd 53 55 d8 ff 5e b6 47 41 db 3c d1 ac cd
  read 7722 -  1250: 6e a0 d1 e6 50 5c 77 c6 a9 e8 e6 55 fc 9d 4c cf
  read 7722 -  1260: 70 3f 47 34 ef 54 a4 5f 66 24 d8 4b 13 d1 0d ad
  read 7722 -  1270: 9d 0e c7 11 95 9e 1b dd 40 e7 8b db 44 41 0d 46
  read 7722 -  1280: 09 96 14 df fd 12 69 67 6b 05 54 6e 7d 48 8f 0c
  read 7722 -  1290: 0c 42 4b 13 62 14 16 40 1b 37 bc 57 2c 41 24 a6
  read 7722 -  12a0: 67 c2 56 31 9b 39 c2 12 e5 97 e3 48 f7 ca 99 37
  read 7722 -  12b0: 1d 50 14 38 f6 4e fd 29 78 2f 9b 90 ba 13 e2 39
  read 7722 -  12c0: f1 03 4e 92 1d 9b 91 5b 5f a3 cd ee 0f 1f ea a6
  read 7722 -  12d0: 05 0c 17 72 8d 0f 58 57 b3 a0 bb 36 53 75 1d 38
  read 7722 -  12e0: 6d b0 96 54 53 93 e8 d4 cf 79 37 40 4b c6 ae 33
  read 7722 -  12f0: 5f 7c f1 0b e3 da d7 69 c3 e5 8a aa 61 b7 be 1b
  read 7722 -  1300: 92 07 90 89 22 36 b0 0d dc a7 27 16 70 19 34 17
  read 7722 -  1310: db 6c 5a 64 5d 60 b0 93 9d a5 7a f0 af 18 4e 49
  read 7722 -  1320: 20 a2 02 06 c0 25 45 f0 e3 a9 cf 7c 5e 0f 98 f2
  read 7722 -  1330: 23 34 09 a7 41 5f bd 16 6d 0c 1a 27 4b 07 d4 75
  read 7722 -  1340: 7f b2 3a 3f c0 78 79 4b 38 f7 e6 04 db 09 46 e7
  read 7722 -  1350: 9b 77 4d 0e c9 44 ee 19 0d 45 c0 8e 7a d8 f8 bc
  read 7722 -  1360: 5f 0c 82 9b 98 8f a1 7e 47 a1 58 71 87 7c 3b 49
  read 7722 -  1370: 40 42 77 60 c2 6f e3 64 85 14 4b c4 8f 87 f3 8a
  read 7722 -  1380: 7e 0d fb 85 cc 8f 8a 85 5b 94 0e 6f a6 5a 81 22
  read 7722 -  1390: 6b 6a 65 7f 28 37 71 06 86 8d eb 1d dc 6b d1 8d
  read 7722 -  13a0: 72 2a 2f d0 16 ba 09 34 88 14 d0 3c 71 d5 35 ba
  read 7722 -  13b0: fc 9a 0e 5a d9 b2 5e ec b6 25 67 16 41 05 51 21
  read 7722 -  13c0: 92 62 7d ff 9a fa 1c 6f e9 72 25 04 77 e9 4e d1
  read 7722 -  13d0: dc b0 04 0a aa 7f 5b 95 82 e2 c7 c6 b8 56 20 cf
  read 7722 -  13e0: c9 d4 93 5e 75 8d 2a c6 c9 54 92 58 45 97 74 ca
  read 7722 -  13f0: 1f 0f af 1f 9a 79 78 83 90 ff e1 e8 c7 79 2f 83
  read 7722 -  1400: e9 a9 61 3a ba 57 9f 41 d8 d1 f2 b4 00 d8 7c 61
  read 7722 -  1410: ae ea c7 f0 4c 5d 50 c0 fb 06 15 2c 59 27 46 aa
  read 7722 -  1420: 5b f4 b3 a7 31 1c a9 46 10 3b 55 a2 e8 75 b3 dd
  read 7722 -  1430: de 28 6a 88 db 1d 1b 01 4e f0 ad e5 8a 55 b9 d6
  read 7722 -  1440: c5 64 f2 b1 1f c5 8e 74 a7 f0 57 3e 88 58 6a 04
  read 7722 -  1450: ec d2 a1 80 02 c2 82 70 4f 5b de 17 cf ca 58 79
  read 7722 -  1460: 06 a5 4d c1 d3 b9 66 dd 8b db 28 a3 bd 0d 8a b6
  read 7722 -  1470: cb 57 33 b8 74 5a 7d eb d6 f6 f9 7c be f5 a4 5c
  read 7722 -  1480: 9c 0f 00 fc c2 23 7b 7e be 64 c9 91 29 5c 80 cf
  read 7722 -  1490: 34 75 ba e4 b1 09 06 b1 08 5a 11 d8 68 74 14 36
  read 7722 -  14a0: 28 85 61 26 d4 16 e7 ed 2b 47 35 fb 52 74 9c 39
  read 7722 -  14b0: 7c 4a 75 3b d1 21 06 23 c7 d1 4b 64 f3 06 99 e9
  read 7722 -  14c0: 75 08 17 70 d9 e7 b9 ec 2e b6 61 12 00 5b 31 61
  read 7722 -  14d0: ae 8c 09 86 db 16 d4 0f d1 72 58 1d 46 2c 91 77
  read 7722 -  14e0: a8 97 f0 a2 fb 98 d4 a2 6b 48 b3 4b 6b 25 0c ca
  read 7722 -  14f0: 1d b4 10 f0 7b a9 85 de ff 41 f8 30 f4 53 84 c7
  read 7722 -  1500: d1 24 94 7d 60 7c b9 6c e7 64 fa 90 64 72 43 7b
  read 7722 -  1510: ec 0d 5f 25 c9 6a 7e 1f c6 90 cf cb f3 a9 a3 d9
  read 7722 -  1520: a9 c5 03 b3 0b 14 a0 51 d5 7d ab a9 28 c6 c9 a2
  read 7722 -  1530: 77 3c 8e d0 ef 3f 3f 11 5f e5 33 f3 7d 7d 24 81
  read 7722 -  1540: 6a fd 61 5f 14 f0 d0 11 36 45 9d 5d 34 c6 df 5b
  read 7722 -  1550: 71 80 6a 2c 1c 96 b0 0d 0a 3d f5 b1 08 23 5d 88
  read 7722 -  1560: 97 3a 5c 54 b8 da 9a 4b c8 90 f6 36 32 4a 16 94
  read 7722 -  1570: c0 8b cb 83 9c 49 36 ef cd 95 78 ef 26 83 38 4d
  read 7722 -  1580: c7 88 12 a3 ba 5f 80 47 81 92 1b 3d 79 44 31 d9
  read 7722 -  1590: a8 01 6a eb f6 41 3c 17 eb 04 dd 49 20 56 9b cf
  read 7722 -  15a0: b2 1d ff 93 5a 8e e8 33 31 47 41 bd a1 58 fb 75
  read 7722 -  15b0: 6a 72 9e d5 c2 bc 7b d3 72 00 bd 37 c4 bd 19 ba
  read 7722 -  15c0: 4d 44 58 91 a1 26 61 c3 df d2 9d 5b 33 ff 16 12
  read 7722 -  15d0: 79 c1 1c 7d 50 6c 7a 12 9d e9 7e 0a be 7e ab be
  read 7722 -  15e0: 97 2c 28 0f 87 1c 4f 16 a6 a2 90 59 b8 3c 91 b5
  read 7722 -  15f0: 1d 94 3f 95 82 cc 3b 35 f6 17 9e c7 8d a8 c0 51
  read 7722 -  1600: c3 93 72 2f 52 cb 86 2c 23 2d 38 07 bb 35 7c 97
  read 7722 -  1610: e1 6a b9 ce 19 72 a7 78 79 ba 91 2d 54 4d 22 c9
  read 7722 -  1620: 62 78 3d 6b db fa 73 24 b8 55 31 e5 4e 43 3f f2
  read 7722 -  1630: 09 44 0e 38 e7 13 32 40 65 55 dc cd bb 0c e7 f3
  read 7722 -  1640: 89 c4 cf 4f f8 e5 81 80 68 a7 d4 ee 83 2e 41 2b
  read 7722 -  1650: b4 b6 ee 57 c2 87 61 5b ad 92 c1 70 ad c6 ef 5c
  read 7722 -  1660: 71 cd 9f 39 07 43 0d 19 45 c3 eb 35 cf 6d b0 f9
  read 7722 -  1670: ad 1e 03 c3 1a b7 24 2b ff e8 72 77 f3 c6 e3 07
  read 7722 -  1680: 50 b8 df c8 96 a9 52 d0 b2 2c 68 0a 09 c8 ae 4a
  read 7722 -  1690: c3 92 9c 0c 78 18 ba d6 25 17 54 cc c9 87 0d 89
  read 7722 -  16a0: 5f ba 34 d4 bc 23 39 22 81 25 20 4f d2 6c 97 90
  read 7722 -  16b0: af 00 e0 f7 3c 5f d7 ae 41 bf d3 23 b2 ff 0a 2f
  read 7722 -  16c0: 05 66 b5 0a 04 f3 d9 5d 5d f9 64 45 aa 58 a6 2e
  read 7722 -  16d0: b4 fa b2 c9 32 ca df a2 30 14 ef a4 17 ba 26 d4
  read 7722 -  16e0: 1a f2 d6 1e 5d d1 a8 68 22 fd 49 40 47 58 db 5d
  read 7722 -  16f0: 41 4d b8 44 d8 20 97 34 3e 4d 18 7b 64 32 a5 09
  read 7722 -  1700: 9e 16 52 6f b9 f3 03 be 58 ae 56 85 8a 1d 55 62
  read 7722 -  1710: c0 e4 28 22 8e 29 ca 43 fa dc d2 b6 99 b4 ac 1b
  read 7722 -  1720: 99 1a ad 8c 58 7a 11 35 72 bf 81 07 77 43 f7 0a
  read 7722 -  1730: 94 62 b6 76 cc f7 0b 87 b7 3f 3d d3 bd 4f 16 8a
  read 7722 -  1740: a9 3d 74 17 e1 7b 6e 21 6b 9c 86 3d cd fd 91 c2
  read 7722 -  1750: d5 33 9b 73 fa 49 e3 b9 ee ba 5d 1a d4 17 e4 9a
  read 7722 -  1760: e8 ae 9f 2e 81 6b 94 74 63 7e 65 bf b4 30 6e 10
  read 7722 -  1770: 5c 88 1c fd fc 64 1a 08 b7 9b 5a 78 bb c4 ab 97
  read 7722 -  1780: fb 7c 04 e4 bd 8e a2 40 5d 2b 7c 6c 0b 45 da 7e
  read 7722 -  1790: c1 cf d3 1c 98 a1 f6 c0 1a bb 92 ac eb 8f ec 5f
  read 7722 -  17a0: 83 d4 35 eb 7d 98 74 67 c3 f0 6d df 37 aa db a4
  read 7722 -  17b0: 32 2a ef d3 1a d8 39 2e 08 86 54 26 1e 80 e0 ac
  read 7722 -  17c0: 18 5f d7 74 04 5d 55 2f e6 12 64 0e 17 20 a1 d4
  read 7722 -  17d0: 54 4e 20 c4 b9 01 76 e6 21 67 0a a2 5f 16 a5 b1
  read 7722 -  17e0: bb f2 83 95 81 41 b8 60 0f c9 17 dd ff 36 ce d9
  read 7722 -  17f0: bb 26 b7 73 74 20 cc a4 15 01 ae e5 5a cd 4a 00
  read 7722 -  1800: 6c 39 2e fe 90 72 14 c1 d3 ed 18 a2 35 70 1a d1
  read 7722 -  1810: 55 be 50 44 2b 38 b1 06 0a 16 32 b0 ab d3 4e 6d
  read 7722 -  1820: 25 a4 da 57 ad 78 ad 6e 09 a0 ef 83 56 b5 51 20
  read 7722 -  1830: 77 eb 5a 01 1c 8d bd 2f 69 2a b4 09 4d ad 02 b4
  read 7722 -  1840: 67 49 6e df e1 49 57 91 e2 86 f4 8c 9d 09 7c 5a
  read 7722 -  1850: 8b f3 ca c9 c0 6c cf d5 d8 cd 94 d5 bf c7 d8 ba
  read 7722 -  1860: 4b 07 23 2d 24 c6 fc 84 e2 5a 28 0a b0 a3 d2 b9
  read 7722 -  1870: 01 14 14 18 6b 95 ac 83 23 eb 7c 61 f2 c8 a9 21
  read 7722 -  1880: 11 4d 4c 17 2f 50 1e 11 e6 d9 12 cf 6a be 78 04
  read 7722 -  1890: 50 6a 2a 1d e6 5d 1a 8b 88 77 53 f4 8d 89 d7 51
  read 7722 -  18a0: 58 03 1a 8c 7e 66 4e 5b 2b b9 92 d6 c5 50 69 aa
  read 7722 -  18b0: a6 b0 61 f9 78 c9 ac 71 51 0e e9 c2 33 f8 bf 91
  read 7722 -  18c0: 0e 97 84 28 f1 22 70 2c 83 87 47 4e ae 49 d2 30
  read 7722 -  18d0: 2d 52 b9 c7 f4 a1 14 2c dd 97 b9 1b 3a ec 11 9f
  read 7722 -  18e0: b8 0c ba bb 8d 7c 74 19 6a 1f a9 76 f1 e8 59 25
  read 7722 -  18f0: 30 c2 3b 87 50 92 74 26 e0 a9 12 25 6d 26 14 47
  read 7722 -  1900: d2 00 8a 0e e7 14 05 52 06 f3 d6 32 b7 67 e3 d3
  read 7722 -  1910: d9 d4 bb 61 52 9d 20 c6 9e f6 b8 2b 2f bf 94 9d
  read 7722 -  1920: 61 f4 6d c8 ba 39 9f e9 32 45 11 b2 5a 85 0f c2
  read 7722 -  1930: 74 cb 6b c5 16 0a 11 30 72 1a 76 e2 92 a2 48 10
  read 7722 -  1940: 16 6e b2 45 c4 1a ce aa 0f 87 45 48 af 49 17 13
  read 7722 -  1950: f9 16 30 38 b4 d2 f9 40 f2 68 ba 45 50 1a 65 dc
  read 7722 -  1960: 10 44 1f 43 63 cc 11 3c 87 8f 25 6a 8e 43 e2 92
  read 7722 -  1970: 65 99 a6 8a e8 8d 39 48 06 02 08 e7 19 e4 09 9c
  read 7722 -  1980: a3 b6 eb 52 ab 59 d9 3a 4c fa 0f 25 26 56 42 eb
  read 7722 -  1990: eb f3 4d 63 c7 c7 79 42 f3 1b ac 9e 74 78 44 0a
  read 7722 -  19a0: f8 78 7c 80 42 c3 d8 97 a4 7c 4f b5 b4 dd 5d 23
  read 7722 -  19b0: 74 51 d2 0b 2d 3d 79 b5 70 56 e1 19 6e 59 61 b3
  read 7722 -  19c0: 78 c6 c4 35 fb 37 76 ad 31 8c f0 9e 4a 16 cf 77
  read 7722 -  19d0: 16 12 83 43 1c a0 dc 6b cb e6 ff 82 ba e8 88 aa
  read 7722 -  19e0: d9 a4 bc 05 a9 ad 8a 90 9a 00 56 4d f5 59 5d ac
  read 7722 -  19f0: 10 c4 f7 7e 47 54 d1 41 ed 17 6b 51 8f 3d 94 f7
  read 7722 -  1a00: 4f 79 25 0f 7b 2f cc 57 1a 89 dd 87 ed 75 b9 c9
  read 7722 -  1a10: 73 4e 16 8b 13 6d 25 19 9e d1 74 5a 82 3f 1a f2
  read 7722 -  1a20: c9 23 03 fd 9d 6f 4a 32 9b 09 05 e3 b4 f4 aa 81
  read 7722 -  1a30: 51 2f 1e 7f df 1d 25 51 64 48 e8 05 f2 ee db e8
  read 7722 -  1a40: e2 e6 ac c1 e3 81 e9 69 5c 3a 1d b4 fb 97 92 02
  read 7722 -  1a50: ed 11 0e 75 2a 86 68 45 60 fa 7f 71 f5 be 0d b8
  read 7722 -  1a60: 9c ea 01 f9 25 ae ce a4 09 4d d9 a1 d5 c1 ec a6
  read 7722 -  1a70: 1d 67 d7 56 0c 23 3a f1 da e3 1d ec 15 ab 5e c5
  read 7722 -  1a80: 54 6f 5b 12 60 16 a4 e7 44 4e 8e 7a b5 e9 52 d7
  read 7722 -  1a90: 62 52 8d 70 8a 4f 77 d6 c8 ca 53 8e a9 1c b6 dc
  read 7722 -  1aa0: 39 3e 40 30 81 f1 ef 7a fb 29 11 d5 3e 41 7f 00
  read 7722 -  1ab0: 6f aa 18 d9 03 55 3d 73 bd 97 85 63 cb a1 68 79
  read 7722 -  1ac0: 5b 3f 15 d7 36 30 61 7c f4 22 73 d8 65 c3 1f 3a
  read 7722 -  1ad0: 4d 36 c2 94 0a 81 2f 46 12 cf 93 64 43 56 05 d4
  read 7722 -  1ae0: 04 a7 38 a0 d0 d5 30 88 28 9d 80 cd c0 01 a3 75
  read 7722 -  1af0: fc 6c 4e f1 5a 53 ee 5a b5 76 34 3f dd 31 c7 28
  read 7722 -  1b00: e9 b7 d2 a6 9b 9b d7 fd 23 f9 7b fb 83 e5 1a 63
  read 7722 -  1b10: d0 1d 2d 56 88 13 63 e3 ca 4f a7 a4 c8 e4 2f 35
  read 7722 -  1b20: a3 de b6 4f f8 d8 df d6 c1 81 e4 1b a5 42 93 db
  read 7722 -  1b30: 0f bd a1 95 35 48 5c 67 fa 67 4c 08 cb c4 96 d1
  read 7722 -  1b40: 77 eb c6 f9 30 05 44 7d c0 7e f3 0c 10 f4 a7 9d
  read 7722 -  1b50: 89 40 62 94 3e 26 0a a4 72 b3 84 11 62 10 68 58
  read 7722 -  1b60: 65 21 3e 2f 99 c7 92 ed af 06 44 0a 2e f9 db f3
  read 7722 -  1b70: 67 a0 16 11 e8 a9 6b 94 b6 91 9f c2 f9 94 e9 d5
  read 7722 -  1b80: f9 67 bf 1b d4 a0 11 76 36 3d f0 53 2c 33 7b 27
  read 7722 -  1b90: f8 ca be 83 1e 5f 89 88 09 43 14 de e6 df 25 17
  read 7722 -  1ba0: ce bc 75 b7 89 4a db 92 bb 71 72 ed 2f 43 5f e8
  read 7722 -  1bb0: d6 21 b9 c6 2f e5 e6 2f 22 f7 89 39 32 16 b4 5a
  read 7722 -  1bc0: 71 79 7f 1d ce 0f f8 43 04 4f fb 73 40 55 c4 1c
  read 7722 -  1bd0: 28 a6 6e 41 59 59 f9 bc 5e 59 6b 54 28 d3 3e 48
  read 7722 -  1be0: 46 b4 fe 0e 1e ae 1b a6 ac d3 87 38 ff 04 77 3d
  read 7722 -  1bf0: 21 ef 44 e4 8b 1b e2 6d e6 56 36 45 ca 18 a6 9c
  read 7722 -  1c00: 69 44 e0 7e 84 16 e4 d3 ce 80 9f fc d7 a9 68 a5
  read 7722 -  1c10: cf df 1c 56 78 17 66 91 da 8e 5b 95 65 e5 b4 9c
  read 7722 -  1c20: 8a 1b be bc 6c 36 5d 8a 3d 69 c6 af 97 3b cf 80
  read 7722 -  1c30: d2 7d 81 d4 57 59 9c ab b5 d5 fd 33 06 58 33 67
  read 7722 -  1c40: f4 72 98 f3 1b 1d 5e 66 e3 d4 83 66 6c 5a e1 d1
  read 7722 -  1c50: dc 9d f1 58 ca 97 0e 8f 29 07 77 dd 58 a3 4a 6f
  read 7722 -  1c60: 50 69 8e da 78 9c 09 06 d3 b9 3f 32 9a b9 b8 c3
  read 7722 -  1c70: 2b e3 26 ba d3 45 15 28 e3 a4 0b 45 44 4f be f0
  read 7722 -  1c80: 85 17 d5 f9 b2 38 e2 ab 40 eb 12 2a 5f a9 68 32
  read 7722 -  1c90: 7e 41 b4 28 45 66 e9 7c de 77 f3 ee b2 83 00 70
  read 7722 -  1ca0: 38 81 15 46 94 5b cd da 7e 95 41 91 69 ac 54 ec
  read 7722 -  1cb0: 41 66 2f 0b 04 06 79 fb 7c bf b7 08 84 fd cc 27
  read 7722 -  1cc0: dd 1d 00 ae 51 74 e8 c8 ee c8 1d 8e ca 15 1b 85
  read 7722 -  1cd0: 64 b7 fd 66 d7 7c cc db 6b 47 45 2d e8 fe 21 24
  read 7722 -  1ce0: 3d 63 47 af fb ea a1 af 62 54 e4 2e 2a 0b 75 29
  read 7722 -  1cf0: 75 ee 78 d8 cf 5a b7 bb aa 7e 7a fc d8 10 cc d0
  read 7722 -  1d00: 81 1a f2 08 f3 4c 65 ad ed bc f3 9d 8a 66 73 1d
  read 7722 -  1d10: 8b 02 40 59 28 9e cb d8 76 db dd 09 05 59 5e 9f
  read 7722 -  1d20: 06 1b 15 6a 8a aa 5a e9 12 f0 4f 7c 99 af f3 8e
  read 7722 -  1d30: 42 3b eb 1e 11 2c 94 4b 69 b7 53 7a c8 71 64 d8
  read 7722 -  1d40: 38 8c a5 bd 4c f9 e3 38 02 ca 31 8c 28 d9 1a c8
  read 7722 -  1d50: 69 b6 99 c8 bf 8c 5c 86 3c 72 61 11 e3 77 c9 58
  read 7722 -  1d60: 74 c2 f0 9e a0 50 91 a2 1c 28 6c 64 db 82 f5 10
  read 7722 -  1d70: 9f ab be b6 fc e3 6d fa 4a 24 39 2d 43 14 76 4a
  read 7722 -  1d80: fa 85 75 bc 1d db 22 09 03 25 4d 5c 64 32 d2 85
  read 7722 -  1d90: ad 59 dd 9f f7 60 a6 ed b5 ef a4 a7 76 ea 0a b8
  read 7722 -  1da0: 87 e4 46 d9 84 96 a1 cb 53 80 ea 18 2a 2f f2 2b
  read 7722 -  1db0: 5d fa cf 0d 7f a7 c2 eb 78 76 a7 12 00 74 9d 96
  read 7722 -  1dc0: 16 6d 0c cb 0a 16 e0 b2 6f 0c 46 f5 d6 4f 3c 14
  read 7722 -  1dd0: f8 54 fb 12 22 86 a5 a8 94 21 da 57 1b 0f 1c 88
  read 7722 -  1de0: 13 fa ef 32 a2 42 ef 3d 11 5b 19 c3 23 63 d0 af
  read 7722 -  1df0: 59 fc 49 81 2c a5 95 87 7d d8 49 5d 43 6b c9 0e
  read 7722 -  1e00: 7e 76 22 20 72 71 01 15 9c f5 a4 66 10 99 6b e3
  read 7722 -  1e10: cd 8c cf 9c 5e 5d 9d 3d 95 46 d5 7f 56 83 a0 01
  read 7722 -  1e20: af 4b 1c cf 96 e3 f4 54 0a ee

 write    4 -  0000: a0 12 00 b2

 write   18 -  0000: 34 0f 00 0a 01 80 80 80 99 80 88 80 9d 80 93 80
 write   18 -  0010: 19 72

  read    4 -  0000: a0 06 00 a6

  read    6 -  0000: b0 03 00 34 01 c2

  read    4 -  0000: a0 14 00 b4

  read   20 -  0000: 34 11 00 00 02 00 00 60 01 87 01 4d 01 72 01 51
  read   20 -  0010: 01 71 01 f5

 write    4 -  0000: a0 06 00 a6

 write    6 -  0000: 20 03 00 01 00 86

  read    4 -  0000: a0 06 00 a6

  read    6 -  0000: b0 03 00 20 01 d6

  read    4 -  0000: b0 2a 1e f8

  read 7722 -  0000: 17 03 03 1e 25 00 00 00 00 00 00 00 03 3e 42 fa
  read 7722 -  0010: 8b 0b 85 44 30 5c 82 1d 3a e2 70 8f 11 52 5c d3
  read 7722 -  0020: 8c 55 17 53 4c 20 a8 e6 3e 05 7d 7e fc b5 b4 0c
  read 7722 -  0030: 89 39 b9 79 4e ff e1 ad 38 69 5a 46 4d 89 5f 44
  read 7722 -  0040: 53 2b 4b c3 6f 4e ef 44 3e 86 c3 3e b1 d8 e4 bc
  read 7722 -  0050: 7f 56 a6 a4 8b 17 d3 ab f8 ac 67 d7 95 4c 16 6f
  read 7722 -  0060: de 3c 43 52 7c 93 5d d7 c3 ce 49 2e c4 a4 cb e3
  read 7722 -  0070: cf 57 6b 6d 4d 9d 89 0a 3c 32 a4 8a 55 35 4e 30
  read 7722 -  0080: 27 22 7f af e1 ae a5 27 60 83 ae e6 cf a5 78 ee
  read 7722 -  0090: 52 87 a0 37 48 62 a1 33 b5 50 8c a0 96 09 cb ed
  read 7722 -  00a0: fb 96 9f 3e 40 f6 d2 bd 04 11 6d 26 c9 e2 bc e3
  read 7722 -  00b0: c8 03 5b e4 54 bb ee ae 9f 98 0b 17 17 d2 76 df
  read 7722 -  00c0: 32 83 4f e7 91 d3 1d ea ab a2 5d 3e f5 ec 03 ce
  read 7722 -  00d0: ec 5d e7 e8 22 85 0f 3c 6f 06 85 0a a8 5c a5 2b
  read 7722 -  00e0: cb 62 a8 26 8b d8 75 75 95 8a 96 c1 d5 56 65 27
  read 7722 -  00f0: f8 d4 78 70 40 9d de 07 9b 3f 41 21 19 de 85 ba
  read 7722 -  0100: 94 fe 74 12 68 13 13 aa 29 0c e3 65 e3 54 f7 14
  read 7722 -  0110: 1d cd 24 23 9d d9 8b a5 d4 4c 4f f4 dc e0 ea 35
  read 7722 -  0120: f6 8f 8e 34 ec 51 72 d3 b0 77 2b c4 71 2f 34 bb
  read 7722 -  0130: 6c c3 58 27 8d 78 99 97 66 11 ba 10 fb cd b4 a1
  read 7722 -  0140: d9 87 c2 5f d1 a0 76 6b 96 b3 50 0a 89 94 01 46
  read 7722 -  0150: 40 e6 40 57 0c 24 a9 7c 85 00 f4 d6 56 4e 46 ba
  read 7722 -  0160: 65 d7 d6 4c f7 28 59 b3 69 40 04 7f 08 fa 09 bd
  read 7722 -  0170: dd cb fb f2 b5 7d 6c 42 55 6b 29 05 b4 59 6a 73
  read 7722 -  0180: b0 94 8c 1d 5f f6 78 30 8f 84 5f 19 4b 2d 00 6c
  read 7722 -  0190: a4 d6 9b fe c4 57 ac 22 f5 98 c2 65 a6 cb 0e 43
  read 7722 -  01a0: 3d 2f f3 de 68 6f 7a a8 9c 8a fd 08 ae 66 e4 4f
  read 7722 -  01b0: 0c c4 e7 aa e2 38 dd 9b d0 50 d1 73 0f e1 5b 29
  read 7722 -  01c0: 63 d7 1b a6 12 b7 30 2d 99 f0 ac 42 c9 66 73 39
  read 7722 -  01d0: 1d b0 f6 f2 9e ff 50 75 49 77 3e 2e f0 b8 6a 03
  read 7722 -  01e0: 6b 58 1e a9 6e 2f f5 37 c2 b4 4f ab 8e 79 b5 a5
  read 7722 -  01f0: 4f 9a 4e 90 c7 6a c9 59 fe 95 a9 48 46 98 12 36
  read 7722 -  0200: 26 4c 31 7d 8f 03 61 6b ec 11 52 18 7f 2d 81 00
  read 7722 -  0210: 03 96 e3 3a 08 20 10 45 21 ee 9b 7c 86 c5 7f 3c
  read 7722 -  0220: 47 62 73 4e 96 fd 6e 4e 3b a2 a4 90 57 6e 4b fe
  read 7722 -  0230: 47 0b df da 9f 2a f6 aa 64 3c 01 96 c2 c2 04 62
  read 7722 -  0240: c8 a5 ae ec 7a ca 7d 75 22 70 a0 da f4 2c f7 7e
  read 7722 -  0250: 00 aa 16 fb 61 9f a3 1b 10 a8 68 67 02 71 57 dd
  read 7722 -  0260: c8 3e bb c1 f7 3e b6 23 4b 01 92 db 0f 84 51 71
  read 7722 -  0270: 3a 93 76 21 fd 71 5e d9 ef eb 5a 47 ac 39 5a 53
  read 7722 -  0280: cb 7e 08 83 39 06 0c 57 5a 97 e9 84 d1 12 02 11
  read 7722 -  0290: 23 2a 36 e2 cd fb 36 7a a6 2a ef 48 e2 c9 e4 46
  read 7722 -  02a0: 33 44 3a ef d5 f8 4d e8 43 a4 c0 16 80 f7 14 6a
  read 7722 -  02b0: 66 1f 4e e5 e4 d8 f1 30 68 b8 88 00 39 86 6d f0
  read 7722 -  02c0: d8 94 72 89 a8 b1 d9 ab 3c 63 5f 15 90 15 bd de
  read 7722 -  02d0: b1 84 1d d2 ec 40 33 e2 93 a0 6d 9c ec 72 89 46
  read 7722 -  02e0: e0 9c ec 58 20 9e 59 af cd da 9e 39 85 ff cf c9
  read 7722 -  02f0: ac 70 a9 39 2f 5a 0c 7d 4d 9c da 9b 8e 0c 48 79
  read 7722 -  0300: 52 db 8b 66 d8 dd eb 33 ce 8f b0 0a a9 c2 3f 41
  read 7722 -  0310: 04 04 35 45 a0 92 1e ed 82 27 f0 9e 07 67 39 4f
  read 7722 -  0320: a2 9f dd 11 e8 21 67 1b 49 5f 14 5d 82 50 9d 1a
  read 7722 -  0330: a4 bd 8d d0 a7 bc 78 70 d7 33 e6 b6 e7 db bb 02
  read 7722 -  0340: 63 2f f8 1d 36 9d c6 e8 91 9b 10 83 f0 67 c1 85
  read 7722 -  0350: 84 40 2c 76 37 e3 a2 5a 14 42 d0 55 f9 01 03 77
  read 7722 -  0360: f6 3c 96 b8 5e 59 e6 ad 9a ff 67 d6 3a b5 d5 13
  read 7722 -  0370: 78 40 fa dc e1 2c ef b0 b7 c1 9e cb de 94 ce 7c
  read 7722 -  0380: 66 61 f4 b8 90 dc 07 13 e6 8c 90 79 6c 2e a5 c9
  read 7722 -  0390: 54 9b f9 7a 68 9a 8f b9 22 46 fe a0 80 eb b9 00
  read 7722 -  03a0: 0b c9 f3 1f ec 05 fb 8d 9b 2a c1 95 7e ca 32 5c
  read 7722 -  03b0: b7 32 c7 0a a0 4f b4 5d d1 31 66 bd 7e a6 4e a5
  read 7722 -  03c0: b5 f9 18 6a ef 6d f3 38 cf f0 cb dd 96 38 68 33
  read 7722 -  03d0: 0e 4a 10 a9 63 68 e1 b1 81 62 c9 0f 78 a8 27 37
  read 7722 -  03e0: 23 eb 1d 4e c2 2b 14 b9 cb d4 9b 79 dc 34 4d cb
  read 7722 -  03f0: 30 22 a1 7b f3 60 bd 7f f7 42 96 83 d8 4c 01 9c
  read 7722 -  0400: d7 c8 cc 2c 25 bc 02 9e ba 06 bb e6 70 56 75 a4
  read 7722 -  0410: 06 68 22 ea be dd 57 48 6e c6 36 96 36 22 52 3d
  read 7722 -  0420: 47 80 de 7d 5e cf 28 3c fe 73 41 72 ea f4 4f 13
  read 7722 -  0430: 93 b3 6f e1 c6 a0 50 78 5f cb a0 55 58 6b 2b c6
  read 7722 -  0440: a0 39 19 52 60 dd 3c 56 13 31 2a d5 ca 5d 00 5f
  read 7722 -  0450: 7e c7 ed 90 fe 5c 62 7c b8 9b ce 3a 00 75 28 34
  read 7722 -  0460: 8a d0 a7 6c 74 0a 09 55 f7 f8 7f 44 94 b4 bd 93
  read 7722 -  0470: 16 93 d3 68 e6 3d 31 6c c6 09 73 81 3f 06 f6 ff
  read 7722 -  0480: da be 01 a2 64 f2 77 56 aa 8c 59 d7 6c ce 6c d8
  read 7722 -  0490: 3f ff 19 50 7d fc 38 30 93 51 c4 1c 64 5c 3f 7e
  read 7722 -  04a0: a1 d2 62 3c 88 68 e7 41 09 7f 50 50 d0 9e a5 17
  read 7722 -  04b0: fd 48 7b e8 6b 90 f8 63 bd 62 f3 37 34 0d c1 89
  read 7722 -  04c0: e5 6e 57 5d ad 8e 5f a6 ea 3b 78 05 24 6d e1 47
  read 7722 -  04d0: 4e 6c e2 6b 81 57 92 c7 2a 50 64 bb 7c 2a 53 da
  read 7722 -  04e0: c3 66 83 8d f8 96 ed 8d e3 72 55 c8 b9 4e 37 c8
  read 7722 -  04f0: 47 66 0e 29 58 d3 f6 d9 3d d7 af b7 07 c9 11 a0
  read 7722 -  0500: 3b 0b 3d 6b b6 65 c8 8b df 40 17 88 f6 29 ec 40
  read 7722 -  0510: 26 4a 72 a5 81 4b 82 70 6e 70 08 c6 75 b0 ea a9
  read 7722 -  0520: e8 a2 10 9e d3 82 ef 31 b1 41 3f 04 cb 1a 1a fe
  read 7722 -  0530: 6f d9 d9 af 5c 2d ee 83 ee 38 4c a0 4c 94 60 07
  read 7722 -  0540: 39 b1 8c e8 93 d5 0c 08 d0 93 37 0b ab fa 00 00
  read 7722 -  0550: 6f 15 5e 26 a2 d7 d9 df 12 a4 bf 9d 67 6f 37 e2
  read 7722 -  0560: 30 e1 8e 54 3e 10 36 f7 b4 7c 0c 6c dc b7 46 4b
  read 7722 -  0570: 19 52 ca a4 03 ad 4f fd 3c e3 43 d2 f4 a1 ea 43
  read 7722 -  0580: dd 1b 09 70 61 53 56 59 0a 5c 71 91 d6 c9 80 1e
  read 7722 -  0590: c3 1d 0c 8f fb 0f 1b 76 b6 e3 3c 06 43 02 67 fa
  read 7722 -  05a0: 2c b9 59 82 ee 19 aa 75 b7 ae 2e 71 76 5e 29 1b
  read 7722 -  05b0: 1e 11 7d 38 98 ae 51 40 a3 a9 29 b2 d5 c7 97 f5
  read 7722 -  05c0: 06 46 aa 38 e7 2c bd 21 76 ca b6 e6 b5 b8 f4 cb
  read 7722 -  05d0: 3c ef 1a f8 ef bc 4a a4 60 b8 6f 09 9c ca fc 75
  read 7722 -  05e0: 65 5e fa fb 87 af af b5 3a 59 c9 f5 ce cb 0c 3b
  read 7722 -  05f0: 57 48 52 51 73 43 14 44 b0 1a 44 56 59 a0 a8 79
  read 7722 -  0600: 6e 66 67 67 da cb ad 47 f4 ce 12 ec 64 62 64 8c
  read 7722 -  0610: cb cf e1 ca f3 ce 8e 25 65 49 61 70 84 b4 a5 58
  read 7722 -  0620: aa 6b 2c 7b a1 9b 3b 8b d7 0b 16 34 b8 db c1 b3
  read 7722 -  0630: 11 53 a8 65 05 4d 07 fd 00 44 f3 82 d1 5f b5 2f
  read 7722 -  0640: 1f f9 40 bb f4 b6 e7 10 76 95 29 a0 78 da 6a 01
  read 7722 -  0650: f1 c8 da f3 0e f1 d8 a4 82 c0 d6 f9 95 c4 57 4d
  read 7722 -  0660: 2e 22 df 7f 59 52 32 05 e1 28 7c 93 a9 88 a6 fd
  read 7722 -  0670: cc a2 5d 45 5b c2 b8 e4 87 09 21 f0 2d 58 6d ad
  read 7722 -  0680: a5 03 56 c8 b4 5e e6 c2 71 b1 e2 73 a9 bb 8c 4e
  read 7722 -  0690: 9a 03 6d f2 23 3e 21 18 d4 bc 4a a3 79 03 53 e7
  read 7722 -  06a0: 00 e8 e4 dc 6b fc f5 d8 db cb 52 ac 1b c3 3a aa
  read 7722 -  06b0: 21 d3 86 57 aa 24 eb 40 24 de ef 1c 3e e6 b4 b5
  read 7722 -  06c0: 89 13 81 9f 3a 4f ce 6b 83 8f 2a 66 07 26 50 08
  read 7722 -  06d0: 1e b1 97 46 63 60 4a 14 74 70 6c d6 91 aa 10 87
  read 7722 -  06e0: b5 73 02 22 d0 7c 2a 3f aa 79 9a d1 7c 1d 72 f8
  read 7722 -  06f0: d1 08 29 71 f8 ce e5 ab 1a af 38 0e ff eb 6c c8
  read 7722 -  0700: b9 33 0a 73 a4 2f 3d 67 0f 75 7f 28 89 5b 56 db
  read 7722 -  0710: ed 5b 67 68 4b c3 f7 93 f0 79 c3 58 98 5a 71 f6
  read 7722 -  0720: 5a ff 09 74 6c b6 33 1d bb 06 17 37 4a 07 03 eb
  read 7722 -  0730: 85 40 75 4c 0e 5d 27 b3 5c ca a7 a9 53 bf ee 01
  read 7722 -  0740: 7c 6e 85 2a 50 36 3f e9 65 c8 f6 5d 30 9e d0 8e
  read 7722 -  0750: db c2 f3 45 d0 5d 8d 5c 30 d3 be 7d 4d d8 b7 d6
  read 7722 -  0760: 63 8b e8 49 f6 d9 41 7b a6 6e a9 86 53 06 e1 cc
  read 7722 -  0770: fd 75 e1 df 49 74 2b 36 e1 b9 f4 41 54 f1 5c c5
  read 7722 -  0780: 59 0d 70 44 b5 6d e3 33 6d b8 e7 e2 5c 2d c6 d9
  read 7722 -  0790: d6 c0 a0 37 fb d0 a2 7d 5a db ed b8 e0 11 59 a1
  read 7722 -  07a0: 8d a5 9b f1 4d a5 f8 86 0f 2e 4a 99 fb bf 56 d8
  read 7722 -  07b0: c3 c0 56 a4 a2 33 13 f8 26 26 16 ab 3a 0d 45 e8
  read 7722 -  07c0: eb 7d 58 35 96 a1 e3 25 05 2d c1 e6 85 63 2a e0
  read 7722 -  07d0: 13 57 d8 b9 f9 c8 33 46 73 2f 42 c6 65 b7 34 46
  read 7722 -  07e0: 5b 14 47 61 34 4e 75 8d 53 d4 5b f6 1a a2 a0 ba
  read 7722 -  07f0: 16 99 67 a2 6e ce 9a 0f 31 6b 64 d9 76 2f 22 26
  read 7722 -  0800: 3d cc 8f 58 23 8f 01 53 fe 02 35 e3 89 42 f2 69
  read 7722 -  0810: 13 58 89 62 33 04 a4 5b 00 29 f5 d6 7e 47 7c 18
  read 7722 -  0820: c0 c1 a9 2c 4d a7 3f 71 04 5a 3d bf 9e 4d ce 2b
  read 7722 -  0830: 67 8d 52 c8 53 ec 1d dc 0c c0 26 b6 0c e4 67 67
  read 7722 -  0840: a1 18 c3 c3 a6 63 da 36 8d 49 c4 ca 2a 0d 1c f3
  read 7722 -  0850: 04 f0 27 c7 fc a6 d3 17 70 6f 62 d7 ef d6 53 54
  read 7722 -  0860: 7f 45 2f 1a cb 62 b7 99 73 24 a1 0d 7f d1 f7 51
  read 7722 -  0870: 24 3b bc 5e d8 96 f7 3a cc 13 c3 54 53 e6 a7 15
  read 7722 -  0880: 13 b9 7a 3c e3 94 e3 49 b4 dc 3f 8d 19 ff ab 77
  read 7722 -  0890: 61 1a d3 d0 96 ff 23 e9 00 12 2a d6 64 31 e2 e1
  read 7722 -  08a0: 72 ca 4b 2f 46 b5 4f a5 42 f2 38 78 30 22 36 58
  read 7722 -  08b0: 1c 59 d9 98 c7 8a eb b3 b9 50 0d ab 0b c6 94 d4
  read 7722 -  08c0: cc 0f a0 a4 44 30 ad 88 8b 2f 1c 93 41 cf 0a cd
  read 7722 -  08d0: 1d 27 18 3a 7c 85 7b 4d c3 4b c3 c7 a0 10 3a 2f
  read 7722 -  08e0: 00 25 1a 72 b7 f7 6f 3c fe 97 c5 45 f9 e3 f7 11
  read 7722 -  08f0: 7f 9d b4 57 78 d9 c8 a9 88 a6 6d 73 c3 41 6d 90
  read 7722 -  0900: 5e aa 0d 70 df fd 5a 9b d9 63 32 57 71 ed f4 21
  read 7722 -  0910: 2a d6 40 63 19 79 05 49 fd 6c 50 0a 58 c5 08 b4
  read 7722 -  0920: af 7d ee 45 c6 17 00 92 8d 93 7c 69 b6 ce b1 40
  read 7722 -  0930: c9 c2 f5 fa 9e bd 0a 9d ec e9 ea 4a 28 83 0f ec
  read 7722 -  0940: 07 0c 82 80 f6 00 d9 c7 51 21 aa 99 e0 ff 99 41
  read 7722 -  0950: 8a f8 a3 0a 40 d4 57 06 1d 3b 9c 64 69 0e 27 0e
  read 7722 -  0960: 6f b1 8c d9 67 50 9f bd ad 48 fb fb 2c eb 90 85
  read 7722 -  0970: 86 0c 61 f1 45 79 68 e3 26 dd 25 b9 c8 45 23 b9
  read 7722 -  0980: bd cc 40 be 89 0f 9c 83 ac c0 66 2d 4c 60 1e 58
  read 7722 -  0990: be 95 19 8f b7 b3 7a 59 0b b3 0c 4b fb 7c d8 b5
  read 7722 -  09a0: d6 f2 f6 de d5 ef 35 a4 e9 57 6c d0 92 fc e7 8d
  read 7722 -  09b0: 77 43 52 93 b6 3c 72 16 4e 0d e8 8b b6 5c 20 e4
  read 7722 -  09c0: 74 73 18 b0 83 48 bf 88 5f 2e d0 de 4a f2 43 3b
  read 7722 -  09d0: c1 83 5b 1b 17 10 7f b1 b1 66 2b bc 59 70 06 8a
  read 7722 -  09e0: 2c 25 46 d7 ab 59 22 52 f2 d0 9d 05 45 db 84 f2
  read 7722 -  09f0: b6 7d 80 56 bc 38 af a4 05 ae be 80 4e d5 1d 24
  read 7722 -  0a00: d9 57 44 a1 44 92 20 77 87 de e6 ed 52 1f 85 0a
  read 7722 -  0a10: cc 15 58 27 98 f5 17 c1 47 14 05 01 24 31 e9 c0
  read 7722 -  0a20: fd 14 3f be aa d1 98 fc bc f7 94 e1 26 7d 80 bf
  read 7722 -  0a30: c3 2b 4b 19 d6 f3 62 55 cd 0d 91 fe e9 2d 65 8f
  read 7722 -  0a40: 2a 20 83 0f 20 33 54 aa 5b 36 eb 81 dc 09 f8 f4
  read 7722 -  0a50: 33 35 c6 0a 07 07 3d 97 2e d6 b0 78 ae 11 14 13
  read 7722 -  0a60: 6a 0f b9 7d a3 dd fc f6 c8 61 21 f3 93 14 38 cd
  read 7722 -  0a70: 06 39 94 ba e7 5b b9 7d 46 7f b9 67 5e b3 eb 35
  read 7722 -  0a80: e5 81 a7 03 16 cc 63 a6 0a e6 5f bd 75 94 99 12
  read 7722 -  0a90: 09 32 24 ba 7e d7 20 14 00 58 65 c0 c2 03 f1 ae
  read 7722 -  0aa0: c2 e3 95 f7 4a 70 68 79 29 39 63 f0 dd e6 f8 43
  read 7722 -  0ab0: 58 0f 72 19 2d 93 0b 89 c1 39 1c 87 7d a0 19 4c
  read 7722 -  0ac0: 49 a9 ca 6b dc bf b6 fd 84 d7 6a 0f 98 2b e6 8c
  read 7722 -  0ad0: 8d 4b 94 26 38 f6 40 05 2c a9 b5 2e 54 d1 19 e9
  read 7722 -  0ae0: 27 dd 9d fd 58 51 c9 b3 87 1e b3 51 df 36 5a c3
  read 7722 -  0af0: 97 26 f0 67 80 db 4a e7 2a aa a5 f8 0e bb 03 31
  read 7722 -  0b00: 06 9c 19 68 1f 36 92 37 98 41 fc 38 69 e0 6e a9
  read 7722 -  0b10: 45 eb 94 bd 34 db 9a 44 03 5d 41 7c b5 16 d9 df
  read 7722 -  0b20: 90 44 1b b5 d9 ec da d4 2a 3c 31 f0 2a 68 c9 d4
  read 7722 -  0b30: 76 48 81 0b 9c 0e 54 42 82 07 f9 10 bf 38 f7 fc
  read 7722 -  0b40: ee 28 cc d1 22 63 45 1e 50 47 b2 bb 80 06 da 5c
  read 7722 -  0b50: da 6a ed 93 9d ce 40 3e 3a c0 3f c9 94 21 42 31
  read 7722 -  0b60: eb fc c9 7d 1e 32 31 fa f4 c6 3d b1 39 d2 a0 50
  read 7722 -  0b70: d4 34 73 44 ef 99 c5 7d a0 ae ab e6 e5 d2 8a 55
  read 7722 -  0b80: b5 b9 2d ad 16 0f b3 13 c8 1b 08 f9 15 21 b3 34
  read 7722 -  0b90: d2 54 a1 13 58 86 1f e5 a9 bc 8a 7e 4f 52 c9 0b
  read 7722 -  0ba0: 9f 2a 80 bd 95 0b f8 29 92 e9 d8 7b da 56 20 de
  read 7722 -  0bb0: 72 89 14 ac 44 ac e8 1b 11 5d 1c bc 04 e4 b3 ca
  read 7722 -  0bc0: 29 9b f4 91 ea 2c e4 18 ac b9 33 37 d6 32 d1 52
  read 7722 -  0bd0: ad ff c3 bf 8e 02 1f b3 53 fc ab 60 cd 93 a4 ed
  read 7722 -  0be0: d0 3a c8 ab f2 a0 72 f1 96 48 45 aa 28 36 a9 4e
  read 7722 -  0bf0: 99 15 03 b4 fd 53 13 5a bb c4 d7 3b 54 51 1f da
  read 7722 -  0c00: 5f 7c 87 3a 71 71 55 99 11 b4 62 76 b4 62 62 e1
  read 7722 -  0c10: cf 14 06 dd bc 02 f5 d7 ee 17 f6 32 22 4b b7 8f
  read 7722 -  0c20: 91 1a ee 54 c0 3d 7b a1 dc cd f6 f5 96 f5 f7 5e
  read 7722 -  0c30: 72 4b 95 95 0b 70 ef 86 26 67 62 90 d1 7a f8 c3
  read 7722 -  0c40: d7 70 09 95 a4 1c dd a8 c5 04 08 02 fd b3 a4 04
  read 7722 -  0c50: 80 92 1f 0b a6 fd 54 22 0e 2c fd c4 5d e9 b9 07
  read 7722 -  0c60: 22 50 b0 44 ff 97 29 3a 49 f2 3b 63 a0 5e eb 14
  read 7722 -  0c70: 98 e4 ac 71 f7 54 cc 8b 18 56 e2 b4 0f d0 15 13
  read 7722 -  0c80: 7c e3 f9 9e 2d 83 67 54 54 4b b6 17 0f 4e 60 e6
  read 7722 -  0c90: 1d db ce aa 40 87 50 5c f0 28 28 e8 2c e0 b4 83
  read 7722 -  0ca0: 50 ac 58 fc 9a 14 36 3a 60 e3 1c db 32 0e 9d 5c
  read 7722 -  0cb0: 7c 24 b1 44 90 73 7a 88 c9 ea b7 21 ea 50 de f1
  read 7722 -  0cc0: b1 c9 fd 0d c8 9d 0b cd f6 02 01 2e c8 ad b3 c1
  read 7722 -  0cd0: 0a df bd aa 5a a1 ab 9c 8c f1 5e b7 4b a7 0b cc
  read 7722 -  0ce0: f6 e2 eb 0a 19 9f af 49 13 33 4b fc b4 a8 71 c9
  read 7722 -  0cf0: 87 e0 95 00 09 4b 36 6c 51 4f a4 e9 7f 89 8e de
  read 7722 -  0d00: a8 fa 4e 5d a9 d4 8c b4 61 12 dd 88 90 d9 6a 0e
  read 7722 -  0d10: ab a7 e1 67 38 89 d0 b2 fd 8e 9d cd 34 b2 55 f2
  read 7722 -  0d20: f1 17 84 42 2a 92 47 13 be cd 18 35 f4 d7 98 4c
  read 7722 -  0d30: 9f 9b ee a7 9c 61 da 32 5b 6f 50 bc 07 7e b0 6d
  read 7722 -  0d40: 4b ba 67 48 ff 0e 2b 95 06 8b ef 66 e8 4b f5 8d
  read 7722 -  0d50: a6 ac f9 d8 84 3e 09 38 69 16 07 c6 4f 05 3f 71
  read 7722 -  0d60: b0 ec c5 a2 da c0 43 4f c4 aa 60 34 2c 0e a8 30
  read 7722 -  0d70: 03 56 6f 5a 0b bb 8b c9 74 f7 6f e8 8c 72 90 dd
  read 7722 -  0d80: 28 5f 7f c8 19 3b 59 17 05 eb a7 4f 90 59 1c 69
  read 7722 -  0d90: 04 0a 29 54 e9 82 3f 37 db a9 bd 24 31 a5 72 7d
  read 7722 -  0da0: 64 5a 4a da f5 76 84 88 90 5b 4d 82 1d 78 22 77
  read 7722 -  0db0: 7e 32 fe 90 c5 fb 44 8e 8f 07 0c 04 a5 bc 1b 7a
  read 7722 -  0dc0: ec 9b 02 b4 f4 ad 3e 09 58 0c 16 ac 1f 38 0c fd
  read 7722 -  0dd0: 20 a9 7c 18 a0 ac c0 cf 20 20 a5 5c 93 fd 33 19
  read 7722 -  0de0: 96 29 18 cd 8e 16 2e ed c7 c7 14 da 46 14 5d 3a
  read 7722 -  0df0: 95 06 bf 3f d1 fd 01 09 b5 53 36 1a 97 11 c8 c0
  read 7722 -  0e00: a5 2a bc a5 44 68 c9 12 55 86 29 6a ca 4a d1 82
  read 7722 -  0e10: c1 b3 88 08 af 2b 05 65 f7 fa f6 b0 8b 17 38 dd
  read 7722 -  0e20: 36 d5 e2 cc 04 43 3d 12 69 7d 96 d3 b9 95 4a 7e
  read 7722 -  0e30: a9 ea 2e 23 45 06 e8 cd b5 b0 a6 fd 77 f9 4f b8
  read 7722 -  0e40: b5 74 e8 76 be 96 2d c2 59 c6 be 25 bb f5 eb b3
  read 7722 -  0e50: 1f 0e 80 da 65 e3 5f 3a 44 22 ff 11 74 15 24 8c
  read 7722 -  0e60: 93 9e 87 90 5d 13 ce 32 b1 89 7b 05 be fe c2 f6
  read 7722 -  0e70: f5 e7 ee 76 fa e4 05 fa 31 71 f2 63 93 58 ea fc
  read 7722 -  0e80: 26 d4 ea 99 6e 71 f7 3e 08 a0 88 1f 12 b8 3f cb
  read 7722 -  0e90: b5 dd 95 0c 57 76 92 68 cf 89 d4 ff 18 57 9b df
  read 7722 -  0ea0: 99 2d dc 1d 5e 3d f1 a4 7c f3 43 af df 10 34 70
  read 7722 -  0eb0: c8 17 80 94 de 8f 45 5a 72 54 ab 38 5e 27 fc 77
  read 7722 -  0ec0: d1 d3 e4 58 07 ad 43 46 c6 58 e0 64 35 12 43 fe
  read 7722 -  0ed0: ef 51 7b 33 80 9b 6b 3b 41 99 50 a7 dc d9 9a fd
  read 7722 -  0ee0: 9a 5f 12 d4 80 95 05 cc b2 8f f7 09 1c 11 6e 3c
  read 7722 -  0ef0: 8f 4f b1 53 f2 43 be ae cd 3d 4d ef 40 8a 7e 25
  read 7722 -  0f00: 09 bf 3c 5e ff 19 51 bc d3 31 32 94 fd f2 48 56
  read 7722 -  0f10: 6e 11 f4 bc c0 72 a8 50 24 a4 8e e7 a3 30 1b 2c
  read 7722 -  0f20: bd 35 7f 3f 55 ee 8c 91 6b 49 77 c1 67 6b b5 b2
  read 7722 -  0f30: 99 64 de 04 70 e1 58 f7 27 15 52 69 16 ba 22 e1
  read 7722 -  0f40: df f3 16 70 af cf b4 37 ae 19 a3 7f 22 21 89 d3
  read 7722 -  0f50: 6b 58 1b 2f 7c ac 14 97 6f 68 31 d1 7c a9 0a e9
  read 7722 -  0f60: 27 b6 b7 b4 eb 8e cc 3d 6e 33 9a 92 1b 59 78 46
  read 7722 -  0f70: ad ca 04 15 fb 79 25 89 81 98 73 6c 52 7e 76 b2
  read 7722 -  0f80: f4 22 e7 c7 f0 53 dc 2d 94 5c 08 b3 43 32 5a c7
  read 7722 -  0f90: ff e8 c3 78 64 d6 c7 38 a1 ce 97 57 6a e5 d0 57
  read 7722 -  0fa0: 29 2e a6 33 2a ae c0 bf 6e 50 fc f0 e1 32 f2 45
  read 7722 -  0fb0: 1f 0d 17 40 e7 a8 1b 65 b3 34 c7 69 86 07 89 9b
  read 7722 -  0fc0: 1b 02 9e e6 12 c1 57 c4 b7 90 fb 17 b6 8a 99 7e
  read 7722 -  0fd0: 28 8b b5 d3 41 04 d2 f6 c3 3e cc 71 0a bb 1e f1
  read 7722 -  0fe0: 53 75 97 6f 70 61 1c 11 b8 a7 61 86 61 46 d4 6f
  read 7722 -  0ff0: a4 4b aa b3 16 51 63 e4 72 65 fb a3 88 c5 03 b7
  read 7722 -  1000: d3 c3 33 bd 6c 9b 8d 73 b4 2a 84 a2 39 b5 62 4b
  read 7722 -  1010: a9 1c e9 a1 01 27 00 62 c5 56 a1 57 a0 e0 8f b4
  read 7722 -  1020: 87 4b 32 4d 1f d8 eb 26 35 10 7a 23 7e d2 c3 45
  read 7722 -  1030: c1 e5 1d 83 23 99 c9 02 0c a8 a8 87 7d 31 31 60
  read 7722 -  1040: 02 a5 a2 e6 52 77 17 4c 56 de 1a a6 15 54 4b 7e
  read 7722 -  1050: 2b cd b6 53 42 ab 21 ad 6e 69 49 39 d5 51 e0 68
  read 7722 -  1060: 6b 72 6c ea 2e cf f1 b2 13 e4 be 2e 5f 5b cb 0c
  read 7722 -  1070: 12 95 0d ba 05 af 0f 51 e1 b1 b1 3f 0e 37 26 b7
  read 7722 -  1080: f3 68 ca 5b 49 b4 96 c2 10 4f 42 00 c3 31 24 c7
  read 7722 -  1090: fe 41 b4 69 ac 40 63 3a 07 28 9c b0 b2 a5 d8 7e
  read 7722 -  10a0: 72 5e 1f b6 32 d1 5b 06 24 71 2c 5c 00 c8 39 bd
  read 7722 -  10b0: 46 81 db a2 7f 34 c6 93 cc ba 28 08 33 3a 2f 03
  read 7722 -  10c0: 95 45 95 be ae 88 82 fe ca 54 bd 2a f7 f5 0a 06
  read 7722 -  10d0: ff ce 6c 86 82 6a 97 a3 da c6 07 a9 78 a8 eb b8
  read 7722 -  10e0: 12 b2 b9 b7 ee 83 de 03 a8 cc c2 a9 28 7d 36 d8
  read 7722 -  10f0: ba 60 2c ad 3c 5f bb f8 aa f0 2d 3f 6b 2e 42 b5
  read 7722 -  1100: 82 c4 a1 de 1a 97 81 11 e2 f5 99 62 b2 e8 fb 0a
  read 7722 -  1110: 7b 6b bd 27 13 a1 cf 39 80 c0 00 42 1b b3 ff c8
  read 7722 -  1120: f7 b1 5b b5 a1 2f 84 7b 7d b5 f4 2c c4 e9 66 7f
  read 7722 -  1130: 11 00 16 80 a4 19 c2 ac 58 b8 30 a8 37 86 b2 f0
  read 7722 -  1140: 58 f0 81 6a b0 82 f2 0c b8 10 05 8d bd d2 e8 9a
  read 7722 -  1150: 91 72 2a bb 4c 1b ed 4f 2c 70 04 1b 82 ee 93 3d
  read 7722 -  1160: e8 78 bb 2c c0 2b 24 a7 d5 14 49 f0 83 bd 52 6c
  read 7722 -  1170: bd 5f 33 98 d1 40 20 1c a9 4c c2 4f 05 2c a3 35
  read 7722 -  1180: 93 5b 9f 83 56 56 d5 bc 26 b2 60 07 70 20 9d 4b
  read 7722 -  1190: b0 40 e3 f8 ab 3a e1 62 82 c3 44 23 e1 6b 01 e6
  read 7722 -  11a0: df 63 7b 75 34 6b ed 70 ca e9 2e 4f 61 47 18 c8
  read 7722 -  11b0: 11 6d 51 49 ed 9c 78 f0 d0 9e 15 07 7f b3 42 b0
  read 7722 -  11c0: e7 f4 71 a9 22 59 4e c2 b3 91 13 e9 81 fe dd f9
  read 7722 -  11d0: 4c 24 c8 f9 63 1d e6 98 61 46 45 26 4f 61 6b ed
  read 7722 -  11e0: c7 bb 09 46 ce 56 90 1f fb 73 0d 4e fa 84 77 4e
  read 7722 -  11f0: 7b 58 2a 46 28 43 86 e6 5f 02 ab 5d c7 4c f0 65
  read 7722 -  1200: a9 2b 37 2d e2 a7 84 c4 f2 84 c0 2b 52 1e d3 48
  read 7722 -  1210: 9d e6 de 61 4a 9c 9c be 34 4d 0a 80 ae 5f e0 3f
  read 7722 -  1220: 93 ce 86 f8 56 26 bf 62 af 3b a1 92 20 f2 b7 18
  read 7722 -  1230: 78 06 2b 38 bd 8f bf c1 53 d8 69 3d 5e 28 cd cd
  read 7722 -  1240: 9e e4 30 eb 5c ed e2 fc 0d 61 46 58 d4 5a 83 a1
  read 7722 -  1250: e8 99 4f 15 d1 17 5d ee 9a 9c ad 13 7e f5 b4 f2
  read 7722 -  1260: 60 2e 22 ff d7 14 ab dd 8f fe 99 3f 5f dd 80 d5
  read 7722 -  1270: c5 2f cd 2e df 83 94 de 90 05 13 6b 10 ee cb 7a
  read 7722 -  1280: 66 55 26 9a f7 ea 1c 63 f1 1e 09 ce bb e8 64 c1
  read 7722 -  1290: c2 fa ee 97 3e d0 0d 33 7b 9c 17 bf 51 79 51 bb
  read 7722 -  12a0: 24 b2 17 a7 b4 46 53 6f 6b 55 04 8e 86 7c 10 2b
  read 7722 -  12b0: 32 2f 48 83 d0 0d 2b e9 5d ef b1 ef 92 5f 03 b2
  read 7722 -  12c0: 58 d8 75 98 4b 2c 49 ba a3 55 9b 98 43 d7 6c 79
  read 7722 -  12d0: 6f 80 35 4c b6 34 3b 1c e0 88 19 fb 3e 71 57 0c
  read 7722 -  12e0: 29 5e 3f b2 62 0b 9a 3b 85 c9 05 8d 17 3a 5d ca
  read 7722 -  12f0: cf 42 d3 b6 43 bb 84 58 c3 ce 45 3c 7c 97 08 3d
  read 7722 -  1300: e3 76 b5 61 5a 93 f4 60 e4 70 76 56 0e 70 7b fe
  read 7722 -  1310: 33 e7 7f 1c d3 aa 1b a2 9d e7 70 5d cc 1a a2 74
  read 7722 -  1320: 79 da d0 60 fa f2 92 c9 d0 95 4f d8 78 b3 68 1b
  read 7722 -  1330: e9 16 62 4d 15 5d a5 7c 1a d9 84 19 f1 4e 5c f7
  read 7722 -  1340: 6b 58 a4 df b9 6b 55 47 c0 ad 8b 66 32 4a d4 93
  read 7722 -  1350: 7e bd 6c ec 5c 31 0f ef 06 0b 13 de 34 d8 2e 00
  read 7722 -  1360: 82 7b b3 b5 35 bc b5 0d e3 8d 15 f2 6e 87 09 65
  read 7722 -  1370: 45 72 6a f5 50 82 15 18 d0 eb f8 63 c6 bb 92 25
  read 7722 -  1380: 6a 14 bc 44 f2 7c c6 11 98 34 73 aa d8 6d 4f 75
  read 7722 -  1390: b2 46 04 bb f2 ea 58 f5 7d cc 03 89 80 a0 18 74
  read 7722 -  13a0: a8 e7 8c 2d 00 09 77 07 27 c5 81 17 39 bc e6 f9
  read 7722 -  13b0: d6 40 28 fb 65 70 32 9c ea fe e4 77 95 eb 85 5d
  read 7722 -  13c0: 39 fb 93 c6 88 eb 9d fc d0 91 96 1e ef 25 29 86
  read 7722 -  13d0: 4d fd 67 dd e3 e4 c6 0d 67 ff 60 68 c3 9e ef a0
  read 7722 -  13e0: 57 74 34 15 48 bd d0 db 97 b0 1b 41 e4 84 48 d9
  read 7722 -  13f0: 83 b6 9c 66 23 bf 69 e1 88 0c cb 2d 64 ae 31 e8
  read 7722 -  1400: 3a 8b bc ce 40 06 73 b7 dd 97 df 2a 33 c0 89 1b
  read 7722 -  1410: 8a 13 18 57 cc 75 aa f0 52 82 1a 85 13 6b 80 c0
  read 7722 -  1420: 77 0e 2c 57 1e d6 9d 29 c9 cc ba a1 ed 05 2d 27
  read 7722 -  1430: 81 36 55 f0 44 ce 6a 70 34 4b 8c 53 31 20 e8 89
  read 7722 -  1440: 17 f1 84 12 c8 78 ea b9 46 a6 4e 70 3f 3c 70 b7
  read 7722 -  1450: b2 dd 9e 25 8e 74 76 2f 5c 78 8b d1 95 1a 9d df
  read 7722 -  1460: 28 f4 d4 2e ac 13 5a 4e 10 d6 ee af b0 d5 4c b1
  read 7722 -  1470: 2c 9a 33 b0 54 26 52 71 9c 0a e4 94 17 fb 27 15
  read 7722 -  1480: 53 fc f5 66 2f 16 b6 04 2e 13 d0 1e 9d 5b d6 f3
  read 7722 -  1490: d0 88 c2 fe 87 cb d0 08 36 cd c5 f3 3d a1 10 1f
  read 7722 -  14a0: ec 71 51 90 15 47 6b dd 90 68 74 1a 57 c5 72 91
  read 7722 -  14b0: c0 96 ce 77 5c e6 51 ce 70 98 af 72 60 39 f1 5b
  read 7722 -  14c0: 0e fc bf 24 3d 9b 40 55 bc b1 45 0d 1f aa ef 0b
  read 7722 -  14d0: 98 c3 0c 06 5b 69 e5 06 c4 62 c3 b8 26 77 7d 3a
  read 7722 -  14e0: a4 df 2a b0 09 fb 63 75 42 79 00 b4 39 d2 4e cc
  read 7722 -  14f0: 52 f3 19 45 ac e0 72 cc 60 1c 1a 2c 7f ef ad 79
  read 7722 -  1500: bf 1c 2f 50 49 3d 47 0b f1 5c 29 b0 dc 9d 69 f4
  read 7722 -  1510: 84 47 eb 2f fe b5 65 7c 3b 51 de d8 dc 35 e4 f1
  read 7722 -  1520: 2b 5b dd 8d da 99 6f 7d 09 44 6d c3 c1 ab 74 65
  read 7722 -  1530: fb d7 2c 06 c2 1e 49 47 8f 44 c8 cc 0c b1 bb 27
  read 7722 -  1540: aa f5 f4 81 41 74 ec 22 89 4f 1c 0d 71 ad ca 08
  read 7722 -  1550: 72 93 a6 81 ff 3d a3 41 b4 60 47 8b fd ae e5 62
  read 7722 -  1560: bf 47 e5 9c a1 1e 6a 52 27 20 a0 9b 6a 74 9d 07
  read 7722 -  1570: 14 16 99 e1 cf 17 1e ea 20 fe f6 7d 31 11 ff e9
  read 7722 -  1580: 8e 95 31 45 52 1d 4a 45 14 68 52 42 e6 f9 76 ca
  read 7722 -  1590: 4d 2c 1a 81 b7 90 71 f1 24 e7 fa 5d 34 66 2a 46
  read 7722 -  15a0: 72 e7 d8 8f 3f 3c d8 93 aa 68 fa 82 18 f4 b0 04
  read 7722 -  15b0: 1d 81 ac 6d 9d ca 7b 2e 60 22 c1 b1 a4 f7 0a 14
  read 7722 -  15c0: 63 28 82 17 09 79 21 a2 6a 85 7a b3 3d e2 36 28
  read 7722 -  15d0: 14 2b b1 41 91 ea 89 5c 40 27 df 9a 34 92 a0 87
  read 7722 -  15e0: 84 0c 77 18 39 ad a8 66 9a b6 ce de cf b4 41 58
  read 7722 -  15f0: 75 90 45 e1 80 e0 00 6b a7 4f e9 99 ef d4 0e 0c
  read 7722 -  1600: b8 d1 d4 ac b8 73 f2 b0 d1 63 73 b9 34 30 8d 51
  read 7722 -  1610: b5 6a fa fc 2c 69 fe ed 7f 63 26 44 09 5d d5 c6
  read 7722 -  1620: 92 6a f9 d2 85 ae 4e 0c ee ad 94 1a cd fb c0 70
  read 7722 -  1630: a1 aa b5 a5 3c 9c 2a 7b 1b e2 35 3c 1d 42 db a7
  read 7722 -  1640: a2 2c 7b 03 7f c0 6b ae 6c 67 6d 5c 09 3c a3 b5
  read 7722 -  1650: 9f 56 86 53 0e 27 91 d9 7e fd ea ff b0 d6 b2 a0
  read 7722 -  1660: fa 7d 71 62 d9 e3 ea 09 35 67 74 3a 59 56 d0 17
  read 7722 -  1670: c6 e7 23 ac c0 0a e0 f4 e2 da a6 35 75 a1 7a 12
  read 7722 -  1680: 3e 1d fe 1b 99 da c6 7d 71 50 cd 20 58 f1 ad 36
  read 7722 -  1690: ec 8a 40 c7 95 a7 d6 10 56 e8 be 4a ef 6b 5f ef
  read 7722 -  16a0: 79 15 e0 e2 77 cd a9 39 6e 86 78 ac b4 6b d2 7d
  read 7722 -  16b0: 1e 72 58 a6 3b 6f d3 a3 09 ef 3b 38 d3 22 f7 be
  read 7722 -  16c0: 65 05 5a dd a2 c4 6d be b6 7c aa ec df ce e8 52
  read 7722 -  16d0: 4b d3 ca 6c c0 8d 1f 99 1d bc 6f b2 19 f0 33 f5
  read 7722 -  16e0: bd fe cd 6f 0e a8 fe 0e a1 1c 61 c3 59 6c c5 40
  read 7722 -  16f0: 6d 57 a8 05 de b0 68 63 07 08 42 2b 0d dd f1 ae
  read 7722 -  1700: a9 e0 c7 c5 d3 c9 4b 63 0f 04 c8 36 24 23 f5 8e
  read 7722 -  1710: 14 20 38 b8 1c b7 bb c5 cb 60 be 85 4e b2 7d 69
  read 7722 -  1720: 12 2f 59 7c 06 72 35 d7 e3 7b c5 d1 ea 93 bd 80
  read 7722 -  1730: 0b 8c 20 63 c6 61 51 12 c4 c3 6c ac af be 74 26
  read 7722 -  1740: 9f e1 37 60 cb e6 b1 1a 5a 2d 43 7e db 8c 4a 6b
  read 7722 -  1750: 61 38 f1 06 0b ed ee b5 2c cf e9 ef 83 b9 8e 36
  read 7722 -  1760: 0f ea c8 5b 10 84 3f 52 7f 31 13 8d 32 1d 56 2d
  read 7722 -  1770: c0 60 e8 e6 1b 71 12 b8 5c c8 a7 88 dc db f2 90
  read 7722 -  1780: 1b 00 1f ef 64 97 35 eb c7 a9 09 5b 25 31 61 06
  read 7722 -  1790: 6d a5 b4 b6 70 61 d1 a0 3d 3b 43 9f d0 02 a6 7f
  read 7722 -  17a0: 9e 1a 00 27 48 bd 28 28 be 1a 06 7a 6e ff 60 c7
  read 7722 -  17b0: 47 5b b5 eb ce 78 9f 4a d2 31 3a 51 b6 8f 29 a8
  read 7722 -  17c0: 79 bb 82 12 1d f0 58 7b b6 c1 4a fa 49 bb f3 5f
  read 7722 -  17d0: 93 79 f5 2b 91 c8 6f 3f ff a8 10 3b 38 ad 14 b3
  read 7722 -  17e0: b5 66 64 53 2a 47 ba 7f 24 25 29 2d df 02 a7 87
  read 7722 -  17f0: 9e 32 ce e5 59 cb 66 e9 05 3c eb 88 ac 4b 49 53
  read 7722 -  1800: 86 96 65 48 98 dd 50 d5 0c f2 56 fe 2f 99 e6 ba
  read 7722 -  1810: 57 8e 3e f9 18 c7 44 61 0d 11 c5 d5 bc 9b 5a 0f
  read 7722 -  1820: 61 04 3a 8f 85 b6 c5 47 50 d4 3f 80 93 1e ed 48
  read 7722 -  1830: 9b 8e ac a9 51 a6 ef a7 54 96 6b 7a e7 bb 44 39
  read 7722 -  1840: 41 ad c5 6a 0a 0c a1 b6 a4 cc f2 ba 81 a0 66 03
  read 7722 -  1850: ac db de 41 0b 7b cb 0d 25 69 58 f9 94 6d 5d 25
  read 7722 -  1860: 72 5b ed 00 72 af 06 6d 80 bc 7e 74 ff 4c 52 7a
  read 7722 -  1870: c0 2e 24 bb d0 20 79 48 fe 7d 29 b1 60 a6 9a a7
  read 7722 -  1880: 70 e6 06 ff c4 3e c0 df 44 52 04 7b 6d 1f 75 4b
  read 7722 -  1890: af 4b 48 0b 10 96 69 9d e0 4f 98 48 f5 83 4f 3d
  read 7722 -  18a0: c8 c9 e0 68 ba b2 c4 b2 c8 ef a2 92 ea 1d 06 e6
  read 7722 -  18b0: d5 cc 36 28 24 fd b8 1f 77 a7 44 25 eb e2 97 e3
  read 7722 -  18c0: d0 fd bd 9f a4 01 fa ab 35 74 c4 f0 fa c4 56 91
  read 7722 -  18d0: 0e ad 24 d5 da 6a 27 e2 3e ab cc 6a b0 11 f3 97
  read 7722 -  18e0: 47 55 d3 10 85 48 72 71 7f c4 75 21 fe 96 9f 01
  read 7722 -  18f0: 32 e0 bd ad 02 15 d3 e0 6a a0 79 bf 86 43 b5 d6
  read 7722 -  1900: b0 a5 c0 7c 42 cc a2 2e fa 6d d3 f2 a4 6e 6b ea
  read 7722 -  1910: 4a 10 0f f3 d1 1a 21 3b 83 e5 67 e9 7e 6d 5f d2
  read 7722 -  1920: 78 fd 09 30 da 44 74 be 03 50 2b 12 4d 6b 4a 00
  read 7722 -  1930: 2e 31 63 ea dc 97 cb ce fa 68 91 45 0c b3 51 bb
  read 7722 -  1940: 9f 05 87 98 9a a9 29 90 25 de 3d 3e 60 3d 96 cb
  read 7722 -  1950: 3e 34 b9 31 28 a5 9b a7 de 55 cc 33 18 c1 47 87
  read 7722 -  1960: 86 60 26 10 7f fd 00 02 91 15 0a 72 c5 fc 58 07
  read 7722 -  1970: ff 07 1e d7 10 c5 46 c5 f7 c8 a8 c8 88 92 76 e3
  read 7722 -  1980: be b6 60 cf 4d 27 77 6d 2f d6 7d a9 86 9a 17 ad
  read 7722 -  1990: 63 66 80 5a b3 93 e4 f9 b3 57 18 07 38 58 5f 63
  read 7722 -  19a0: bd 07 dc ab 96 b6 56 d1 f0 93 c4 07 f5 b7 fc 69
  read 7722 -  19b0: 60 e5 98 4a 46 bf cc 54 cf 92 eb cf ec bf b9 57
  read 7722 -  19c0: 19 3c 31 90 cf 90 58 54 8f f0 50 d2 1a 08 19 5d
  read 7722 -  19d0: 82 40 ac b3 cc f1 e7 cb e8 aa 5c 2a 62 c8 44 a8
  read 7722 -  19e0: 7d f4 ac 55 54 23 1a 7b cd 4a aa d7 28 ee 79 39
  read 7722 -  19f0: f0 8d c7 4e e6 8e e9 a0 a7 9b 69 05 8a a4 cd a9
  read 7722 -  1a00: a2 2e ea b7 f7 1c 68 e2 13 9f 4e ed a6 1d b6 fa
  read 7722 -  1a10: 04 82 44 8a 64 db 47 6b 86 2e 49 67 c6 fb cb 18
  read 7722 -  1a20: 78 95 e9 da 6c 10 42 8a 21 8c 8c 97 1e 0d b6 8b
  read 7722 -  1a30: 50 29 ce 95 c8 b8 9c 5d 2f 65 ce e4 90 5e 8e ad
  read 7722 -  1a40: 29 93 6a ae 3f c8 52 92 0b 5a d1 2b 9a b1 97 96
  read 7722 -  1a50: 2e 5e a2 15 11 6a d5 95 6d 4c 2d 92 47 5c 34 cb
  read 7722 -  1a60: 07 15 d3 d8 72 ba f2 1a 00 d7 50 d0 fd d9 b9 31
  read 7722 -  1a70: 57 45 0d 28 9d 7e 42 a2 97 2d 89 06 12 e6 2e 0d
  read 7722 -  1a80: 0c db fa bc 0c 95 5f c7 12 4a 59 4e 9d f0 03 52
  read 7722 -  1a90: 6a 9a 98 f4 33 93 64 2e b8 a4 d6 c6 3e f0 25 ce
  read 7722 -  1aa0: 17 b5 8c cd 22 5b 1b 0d dc 3a d7 41 25 06 24 cd
  read 7722 -  1ab0: 63 84 65 6d 7e 3b 5a 2d 30 2d 07 c2 0a 0b 7e 2e
  read 7722 -  1ac0: a9 8b f3 ab 7d 25 d9 a7 59 65 0a 42 be 23 72 a5
  read 7722 -  1ad0: 59 2c 06 d9 96 26 da 73 c5 11 b4 f8 d5 56 dc 32
  read 7722 -  1ae0: a0 90 7d b4 7f 3e 47 f0 92 ec 60 fe ee 0e ce 00
  read 7722 -  1af0: e0 63 50 bf 51 a7 58 9c e2 92 1c e5 a9 e9 e2 ac
  read 7722 -  1b00: 21 0a ad bb e8 03 7c b6 d4 57 bc 3d 10 c9 e6 e4
  read 7722 -  1b10: b0 73 0a 41 95 8d af 77 73 dd 61 97 3f 6d db e6
  read 7722 -  1b20: 31 a6 1b d2 7e 93 52 32 3f 56 de bf c9 7f 92 fd
  read 7722 -  1b30: af 37 3a 38 36 28 20 af 4a 1d 08 bb 7b 81 82 eb
  read 7722 -  1b40: 48 f5 b2 22 c5 ea ac 25 69 b3 4a 3f c2 9d 3a 63
  read 7722 -  1b50: 23 1f 6c 92 67 d3 46 6c 01 b8 6f 49 43 99 fa 99
  read 7722 -  1b60: fc fb c6 03 b1 66 e8 9d f0 d5 59 05 39 04 9c 45
  read 7722 -  1b70: ab 2f b2 69 f2 aa 49 32 e0 38 0f a3 b7 98 f8 4f
  read 7722 -  1b80: b8 29 ae 83 e0 ff 64 ab 21 69 b7 5e 6d 24 ac 41
  read 7722 -  1b90: 18 7d 08 5e 0b 84 ea 41 3f 46 67 51 6c 3e d5 d9
  read 7722 -  1ba0: cf bd 87 1d 54 53 43 43 91 9c 10 04 01 62 42 c9
  read 7722 -  1bb0: f0 f7 49 63 9c 79 51 33 bc c5 ef a7 ac 3b af e1
  read 7722 -  1bc0: 56 4f ae 2d 43 2d 8b e4 fe 88 91 85 fc 81 0a be
  read 7722 -  1bd0: aa a5 20 67 44 25 ca 3b b1 27 62 0d 5f e2 a3 79
  read 7722 -  1be0: f6 c3 13 44 76 36 e7 a1 e1 f3 37 6d 45 ca 3e ae
  read 7722 -  1bf0: 0f fc 58 f1 45 2c 19 1c e2 cd 62 5f 95 3e 3e d4
  read 7722 -  1c00: 69 ca b2 40 99 09 9b c3 ea 45 43 03 e8 94 c1 96
  read 7722 -  1c10: 7f 51 52 dd e0 a9 0b e3 27 22 0f 94 5b 29 c0 cc
  read 7722 -  1c20: 7a be a7 94 d5 f3 01 38 14 3c 9e cc bb 32 f8 2a
  read 7722 -  1c30: d4 4b 54 39 a0 43 fb 12 7f ad a4 45 73 bd d2 6a
  read 7722 -  1c40: 53 db c9 b9 35 a0 66 bd 43 9c 21 f5 a6 0f a3 d3
  read 7722 -  1c50: 9f f3 23 d7 c7 74 85 d1 13 7d 60 9f 85 0b eb ac
  read 7722 -  1c60: 60 9d 2e d1 9a 39 db 72 f5 b4 65 f9 20 8d 2c 00
  read 7722 -  1c70: 98 ed 53 9b 1f f3 e6 6b a1 db e6 e0 08 cc 52 93
  read 7722 -  1c80: 4c 47 ba 2d ee 06 a4 8c bc 68 24 ef e5 5d 50 0b
  read 7722 -  1c90: 02 1b fd da 9f 6f 7c fe c9 1e d0 51 03 6e be d7
  read 7722 -  1ca0: 20 66 20 10 18 aa a4 69 6d 3a 4a 39 2d c4 9f 5c
  read 7722 -  1cb0: 01 2e e2 82 8f 2e ce d7 3c 78 08 bd c1 dc 6c 41
  read 7722 -  1cc0: 23 ec fd 78 37 e1 7f d6 0b 46 31 8d 60 f6 c4 2d
  read 7722 -  1cd0: 49 63 dc 43 29 23 2a e4 6b 52 dd bf c5 01 ab fd
  read 7722 -  1ce0: 60 9d 3a 30 1f 15 09 94 c4 79 eb 72 ca 47 e4 db
  read 7722 -  1cf0: fa 90 11 ff 54 4c cf ba bb 7a 85 4e 64 0b 5a d7
  read 7722 -  1d00: 8e 88 80 48 b6 fa 4b 36 7c 1a 69 a0 7b 82 a6 3d
  read 7722 -  1d10: 12 e7 ae fc 5a 1c 97 7d 9e 10 15 77 c2 a8 25 5e
  read 7722 -  1d20: 6c 4a 4e 88 a4 ed 55 55 ad 30 90 a3 d6 e8 47 83
  read 7722 -  1d30: 90 60 20 51 25 ab 74 d9 d3 08 8c 36 7c 21 42 08
  read 7722 -  1d40: 27 c8 6a 38 47 42 19 ed dd bf d6 e2 73 7a ae 51
  read 7722 -  1d50: 25 71 d4 c4 8f e6 b2 17 0b f4 07 48 03 57 51 81
  read 7722 -  1d60: 53 ca 54 0f 23 e1 d8 f8 21 a9 76 17 c2 be 6c 62
  read 7722 -  1d70: 25 40 20 d3 c1 a6 f9 db fd 53 7c 75 c2 ba 2a 1f
  read 7722 -  1d80: c6 7c b5 16 2b 22 21 b0 f3 8e 4b 55 8d b1 bc 00
  read 7722 -  1d90: d2 6e 0a ef 34 0f 51 8b 58 98 c1 d5 91 1a e3 02
  read 7722 -  1da0: f8 79 2c 77 7b 62 17 f2 a1 66 da 45 f2 8a df d4
  read 7722 -  1db0: 3b fb 74 e3 c6 03 2b 07 a9 90 b5 01 b9 5d c1 ac
  read 7722 -  1dc0: 98 2c c4 db c5 9f 35 ed 61 56 19 79 b8 ed 37 98
  read 7722 -  1dd0: ea e2 81 02 91 bd e8 ee 6a bc 78 e0 cd 82 3e ce
  read 7722 -  1de0: 5c d0 48 e3 8e b8 b4 81 a6 1b f9 9f 38 ee 63 09
  read 7722 -  1df0: 55 42 a5 11 84 e6 4d c3 9e fa 9b 3b 78 c3 44 bd
  read 7722 -  1e00: 68 9d 7c 96 08 7b b2 84 c2 90 be 6a 73 14 c9 d1
  read 7722 -  1e10: 7b c2 6b 0e d2 aa 0e 60 a8 a5 25 8d dd 25 9f f6
  read 7722 -  1e20: 99 e8 42 08 02 f4 95 1e 05 18

 write    4 -  0000: a0 06 00 a6

 write    6 -  0000: 50 03 00 01 00 56

  read    4 -  0000: a0 06 00 a6

  read    6 -  0000: b0 03 00 50 01 a6

  read    4 -  0000: a0 6d 09 16

  read 2413 -  0000: 50 6a 09 1e 25 00 00 00 47 f4 ab 7f 91 f8 39 b8
  read 2413 -  0010: 17 a0 a3 4a fa 13 20 aa a8 ca 7a db 13 a8 b0 3b
  read 2413 -  0020: 0a f8 3b b3 b8 8b 8b 70 a7 b2 ba 3b bb 54 d3 bd
  read 2413 -  0030: be fb 8b cf d8 c2 c0 cb cb d8 df b9 bf 3b bc 2b
  read 2413 -  0040: 1b c0 c7 7c bc 4b 47 be be 8c 0c 1c 28 c6 c4 8c
  read 2413 -  0050: 4c 43 3f c0 c6 3c fc 98 e7 c7 c1 0b cc 6c 13 c3
  read 2413 -  0060: bd cc 8b bc 08 b1 a0 fa b7 d7 b8 7d 96 88 c9 eb
  read 2413 -  0070: 20 9d a4 4a f9 e7 24 aa a7 fa 0a 98 13 aa ad 7b
  read 2413 -  0080: 3a df 5f b5 b5 7b cb 7c 74 b0 b5 fb 7b 83 7c ba
  read 2413 -  0090: bf 3b fb ac a3 bc bf cb bb ef b4 b9 c2 3b fb d4
  read 2413 -  00a0: 0c bc c0 bc fc 17 00 bc be bc bb cc 07 c2 c0 fc
  read 2413 -  00b0: 4c 2f 17 c2 c2 4c 0c 13 d7 c4 c0 3b 4c 48 13 bc
  read 2413 -  00c0: b9 8c 8b 98 08 ae a0 ba f8 4b eb 84 97 78 f9 d3
  read 2413 -  00d0: d8 9c a3 39 4a 04 3f a7 a5 0a 8a 83 cb a5 ad 0a
  read 2413 -  00e0: ba c7 bc b5 b3 3a 8b 47 8f b1 b3 0b bb 58 7f b4
  read 2413 -  00f0: bc 0b 7b 84 d4 b7 b9 7b 7b c3 c4 b9 bf 7b bb b0
  read 2413 -  0100: 90 bf bd bb bb ec d4 bb be 0b cc 0c b8 ba bc 7b
  read 2413 -  0110: 8c 1c ef bb bb 8b 8b e0 9f bc bf 4b 3b bb a7 b9
  read 2413 -  0120: bf cb 4b 28 bc a7 9c 09 37 c3 b4 7c 94 48 f9 94
  read 2413 -  0130: 1b 97 9f 4a 4a 3c e0 a1 a3 79 ba 3b 74 a6 a8 4a
  read 2413 -  0140: fa 77 78 b0 b0 0a bb 17 2f ab b2 fb cb 0b 34 b6
  read 2413 -  0150: b0 fb fb 5b 4b b0 b4 4b 7b 9c 43 b8 b4 3b 4b 77
  read 2413 -  0160: 9c b9 b4 8b 4b 57 5f b6 ba 3b fb 37 5c b8 b5 3b
  read 2413 -  0170: 4b 84 78 ba bd 0b cb 84 6b b9 b8 4b 0b 34 5c b4
  read 2413 -  0180: b5 bb 4a df 68 a6 96 b9 47 73 c8 77 94 08 09 8b
  read 2413 -  0190: ac 9d a0 b9 49 d8 b3 a3 a3 f9 0a 97 a0 a3 aa ba
  read 2413 -  01a0: 3a 78 a8 ad b0 8a 8a d4 1f b2 af 0b 0b 68 94 b6
  read 2413 -  01b0: b5 bb bb 5f ac b4 b3 4b fb 77 63 b4 b7 cb 4b 37
  read 2413 -  01c0: 8c b6 bc 0b bb 6f a4 b7 b8 fb cb ac 53 b5 ba fb
  read 2413 -  01d0: fb ac b4 b7 b9 4b 8b a0 94 ba ba 4b cb 6f 88 b3
  read 2413 -  01e0: b3 3b 8a c0 94 ac 99 49 b7 c3 ec 7c 96 88 79 d7
  read 2413 -  01f0: 0b a0 9f ba 8a 0b 23 a5 a5 4a 3a 90 c4 aa ad 0a
  read 2413 -  0200: 7a cf e0 ae b5 ba 4b 00 33 b3 b1 cb 3b 67 a8 b6
  read 2413 -  0210: b8 4b 4b 53 94 b8 bb cb cb 87 84 b7 b9 fb bb 7c
  read 2413 -  0220: d8 bb b9 3b bb 9f bf b8 b7 3b fb bf a3 b8 ba 4b
  read 2413 -  0230: 0b bb bc b8 b9 bb fb 97 98 ba ba 4b fb 54 8f b2
  read 2413 -  0240: b3 cb 4b 0c 74 a9 97 79 47 b4 b3 7b 95 38 f9 9b
  read 2413 -  0250: c3 9b 9d 79 49 d0 57 a2 a3 fa 4a 5f 84 a3 ab fa
  read 2413 -  0260: fa a7 97 aa b0 0a fb 03 4c b5 b0 fb cb 77 58 b4
  read 2413 -  0270: bd bb fb 6f 7c b7 b6 8b 3b 74 3f b9 ba 3b 3b 7b
  read 2413 -  0280: 94 bc b9 3b 7b 80 b0 b4 bc fb 4b ac 48 bc ba 4b
  read 2413 -  0290: 7b b3 e7 bc b7 fb bb 90 53 b8 b8 3b cb 84 7c bb
  read 2413 -  02a0: b3 4b fa e7 67 a7 96 b9 37 73 b0 77 93 f8 79 73
  read 2413 -  02b0: 8f 99 9c c9 b9 d8 bf 9f 9e 39 4a 38 7f a5 a6 0a
  read 2413 -  02c0: ca b3 e3 a9 b4 7a fa c4 2b ab ac 0b cb 38 20 b2
  read 2413 -  02d0: b4 bb 7b 5f 60 b1 b1 3b 3b 58 4c b4 b4 8b 7b 38
  read 2413 -  02e0: 40 b5 b5 bb cb 4b 74 b6 b1 7b 8b 20 48 b5 b7 cb
  read 2413 -  02f0: 7b 6f 6b b7 b6 0b 4b 77 47 b8 b5 fb 4b 28 ec ad
  read 2413 -  0300: af 8a 8a 97 f7 a0 8f b8 07 bf 94 7c 93 c8 39 94
  read 2413 -  0310: 9f 9b 9d 09 4a 37 14 9e a2 fa 8a 33 cb a7 a9 fa
  read 2413 -  0320: 3a 80 74 ae ad ca ba d8 30 af b1 8b 8a ff 83 b8
  read 2413 -  0330: bb fb 7b 20 5c b4 b4 3b fb 67 54 b4 b7 cb 8b b3
  read 2413 -  0340: 67 b8 b8 fb cb 9f 7f b9 ba 4b fb 88 84 bd b9 3b
  read 2413 -  0350: 8b db 6c b7 bb 0b 0b 90 80 bb b7 fb fb 53 77 b2
  read 2413 -  0360: b1 bb ba c4 67 a3 96 89 87 b8 d3 7b 92 08 09 97
  read 2413 -  0370: c3 9a 9c 49 39 f4 68 a2 a4 fa 8a 83 93 a7 a7 ca
  read 2413 -  0380: fa c7 a0 ad b0 ba fb 04 6f b3 b0 cb bb 27 6b b8
  read 2413 -  0390: bb 0b 3b 83 74 b5 b7 3b 7b f4 7b b5 ba 3b fb a3
  read 2413 -  03a0: b0 b6 b4 bb 4b bb b7 ba ba bb 3b 97 80 bb b9 3b
  read 2413 -  03b0: cb a7 78 b7 bd 0b 0b 53 84 ba ba bb cb 6b 8b b3
  read 2413 -  03c0: b3 fb ca cf 68 a1 96 79 47 e0 b8 7e 90 88 39 77
  read 2413 -  03d0: 77 97 9c c9 49 c4 f3 a1 a4 79 ba 6f 5c a4 a6 0a
  read 2413 -  03e0: 0a dc bf af b0 4a fb 28 0f b0 b4 3b cb 38 3f b5
  read 2413 -  03f0: b7 fb 4b 4b a4 ba b6 3b fb d8 68 b1 b5 7b 8b 9c
  read 2413 -  0400: 44 b7 b3 fb cb a0 98 b5 b6 4b 4b 77 58 bc ba 0b
  read 2413 -  0410: cb b3 7f b8 b5 fb bb 67 60 b5 b7 8b 8b 87 58 b3
  read 2413 -  0420: ae 0b 8a d8 8b a3 98 b9 b7 7b 8c 77 8f 08 89 1c
  read 2413 -  0430: 88 97 96 f9 b9 b4 b3 9e a1 89 fa 28 6c 9d a6 7a
  read 2413 -  0440: 3a 78 5b a8 ab 4a fa d7 27 a8 ae fb 3b 3b f3 b3
  read 2413 -  0450: ae ca cb 24 1b b0 b0 0b 7b 48 77 b5 b7 3b 3b 14
  read 2413 -  0460: 5f b5 b0 0b fb 78 48 b0 b8 3b cb 34 44 b5 b3 fb
  read 2413 -  0470: 0b 58 60 b5 b6 3b fb 5c 2f b7 b6 4b 3b 2c 23 ac
  read 2413 -  0480: ad 8b 4a cc cc a4 8d 08 47 44 ab 74 8d 38 49 37
  read 2413 -  0490: 6b 91 99 f9 79 84 e0 9c 9d b9 8a 0b 34 a4 a9 8a
  read 2413 -  04a0: 4a a0 9c a8 ae fa 0a ec 00 a9 b1 4b fb 24 0f b4
  read 2413 -  04b0: b3 4b 0b 27 77 b2 b4 0b 4b 53 38 b7 b4 fb 3b 20
  read 2413 -  04c0: 77 b5 b4 4b 4b a4 6b b6 b9 3b 0b 8b 48 bb b7 fb
  read 2413 -  04d0: bb b3 6f b5 b5 7b fb 9f 08 b8 b8 bb fb 74 4b b2
  read 2413 -  04e0: b1 fb 7a e8 50 a4 95 39 77 c4 04 7c 96 09 89 bc
  read 2413 -  04f0: fc 9b 9d c9 4a 1c e7 a6 a5 f9 8a d7 87 a6 ae 8a
  read 2413 -  0500: 4b 08 f3 b1 b5 4a fb 68 a3 b4 b3 3b 0b 68 6b ba
  read 2413 -  0510: ba 3b 7b 7c d0 b6 ba 3b cb a3 68 bb b9 8b 8b 68
  read 2413 -  0520: bc b8 bb 0b bb fb a8 bc b9 7b cb 90 7b bd ba 3b
  read 2413 -  0530: fb c8 03 bb be 8c bb 8c ac bb bb 8b 0b 97 bb bb
  read 2413 -  0540: b4 bb 4b 24 cc ab 9c c9 77 6c 8f 76 8d 88 09 98
  read 2413 -  0550: 7f 98 9c 09 f9 bb 0b 9e a1 8a fa a8 28 a3 ac ba
  read 2413 -  0560: 3a 63 97 a9 ad 4a ca d3 04 ad af 0b 0b 0c 30 b3
  read 2413 -  0570: b7 7b 0b 23 1b b2 b5 4b cb 3c bf b4 b5 4a 4b 40
  read 2413 -  0580: 2f b7 b4 7b 0b 34 58 b8 b2 bb bb 23 24 b0 b0 cb
  read 2413 -  0590: 8b 13 1b b2 b3 bb bb 1b 20 b5 b3 8b 8b 4c 17 aa
  read 2413 -  05a0: ae 8b 7a 90 0f a4 91 39 87 4b 70 74 90 88 49 3c
  read 2413 -  05b0: df 96 9d 39 39 d7 8c a2 9b c9 8a 4c 48 a1 a1 ba
  read 2413 -  05c0: ca d4 94 ab aa fa ca 93 08 aa a9 0b 8a c0 18 b0
  read 2413 -  05d0: af 7b ba f7 eb b2 b9 0a 8b 4b 23 af ad 8b bb 34
  read 2413 -  05e0: 7b b2 b5 cb 7a e4 30 b0 b0 0b 8b 27 28 b7 b2 3b
  read 2413 -  05f0: 7b 63 80 b2 b1 8b 8b 24 ac ad b3 ba 4a f7 f7 ae
  read 2413 -  0600: ae ca 3a a3 0c a1 90 f9 c7 a3 7b 79 8c 88 f9 7b
  read 2413 -  0610: af 95 98 f9 b9 8b ef 9f a1 09 7a 47 b0 a5 a8 ca
  read 2413 -  0620: fa bc cc ac b2 4a 3a df 17 b2 b1 cb 4b 48 48 b9
  read 2413 -  0630: b9 8b 0b 6b 47 b5 b6 bb cb 54 7c b3 b9 bb 3b 5b
  read 2413 -  0640: 90 bb b4 3b 3b 60 3c b7 b8 fb fb bb 6b b6 bd 8b
  read 2413 -  0650: 0b b3 b4 ba b5 8b cb 93 93 b8 b6 7b fb 97 50 b8
  read 2413 -  0660: af cb 0b 08 94 a2 99 49 b7 ac c8 7a 92 78 09 5c
  read 2413 -  0670: cb 99 9c 49 8a 03 f3 a2 a2 f9 ba 68 8f a4 ab 8a
  read 2413 -  0680: fa b8 ff aa b1 ca cb 00 08 b1 b0 8b cb 33 2b b2
  read 2413 -  0690: b6 7b bb 58 4b b4 b4 0b 3b 74 7b b4 ba 7b 7b 7b
  read 2413 -  06a0: 74 b8 b6 3b 4b 87 9b b9 b8 fb bb 93 6f ba bc 7b
  read 2413 -  06b0: 8b c4 af b9 b9 8b 7b cb 9c bd b7 4b bb 8c 50 b6
  read 2413 -  06c0: b0 0b 3b 5c a4 a4 9a 79 07 a3 b4 7a 90 48 49 5c
  read 2413 -  06d0: 88 98 9c b9 09 cc 13 9d 9e fa 8a 68 6b a2 a8 3a
  read 2413 -  06e0: 7a af a7 ad ab 4a 4b 03 ef af ad 8a 0b 3c d4 b1
  read 2413 -  06f0: b2 7a 3a d3 78 b3 b6 4b 8b 98 68 b2 b7 3b 3b 0c
  read 2413 -  0700: 6c b6 b8 cb fb 43 60 b2 af 7b 8b 4b 9f b5 b5 4b
  read 2413 -  0710: 3b d7 33 b8 b2 4b cb 6c 7b b8 b7 3b bb 17 4c b2
  read 2413 -  0720: b0 fb 0a c3 ef a4 8e f8 87 4c bf 74 8f 88 09 9c
  read 2413 -  0730: 90 94 9a f9 39 9c 1c 9b 9e ba 8a 57 3b a5 a9 3a
  read 2413 -  0740: 0a 74 93 a7 b1 4a ca bc 0f af ae bb fa c0 ef b3
  read 2413 -  0750: b3 8a 4b 00 00 ae b5 8b 7b 18 d8 b3 b7 7a 3b 18
  read 2413 -  0760: 40 b4 b3 3b 0b 00 03 b0 b9 0b 7b 67 3c b4 b4 0b
  read 2413 -  0770: bb 1c 83 b5 b5 8b 3a c4 53 b5 b4 3b 0b 68 4c b4
  read 2413 -  0780: b0 3b 3a ab 14 a7 91 79 77 78 8f 77 89 88 39 4b
  read 2413 -  0790: c3 93 9b f9 39 b0 dc 9e a1 49 ca 0b 64 a4 a2 ba
  read 2413 -  07a0: 7a 40 7b ad b1 ba 4a a4 c4 ad aa ca 4b 14 14 b1
  read 2413 -  07b0: b4 8b 4b 4c 53 b3 b4 8b bb 58 44 b1 b9 8b 4b 6b
  read 2413 -  07c0: 38 b9 b5 0b 8b 27 68 b4 b6 bb 7b 77 0c b5 b2 4b
  read 2413 -  07d0: 8b 84 80 b8 b7 8b 0b 37 53 b6 b6 3b cb 50 f8 b1
  read 2413 -  07e0: b3 7a ba e0 44 a6 94 49 c7 73 eb 76 92 78 09 b3
  read 2413 -  07f0: d7 97 a0 b9 c9 cf 28 a4 a1 ba ba 4c 68 a4 a8 ba
  read 2413 -  0800: 4a bb c8 ad b0 7a 0b 03 2b b0 b4 7b 4b 2f 4f b3
  read 2413 -  0810: b8 fb fb 44 57 b7 b2 7b 0b a3 73 b8 b9 7b fb 40
  read 2413 -  0820: 9f b7 b7 fb 3b bb ac b7 b8 bb fb db 5f bc b6 4b
  read 2413 -  0830: bb c3 b8 ba bb 7b 4b 7f 37 bc bc cb 4b 57 48 b4
  read 2413 -  0840: b2 cb 3b 14 57 aa 95 79 77 7b a8 77 90 c8 49 5c
  read 2413 -  0850: cb 99 a0 89 79 c8 20 a1 a4 3a ba 6c af a8 a4 7a
  read 2413 -  0860: fa a4 f3 ad ae ca cb 28 44 b1 b0 cb ca ff 4b b5
  read 2413 -  0870: b9 0b bb 1f 8f b3 b3 bb 0b 93 83 b9 b9 0b 7b 83
  read 2413 -  0880: 7f bf b6 0b 8b 28 5f b7 b5 3b 4b 8c c0 b4 b9 4b
  read 2413 -  0890: fb 7c a0 b8 bc bb 7b 7b 78 be b7 cb 7b 54 8b b4
  read 2413 -  08a0: b0 cb cb 43 8c a5 98 b9 77 5c 5c 75 8f 88 b9 63
  read 2413 -  08b0: ec 98 9d 89 f9 dc 93 a2 a2 49 ca 78 98 a4 a6 3a
  read 2413 -  08c0: 8a 74 a4 ab ac fa ba cb 30 aa af 7b fa f7 47 b0
  read 2413 -  08d0: b3 4b 0a ff 77 b2 b1 cb 4b 2f 40 b3 b2 fb 8b 1b
  read 2413 -  08e0: 48 b1 b4 cb cb 23 6c b4 b5 8b 8b 33 1c b8 b7 0b
  read 2413 -  08f0: fb 8b 44 b4 b1 bb 0b 7b 1b b8 b4 8b 3b 2c 0c b4
  read 2413 -  0900: ad fb 3a b8 3c a0 93 b9 37 87 bf 78 90 88 79 78
  read 2413 -  0910: 94 96 9f 79 09 f8 30 a5 a3 0a 4a 60 7f a8 a9 ca
  read 2413 -  0920: 0a 8f b4 af b3 4a fa c3 47 b0 b3 cb bb 5c 3b b8
  read 2413 -  0930: b8 4b bb 2f c7 b4 b6 8b cb c3 4f b6 bb bb 3b d4
  read 2413 -  0940: b0 ba bd cb bb 6f e0 b2 bb fb 0b 73 e0 b8 b9 bb
  read 2413 -  0950: 8b 7b df bc bb 7b bb b0 a3 b7 ba 8b 4b 8c 84 ba
  read 2413 -  0960: b2 fb bb 27 38 a7 93 b9 4f e7 6f 02 88

 write    4 -  0000: a0 14 00 b4

 write   20 -  0000: 32 11 00 08 01 80 b0 80 c3 80 a6 80 b9 80 a8 80
 write   20 -  0010: b8 5d 3d 92

  read    4 -  0000: a0 06 00 a6

  read    6 -  0000: b0 03 00 32 01 c4
