 SPI Connection Descriptor FFFFBF83209E8EF8 ConnectionSpeed:10000000
 Connected to SPBTARGET 0000407CEE866D28 at address 0x0 from WDFDEVICE 0000407CECE97968
 Opening handle to SPB target via \Device\RESOURCE_HUB\0000000000000003

 write    4 -  0000: a0 08 00 a8

 write    8 -  0000: 01 05 00 00 00 00 00 88

 write    4 -  0000: a0 06 00 a6

 write    6 -  0000: d5 03 00 00 00 d3


 write    4 -  0000: a0 08 00 a8

 write    8 -  0000: 01 05 00 00 00 00 00 88

 write    4 -  0000: a0 06 00 a6

 write    6 -  0000: a8 03 00 00 00 ff




  read    4 -  0000: a0 06 00 a6

  read    6 -  0000: b0 03 00 a8 07 48

  read    4 -  0000: a0 1a 00 ba

  read   26 -  0000: a8 17 00 47 46 5f 48 43 34 36 30 53 45 43 5f 41
  read   26 -  0010: 50 50 5f 31 34 32 31 30 00 68


 write    4 -  0000: a0 08 00 a8

 write    8 -  0000: 01 05 00 00 00 00 00 88

 write    4 -  0000: a0 06 00 a6

 write    6 -  0000: 97 03 00 01 01 0f


 write    4 -  0000: a0 09 00 a9

 write    9 -  0000: af 06 00 55 5c bf 00 00 86

  read    4 -  0000: a0 1a 00 ba

  read   26 -  0000: ae 17 00 04 00 30 00 00 00 00 00 20 00 00 00 00
  read   26 -  0010: 01 00 00 04 25 02 00 00 00 65

 write    4 -  0000: a0 08 00 a8

 write    8 -  0000: 01 05 00 00 00 00 00 88

 write    4 -  0000: a0 06 00 a6

 write    6 -  0000: a8 03 00 00 00 ff

  read    4 -  0000: a0 06 00 a6

  read    6 -  0000: b0 03 00 a8 07 48

  read    4 -  0000: a0 1a 00 ba

  read   26 -  0000: a8 17 00 47 46 5f 48 43 34 36 30 53 45 43 5f 41
  read   26 -  0010: 50 50 5f 31 34 32 31 30 00 68

 write    4 -  0000: a0 0c 00 ac

+++++++++++++++++++++++++++++++++++++++++++++++++++++++++++++++++++++++++++++++++++++++++++++++++++++++++++++++++++++++
 write   12 -  0000: e4 09 00 02 00 01 bb 00 00 00 00 ff

  read    4 -  0000: a0 06 00 a6

  read    6 -  0000: b0 03 00 e4 07 0c

  read    4 -  0000: a0 59 01 fa

  read  345 -  0000: e4 56 01 00 02 00 01 bb 4c 01 00 00 01 00 00 00
  read  345 -  0010: d0 8c 9d df 01 15 d1 11 8c 7a 00 c0 4f c2 97 eb
  read  345 -  0020: 01 00 00 00 ce 4b 48 a6 19 9f e1 4c a7 a3 2e 7a
  read  345 -  0030: 0e 0b 6b 59 04 00 00 00 40 00 00 00 54 00 68 00
  read  345 -  0040: 69 00 73 00 20 00 69 00 73 00 20 00 74 00 68 00
  read  345 -  0050: 65 00 20 00 64 00 65 00 73 00 63 00 72 00 69 00
  read  345 -  0060: 70 00 74 00 69 00 6f 00 6e 00 20 00 73 00 74 00
  read  345 -  0070: 72 00 69 00 6e 00 67 00 2e 00 00 00 10 66 00 00
  read  345 -  0080: 00 01 00 00 20 00 00 00 d7 77 c2 10 c1 bc 73 d2
  read  345 -  0090: 87 fb 57 99 53 16 39 0e 39 eb 6a d0 43 cd 08 19
  read  345 -  00a0: e0 82 a6 cb 14 8b 38 47 00 00 00 00 0e 80 00 00
  read  345 -  00b0: 00 02 00 00 20 00 00 00 e9 2d 13 48 1b e6 8b 22
  read  345 -  00c0: b5 b3 7a b3 9a 65 4b 3e 73 f6 6a a7 af 47 49 31
  read  345 -  00d0: a6 4c 47 84 bd c4 32 f9 30 00 00 00 15 67 c9 fc
  read  345 -  00e0: 68 79 ba 11 cc 3e fb 30 82 be 3a b7 1c 18 f9 cd
  read  345 -  00f0: ef 08 0d dc 1a b9 17 79 17 9b 79 42 73 1a b8 2d
  read  345 -  0100: 8e 31 b6 8a 0f b1 cb 3b 0c 83 15 8e 40 00 00 00
  read  345 -  0110: ee b8 30 22 43 74 f3 15 cf 0c 60 c9 c7 40 32 6f
  read  345 -  0120: 7e e7 99 f2 21 75 11 58 d2 71 59 33 66 ed a7 a3
  read  345 -  0130: 43 66 12 5b e1 11 73 2a a3 59 83 1e 83 66 50 88
  read  345 -  0140: f4 2c 6f c8 f7 5e 93 3d 07 c9 97 fc 05 f9 30 9c
  read  345 -  0150: b6 a0 6b f1 a4 18 8a cf 3b

 write    4 -  0000: a0 0c 00 ac
+++++++++++++++++++++++++++++++++++++++++++++++++++++++++++++++++++++++++++++++++++++++++++++++++++++++++++++++++++++++

 write   12 -  0000: e4 09 00 03 00 02 bb 00 00 00 00 fd

  read    4 -  0000: a0 06 00 a6

  read    6 -  0000: b0 03 00 e4 07 0c

  read    4 -  0000: a0 2d 00 cd

  read   45 -  0000: e4 2a 00 00 03 00 02 bb 20 00 00 00 fb 67 d3 ed
  read   45 -  0010: e2 44 ff ee b2 76 3c b5 0e e3 81 a3 e6 18 d5 23
  read   45 -  0020: 8d 61 94 53 43 35 8d 08 0f d0 2d a7 ce

 write    4 -  0000: a0 06 00 a6

 write    6 -  0000: a2 03 00 01 14 f0

  read    4 -  0000: a0 06 00 a6

  read    6 -  0000: b0 03 00 a2 07 4e

  read    4 -  0000: a0 07 00 a7

  read    7 -  0000: a2 04 00 01 00 08 fb

 write    4 -  0000: a0 09 00 a9

 write    9 -  0000: 82 06 00 00 00 00 04 00 1e

  read    4 -  0000: a0 06 00 a6

  read    6 -  0000: b0 03 00 82 07 6e

  read    4 -  0000: a0 08 00 a8

  read    8 -  0000: 82 05 00 a2 04 25 00 58

 write    4 -  0000: a0 06 00 a6

 write    6 -  0000: a6 03 00 00 00 01

  read    4 -  0000: a0 06 00 a6

  read    6 -  0000: b0 03 00 a6 07 4a

  read    4 -  0000: a0 44 00 e4

  read   68 -  0000: a6 41 00 53 34 30 36 36 36 2e 00 0a 7d 82 b3 72
  read   68 -  0010: a0 46 0a 51 07 05 0e 7d 4b 17 27 41 02 9a 0c f1
  read   68 -  0020: 80 7f 0c 07 81 30 38 e4 80 dd fc 0a be bb 44 01
  read   68 -  0030: bb b3 b5 b3 b3 b3 b5 b3 b3 41 33 e4 1b dd 22 0c
  read   68 -  0040: f0 17 db 1c

 write    4 -  0000: a0 06 00 a6

 write    6 -  0000: a2 03 00 01 14 f0

  read    4 -  0000: a0 06 00 a6

  read    6 -  0000: b0 03 00 a2 07 4e

  read    4 -  0000: a0 07 00 a7

  read    7 -  0000: a2 04 00 01 00 08 fb

 write    4 -  0000: a0 06 00 a6

 write    6 -  0000: 70 03 00 14 00 23

  read    4 -  0000: a0 06 00 a6

  read    6 -  0000: b0 03 00 70 07 80

 write    4 -  0000: a0 0c 00 ac

 write   12 -  0000: 98 09 00 38 0b b5 00 b3 00 b3 00 ab

  read    4 -  0000: a0 06 00 a6

  read    6 -  0000: b0 03 00 98 07 58

  read    4 -  0000: a0 06 00 a6

  read    6 -  0000: 98 03 00 01 00 0e

 write    4 -  0000: a0 e4 00 84

 write  228 -  0000: 90 e1 00 70 11 74 85 00 85 2c b1 18 c9 14 dd 00
 write  228 -  0010: dd 00 dd 00 ba 00 01 80 ca 00 04 00 84 00 15 b3
 write  228 -  0020: 86 00 00 c4 88 00 00 ba 8a 00 00 b2 8c 00 00 aa
 write  228 -  0030: 8e 00 00 c1 90 00 bb bb 92 00 b1 b1 94 00 00 a8
 write  228 -  0040: 96 00 00 b6 98 00 00 00 9a 00 00 00 d2 00 00 00
 write  228 -  0050: d4 00 00 00 d6 00 00 00 d8 00 00 00 50 00 01 05
 write  228 -  0060: d0 00 00 00 70 00 00 00 72 00 78 56 74 00 34 12
 write  228 -  0070: 20 00 10 40 5c 00 00 01 20 02 38 0b 36 02 b5 00
 write  228 -  0080: 38 02 b3 00 3a 02 b3 00 2a 01 82 03 22 00 01 20
 write  228 -  0090: 24 00 14 00 80 00 01 00 5c 00 00 01 56 00 04 20
 write  228 -  00a0: 58 00 03 02 32 00 0c 02 66 00 03 00 7c 00 00 58
 write  228 -  00b0: 82 00 80 1b 2a 01 08 00 54 00 10 01 62 00 04 03
 write  228 -  00c0: 64 00 19 00 66 00 03 00 7c 00 00 58 2a 01 08 00
 write  228 -  00d0: 52 00 08 00 54 00 00 01 66 00 03 00 7c 00 00 58
 write  228 -  00e0: 00 53 66 8f

  read    4 -  0000: a0 06 00 a6

  read    6 -  0000: b0 03 00 90 07 60

  read    4 -  0000: a0 06 00 a6

  read    6 -  0000: 90 03 00 01 00 16

 write    4 -  0000: a0 06 00 a6

 write    6 -  0000: d1 03 00 00 00 d7

  read    4 -  0000: b0 34 00 e4

  read   52 -  0000: 16 03 03 00 2f 01 00 00 2b 03 03 2d f4 51 58 cf
  read   52 -  0010: 8c b1 40 46 f6 b5 4b 29 31 03 47 04 5b 70 30 b4
  read   52 -  0020: 5d fd 20 78 7f 8b 1a d8 59 29 50 00 00 04 00 a8
  read   52 -  0030: 00 ff 01 00

 write    4 -  0000: b0 56 00 06

 write   86 -  0000: 16 03 03 00 51 02 00 00 4d 03 03 4d 0c e6 59 6e
 write   86 -  0010: a4 73 8a c9 72 e5 d7 8d 88 00 80 11 a8 02 a7 2c
 write   86 -  0020: 05 d8 f5 65 59 cd 6b f7 d1 e5 7e 20 d8 1d 9a 51
 write   86 -  0030: 97 27 f1 d8 d4 1f f3 5d 63 1b 78 16 7b 05 19 bd
 write   86 -  0040: 89 a9 c8 36 62 b2 93 1d c5 7f 36 00 00 a8 00 00
 write   86 -  0050: 05 ff 01 00 01 00

 write    4 -  0000: b0 09 00 b9

 write    9 -  0000: 16 03 03 00 04 0e 00 00 00

  read    4 -  0000: b0 1a 00 ca

  read   26 -  0000: 16 03 03 00 15 10 00 00 11 00 0f 43 6c 69 65 6e
  read   26 -  0010: 74 5f 69 64 65 6e 74 69 74 79

  read    4 -  0000: b0 06 00 b6

  read    6 -  0000: 14 03 03 00 01 01

  read    4 -  0000: b0 2d 00 dd

  read   45 -  0000: 16 03 03 00 28 00 00 00 00 00 00 00 00 b7 f2 4c
  read   45 -  0010: 73 94 8d 2b 4f 92 4a 6c 8c c8 3c 47 da 32 ad cc
  read   45 -  0020: 25 62 f7 cc 66 87 09 ce 24 17 4f ef 51

 write    4 -  0000: b0 06 00 b6

 write    6 -  0000: 14 03 03 00 01 01

 write    4 -  0000: b0 2d 00 dd

 write   45 -  0000: 16 03 03 00 28 00 00 00 00 00 00 00 00 3a 83 4d
 write   45 -  0010: 56 f8 35 06 ab 29 b4 2a 1a 6b b0 db ee 96 66 93
 write   45 -  0020: da 70 04 33 d7 9a be 66 c9 79 27 6f e0

 write    4 -  0000: a0 06 00 a6

 write    6 -  0000: d4 03 00 00 00 d3

  read    4 -  0000: a0 06 00 a6

  read    6 -  0000: b0 03 00 d4 01 22

 write    4 -  0000: a0 09 00 a9

 write    9 -  0000: af 06 00 55 14 c3 00 00 ca

  read    4 -  0000: a0 1a 00 ba

  read   26 -  0000: ae 17 00 04 06 30 00 00 00 00 00 20 00 00 00 00
  read   26 -  0010: 01 00 01 04 25 02 00 00 00 5e

 write    4 -  0000: a0 12 00 b2

 write   18 -  0000: 36 0f 00 09 01 00 00 00 00 00 00 00 00 00 00 00
 write   18 -  0010: 00 5b

  read    4 -  0000: a0 06 00 a6

  read    6 -  0000: b0 03 00 36 01 c0

  read    4 -  0000: a0 14 00 b4

  read   20 -  0000: 36 11 00 00 01 00 00 63 01 8a 01 4d 01 72 01 51
  read   20 -  0010: 01 70 01 ef

 write    4 -  0000: a0 06 00 a6

 write    6 -  0000: 50 03 00 01 00 56

  read    4 -  0000: a0 06 00 a6

  read    6 -  0000: b0 03 00 50 01 a6

  read    4 -  0000: a0 6d 09 16

  read 2413 -  0000: 50 6a 09 00 00 00 00 00 07 fc bf 80 93 48 c9 bf
  read 2413 -  0010: 1f a0 a4 8a fa 23 33 ab a9 ca ca e8 1f a9 b0 8b
  read 2413 -  0020: 8b 03 4f b3 b9 fb 4b 80 b7 b3 bb 4b bb 6c e0 be
  read 2413 -  0030: c0 bb 7b e0 eb c3 c2 0b bb e8 f7 ba bf 7b 8c 38
  read 2413 -  0040: 2c c1 c7 fc bc 53 54 bf bf bc fc 30 38 c6 c6 4c
  read 2413 -  0050: 3c 58 4f c1 c6 fc fc a3 ff c8 c2 8b 8c 83 34 c4
  read 2413 -  0060: be 8c cb cc 1f b2 a2 0a c7 e7 c8 7e 97 c8 4a 00
  read 2413 -  0070: 33 9e a5 3a f9 f0 37 ab a9 8a 3a a3 1f ab ae 4b
  read 2413 -  0080: 0a e8 68 b6 b6 3b bb 87 84 b1 b7 3b 7b 8c 8c bb
  read 2413 -  0090: c0 3b 7b bf b4 bd c0 3b bb fb c0 ba c2 fb cb e0
  read 2413 -  00a0: 18 bd c1 3c 0c 2b 0c be bf 7c fb d4 1f c3 c1 8c
  read 2413 -  00b0: fc 3b 1f c2 c3 0c fc 24 e0 c4 c0 fb fc 54 20 bc
  read 2413 -  00c0: ba 0c 3b a8 17 af a1 8a f8 5b fc 85 97 f8 79 e3
  read 2413 -  00d0: e0 9d a4 79 fa 07 44 a7 a5 ba 3a 87 d7 a6 ad ba
  read 2413 -  00e0: ca d0 cb b5 b3 ba fb 4f 93 b1 b4 3b 8b 64 83 b5
  read 2413 -  00f0: bc bb 3b 8b d7 b8 b9 8b 8b d0 c4 ba c0 4b 8b b7
  read 2413 -  0100: 94 c0 bd fb 7b f4 dc bc bf 3b 7c 18 c3 bb bd cb
  read 2413 -  0110: 0c 20 ff bc bb bb 0b e7 a8 bd bf fb 4b bc b7 b9
  read 2413 -  0120: c0 8b 3b 2f c7 a8 9c 89 77 d4 c0 7d 95 48 c9 a4
  read 2413 -  0130: 23 98 9f 8a 0a 47 e8 a2 a3 c9 8a 48 84 a7 a8 ca
  read 2413 -  0140: 7a 8b 84 b2 b0 ba 4b 1c 3f ac b4 0b 3b 13 47 b8
  read 2413 -  0150: b2 3b fb 68 53 b1 b4 fb 0b a4 54 b9 b4 fb fb 80
  read 2413 -  0160: a4 b9 b4 fb 8b 60 68 b7 bb 0b fb 43 67 b9 b5 fb
  read 2413 -  0170: 8b 93 8b ba bd cb 8b 97 7b ba b9 3b 7b 40 6f b5
  read 2413 -  0180: b6 7b 3a e8 83 a7 98 39 87 84 d3 78 94 78 09 93
  read 2413 -  0190: b3 9e a1 79 39 e0 b7 a4 a4 49 ba a3 b4 a3 ab 4a
  read 2413 -  01a0: 3a 7f b3 ad b0 fa fa d4 24 b2 af bb 4b 74 9b b6
  read 2413 -  01b0: b5 cb 3b 6b b7 b5 b3 4b bb 80 6b b5 b8 8b 0b 3b
  read 2413 -  01c0: 93 b7 bc 4b 0b 77 af b9 b9 cb cb b3 5f b6 bb fb
  read 2413 -  01d0: bb af bc b8 b9 fb 8b a0 a0 bb ba fb 8b 73 8c b4
  read 2413 -  01e0: b3 bb 4a d0 a0 ad 9a 39 f7 c8 f3 7c 97 78 b9 e3
  read 2413 -  01f0: 18 a0 a0 0a 8a 18 28 a6 a5 ca ba 9c cf aa ad fa
  read 2413 -  0200: 7a d8 e8 af b6 7a fb 04 40 b3 b2 8b bb 6f b7 b6
  read 2413 -  0210: b8 cb cb 58 94 b8 bc 3b 4b 8f 8c b8 ba 0b bb 87
  read 2413 -  0220: dc bc b9 4b 8b 9f bf b9 b7 cb 3b c0 a8 b9 ba bb
  read 2413 -  0230: bb c4 cb b8 ba 0b bb 98 a4 bb ba cb bb 58 93 b3
  read 2413 -  0240: b4 7b cb 14 80 a9 98 49 47 c7 c3 7c 96 08 39 af
  read 2413 -  0250: d0 9d 9e 49 89 e0 6b a2 a4 fa 7a 6b 97 a4 ac 3a
  read 2413 -  0260: ba b3 a0 ab b0 8a fb 0f 58 b6 b1 4b 0b 88 63 b6
  read 2413 -  0270: be 8b bb 7c 88 b8 b7 3b 8b 87 48 ba bb 3b 3b 88
  read 2413 -  0280: a4 bd ba 7b 3b 88 bf b5 be 0b 3b bb 5c bd ba fb
  read 2413 -  0290: 8b c3 f3 bd b7 fb fb 9c 64 b8 b8 fb 7b 8f 8c bc
  read 2413 -  02a0: b4 4b fa f4 74 a8 97 89 f7 7c c0 77 95 78 89 84
  read 2413 -  02b0: 9c 9a 9d 89 79 e8 c7 a0 9f b9 0a 48 8f a6 a6 ba
  read 2413 -  02c0: 3a c4 ef ab b4 fa ca cf 38 ac ac bb 0b 3c 2b b4
  read 2413 -  02d0: b6 3b fb 63 70 b1 b2 3b cb 6b 63 b4 b5 4b 3b 44
  read 2413 -  02e0: 4f b6 b6 fb fb 57 88 b7 b2 7b 8b 24 4c b6 b8 8b
  read 2413 -  02f0: 4b 7b 7f b8 b6 cb fb 88 50 b8 b6 cb 0b 38 ff ae
  read 2413 -  0300: b0 ca 8a ab 0b a1 90 f9 c7 cf a3 7c 94 38 39 a3
  read 2413 -  0310: af 9c 9e 39 7a 48 20 9e a3 ca fa 3f e0 a7 aa ba
  read 2413 -  0320: ba 8b 87 ae ae ba fa e8 3f af b2 7b fb 08 93 b8
  read 2413 -  0330: bd 4b fb 28 68 b4 b4 cb fb 7f 60 b5 b8 8b 8b b8
  read 2413 -  0340: 6f b9 b9 bb 7b ac 8b ba ba fb fb 97 8f be ba 3b
  read 2413 -  0350: 0b e8 83 b8 bc 4b 0b a4 88 bc b8 cb cb 60 78 b3
  read 2413 -  0360: b2 7b fa d0 77 a4 97 79 07 c0 e8 7c 93 78 b9 a3
  read 2413 -  0370: d0 9a 9c c9 89 ff 73 a2 a5 ca 3a 93 9c a8 a8 4a
  read 2413 -  0380: 7a d0 ab ae b1 ba fb 14 74 b4 b1 cb 7b 34 74 b9
  read 2413 -  0390: bb fb fb 93 84 b5 b7 bb fc 03 83 b5 bb 0b 7b b0
  read 2413 -  03a0: bf b7 b6 3b bb c3 c0 bb bb 3b 0b a0 93 bc b9 bb
  read 2413 -  03b0: 8b af 80 b8 bd cb fb 60 8f ba bb 4b fb 77 90 b4
  read 2413 -  03c0: b4 8b ca df 73 a2 97 49 37 f4 c8 7f 91 b8 c9 83
  read 2413 -  03d0: 83 97 9d c9 c9 cc f7 a2 a4 f9 3a 7f 67 a5 a6 7a
  read 2413 -  03e0: fa ec cc af b1 4a 8b 33 23 b1 b4 fb 0b 43 44 b6
  read 2413 -  03f0: b8 7b 7b 58 af bb b6 bb 7b e8 78 b2 b6 3b cb af
  read 2413 -  0400: 53 b7 b4 8b cb af a8 b6 b6 cb 0b 88 5f bd bb 7b
  read 2413 -  0410: 0b bf 8b ba b6 fb 4b 73 6b b6 b8 4b 7b 90 68 b4
  read 2413 -  0420: af 3b 4a df 8f a4 98 f9 b7 8c 97 78 90 48 39 2b
  read 2413 -  0430: 90 98 97 b9 f9 c3 bf 9f a2 49 3a 33 7b 9f a7 4a
  read 2413 -  0440: ba 8b 63 a9 ac 4a 4a e3 37 aa af 4b fb 44 fb b3
  read 2413 -  0450: af ba bb 38 2f b1 b0 8b 7b 58 80 b6 b8 3b cb 20
  read 2413 -  0460: 6f b5 b0 cb 4b 88 5b b1 b9 8b 8b 40 57 b6 b4 fb
  read 2413 -  0470: fb 67 6b b5 b6 cb 3b 6b 40 b9 b7 8b fb 37 38 ac
  read 2413 -  0480: ae 4b 4a df e0 a5 8e 78 37 54 b4 75 8d b8 f9 40
  read 2413 -  0490: 7b 91 9a f9 c9 8b ef 9c 9e 49 fa 1b 3f a4 aa 4a
  read 2413 -  04a0: 3a af a4 a9 af 8a fa f3 0b a9 b2 bb cb 33 1f b5
  read 2413 -  04b0: b3 bb cb 33 80 b2 b4 fb 0b 63 3c b8 b5 7b 3b 2f
  read 2413 -  04c0: 7b b6 b4 fb fb af 73 b6 b9 cb bb 94 50 bb b8 8b
  read 2413 -  04d0: 8b bc 7c b6 b5 cb 8b b3 18 ba b9 7b 8b 7f 58 b3
  read 2413 -  04e0: b2 bb 3a f7 63 a5 96 79 b7 d8 17 7d 96 89 09 cf
  read 2413 -  04f0: 0f 9c 9e 7a fa 24 fc a6 a6 49 fa df 93 a6 af 0a
  read 2413 -  0500: bb 13 ff b1 b5 ba fb 73 a8 b4 b4 4b cb 78 77 ba
  read 2413 -  0510: ba cb fb 8f e3 b6 ba bb 4b b3 78 bc b9 8b 7b 6c
  read 2413 -  0520: c7 b9 bb cb 4c 08 b7 bd ba 0b cb 9b 7f be ba cb
  read 2413 -  0530: bb d7 0c bc bf 0c 8b 97 bb bc bc 0b 4b 9b c3 bc
  read 2413 -  0540: b5 8b 3b 34 ec ac 9e b9 47 77 90 77 8d b8 89 97
  read 2413 -  0550: 8c 98 9c c9 49 c0 17 9f a2 0a 3a a8 33 a4 ad 8a
  read 2413 -  0560: ca 63 97 a9 ad 8a 4a e4 07 ae af 8b 8b 1c 34 b3
  read 2413 -  0570: b8 0b 8b 2b 20 b2 b5 cb 3b 40 cf b5 b5 ba bb 48
  read 2413 -  0580: 38 b7 b4 fb cb 37 5f b7 b2 fb bb 2c 28 b1 b0 fb
  read 2413 -  0590: 0b 18 1c b3 b3 bb 4b 1f 27 b6 b3 cb bb 58 23 aa
  read 2413 -  05a0: ae bb ca 97 1f a4 92 39 47 54 80 75 91 f8 79 48
  read 2413 -  05b0: e4 97 9e 09 f9 e3 93 a2 9c 89 4a 57 57 a2 a2 3a
  read 2413 -  05c0: 7a db 94 ac ab ba fa a3 14 aa a9 fb ba cb 23 b0
  read 2413 -  05d0: b0 3b 0b 04 f4 b3 b9 8a fb 5c 28 af ae 3b cb 3f
  read 2413 -  05e0: 8c b3 b6 8b fa ef 3f b0 b0 8b fb 2b 33 b7 b3 3b
  read 2413 -  05f0: 3b 74 8f b3 b2 3b 8b 2c bb ae b4 8a ca f7 00 ae
  read 2413 -  0600: af 8b 0a b4 1c a2 91 f9 c7 b0 8b 7a 8d 78 89 80
  read 2413 -  0610: bf 96 99 c9 89 94 f8 a0 a2 79 ba 53 ab a6 a9 7a
  read 2413 -  0620: 8a c4 d8 ad b2 ca 4a dc 1c b2 b2 cb 8b 54 4f b9
  read 2413 -  0630: ba bb bb 74 54 b5 b7 8b cb 5f 87 b4 ba bb bb 60
  read 2413 -  0640: 98 bb b4 bb cb 6c 4b b7 b9 cb cb c4 78 b7 be 3b
  read 2413 -  0650: cb c7 bf ba b6 3b 3b a3 9f b9 b6 cb 4b a3 5f b9
  read 2413 -  0660: b0 fb bb 14 9b a2 99 b9 c7 bf d8 7b 93 c8 09 73
  read 2413 -  0670: d4 9a 9d 79 0a 08 00 a4 a3 fa ca 77 98 a5 ac fa
  read 2413 -  0680: 0a c3 0b ac b2 7b 8b 13 1c b2 b1 3b 7b 3f 38 b3
  read 2413 -  0690: b7 8b 0b 68 5b b5 b4 cb 4b 87 88 b5 bb 7b 8b 8f
  read 2413 -  06a0: 84 b9 b6 fb bb 90 a8 b9 b9 fb 8b 9b 7b bb bd 4b
  read 2413 -  06b0: 4b cc bc ba ba 4b 4b cf ac be b8 3b 4b 9c 60 b7
  read 2413 -  06c0: b1 3b 4b 68 b7 a5 9b 49 87 a8 c0 7a 90 88 f9 60
  read 2413 -  06d0: 98 98 9d 39 49 db 14 9e 9f 8a ca 6f 6b a2 a8 ca
  read 2413 -  06e0: 7a b0 af ad ab ca bb 0f fb af ad ca cb 44 e3 b1
  read 2413 -  06f0: b2 ba 0a db 80 b4 b6 4b fb a3 68 b2 b7 3b bb 18
  read 2413 -  0700: 6c b6 b8 fb 8b 4b 6b b2 af cb bb 4f a3 b5 b5 cb
  read 2413 -  0710: 4b e7 37 b8 b2 7b 8b 77 7f b9 b7 fb 0b 1c 50 b3
  read 2413 -  0720: b1 8b 3a d0 f8 a4 8f 88 b7 5c c8 75 90 78 c9 ac
  read 2413 -  0730: a3 94 9b c9 c9 ab 28 9c 9f fa 8a 60 40 a6 a9 ba
  read 2413 -  0740: 0a 83 a8 a8 b1 7a 0a bb 20 b0 af 8b ca cf ff b4
  read 2413 -  0750: b4 8a fb 0c 10 ae b5 cb fb 27 e7 b3 b8 4a fb 27
  read 2413 -  0760: 4b b4 b3 cb cb 08 0f b0 b9 8b fb 77 4b b4 b4 fb
  read 2413 -  0770: 7b 28 93 b6 b6 bb fa cc 64 b5 b5 8b 8b 73 63 b4
  read 2413 -  0780: b1 3b 7a b8 28 a8 92 89 b7 8b 9f 78 8a 78 39 5c
  read 2413 -  0790: cc 94 9c 89 f9 bb e4 9e a2 49 4a 13 6c a5 a3 8a
  read 2413 -  07a0: ba 4f 84 ad b2 0a ca ac c4 ad ab 4a 0b 1f 18 b2
  read 2413 -  07b0: b5 7b 0b 54 57 b4 b4 fb fb 5c 4b b1 ba 0b 8b 7b
  read 2413 -  07c0: 40 ba b5 cb 4b 2b 74 b5 b6 bb fb 7b 14 b5 b2 fb
  read 2413 -  07d0: fb 8f 87 b8 b7 bb cb 40 5b b6 b6 fb 4b 64 ff b2
  read 2413 -  07e0: b3 fa 3a e0 48 a7 94 b9 07 73 f8 77 93 38 09 bb
  read 2413 -  07f0: e0 97 a1 39 f9 d8 30 a4 a1 ca 0a 53 68 a5 a8 ca
  read 2413 -  0800: fa b4 cc ad b0 ba fb 0f 2f b0 b4 fb bb 37 4f b3
  read 2413 -  0810: b9 8b 3b 50 5c b8 b2 8b 0b a4 73 b8 b9 cb 0b 43
  read 2413 -  0820: a3 b8 b8 7b bb bc b0 b7 b8 cb 7b eb 63 bd b6 8b
  read 2413 -  0830: 0b cf bc bb bb 3b fb 88 3c bc bd 4b fb 5f 53 b4
  read 2413 -  0840: b3 4b 8b 23 63 aa 96 09 b7 7c b3 77 90 f8 b9 64
  read 2413 -  0850: d7 99 a1 89 b9 d3 2b a1 a4 8a 4a 74 b7 a9 a5 4a
  read 2413 -  0860: 8a a8 f8 ae af ba fb 33 50 b1 b1 3b 3b 04 5b b6
  read 2413 -  0870: b9 4b 4b 2c 90 b4 b4 3b fb 94 8c b9 b9 8b fb 88
  read 2413 -  0880: 83 bf b7 0b cb 38 70 b7 b6 3b 0b 8f cf b5 b9 7b
  read 2413 -  0890: cb 8b ac b9 bc 8b 0b 7b 83 bf b8 cb fb 5f 8c b4
  read 2413 -  08a0: b1 7b 7b 4f 98 a6 99 89 87 6c 6b 76 90 b8 f9 6b
  read 2413 -  08b0: ef 98 9e 49 89 e4 9b a3 a3 09 fa 84 98 a4 a6 7a
  read 2413 -  08c0: ca 7c af ab ac ca ca d3 34 aa af cb ba f7 4b b1
  read 2413 -  08d0: b3 bb fb 00 7c b1 b2 7b bb 38 4f b3 b3 4b bb 23
  read 2413 -  08e0: 47 b1 b4 fb 7b 2b 6f b5 b5 fb 7b 2f 24 b8 b7 4b
  read 2413 -  08f0: 8b 8f 54 b5 b2 4b 3b 77 1c b8 b4 4b cb 37 13 b4
  read 2413 -  0900: ae 0b 8a b8 38 a0 93 89 c7 90 d0 78 91 78 c9 7c
  read 2413 -  0910: a3 96 a0 09 ba 07 3b a5 a3 ca 4a 6c 8b a8 a9 ca
  read 2413 -  0920: fa 98 bc af b3 fa 7a c8 4f b1 b4 4b 8b 63 43 b9
  read 2413 -  0930: b9 0b 4b 3f cf b5 b7 7b bb c8 57 b7 bb cb bb d4
  read 2413 -  0940: b4 ba be 4b 0b 70 e7 b3 bc 8b 3b 7c eb b8 ba 7b
  read 2413 -  0950: cb 80 eb bc bb fb fb b8 a8 b7 ba bb bb 98 8f ba
  read 2413 -  0960: b3 fb 8b 34 43 a8 94 39 ba 01 55 35 88

 write    4 -  0000: a0 12 00 b2

 write   18 -  0000: 36 0f 00 09 01 80 b1 80 c5 80 a6 80 b9 80 a8 80
 write   18 -  0010: b8 26

  read    4 -  0000: a0 06 00 a6

  read    6 -  0000: b0 03 00 36 01 c0

  read    4 -  0000: a0 14 00 b4

  read   20 -  0000: 36 11 00 00 01 00 00 62 01 88 01 4e 01 73 01 52
  read   20 -  0010: 01 72 01 ed

 write    4 -  0000: a0 09 00 a9

 write    9 -  0000: 82 06 00 00 82 00 02 00 9e

  read    4 -  0000: a0 06 00 a6

  read    6 -  0000: b0 03 00 82 01 74

  read    4 -  0000: a0 06 00 a6

  read    6 -  0000: 82 03 00 80 1b 8a

 write    4 -  0000: a0 06 00 a6

 write    6 -  0000: 20 03 00 01 00 86

  read    4 -  0000: a0 06 00 a6

  read    6 -  0000: b0 03 00 20 01 d6

  read    4 -  0000: b0 2a 1e f8

  read 7722 -  0000: 17 03 03 1e 25 00 00 00 00 00 00 00 01 9b 88 e8
  read 7722 -  0010: 29 d0 d8 7b 63 bf 0d 0c b6 88 e2 e3 b6 4b 2d 81
  read 7722 -  0020: 42 45 91 b6 da 4b e8 8c 01 2c 05 84 8d 8f cc ee
  read 7722 -  0030: e1 bf 6c 67 b1 fb 38 f5 de 87 30 69 9b 33 36 94
  read 7722 -  0040: ce 3a 0b 7c c4 a1 e1 38 d5 35 8f 73 75 54 0b 5a
  read 7722 -  0050: bb 4c 23 86 8a da f2 40 27 ec 2b 60 d4 29 fa e0
  read 7722 -  0060: 56 7f 26 b3 19 f5 b9 b3 0b bb 26 10 b3 7b 59 e8
  read 7722 -  0070: ae ff a5 27 a9 de e1 0a 75 84 77 dc e0 2b ea d2
  read 7722 -  0080: a5 dd 8c aa 61 d6 a6 e2 9e 4f 6b 0b 8e 7e fa 6f
  read 7722 -  0090: a9 cb c2 07 9e 06 f1 16 99 f9 dc 4a 8a 62 c7 41
  read 7722 -  00a0: ff 11 73 f8 93 a3 de 36 f3 e9 01 32 e9 21 21 08
  read 7722 -  00b0: 4f 75 6f ae 14 07 e2 63 58 93 a8 ad 2c 9f ca d3
  read 7722 -  00c0: a6 08 77 87 d9 1e ab d1 f5 c8 ef 7a 9e 2d 24 ec
  read 7722 -  00d0: 9e 97 4a 45 04 43 73 59 05 b2 41 a3 66 51 68 24
  read 7722 -  00e0: e8 52 04 f4 39 1b 59 5f 0e 4c fb 4c c3 33 81 9f
  read 7722 -  00f0: f3 d4 ba 8d a6 2e b3 ca 01 38 fb 94 b9 bf 2e 16
  read 7722 -  0100: e6 45 10 b1 a7 0d 25 a8 d6 ec e6 d0 b9 06 9e d0
  read 7722 -  0110: bc bb 30 0c 98 12 49 38 93 a4 99 03 23 3e 16 61
  read 7722 -  0120: 85 b7 bf 3c 6b 33 3e e0 1b 39 cf 1f 94 9a 4c 7a
  read 7722 -  0130: 5b 12 fb 7a 3a 44 eb 29 40 ce cf ec 37 e2 4e 30
  read 7722 -  0140: 3c d6 5e 4a 52 76 76 0c 93 c6 63 11 89 25 c4 6d
  read 7722 -  0150: ff a1 6f 84 30 3b 0c 90 0c 73 da 8e ce c5 dc a4
  read 7722 -  0160: cf b4 5f 6f 79 20 24 3b 69 dd e0 3f da 81 67 6f
  read 7722 -  0170: 2a e4 5f 5c 1f 09 b6 51 79 78 7b 1e 19 f9 50 9e
  read 7722 -  0180: 59 bc a5 4c 61 3e f8 94 12 a9 c8 7c 84 10 2a 4f
  read 7722 -  0190: 1b 80 d4 a1 a4 7d 9b e4 26 be da 69 79 47 37 5b
  read 7722 -  01a0: cf ee 85 b1 66 78 3d 33 ea 15 7f 4f a7 43 79 5e
  read 7722 -  01b0: 4c a9 e6 79 0a 28 73 32 c4 ce 2d fc f7 2d 4f fe
  read 7722 -  01c0: 16 b7 02 6c 1f 04 d0 f9 1d 97 a5 04 03 6a 97 80
  read 7722 -  01d0: 88 cb bb 56 a5 51 7d 45 18 5b 80 13 c8 05 c8 1b
  read 7722 -  01e0: d5 9d 2c b3 b0 7d c4 82 e0 26 c4 09 dd 44 e6 c2
  read 7722 -  01f0: 4a e0 25 54 8c 20 27 d4 98 28 6c ae e3 35 ad 0f
  read 7722 -  0200: 7f 01 c4 b4 7e 45 51 94 3b 71 1d ee b1 2c bf b4
  read 7722 -  0210: c1 ac 1d 2f 8c ee 99 36 99 b5 fc bc bb 0b 1b 25
  read 7722 -  0220: 4b f3 7f cd 68 b7 94 ea ba 7a 6d 9e d5 15 77 cb
  read 7722 -  0230: 6f b8 67 61 a1 9a f5 bf 23 95 00 8a 8a a4 a0 f4
  read 7722 -  0240: dd 13 71 12 11 dc f7 af 96 75 19 cd 16 d0 5b 65
  read 7722 -  0250: 45 c0 cf b0 96 7d c1 5b 1d be e8 1a 84 6e ed 4c
  read 7722 -  0260: 89 91 bb e0 90 fe f1 f6 ce b3 c5 75 22 16 a4 92
  read 7722 -  0270: 9b 97 3b 66 ac 35 f9 bf cf 47 7e f9 2e 68 89 43
  read 7722 -  0280: c9 b8 2b 45 3e 30 ef a0 e4 f3 0b 32 96 34 6a 9d
  read 7722 -  0290: 98 21 c7 ae 51 81 6f e5 81 f6 b2 ba 70 cc 6e b0
  read 7722 -  02a0: 1d 4b 30 22 55 e4 16 92 5a 97 37 5d 0c 50 2b e8
  read 7722 -  02b0: 00 01 47 69 be d7 c2 82 7b 81 92 e9 ae be 9c 7b
  read 7722 -  02c0: c4 a8 85 74 f7 df 5a 61 9f 75 97 58 61 c0 23 e5
  read 7722 -  02d0: 8a 85 bb ac f4 1f 28 9c 5b 70 f2 15 05 55 8d 40
  read 7722 -  02e0: 9d 49 38 c7 70 aa 55 46 a0 78 01 d2 9c 6e 2f 98
  read 7722 -  02f0: 29 47 3a b2 7d f3 b6 8d 1e 23 fe 65 68 ca dc ae
  read 7722 -  0300: 54 2f ce 96 5e 44 69 bb d9 5c 97 2f 32 36 ab b8
  read 7722 -  0310: d2 40 30 26 a9 81 60 8f db 66 07 58 01 cc 67 61
  read 7722 -  0320: 36 32 76 21 be 4f f1 0c ba 18 97 79 3b 23 b6 f2
  read 7722 -  0330: a2 25 cd 8f 89 3b 65 ef 71 31 45 25 2b 1c e8 70
  read 7722 -  0340: 6f f0 8c 1d 20 9e 1e b4 96 a7 c0 24 9e 62 1a a1
  read 7722 -  0350: 7e b6 46 0a bd 06 ba 8b 45 4a 53 85 44 2d 1e 45
  read 7722 -  0360: e7 18 d8 70 7e f8 6e cf 02 5a ba 3c 7e 90 ef 39
  read 7722 -  0370: 71 7a 80 1b 44 3c 29 a1 91 c5 01 d3 f0 4b 8a 35
  read 7722 -  0380: 1c 73 a6 49 4e fd 8e 2f 4f 2f 91 b5 cc ed d8 3e
  read 7722 -  0390: 32 62 f5 9c ce 50 12 0b 59 59 e3 c9 25 b7 fb 34
  read 7722 -  03a0: 87 41 5c 1a 56 31 9f 72 52 12 cc c6 c4 1e fe 8e
  read 7722 -  03b0: 7d 7a c5 0f 66 1d db 3b 4e e2 71 36 be 3b 4c b1
  read 7722 -  03c0: 9b 04 1c 15 10 8c f8 88 be 4e c2 ad 04 ea 8f f1
  read 7722 -  03d0: 01 6e a9 00 17 4d 88 27 a7 63 41 d8 95 20 80 b7
  read 7722 -  03e0: 65 c8 8e 68 b9 91 03 8c 98 c3 6c a2 87 95 f7 44
  read 7722 -  03f0: 26 fb 33 47 21 c9 84 07 d9 a7 21 c1 c2 5d 0e 8c
  read 7722 -  0400: d0 02 c1 a8 07 7f d8 40 f1 e4 4c 50 08 a6 05 11
  read 7722 -  0410: 17 d3 fa 16 d6 96 f8 0e 49 57 ec 62 76 64 f4 5d
  read 7722 -  0420: 85 be 97 2d 51 e0 a7 18 f9 07 93 95 d4 ab 96 d9
  read 7722 -  0430: 16 ea c0 af 9c b1 fa 66 23 b8 0d 25 a2 f6 f5 02
  read 7722 -  0440: 3a 05 57 52 04 8c cf df 38 a6 85 f4 17 70 82 8e
  read 7722 -  0450: 9c 0e c8 fa b0 52 33 10 ad 0b 74 b7 ed 8d 73 8e
  read 7722 -  0460: ce 03 55 72 a9 7e 55 2a 12 35 13 1e 20 6e a3 0b
  read 7722 -  0470: 74 12 eb 2f 9a 43 82 2b 85 ce 50 c2 16 da 61 2d
  read 7722 -  0480: 90 22 29 2f d2 75 43 fd f5 4c 4b b2 e7 ca 91 8a
  read 7722 -  0490: d5 08 23 f5 6d f2 ce 03 fb de 6d 6f 1c 6c e6 2d
  read 7722 -  04a0: 46 97 e9 2f 0a a5 ab 3b e7 92 e9 57 e9 68 18 27
  read 7722 -  04b0: 80 ed da 34 b1 89 fa 4e 59 f6 e7 e7 35 f6 ec de
  read 7722 -  04c0: 32 b6 39 92 f4 84 3e 0f 25 b2 81 8c 67 53 c3 44
  read 7722 -  04d0: ba dd 76 24 a2 a1 d7 47 4b bb c2 1b 14 25 51 84
  read 7722 -  04e0: 7f 7b 2e 35 1e e5 3f a8 e1 6d 39 09 4e ad c3 e2
  read 7722 -  04f0: 99 b1 36 ce af 8a ee 10 d2 05 b0 f0 ee 09 4f 1c
  read 7722 -  0500: 8b 10 0d 7b 42 f9 4c 13 25 41 66 f5 c7 c8 a8 13
  read 7722 -  0510: 92 e8 7d 6b c9 c4 a0 7a 0e f7 51 cc 6e ed 2e 2a
  read 7722 -  0520: b6 1d 60 bf ca cb 3f 63 49 5d f5 7f 6f 1c 75 b0
  read 7722 -  0530: 10 8f 92 7f fe 72 71 7f 2c d4 05 80 63 48 25 8d
  read 7722 -  0540: 1c bb a2 8d 7d 28 2c 1f 5a b9 a2 34 a7 e5 69 43
  read 7722 -  0550: a9 58 b5 b7 14 dd 54 d7 2d c0 bb 29 99 f1 16 cf
  read 7722 -  0560: 4b d0 9a 43 f8 af d5 09 1c 1d 09 ba b7 41 64 df
  read 7722 -  0570: 10 16 8f 45 43 bb fb 20 00 74 de 6e 66 b7 8d 29
  read 7722 -  0580: ea b7 ab d0 60 3b 5f bb 58 b5 dc 7c 87 4a 05 59
  read 7722 -  0590: 01 7f 0a 3e 72 a6 dc 74 5d 20 cd ba 94 c4 73 5f
  read 7722 -  05a0: c4 68 0d cf 6c 0d cf f2 26 85 6e cd 5b 3a 01 c7
  read 7722 -  05b0: 70 93 88 45 69 35 3c de df de 7f 52 d6 50 e2 d7
  read 7722 -  05c0: 1d 94 cd 82 32 56 d0 1f b8 bf c5 7b ec 6f 8f 78
  read 7722 -  05d0: 61 7f 0b bf 9b 6e 3e 8c bc be 2e 9f 26 25 a8 8f
  read 7722 -  05e0: ce b0 2e 9d 3d ea 9c bf 87 d0 8b be 5b 4b 4a d8
  read 7722 -  05f0: c8 15 10 4a b1 9e 46 24 83 c9 af e2 ca 80 04 1a
  read 7722 -  0600: 17 64 3a 7c 70 79 40 c2 e1 d7 5b a1 a2 b7 62 5d
  read 7722 -  0610: 5e 34 02 5b 32 ae a3 2c 3b d4 b0 ff 6e 0e d1 01
  read 7722 -  0620: 4b 4e 73 8f de 8d bd 44 21 74 36 a7 a0 82 3a 94
  read 7722 -  0630: 2e 84 29 7a c4 f9 78 35 e4 11 6c ef 8b 49 c2 33
  read 7722 -  0640: 6e f1 d6 e4 05 8b 90 b5 b6 e3 3d 04 2d 06 e7 08
  read 7722 -  0650: fc a0 cf 61 1e ad 14 59 37 be b2 16 7a 28 9f d3
  read 7722 -  0660: a0 54 1a cb ef 4f 7c 1d 7b 31 70 5e 76 6e 7f 9f
  read 7722 -  0670: 1d d6 49 bf d5 b7 c5 c3 b6 d4 a5 e8 8f 92 23 c5
  read 7722 -  0680: af 1a ea b4 e9 f5 86 87 a0 d7 75 ef 54 4a 3d 96
  read 7722 -  0690: 3f 19 17 74 39 32 00 de 94 a6 d0 6e 49 32 cf d1
  read 7722 -  06a0: 7e c1 a1 f9 6b bf 27 53 e4 35 97 96 53 4e cf f0
  read 7722 -  06b0: e4 b1 1d f5 41 77 38 cf 93 fd a2 89 b4 63 2d d7
  read 7722 -  06c0: 21 e9 fa 58 32 00 4a 2e e7 c0 69 0d 23 6c 97 99
  read 7722 -  06d0: f5 cd db 51 69 0e 69 e5 d9 17 5a 2c 97 a8 14 71
  read 7722 -  06e0: 90 e7 6d 5e 3c 1b fc a5 2c a2 36 4d b0 d1 2f 5b
  read 7722 -  06f0: 77 cd c2 45 00 e2 98 22 cb 9e c1 91 e1 e2 de 69
  read 7722 -  0700: f8 23 ea 43 21 0d d9 42 4f 04 9c f3 de 74 83 40
  read 7722 -  0710: 28 d8 68 bd 0c 3b fc be 35 4e 2c c6 01 29 e3 4d
  read 7722 -  0720: 58 14 b1 42 31 9d d9 be 7f 7d e1 fb 4a 2e d2 3b
  read 7722 -  0730: 1e f1 d9 56 73 02 37 07 2a bf e8 a3 0e d1 b9 86
  read 7722 -  0740: d1 60 4c 87 da 43 32 61 8d 45 1e 83 57 77 4b 8d
  read 7722 -  0750: d7 4a ca 49 a6 a6 f4 da 6a cb 1a 98 be 4c 0d 3f
  read 7722 -  0760: 5e a7 e5 35 59 d2 ff 79 c4 8e 30 d7 ad c2 dc 10
  read 7722 -  0770: 62 ae 97 c1 c3 46 6d 5f cf f1 64 f0 31 47 99 f5
  read 7722 -  0780: 4c 6f c7 f0 fd bf b4 b0 0e 85 ae ba cd d8 fd ff
  read 7722 -  0790: 3a b5 c7 cc 6e 0b a9 1b 6d e1 47 34 d4 1b 7e ee
  read 7722 -  07a0: 4d 85 c6 33 14 62 05 99 f3 be fd 97 dd 42 fa 98
  read 7722 -  07b0: f6 8c 8b 08 1c dd ab 26 e2 06 eb 7a ef ba 22 44
  read 7722 -  07c0: 4d 2e c8 70 7f 83 e7 12 86 d0 a2 ba 35 5f 26 10
  read 7722 -  07d0: c7 78 7b 98 72 45 08 15 10 e5 db 8b 8e b3 d8 df
  read 7722 -  07e0: cb ce e5 ca 76 7a 1a c2 39 15 50 63 24 86 d2 22
  read 7722 -  07f0: 44 ee c3 6c 23 ca 6d a0 7b c8 4f fd 88 45 ab f7
  read 7722 -  0800: fb 62 0c 45 b1 4a ce 45 61 ca 5d 45 3d 4e c6 32
  read 7722 -  0810: c7 97 b2 4e 45 c3 fb a6 0a b1 ee 8a 20 dc 7b 11
  read 7722 -  0820: f6 57 5e dc fa 0b f5 5f 53 13 2f e9 a7 60 0a b7
  read 7722 -  0830: 37 ba a3 27 e2 73 21 fb ad 0f 67 25 e0 06 ea 76
  read 7722 -  0840: fc 9b 49 4d 21 c1 f3 a4 f7 c7 8a 3c 5e 2c 8f 85
  read 7722 -  0850: 34 d0 d9 7e 5f 9c 98 84 7a 23 26 e5 ca 83 9e c9
  read 7722 -  0860: 66 62 8e 94 f8 36 fc a3 27 55 77 e4 f4 27 bd 3b
  read 7722 -  0870: 8b 0e 7d db f8 4d ed 6d 12 6f 99 cb 96 55 66 4b
  read 7722 -  0880: d2 68 70 74 86 74 86 47 24 0a be 98 85 a7 ae 32
  read 7722 -  0890: c2 f1 58 5e b0 37 47 71 f9 74 f6 43 85 d5 e8 22
  read 7722 -  08a0: c9 1a 40 72 6b 10 d4 19 0a 3b 6e 1b 45 ef dc 28
  read 7722 -  08b0: 31 14 07 a1 d6 25 2b 36 fe 76 94 33 c5 86 a8 b6
  read 7722 -  08c0: c3 dd 27 b4 fe d8 54 17 2f df ee fb 66 19 59 86
  read 7722 -  08d0: 3d 4a ff a6 1a e6 f4 4a fe a4 77 27 be db ef bd
  read 7722 -  08e0: 05 59 89 ca 28 af b7 4a a2 ed 77 89 bd 9f f1 70
  read 7722 -  08f0: 12 66 e5 27 1c af e4 ac a3 d0 82 8a bb f5 e5 9f
  read 7722 -  0900: 0e 5f 9b a8 2f 87 40 46 07 c7 70 21 f2 e9 56 51
  read 7722 -  0910: 8c fa 8c c0 bc 0f 3f c6 bf 00 d0 ab 67 3e 94 5e
  read 7722 -  0920: 39 43 4f fb 23 78 52 1b e8 db 2b 3f 53 14 32 68
  read 7722 -  0930: 07 c0 c1 ab 76 c1 fa 85 6e 73 e7 78 ac e2 0b c4
  read 7722 -  0940: 88 d0 30 cb 37 cb d0 df e4 5c b7 54 d3 65 fc bd
  read 7722 -  0950: 36 92 c1 59 88 17 35 35 71 af e4 41 56 06 f9 c0
  read 7722 -  0960: 63 36 c0 1a f3 cd 4e 60 20 7e 43 cb 56 e6 a1 a8
  read 7722 -  0970: 55 2b ac 3c 05 73 6f 8c fe 57 fd a8 c4 8e a0 c1
  read 7722 -  0980: 10 25 b4 39 51 09 3c 3a 76 54 18 49 75 89 02 2c
  read 7722 -  0990: 5e 46 cc bc a9 ed 61 34 46 9d d6 4e f9 18 16 91
  read 7722 -  09a0: 7c 5f 0c 04 61 4d 58 ec 53 1b da 89 8f 70 77 b4
  read 7722 -  09b0: 32 09 b3 bc 66 f8 4c 17 5b c0 e7 e5 1c fd 18 b5
  read 7722 -  09c0: 24 c8 2e 6e ec 77 27 5c 7c bd f5 f6 e9 f8 fc 7a
  read 7722 -  09d0: 62 e7 8f 51 5f cb 60 3f 22 7e b7 82 6e 4d 1c 25
  read 7722 -  09e0: 16 78 23 ff fa 4a cb 34 ae bf 87 73 49 a8 4e 1e
  read 7722 -  09f0: 10 b9 5d c9 26 5b ff 1e f0 9e b9 2c 33 2d a0 52
  read 7722 -  0a00: e9 79 d3 e3 30 36 85 74 b5 65 ab ec f9 32 b5 fe
  read 7722 -  0a10: db 76 bd 24 82 70 09 64 9e 67 48 58 5e 76 69 c7
  read 7722 -  0a20: ef 17 49 3a 62 43 ed 7e 1e 79 32 29 67 5c 87 23
  read 7722 -  0a30: cc cd 82 a9 6a 35 79 8c 86 59 cd ec 2e 67 c3 54
  read 7722 -  0a40: 87 5b 8b 40 e5 c4 3d 11 84 9d 7e db 5e 8a 68 d0
  read 7722 -  0a50: 8c 15 02 dd e4 71 06 7e 1c 10 29 a4 2c 45 03 5d
  read 7722 -  0a60: 39 05 ef ef e6 d9 86 9d 8a c4 c8 f4 43 61 1e a9
  read 7722 -  0a70: d0 b6 37 e9 0e b9 79 12 63 4b 93 98 ca 94 12 17
  read 7722 -  0a80: 1f d5 72 2d 43 6e b2 22 cb 54 cb ba c5 66 7d 0f
  read 7722 -  0a90: 93 1b 67 dd ef 9a ac ae be 13 e5 5b e6 7f ae 12
  read 7722 -  0aa0: 08 3e e1 8d 78 fc 6c 13 03 49 58 44 fd 66 4f 25
  read 7722 -  0ab0: 42 5d 76 cf 1a 49 97 80 52 64 ff 31 76 44 51 1c
  read 7722 -  0ac0: b2 62 88 16 9f f9 ae 99 eb ce c1 ec fd 53 d8 0a
  read 7722 -  0ad0: 91 5e 4e 1f e6 ef 6a 6c 61 01 82 d6 66 8d 8f 38
  read 7722 -  0ae0: 89 d2 75 5b 18 ac 72 78 ec df e3 84 95 6c e6 1a
  read 7722 -  0af0: c9 47 7e d8 62 6a a2 2f 0c 98 95 cb e2 d6 01 7e
  read 7722 -  0b00: 8f 8d 8a d0 53 89 54 0b 73 08 a8 0e cd aa a8 00
  read 7722 -  0b10: de 7a d2 3a ca f4 a3 d7 46 7e 53 60 92 0e 94 aa
  read 7722 -  0b20: 17 14 79 42 55 6e 77 3d a9 9f c0 c7 fe 70 fb 2b
  read 7722 -  0b30: 08 4a a6 24 b3 18 68 e5 7c fe ce e0 57 b7 06 87
  read 7722 -  0b40: 7e 9b 37 3c 8f 50 0d 4e 50 df 64 4a f8 4e b9 cc
  read 7722 -  0b50: 61 44 69 7c 1c 41 aa a5 63 f9 8e 15 01 ec 5b 93
  read 7722 -  0b60: 4d ab ba dc 3e 3f ab 48 cc 0a 74 e9 ba 0d 97 06
  read 7722 -  0b70: 8f 3d d3 d8 8c 97 c1 f0 49 79 b8 6b b0 b4 20 e4
  read 7722 -  0b80: d6 27 d4 02 30 65 c2 64 67 28 c6 07 ef d9 d1 58
  read 7722 -  0b90: 86 bb 13 ea 52 c6 86 bd 8f 7c 60 9f cb 88 f6 4d
  read 7722 -  0ba0: ec 67 fd a2 65 2f a9 af 2c 55 7a a2 bc 04 a2 2c
  read 7722 -  0bb0: ae 4b 8e e6 8f 72 44 a2 05 3c 81 90 10 41 1c 50
  read 7722 -  0bc0: 53 12 b6 8d 23 25 71 2a a5 e3 ae ed ea 56 28 63
  read 7722 -  0bd0: d8 f1 86 4c 87 44 59 30 72 7c 96 eb f3 8f ce 1f
  read 7722 -  0be0: 00 2f 04 52 fd bc ae 18 9c c7 5c e8 77 14 c8 1c
  read 7722 -  0bf0: 76 c6 85 39 4a f0 6a df 0f 99 b4 9d 46 da a1 c7
  read 7722 -  0c00: 70 79 b8 c2 0a 82 3c 88 f8 15 c2 ae 31 26 b9 61
  read 7722 -  0c10: 97 c1 cc 25 a8 cc c3 56 84 55 5a 56 c5 63 84 b2
  read 7722 -  0c20: e9 13 5f 5b de 37 5a ab 38 92 0b e3 f8 de 36 a8
  read 7722 -  0c30: 49 63 67 e9 2a 46 f1 2d 2b ac 8d 00 b9 1e 4e 8e
  read 7722 -  0c40: 1b cc e2 33 92 fc f3 7d 48 70 5b ab 4a a0 10 14
  read 7722 -  0c50: 58 21 f3 e1 96 df 37 a9 0c 6d 7e 43 4c 09 c4 ec
  read 7722 -  0c60: d6 61 d0 34 f2 fa 08 fa 69 2c e3 54 21 06 4b 98
  read 7722 -  0c70: 96 c7 51 2e 35 cf ea 27 c3 5c 52 dc 3f b7 cb 5f
  read 7722 -  0c80: ce 98 97 f7 26 19 30 60 ff 47 40 68 c5 9f 3d e8
  read 7722 -  0c90: db 6b f0 f9 bb eb 45 0e fe b9 30 6b 6d f7 26 ba
  read 7722 -  0ca0: 31 1f 6f 4c 09 ec ab 31 72 3f fe 7d 06 41 36 03
  read 7722 -  0cb0: dc aa d9 9d 1a 94 ab 72 31 19 7d ca b4 94 58 a7
  read 7722 -  0cc0: 19 89 e2 33 a5 c2 ae d8 83 16 77 a7 ca 7f 4d 5d
  read 7722 -  0cd0: a6 ba 3b e6 33 b4 2c 7a ef c1 0d eb f1 40 24 1e
  read 7722 -  0ce0: 57 81 8a dd ae b2 ec f2 05 46 9b 42 d4 5e 41 69
  read 7722 -  0cf0: 0c 32 11 49 42 2c c5 51 da 3e 66 b3 12 97 2b 2c
  read 7722 -  0d00: e5 79 99 d5 75 ed 71 d8 cf b7 ce b6 53 f9 72 4d
  read 7722 -  0d10: 07 7b c0 50 cb 7b cb a4 03 bc 06 9f b0 85 52 94
  read 7722 -  0d20: f3 59 51 9b 5f 75 08 56 2f 8a c0 12 25 77 4f b9
  read 7722 -  0d30: 85 49 89 9d ba cf 31 d9 51 f8 80 19 da 7a 3b c8
  read 7722 -  0d40: cc 9f 93 40 90 c9 68 4b 23 fe ad f3 56 ea 33 f1
  read 7722 -  0d50: a1 63 ac 65 8c 17 fb 7d 80 cf 6c 91 c1 34 42 af
  read 7722 -  0d60: 98 06 eb 16 76 b3 ef 95 8e 4c 9e c0 d6 03 8c 5d
  read 7722 -  0d70: 02 6e 5f 39 bf 4e 79 ac bf ed ee 03 f0 19 be 2c
  read 7722 -  0d80: d8 db 47 b7 b9 29 3f d6 23 1f 89 0a 3e fc b6 5a
  read 7722 -  0d90: 33 53 36 48 f6 01 6b c5 18 62 6d 82 6e 5d 9c 8c
  read 7722 -  0da0: 8a e5 7a 07 71 fa f5 20 fb 13 0c b5 f6 58 92 8e
  read 7722 -  0db0: 27 37 aa ae da 87 ce 5b 08 20 68 1b 23 6e 70 58
  read 7722 -  0dc0: 6c 08 31 25 ba 6e b9 49 20 05 07 d7 d1 df e7 91
  read 7722 -  0dd0: 23 0e 6f 6e 6b 03 94 ee 5a 32 df 53 b9 99 ac 5b
  read 7722 -  0de0: ed 7d 1c b1 e9 d7 d7 20 97 63 56 ce 6e 77 7b b9
  read 7722 -  0df0: 9f 06 61 a7 7e 5b 1a 7b 3b 4f 3c 4c c8 3b a3 18
  read 7722 -  0e00: 3d da 7f 54 b6 c1 bf d0 b4 aa af de ea 6e c9 cc
  read 7722 -  0e10: b7 70 d3 45 cb 6f 42 cc 46 3c d0 20 d8 3b b6 ca
  read 7722 -  0e20: 76 05 95 1e 78 90 e3 13 48 3b 05 4d e2 de 63 37
  read 7722 -  0e30: 6a 6f 2b db bb 82 81 76 32 6f 15 65 39 d8 9a 20
  read 7722 -  0e40: 40 fc 6f 7a 55 bd f2 cb bf 92 0d ef 94 db 73 6e
  read 7722 -  0e50: 4f 6d 43 5a 1a af 6d 36 63 66 7a 3e a3 a4 d9 f0
  read 7722 -  0e60: 17 b1 4e 16 97 5e 15 2a 53 f6 66 53 cc d8 1f 87
  read 7722 -  0e70: d1 c9 1c 1d 51 0f 85 40 80 6a 1c 6c 00 49 20 0f
  read 7722 -  0e80: 18 b7 11 4e 26 b2 3d 77 0f 50 e7 fd 0c b4 d2 56
  read 7722 -  0e90: 7b 05 30 10 28 47 dd 0b 19 b1 99 00 39 40 ce 30
  read 7722 -  0ea0: cb 77 57 6b 3f a7 a9 55 a9 b2 a2 c0 30 8a de 15
  read 7722 -  0eb0: 57 97 e9 df 60 0d 64 fd 89 7b 16 e9 7d ac c2 92
  read 7722 -  0ec0: c2 f7 76 33 20 05 fe e0 8c b9 be cd 17 74 b3 65
  read 7722 -  0ed0: ac 64 a6 15 09 e3 f0 31 dd 1b a9 d8 b6 3d 82 da
  read 7722 -  0ee0: fe 6a 37 06 5c 45 46 97 73 b0 87 06 84 53 94 a2
  read 7722 -  0ef0: d4 f3 1a 76 1f f7 c6 7a 45 e8 4a dd 64 ea 35 bc
  read 7722 -  0f00: 5e 91 18 4f 70 02 67 64 d9 16 85 41 87 62 14 49
  read 7722 -  0f10: 2c 74 9b 11 12 11 7f 21 93 cd e8 3a 02 52 e9 a6
  read 7722 -  0f20: 4c 93 03 4d cc f0 be f0 6c 05 11 c7 99 1e 56 38
  read 7722 -  0f30: c9 15 54 b4 79 9b be 6b 4a f1 15 84 fb 51 f9 89
  read 7722 -  0f40: 1c fb 6f 5b 3b 81 40 e7 b7 b8 56 43 30 9f d7 9d
  read 7722 -  0f50: 56 e8 9b 26 bb 52 4f 70 d3 ad 81 74 09 85 a4 49
  read 7722 -  0f60: f9 61 37 83 64 b7 cb 13 05 95 2e 56 95 39 f0 7a
  read 7722 -  0f70: 27 30 1e 15 60 8d a7 e8 8a 38 ce e9 d1 59 d7 dc
  read 7722 -  0f80: 16 04 9d c1 9d f7 0e 05 ee 5b d1 63 e6 9c 02 57
  read 7722 -  0f90: 62 e6 d1 f3 39 78 92 e5 05 4a 5d e7 b9 65 50 cd
  read 7722 -  0fa0: 23 60 54 c2 af 05 a5 96 95 79 c0 ed 0b 5c 61 8f
  read 7722 -  0fb0: a9 15 dd 92 23 97 74 fb a0 d3 64 d4 0c fc b8 49
  read 7722 -  0fc0: 8e 5e f2 87 96 a2 4c a3 b8 5a e2 dc 2c 40 8d b3
  read 7722 -  0fd0: 80 4f a8 b8 b6 b1 9e 02 a3 59 70 42 1c 58 18 23
  read 7722 -  0fe0: c3 94 00 72 51 c4 f5 89 e8 6f 32 32 17 d4 df 89
  read 7722 -  0ff0: 83 55 ef 6c 52 a1 56 a9 94 d1 2b 6b e6 74 37 13
  read 7722 -  1000: 6c 2b ac af 67 68 83 ba ce 8d f6 49 f3 45 eb ce
  read 7722 -  1010: 8a ee 37 50 2f 1b 47 f4 35 74 9f c9 28 f7 2b 9c
  read 7722 -  1020: 4d a9 fe ba 72 2c cf 47 f8 6e 08 11 4a 77 27 94
  read 7722 -  1030: dd 00 d8 34 04 d1 39 d9 a4 47 d7 ee cd 8f 3f 97
  read 7722 -  1040: 55 51 27 b0 5c 3c 1c 94 a1 fd e0 5c 44 9f 2e df
  read 7722 -  1050: df 74 ca b7 a6 82 14 47 9c a2 71 44 0a 21 b0 83
  read 7722 -  1060: d9 46 6d 97 41 a4 c3 0b 44 2d 6c c6 3b 6e fd 82
  read 7722 -  1070: 46 ef 31 e3 b7 3c a6 e3 ca b1 da 04 42 db cb 40
  read 7722 -  1080: 7b 61 ab 9a 38 56 e0 ec 01 8f c3 c4 27 78 44 36
  read 7722 -  1090: 9c 91 46 ef 38 94 e6 66 94 86 ac be 07 8c a9 6b
  read 7722 -  10a0: 15 77 49 eb cf ff 05 03 c4 92 67 2e ad 90 16 ca
  read 7722 -  10b0: 22 45 39 1c e5 af ea 7e d4 12 a0 d7 30 75 fb 60
  read 7722 -  10c0: 51 c7 b4 d0 d6 e2 4b 33 f4 f8 12 5d 9c 00 08 27
  read 7722 -  10d0: 3f dc 67 b0 22 a5 1f f9 58 a8 4c 12 de ec 4f dc
  read 7722 -  10e0: 61 f9 1c 85 2c 88 8c 3c 5b 80 5c ba 69 d7 86 35
  read 7722 -  10f0: 06 6a ed a7 88 70 c4 89 a5 80 5e 12 c9 86 70 e3
  read 7722 -  1100: f8 7b ad b8 13 de 61 0f ee 2b 04 5a 87 d1 5a a2
  read 7722 -  1110: fc b4 75 a1 a0 94 31 d3 ab d0 28 11 90 57 74 df
  read 7722 -  1120: 30 b2 4c de a0 da 8f 97 8b dc 8f 15 32 34 26 59
  read 7722 -  1130: 52 a9 86 79 b1 d2 da b5 37 de 96 ae 06 40 da 11
  read 7722 -  1140: bc 89 61 dc 58 de 0f b0 34 43 d5 10 6f 08 fe 2e
  read 7722 -  1150: 46 1e 9f d0 1c d6 ef 2d 2a c4 36 c9 72 5a eb fc
  read 7722 -  1160: bf 71 03 ad 6e 94 78 be 21 ef ce 3e 34 15 5a 77
  read 7722 -  1170: 5a ed bc d0 4d 5f 30 95 32 6b 5f 07 aa 26 32 cd
  read 7722 -  1180: 91 a5 7c 8d 3e f6 ff 36 24 c0 56 22 f8 07 6f a1
  read 7722 -  1190: 23 b9 fb 59 b1 6a 6f 9a 72 c9 7b 2e e8 b9 10 3c
  read 7722 -  11a0: 5f dd d0 37 c1 35 da b0 57 81 14 b3 31 c1 2e 42
  read 7722 -  11b0: f1 d0 a0 9f 2e 0b 66 9e 92 94 b5 ca ad a2 63 7e
  read 7722 -  11c0: 25 d0 0f b9 63 38 dd 2a fc d2 d2 52 17 49 31 40
  read 7722 -  11d0: 4b 3e 71 0a c8 34 59 ad 3c 89 5f 40 62 ed 8a d1
  read 7722 -  11e0: 36 a9 34 68 25 3f a6 9d 7c c2 0c 7c 52 0e 46 62
  read 7722 -  11f0: 64 42 15 fe 5e ac e5 b5 7d f2 a4 0e 1f f1 89 88
  read 7722 -  1200: 7e 61 f9 a6 74 ac 80 03 2b ca d8 99 b7 bd ac 8c
  read 7722 -  1210: 84 47 0a c3 6d 9e 07 b3 1d 8a 6c f3 e2 65 9c e4
  read 7722 -  1220: aa 5a b5 a4 6a cc 6b f4 35 c1 3c c7 64 6d 49 b0
  read 7722 -  1230: 20 7b e5 5a 9d 8c d6 79 53 ec 18 f8 8b 0d c1 82
  read 7722 -  1240: 23 be 8a 16 9b 6c be aa 0d dc d6 0f 7f ed 48 15
  read 7722 -  1250: 16 46 29 9a f8 99 d9 e5 ab 9c d2 f8 8c a9 60 e6
  read 7722 -  1260: 9f 05 56 11 0d fc 6a b1 11 50 bf 95 af 58 9b 91
  read 7722 -  1270: e6 b6 1f 7c 9b 23 de 5a 05 81 81 d4 2a fd e0 67
  read 7722 -  1280: c6 54 c1 e7 fa a1 29 21 05 d7 d6 5e 04 3e 51 f5
  read 7722 -  1290: 58 5a bb 02 c7 78 a1 b4 e6 c3 20 83 ea e5 2c d0
  read 7722 -  12a0: 4a c8 29 e6 5f 40 52 dd be eb 35 2f dc af 64 18
  read 7722 -  12b0: 24 c2 99 ff e4 15 60 25 50 d1 da a5 4a c1 72 88
  read 7722 -  12c0: d3 3c 8e b3 02 70 6f 14 60 2c 8d 56 cd 53 26 61
  read 7722 -  12d0: 08 18 ed d0 01 7c 14 7d 02 a9 16 d0 8c a2 b2 16
  read 7722 -  12e0: 60 87 02 06 cf e4 70 20 40 7b 3d 2b 19 62 0d 6a
  read 7722 -  12f0: 31 12 19 0f e8 6c 93 0c 35 40 85 b8 8e 4c db fe
  read 7722 -  1300: cf 70 04 3b d3 6f 77 05 54 ea ed f9 3d 33 15 0a
  read 7722 -  1310: fe 2e 53 57 9c 99 f1 f9 c9 06 d5 58 ba 3e ed 72
  read 7722 -  1320: 10 21 8c 6f 93 c7 9f 54 7c c6 3f 3b 5e 86 9b 46
  read 7722 -  1330: 5c d8 00 53 1a a7 db dc d3 cc 69 46 ad 61 00 16
  read 7722 -  1340: 32 cf b5 b8 7f a0 85 cc 49 e1 3e 02 14 b5 cb c8
  read 7722 -  1350: 3e e5 f9 d7 8d 27 68 17 cd 17 49 15 fd c6 0a 11
  read 7722 -  1360: fc de 02 55 25 5d 93 ee 62 c0 52 15 d5 d1 2a 20
  read 7722 -  1370: f5 9b 35 b5 6b ec 88 3c 79 10 9f d9 27 df 35 f4
  read 7722 -  1380: e5 9c 06 8d 63 94 9f 3a 99 8b ed 7b d8 29 b9 9a
  read 7722 -  1390: c9 93 2c 21 99 d0 1d 34 8e 76 f5 ee fa de c4 07
  read 7722 -  13a0: 39 53 79 79 be a5 36 51 d4 a0 72 c7 35 9c f4 2e
  read 7722 -  13b0: 09 2d 6c 17 b0 33 2e e3 87 c8 a0 2e 29 e4 77 cd
  read 7722 -  13c0: 23 e8 46 a0 b3 f6 3e 93 4c 4c 66 3c 96 f5 51 02
  read 7722 -  13d0: a2 da 44 31 f5 6b 18 49 df dc 7d 4a 4e 4b 80 53
  read 7722 -  13e0: b4 2e f8 d5 93 6f 7a 6d 5f 35 09 09 d6 a3 dd 2d
  read 7722 -  13f0: 36 cf b1 f2 d2 10 6e 4a 1e bc 5f 21 8a 0a 56 92
  read 7722 -  1400: 20 d1 74 19 83 8b 4a 84 8c 11 60 f0 fa eb aa 9e
  read 7722 -  1410: 59 8e 83 56 ea 10 e5 2f 0f 03 7d a2 c6 5f f0 10
  read 7722 -  1420: 27 b6 6c 0e 06 1e 13 55 ec fb 02 39 1a 82 18 dd
  read 7722 -  1430: 7e ae fb 09 bf 03 39 7c 7f b9 08 ce 30 d7 19 18
  read 7722 -  1440: 0f b1 29 e9 9c 5a d8 9a 6d 92 e9 a9 b3 77 37 4b
  read 7722 -  1450: e7 a1 24 a4 ac 16 52 c5 c7 90 2e 4d 59 09 fc 4c
  read 7722 -  1460: 0e 7f 81 bd 49 1e 3b 3f b9 d4 67 33 c2 38 00 3f
  read 7722 -  1470: 60 fa 81 52 d4 33 0a 72 85 9f 76 0a 8b 29 24 94
  read 7722 -  1480: a1 b5 cd 90 2c b3 69 1c 85 b1 49 a4 53 62 13 1c
  read 7722 -  1490: a4 11 f8 8e 77 87 3c 62 b8 19 c7 b9 d4 84 7a 0c
  read 7722 -  14a0: b1 81 27 69 5e 34 d9 99 c6 69 b2 a6 66 6b 30 f9
  read 7722 -  14b0: 66 d2 fb fb d6 7f 75 6b d2 35 7c 53 1e e1 a6 e2
  read 7722 -  14c0: 35 69 c6 30 e8 9e d2 49 56 9c 3a 74 3d db 31 2d
  read 7722 -  14d0: 51 13 0f 6c 6f 4a bf dd 28 ce 80 75 c6 f5 27 b5
  read 7722 -  14e0: 9c 2b 5f 54 00 f1 07 fe 2a 36 eb 9e a5 7a a2 f3
  read 7722 -  14f0: 62 b6 c5 f3 bf 7c 6f 4d f7 ee d1 16 7e 66 6f 9b
  read 7722 -  1500: 49 7c af 62 35 ed 12 76 35 dc 5f d5 15 0e d2 58
  read 7722 -  1510: db e5 11 dc 6a 86 bb a1 56 e6 99 da ec fa 44 1f
  read 7722 -  1520: 3e a3 d2 ba 0b d4 79 0d a5 3e 69 67 45 94 98 6a
  read 7722 -  1530: 12 df af f8 84 17 5f 90 4a ff 07 cb 82 85 b5 fc
  read 7722 -  1540: 0c 21 a7 6a d5 ef 5c 71 f0 85 87 f8 60 c3 5f d1
  read 7722 -  1550: 40 d6 15 2f 29 b3 43 b1 5d b4 39 22 2e e2 88 77
  read 7722 -  1560: a1 74 e5 a7 6b 8c 2a f4 a0 e4 e2 c7 81 4c 7e 81
  read 7722 -  1570: fb b2 79 b5 fb 83 34 c3 c4 0e 3b 3b 55 6e 8f ac
  read 7722 -  1580: 40 e3 1f 13 56 f4 ac 81 a8 a5 82 38 f9 49 98 84
  read 7722 -  1590: 71 25 ff 24 b6 37 d9 50 e1 02 71 4d 4a 76 38 cb
  read 7722 -  15a0: 93 a7 6a b2 91 ae 10 c1 3a 73 65 ec b8 d6 4b 6a
  read 7722 -  15b0: fb cf a7 d2 4a b5 4a 82 e7 eb 5b c7 df b9 5c 28
  read 7722 -  15c0: 24 3c 7c 25 1e 9c 6d 9c bc 82 a1 f2 48 b6 8e 4f
  read 7722 -  15d0: 9e 74 d6 85 98 75 05 47 59 af 2d d2 09 49 e9 15
  read 7722 -  15e0: 33 54 9f 2e 3d f8 44 f4 2e 73 56 3d 51 73 c2 8b
  read 7722 -  15f0: e0 95 68 41 ac a4 1b 3b 23 9c 4f a9 d7 bf 90 01
  read 7722 -  1600: cc f3 e9 27 9d 01 b6 af 30 c8 30 03 6e ec 63 70
  read 7722 -  1610: 6f 27 09 0b 85 a8 1b d3 10 e3 b6 d4 35 27 ed 92
  read 7722 -  1620: 5b 9b 89 f8 c3 4d ab c7 c1 c9 0a 58 a7 b5 28 94
  read 7722 -  1630: 20 c8 b1 c2 1b 1f 5b c1 a3 d6 55 87 e1 1d 53 13
  read 7722 -  1640: f7 f6 19 83 a9 ac 5b a3 1c c7 bb ac 12 2c 4f 3f
  read 7722 -  1650: 52 c6 6a c3 3d dd 98 93 fc 57 b8 b2 ee 65 70 e2
  read 7722 -  1660: 4c f6 da 10 37 00 f5 59 d3 c2 36 38 f0 c8 7e c0
  read 7722 -  1670: 9b 6a 5a 1f c2 7e e5 a0 48 4c 73 32 aa 3b 27 cb
  read 7722 -  1680: 4e 28 29 98 24 3c 3f af 27 3f ea ef 68 7d 7b f7
  read 7722 -  1690: f5 09 d3 4c b5 1c f3 8c 98 49 da 79 1f 3f 83 0c
  read 7722 -  16a0: 60 ee a1 17 c3 02 ac 73 78 4f 21 09 86 b2 09 95
  read 7722 -  16b0: d3 7e b9 0d 8a 0e f2 8d a3 51 36 d7 bc d9 9d 9b
  read 7722 -  16c0: 83 a5 a6 1f f8 ca 19 50 b1 cc 27 34 18 75 95 25
  read 7722 -  16d0: 3d 1f 33 ae 24 0c f3 70 de 86 c2 27 52 dc 65 da
  read 7722 -  16e0: 3c b4 1b 4d 68 a5 97 3b 64 b1 d1 8f 56 43 db ff
  read 7722 -  16f0: e8 8c cc b1 f0 63 bb bc e8 33 df d1 be cf 31 d8
  read 7722 -  1700: af 6d 3f 2c e5 89 40 55 c9 26 d4 8e 34 84 8c 6b
  read 7722 -  1710: c4 d6 22 d8 b8 95 ff 29 9b 33 7f 30 f7 8f b2 35
  read 7722 -  1720: 97 4f 63 51 07 c3 72 e8 5f db c3 81 ad 35 8c 3d
  read 7722 -  1730: 0b e4 94 0b 9f bf 72 f2 43 9d a0 db f3 6c b4 c6
  read 7722 -  1740: 81 35 24 26 a6 e4 16 6f af 3d ff 9a 82 2e b5 32
  read 7722 -  1750: 57 0b dd 5d 45 42 2c cb 43 42 b5 fc b5 32 15 33
  read 7722 -  1760: aa 5c e9 62 40 09 8d 88 98 51 92 66 6f 89 9b d2
  read 7722 -  1770: 2e 29 7b 2a 3b 8e 25 46 ce f1 64 d9 46 e5 3c cc
  read 7722 -  1780: d8 bc 65 2a 96 b2 a4 f4 0a 1a 0c 11 1e cb c7 94
  read 7722 -  1790: fb dd b6 42 8c 7e a9 49 0e 7e e4 6e 34 99 f4 24
  read 7722 -  17a0: 03 f3 94 b4 2b d2 11 7b 7b d5 40 cf 7b 11 1e 6f
  read 7722 -  17b0: 45 9b 0c 05 f0 7f 93 44 64 c5 04 0e fa a2 59 fc
  read 7722 -  17c0: 6b 9a b0 68 1d 5e 61 96 8c 37 57 c9 10 37 81 69
  read 7722 -  17d0: 41 6a 2c 51 08 93 be 50 d2 2a fb 90 56 b2 13 50
  read 7722 -  17e0: 8c dc d4 65 d3 45 45 82 46 3f 5e 3e 6c 3f 00 bf
  read 7722 -  17f0: e5 16 e3 d1 de 32 ae 10 4f 63 d7 37 a7 90 8b e9
  read 7722 -  1800: e8 3e d9 21 d6 72 12 ab 18 9e 16 7c 9d 26 da ef
  read 7722 -  1810: 85 69 89 2a b7 fa db d1 8f c5 f5 e3 22 8e 37 65
  read 7722 -  1820: 71 b0 22 75 09 c8 df 86 5c 6d ae aa a3 c5 9e 06
  read 7722 -  1830: 6c 6b ce e8 17 c1 24 f8 d0 dc 23 33 91 8f a2 88
  read 7722 -  1840: 09 40 fb e9 7f b3 ff a3 27 d9 8a eb dc 66 56 8b
  read 7722 -  1850: 25 57 42 43 a1 82 38 30 94 0c 2a cd 7c 9e 3a 75
  read 7722 -  1860: ef 35 dd 53 ba c2 bb a2 68 41 1b 04 30 60 43 b7
  read 7722 -  1870: 39 30 6d 63 06 39 e8 26 32 75 02 d0 bf c1 18 03
  read 7722 -  1880: 66 98 6d 58 dd ca 79 3f c9 e7 8a 70 90 64 a0 4c
  read 7722 -  1890: 9c 49 86 41 3c 59 7d 7b 04 2b 26 91 67 01 41 a6
  read 7722 -  18a0: 7c 16 06 1e 0f ba 16 45 55 94 3f 3b bc 62 5b 58
  read 7722 -  18b0: 0f 2f e0 c8 1d 34 29 38 a5 ee 79 a1 56 6d 94 97
  read 7722 -  18c0: 9c 70 0a ad 94 5a 71 3e b5 07 09 d3 ec 7b 7c 71
  read 7722 -  18d0: 3f 9c bd b1 85 09 fb 4f ec af 6c bc be 9d 06 62
  read 7722 -  18e0: ba 39 3e fc 9c 1d 45 f5 d8 bd a3 e8 e6 f7 5d 0a
  read 7722 -  18f0: dc 6f eb d2 a9 ba 07 95 e3 65 b7 fa 6e e5 b7 a2
  read 7722 -  1900: b5 0f db 34 7a e0 65 70 98 53 2c 2b 1c 31 a7 87
  read 7722 -  1910: 16 f5 f2 52 a8 0a 94 44 65 22 bc fe 3c 7b 21 21
  read 7722 -  1920: 45 d5 1b 8b 43 cc da 5d 4d a7 36 cc a6 17 ff 89
  read 7722 -  1930: 35 6b aa 65 68 23 15 64 c7 ae 33 1a 5b 93 9c 70
  read 7722 -  1940: dc 10 48 69 43 fe ee 5d ef 6a 23 b6 c1 49 fd 4a
  read 7722 -  1950: 3f 9f 1b 1e 80 36 6c 94 85 d9 5e 32 2d 7f 53 b4
  read 7722 -  1960: eb fe 0c 82 f6 61 ca e9 42 a6 60 50 54 b9 e2 ef
  read 7722 -  1970: d0 6f 91 4c 4a a6 e5 5f 69 82 0d 1e 16 45 dd f0
  read 7722 -  1980: 47 6a f1 4c 9e 67 7e 48 a5 0c 4b 71 cc 5e 08 9c
  read 7722 -  1990: 61 06 40 d9 05 7c 47 ad 52 85 89 18 1c 79 b3 c4
  read 7722 -  19a0: 1d 34 53 36 89 83 5c 48 09 38 ae 7d cd df 0a 7e
  read 7722 -  19b0: 7c f3 f3 f2 2b 55 e4 14 4d a6 68 ce 7d 65 9a f3
  read 7722 -  19c0: 66 14 ae 90 d0 92 42 33 ab 5a 0a c1 0d 0b f8 20
  read 7722 -  19d0: 56 c7 07 e9 6c 7d b9 f4 ec ba 6e ca e8 11 ee 8f
  read 7722 -  19e0: dd 75 54 6a 31 8e 86 61 5c 28 d1 a9 81 66 82 e7
  read 7722 -  19f0: 23 2a ba 76 e0 b7 ed fb 9f 8e 7a c8 20 d0 5e 8e
  read 7722 -  1a00: 2f 08 25 52 e1 fd e1 21 d6 69 9d 78 65 8f bb 2f
  read 7722 -  1a10: 91 33 16 96 d9 2f 8b 8f 9e ce c2 2a 5f b3 e3 f2
  read 7722 -  1a20: 5e 15 86 3c 26 50 f6 b1 a6 d8 09 47 55 88 9a 26
  read 7722 -  1a30: 9e c3 4c 11 da 26 1f f6 fe 79 8e 31 2f 4a bd 00
  read 7722 -  1a40: 36 1b 9e d2 5f ae 9a 1c 31 71 5a 51 fd 42 d0 96
  read 7722 -  1a50: e3 54 84 83 0e 1f be 56 50 85 d5 87 6e a8 11 3b
  read 7722 -  1a60: 69 4a 1f e6 8d a3 22 5f dc 6a 23 1c 22 9a 46 81
  read 7722 -  1a70: a2 10 e2 63 6c 55 64 4b 41 d0 db b7 1f 3e 18 04
  read 7722 -  1a80: c4 84 85 61 9c 5a 09 b5 3f 87 57 d2 3f bb 72 db
  read 7722 -  1a90: 73 7b 3c 4b 5a b5 ca 49 28 6d 2c 2c f4 d9 81 0c
  read 7722 -  1aa0: ea 76 fe 07 9e 63 0a 51 19 48 9d 20 fa 27 1e a7
  read 7722 -  1ab0: 2e 30 72 79 97 d6 22 de 14 29 12 78 3a f0 64 0f
  read 7722 -  1ac0: 20 38 89 97 69 a0 e1 be d0 90 9b ec a6 b3 31 ef
  read 7722 -  1ad0: 67 4d 97 fa db ae e0 8f fe 87 a9 b1 b6 02 1a fa
  read 7722 -  1ae0: e2 80 41 b6 0c f2 78 74 58 cf 54 86 37 c2 62 db
  read 7722 -  1af0: 23 56 1f c4 e2 29 ae 07 3c 47 a8 6b 00 af 03 c9
  read 7722 -  1b00: ab 6e 69 31 ea 15 86 3a 0b 4a 67 25 bb 54 46 5b
  read 7722 -  1b10: 31 9f 5a 1e 1e 2a 78 78 fa 6e 83 45 b2 f4 8f 33
  read 7722 -  1b20: 99 bf 03 62 b4 3c 3c 81 6e d3 29 91 29 58 96 0c
  read 7722 -  1b30: 59 90 a1 30 41 ad ff bc 38 2f aa 0f e3 15 f0 df
  read 7722 -  1b40: 84 4f 52 29 38 e6 cc 98 44 b6 7a c2 7b 1c f4 1f
  read 7722 -  1b50: 94 67 c7 06 73 3e 2a 2c 26 93 c8 9f ec d0 9c 60
  read 7722 -  1b60: d4 c9 48 ad 05 1b 5c 5a 00 1b 0a 05 10 53 3e f6
  read 7722 -  1b70: 02 99 c3 cb b9 86 fb 9f e3 b1 e3 af 8e ae 37 ea
  read 7722 -  1b80: 1c 7a 3c 0e 39 4b 9e 98 f4 8e 7e 13 22 01 8a 41
  read 7722 -  1b90: 26 d1 55 11 12 84 0a 2c 71 7c 02 3d f8 f6 98 48
  read 7722 -  1ba0: c1 b4 b3 c7 01 da 25 13 a5 f6 0d 11 0c 0a 20 45
  read 7722 -  1bb0: a5 c6 75 82 ec 4d b6 25 88 fd 2c 9a 16 56 1e 68
  read 7722 -  1bc0: 28 9e c8 41 5a a8 6c 2a 96 45 b5 83 97 e8 79 bc
  read 7722 -  1bd0: 58 a5 3d 47 06 e4 20 d2 8d 71 e0 d1 3b b8 61 53
  read 7722 -  1be0: 71 20 c8 62 3b 3f ac 2d 5d 22 6c 7b fc 0b c3 82
  read 7722 -  1bf0: 20 be b4 d9 71 bd 7d f8 8d 88 6e ef c6 d7 b3 43
  read 7722 -  1c00: ac 87 cb dd 6d 07 d3 04 76 49 e6 bc ee 30 07 a3
  read 7722 -  1c10: 04 a0 15 c6 3e cb 9f a7 9e 1f b5 cc c4 36 6f 3c
  read 7722 -  1c20: ec 11 37 2e 88 d6 81 40 57 86 24 36 52 55 09 5b
  read 7722 -  1c30: 9e 82 63 b2 a4 02 bb 4a 80 4b 41 60 2d 99 f0 61
  read 7722 -  1c40: b9 dc 35 f1 37 20 04 d6 02 ab 69 ed 01 f9 0e 88
  read 7722 -  1c50: a1 e2 7e 63 89 42 fc 46 4b bd 84 51 cf cc 4e 61
  read 7722 -  1c60: 5a 27 95 f2 1c 20 eb e5 9f d3 bf d7 fa 86 bc c5
  read 7722 -  1c70: 25 c1 c6 2a 52 a2 eb 63 aa ef 04 2e ed 0c ac 88
  read 7722 -  1c80: 25 6c 86 01 23 91 99 69 5b 13 c7 cf 30 a2 70 c8
  read 7722 -  1c90: f5 62 55 63 02 b7 66 ca 8d 8d 68 f1 25 e3 4b df
  read 7722 -  1ca0: e8 fa 0e 27 8f 79 48 ad 00 f3 68 b4 83 0f 8e 35
  read 7722 -  1cb0: a3 2e 79 3f ba 73 d5 f4 0a 4c 18 b1 b9 b1 75 d3
  read 7722 -  1cc0: 7c b0 00 d7 8a 2a 40 d3 c1 ec cf cd 93 51 87 84
  read 7722 -  1cd0: cc ec 1c 01 85 f4 17 25 c6 4c 8e 2c 64 1d b9 97
  read 7722 -  1ce0: 9f e4 5b 95 c3 54 c0 c2 93 c3 b9 7a 98 e1 f6 60
  read 7722 -  1cf0: 2a 56 bd 90 a6 2d 6a 42 ee 58 d0 33 c0 0c a8 1a
  read 7722 -  1d00: 20 26 53 ab f4 52 24 d2 9b bf 4c d6 65 89 fc bf
  read 7722 -  1d10: b5 10 71 a4 70 7e f2 ec 60 17 a7 15 0d cc bd 76
  read 7722 -  1d20: 44 93 7b 4e e7 c6 96 95 08 ce e5 39 de 27 e0 1c
  read 7722 -  1d30: 18 4c 4e 84 98 26 a1 22 fc 93 91 fa 88 48 4e 61
  read 7722 -  1d40: 64 ed cf e0 90 72 2e 92 4d d0 f8 7d b4 6f 48 6d
  read 7722 -  1d50: 1d e8 34 f6 69 16 cc 12 40 ef 1b e3 2c 83 4f b9
  read 7722 -  1d60: d5 52 ad ac 9b 00 64 e9 8e 30 61 52 b2 3a 13 99
  read 7722 -  1d70: 97 bc b1 0b c8 8b ce 24 d1 4d bd ad f9 fa f0 35
  read 7722 -  1d80: d7 81 ab 15 2d 59 ea 2a 54 2e cb ef c5 5f dd c6
  read 7722 -  1d90: 63 f3 47 b8 ae b3 2e 48 07 28 46 a7 02 30 4c e5
  read 7722 -  1da0: 55 4c ff d4 8e f8 cf 50 8d ae 67 d8 82 ec a3 08
  read 7722 -  1db0: 70 6e 1d 47 de 70 ee d2 f1 d2 ec 32 07 fd 00 3f
  read 7722 -  1dc0: 84 a3 4d 98 87 74 80 3a fe 62 df 79 8e 40 e6 f6
  read 7722 -  1dd0: 9a b6 a6 a3 db 2e 7f 32 ee 20 ae 21 4f 89 61 c8
  read 7722 -  1de0: 7e b7 f3 e6 f4 8a 7b ff ac 54 42 68 66 a6 cf 9b
  read 7722 -  1df0: c4 7a 9c bc 6d a5 2b 32 b4 2f 98 f3 19 e8 e7 62
  read 7722 -  1e00: 0d 30 d0 61 7f ac 1c 4e df 13 94 7a 99 8f e6 63
  read 7722 -  1e10: 1d 36 5e 57 63 fc bf 71 b9 23 8b 6d 4e ac 91 40
  read 7722 -  1e20: cb dc fd b9 c8 22 b4 10 20 a3

 write    4 -  0000: a0 12 00 b2

 write   18 -  0000: 36 0f 00 09 01 80 b1 80 c4 80 a7 80 b9 80 a9 80
 write   18 -  0010: b9 24

  read    4 -  0000: a0 06 00 a6

  read    6 -  0000: b0 03 00 36 01 c0

  read    4 -  0000: a0 14 00 b4

  read   20 -  0000: 36 11 00 00 01 00 00 62 01 88 01 4e 01 72 01 52
  read   20 -  0010: 01 73 01 ed
