[0211-09:53:41:596][info] SPI Connection Descriptor FFFFD50E5E5EA038 ConnectionSpeed:10000000
[0211-09:53:41:596][info] Connected to SPBTARGET 00002AF1B3C493A8 at address 0x0 from WDFDEVICE 00002AF1AFDBA478
[0211-09:53:41:596][info] Opening handle to SPB target via \Device\RESOURCE_HUB\0000000000000003

[0211-09:53:41:647] write    4 -  0000: a0 08 00 a8

[0211-09:53:41:660] write    8 -  0000: 01 05 00 00 00 00 00 88

[0211-09:53:41:676] write    4 -  0000: a0 06 00 a6

[0211-09:53:41:691] write    6 -  0000: d5 03 00 00 00 d3

[0211-09:53:41:708] write    4 -  0000: a0 08 00 a8

[0211-09:53:41:723] write    8 -  0000: 01 05 00 00 00 00 00 88

[0211-09:53:41:739] write    4 -  0000: a0 06 00 a6

[0211-09:53:41:755] write    6 -  0000: a8 03 00 00 00 ff

[0211-09:53:41:756]  read    4 -  0000: a0 06 00 a6

[0211-09:53:41:756]  read    6 -  0000: b0 03 00 a8 07 48

[0211-09:53:41:758]  read    4 -  0000: a0 1a 00 ba

[0211-09:53:41:758]  read   26 -  0000: a8 17 00 47 46 5f 48 43 34 36 30 53 45 43 5f 41
[0211-09:53:41:758]  read   26 -  0010: 50 50 5f 31 34 32 31 30 00 68

[0211-09:53:41:772] write    4 -  0000: a0 08 00 a8

[0211-09:53:41:787] write    8 -  0000: 01 05 00 00 00 00 00 88

[0211-09:53:41:804] write    4 -  0000: a0 06 00 a6

[0211-09:53:41:819] write    6 -  0000: 97 03 00 01 01 0f

[0211-09:53:41:835] write    4 -  0000: a0 09 00 a9

[0211-09:53:41:851] write    9 -  0000: af 06 00 55 6b a3 00 00 93

[0211-09:53:41:852]  read    4 -  0000: a0 1a 00 ba

[0211-09:53:41:852]  read   26 -  0000: ae 17 00 04 00 30 00 00 00 00 01 60 00 00 00 00
[0211-09:53:41:852]  read   26 -  0010: 01 00 00 04 25 02 00 00 00 24

[0211-09:53:41:855] write    4 -  0000: a0 08 00 a8

[0211-09:53:41:867] write    8 -  0000: 01 05 00 00 00 00 00 88

[0211-09:53:41:883] write    4 -  0000: a0 06 00 a6

[0211-09:53:41:898] write    6 -  0000: a8 03 00 00 00 ff

[0211-09:53:41:899]  read    4 -  0000: a0 06 00 a6

[0211-09:53:41:900]  read    6 -  0000: b0 03 00 a8 07 48

[0211-09:53:41:901]  read    4 -  0000: a0 1a 00 ba

[0211-09:53:41:901]  read   26 -  0000: a8 17 00 47 46 5f 48 43 34 36 30 53 45 43 5f 41
[0211-09:53:41:901]  read   26 -  0010: 50 50 5f 31 34 32 31 30 00 68

[0211-09:53:41:919] write    4 -  0000: a0 0c 00 ac

[0211-09:53:41:930] write   12 -  0000: e4 09 00 02 00 01 bb 00 00 00 00 ff

[0211-09:53:41:931]  read    4 -  0000: a0 06 00 a6

[0211-09:53:41:931]  read    6 -  0000: b0 03 00 e4 07 0c

[0211-09:53:41:933]  read    4 -  0000: a0 06 00 a6

[0211-09:53:41:933]  read    6 -  0000: e4 03 00 01 51 71

[0211-09:53:41:953] write    4 -  0000: a0 0c 00 ac

[0211-09:53:41:962] write   12 -  0000: e4 09 00 02 00 01 bb 00 00 00 00 ff

[0211-09:53:41:963]  read    4 -  0000: a0 06 00 a6

[0211-09:53:41:963]  read    6 -  0000: b0 03 00 e4 07 0c

[0211-09:53:41:965]  read    4 -  0000: a0 06 00 a6

[0211-09:53:41:965]  read    6 -  0000: e4 03 00 01 51 71

[0211-09:53:42:012] write    4 -  0000: a0 c8 01 69

[0211-09:53:42:024] write  456 -  0000: e0 c5 01 02 00 01 bb 4c 01 00 00 01 00 00 00 d0
[0211-09:53:42:024] write  456 -  0010: 8c 9d df 01 15 d1 11 8c 7a 00 c0 4f c2 97 eb 01
[0211-09:53:42:024] write  456 -  0020: 00 00 00 4c 9c e6 7c 50 c6 b0 4b b6 37 cd 1c 72
[0211-09:53:42:024] write  456 -  0030: 51 14 ee 04 00 00 00 40 00 00 00 54 00 68 00 69
[0211-09:53:42:024] write  456 -  0040: 00 73 00 20 00 69 00 73 00 20 00 74 00 68 00 65
[0211-09:53:42:024] write  456 -  0050: 00 20 00 64 00 65 00 73 00 63 00 72 00 69 00 70
[0211-09:53:42:024] write  456 -  0060: 00 74 00 69 00 6f 00 6e 00 20 00 73 00 74 00 72
[0211-09:53:42:024] write  456 -  0070: 00 69 00 6e 00 67 00 2e 00 00 00 10 66 00 00 00
[0211-09:53:42:024] write  456 -  0080: 01 00 00 20 00 00 00 6e 4f a0 f0 c6 eb 2c 20 5b
[0211-09:53:42:024] write  456 -  0090: f3 09 19 73 5f 8e 39 ce 6a 75 1a 66 e1 35 de 92
[0211-09:53:42:024] write  456 -  00a0: fd aa 1c 9f 16 df 43 00 00 00 00 0e 80 00 00 00
[0211-09:53:42:024] write  456 -  00b0: 02 00 00 20 00 00 00 be 11 9b ea 58 88 c5 88 61
[0211-09:53:42:024] write  456 -  00c0: 21 86 d6 e3 32 63 14 be 59 64 79 49 eb 55 52 b8
[0211-09:53:42:024] write  456 -  00d0: d6 c9 c5 ad 0d 98 11 30 00 00 00 cb 4a b3 4e 61
[0211-09:53:42:024] write  456 -  00e0: d0 45 80 ca cc 20 85 21 68 5b e9 6b bb a7 35 59
[0211-09:53:42:024] write  456 -  00f0: 87 8d 70 df 9f 85 73 8a b5 74 36 d5 06 a8 d0 12
[0211-09:53:42:024] write  456 -  0100: f8 93 38 7f e3 32 fe 32 53 f9 bc 40 00 00 00 5a
[0211-09:53:42:024] write  456 -  0110: a4 2a c1 1c 54 b4 e8 af 8a bc 02 e1 cf 9e bd a8
[0211-09:53:42:024] write  456 -  0120: 23 bd 05 65 13 e6 c5 dc 7d e5 a0 ba a3 c5 e3 57
[0211-09:53:42:024] write  456 -  0130: da 67 a3 4b d3 35 f1 54 29 c6 c4 49 a3 c4 5b 37
[0211-09:53:42:024] write  456 -  0140: 92 f8 27 d3 92 e5 f7 2a 00 15 30 c0 81 7a 3a 6b
[0211-09:53:42:024] write  456 -  0150: e5 a0 cb ee f0 3c 0b 03 00 01 bb 66 00 00 00 fa
[0211-09:53:42:024] write  456 -  0160: d1 e5 b8 79 30 26 5d b0 ed 25 44 e3 61 50 56 f6
[0211-09:53:42:024] write  456 -  0170: 19 fc 11 e6 a5 58 f8 e0 d9 20 03 e4 79 ff 41 02
[0211-09:53:42:024] write  456 -  0180: ff 20 00 00 00 7d dc fc db a9 e8 1b 0c 48 15 63
[0211-09:53:42:024] write  456 -  0190: 8d 03 05 30 3b 56 2e 5f 40 14 f4 0b 9d 76 ed f2
[0211-09:53:42:024] write  456 -  01a0: 75 5d 9e 5d bd 86 94 b0 50 8d f7 86 19 3d ed df
[0211-09:53:42:024] write  456 -  01b0: ca 48 54 fe f9 3f 68 a5 d5 cf de ec 15 24 29 05
[0211-09:53:42:024] write  456 -  01c0: 76 fd ad 0c 67 00 00 ad

[0211-09:53:42:025]  read    4 -  0000: a0 06 00 a6

[0211-09:53:42:025]  read    6 -  0000: b0 03 00 e0 07 10

[0211-09:53:42:057]  read    4 -  0000: a0 06 00 a6

[0211-09:53:42:057]  read    6 -  0000: e0 03 00 00 51 76

[0211-09:53:42:063] write    4 -  0000: a0 0c 00 ac

[0211-09:53:42:071] write   12 -  0000: e4 09 00 03 00 02 bb 00 00 00 00 fd

[0211-09:53:42:072]  read    4 -  0000: a0 06 00 a6

[0211-09:53:42:072]  read    6 -  0000: b0 03 00 e4 07 0c

[0211-09:53:42:074]  read    4 -  0000: a0 2d 00 cd

[0211-09:53:42:075]  read   45 -  0000: e4 2a 00 00 03 00 02 bb 20 00 00 00 8d 8e 99 80
[0211-09:53:42:075]  read   45 -  0010: 5d 1e 22 89 c5 41 12 5d 5a dd 5d d5 30 89 4c c8
[0211-09:53:42:075]  read   45 -  0020: 50 0d 03 55 41 b8 c0 a5 96 1e c0 5d d3

[0211-09:53:42:089] write    4 -  0000: a0 06 00 a6

[0211-09:53:42:103] write    6 -  0000: a2 03 00 01 14 f0

[0211-09:53:42:104]  read    4 -  0000: a0 06 00 a6

[0211-09:53:42:105]  read    6 -  0000: b0 03 00 a2 07 4e

[0211-09:53:42:148]  read    4 -  0000: a0 07 00 a7

[0211-09:53:42:148]  read    7 -  0000: a2 04 00 01 00 08 fb

[0211-09:53:42:166] write    4 -  0000: a0 09 00 a9

[0211-09:53:42:181] write    9 -  0000: 82 06 00 00 00 00 04 00 1e

[0211-09:53:42:182]  read    4 -  0000: a0 06 00 a6

[0211-09:53:42:182]  read    6 -  0000: b0 03 00 82 07 6e

[0211-09:53:42:184]  read    4 -  0000: a0 08 00 a8

[0211-09:53:42:184]  read    8 -  0000: 82 05 00 a2 04 25 00 58

[0211-09:53:42:200] write    4 -  0000: a0 06 00 a6

[0211-09:53:42:213] write    6 -  0000: a6 03 00 00 00 01

[0211-09:53:42:214]  read    4 -  0000: a0 06 00 a6

[0211-09:53:42:214]  read    6 -  0000: b0 03 00 a6 07 4a

[0211-09:53:42:236]  read    4 -  0000: a0 44 00 e4

[0211-09:53:42:236]  read   68 -  0000: a6 41 00 53 34 30 36 36 36 2e 00 0a 7d 82 b3 72
[0211-09:53:42:236]  read   68 -  0010: a0 46 0a 51 07 05 0e 7d 4b 17 27 41 02 9a 0c f1
[0211-09:53:42:236]  read   68 -  0020: 80 7f 0c 07 81 30 38 e4 80 dd fc 0a be bb 44 01
[0211-09:53:42:236]  read   68 -  0030: bb b3 b5 b3 b3 b3 b5 b3 b3 41 33 e4 1b dd 22 0c
[0211-09:53:42:236]  read   68 -  0040: f0 17 db 1c

[0211-09:53:42:242] write    4 -  0000: a0 06 00 a6

[0211-09:53:42:245] write    6 -  0000: a2 03 00 01 14 f0

[0211-09:53:42:246]  read    4 -  0000: a0 06 00 a6

[0211-09:53:42:246]  read    6 -  0000: b0 03 00 a2 07 4e

[0211-09:53:42:289]  read    4 -  0000: a0 07 00 a7

[0211-09:53:42:290]  read    7 -  0000: a2 04 00 01 00 08 fb

[0211-09:53:42:291] write    4 -  0000: a0 06 00 a6

[0211-09:53:42:308] write    6 -  0000: 70 03 00 14 00 23

[0211-09:53:42:309]  read    4 -  0000: a0 06 00 a6

[0211-09:53:42:310]  read    6 -  0000: b0 03 00 70 07 80

[0211-09:53:42:325] write    4 -  0000: a0 0c 00 ac

[0211-09:53:42:340] write   12 -  0000: 98 09 00 38 0b b5 00 b3 00 b3 00 ab

[0211-09:53:42:343]  read    4 -  0000: a0 06 00 a6

[0211-09:53:42:343]  read    6 -  0000: b0 03 00 98 07 58

[0211-09:53:42:345]  read    4 -  0000: a0 06 00 a6

[0211-09:53:42:345]  read    6 -  0000: 98 03 00 01 00 0e

[0211-09:53:42:372] write    4 -  0000: a0 e4 00 84

[0211-09:53:42:387] write  228 -  0000: 90 e1 00 70 11 74 85 00 85 2c b1 18 c9 14 dd 00
[0211-09:53:42:387] write  228 -  0010: dd 00 dd 00 ba 00 01 80 ca 00 04 00 84 00 15 b3
[0211-09:53:42:387] write  228 -  0020: 86 00 00 c4 88 00 00 ba 8a 00 00 b2 8c 00 00 aa
[0211-09:53:42:387] write  228 -  0030: 8e 00 00 c1 90 00 bb bb 92 00 b1 b1 94 00 00 a8
[0211-09:53:42:387] write  228 -  0040: 96 00 00 b6 98 00 00 00 9a 00 00 00 d2 00 00 00
[0211-09:53:42:387] write  228 -  0050: d4 00 00 00 d6 00 00 00 d8 00 00 00 50 00 01 05
[0211-09:53:42:387] write  228 -  0060: d0 00 00 00 70 00 00 00 72 00 78 56 74 00 34 12
[0211-09:53:42:387] write  228 -  0070: 20 00 10 40 5c 00 00 01 20 02 38 0b 36 02 b5 00
[0211-09:53:42:387] write  228 -  0080: 38 02 b3 00 3a 02 b3 00 2a 01 82 03 22 00 01 20
[0211-09:53:42:387] write  228 -  0090: 24 00 14 00 80 00 01 00 5c 00 00 01 56 00 04 20
[0211-09:53:42:387] write  228 -  00a0: 58 00 03 02 32 00 0c 02 66 00 03 00 7c 00 00 58
[0211-09:53:42:387] write  228 -  00b0: 82 00 80 1b 2a 01 08 00 54 00 10 01 62 00 04 03
[0211-09:53:42:387] write  228 -  00c0: 64 00 19 00 66 00 03 00 7c 00 00 58 2a 01 08 00
[0211-09:53:42:387] write  228 -  00d0: 52 00 08 00 54 00 00 01 66 00 03 00 7c 00 00 58
[0211-09:53:42:387] write  228 -  00e0: 00 53 66 8f

[0211-09:53:42:388]  read    4 -  0000: a0 06 00 a6

[0211-09:53:42:389]  read    6 -  0000: b0 03 00 90 07 60

[0211-09:53:42:390]  read    4 -  0000: a0 06 00 a6

[0211-09:53:42:390]  read    6 -  0000: 90 03 00 01 00 16

[0211-09:53:42:446] write    4 -  0000: a0 06 00 a6

[0211-09:53:42:451] write    6 -  0000: d1 03 00 00 00 d7

[0211-09:53:42:452]  read    4 -  0000: b0 34 00 e4

[0211-09:53:42:452]  read   52 -  0000: 16 03 03 00 2f 01 00 00 2b 03 03 2d f4 51 58 cf
[0211-09:53:42:452]  read   52 -  0010: 8c b1 40 46 f6 b5 4b 29 31 03 47 04 5b 70 30 b4
[0211-09:53:42:452]  read   52 -  0020: 5d fd 20 78 7f 8b 1a d8 59 29 50 00 00 04 00 a8
[0211-09:53:42:452]  read   52 -  0030: 00 ff 01 00

[0211-09:53:42:457] write    4 -  0000: b0 56 00 06

[0211-09:53:42:468] write   86 -  0000: 16 03 03 00 51 02 00 00 4d 03 03 9c 45 f7 ca 9a
[0211-09:53:42:468] write   86 -  0010: 9e b1 ec e4 3f d4 b4 4c 39 72 22 e6 7d 3c e8 2b
[0211-09:53:42:468] write   86 -  0020: 66 50 80 57 46 a4 17 13 71 b7 8c 20 92 4f f3 83
[0211-09:53:42:468] write   86 -  0030: b8 15 a9 20 19 0c 93 4a 20 4f f3 a7 1b fd 2d 40
[0211-09:53:42:468] write   86 -  0040: 03 cb 18 37 81 b9 6b ce 7c 04 b9 9e 00 a8 00 00
[0211-09:53:42:468] write   86 -  0050: 05 ff 01 00 01 00

[0211-09:53:42:487] write    4 -  0000: b0 09 00 b9

[0211-09:53:42:499] write    9 -  0000: 16 03 03 00 04 0e 00 00 00

[0211-09:53:42:499]  read    4 -  0000: b0 1a 00 ca

[0211-09:53:42:500]  read   26 -  0000: 16 03 03 00 15 10 00 00 11 00 0f 43 6c 69 65 6e
[0211-09:53:42:500]  read   26 -  0010: 74 5f 69 64 65 6e 74 69 74 79

[0211-09:53:42:512]  read    4 -  0000: b0 06 00 b6

[0211-09:53:42:513]  read    6 -  0000: 14 03 03 00 01 01

[0211-09:53:42:515]  read    4 -  0000: b0 2d 00 dd

[0211-09:53:42:516]  read   45 -  0000: 16 03 03 00 28 00 00 00 00 00 00 00 00 1a e7 d2
[0211-09:53:42:516]  read   45 -  0010: ec 99 bc 03 c4 2c b0 3f b0 36 d5 16 24 27 2f c6
[0211-09:53:42:516]  read   45 -  0020: 0a db 73 10 4a e1 7d eb 51 78 08 1f c7

[0211-09:53:42:546] write    4 -  0000: b0 06 00 b6

[0211-09:53:42:719] write    6 -  0000: 14 03 03 00 01 01

[0211-09:53:42:737] write    4 -  0000: b0 2d 00 dd

[0211-09:53:42:751] write   45 -  0000: 16 03 03 00 28 00 00 00 00 00 00 00 00 ef 3e db
[0211-09:53:42:751] write   45 -  0010: fd 53 50 df e4 f2 8e 82 fd e8 8d a8 f7 1d 58 8f
[0211-09:53:42:751] write   45 -  0020: 15 11 51 59 d5 01 68 40 84 2f 7b fd 76

[0211-09:53:42:799] write    4 -  0000: a0 06 00 a6

[0211-09:53:42:815] write    6 -  0000: d4 03 00 00 00 d3

[0211-09:53:42:815]  read    4 -  0000: a0 06 00 a6

[0211-09:53:42:816]  read    6 -  0000: b0 03 00 d4 01 22

[0211-09:53:42:863] write    4 -  0000: a0 09 00 a9

[0211-09:53:42:879] write    9 -  0000: af 06 00 55 6e a7 00 00 8c

[0211-09:53:42:879]  read    4 -  0000: a0 1a 00 ba

[0211-09:53:42:880]  read   26 -  0000: ae 17 00 04 06 30 00 00 00 00 01 20 00 00 00 00
[0211-09:53:42:880]  read   26 -  0010: 01 00 01 04 25 02 00 00 00 5d

[0211-09:53:42:883] write    4 -  0000: a0 12 00 b2

[0211-09:53:42:893] write   18 -  0000: 36 0f 00 09 01 00 00 00 00 00 00 00 00 00 00 00
[0211-09:53:42:893] write   18 -  0010: 00 5b

[0211-09:53:42:894]  read    4 -  0000: a0 06 00 a6

[0211-09:53:42:895]  read    6 -  0000: b0 03 00 36 01 c0

[0211-09:53:42:914]  read    4 -  0000: a0 14 00 b4

[0211-09:53:42:915]  read   20 -  0000: 36 11 00 00 01 00 00 61 01 87 01 4a 01 6f 01 4e
[0211-09:53:42:915]  read   20 -  0010: 01 6e 01 ff

[0211-09:53:42:924] write    4 -  0000: a0 06 00 a6

[0211-09:53:42:940] write    6 -  0000: 50 03 00 01 00 56

[0211-09:53:42:940]  read    4 -  0000: a0 06 00 a6

[0211-09:53:42:941]  read    6 -  0000: b0 03 00 50 01 a6

[0211-09:53:42:958]  read    4 -  0000: a0 6d 09 16

[0211-09:53:42:960]  read 2413 -  0000: 50 6a 09 00 00 00 00 00 37 ef b4 7f 92 78 f9 b7
[0211-09:53:42:960]  read 2413 -  0010: 14 9f a3 8a 8a 0b 1c aa a8 ba 8a d3 0f a8 af fb
[0211-09:53:42:960]  read 2413 -  0020: 3a f4 3c b3 b8 cb 4b 73 a4 b2 ba 4b cb 58 d4 bd
[0211-09:53:42:960]  read 2413 -  0030: bf 7b fb d3 df c2 c1 7b 7b d8 eb ba be cb bc 30
[0211-09:53:42:960]  read 2413 -  0040: 28 c0 c7 4c 3c 4b 48 bf be fc bc 23 2b c6 c4 fc
[0211-09:53:42:960]  read 2413 -  0050: bc 4b 47 c0 c5 cc 4c 9f ef c8 c1 fb 8c 70 23 c4
[0211-09:53:42:960]  read 2413 -  0060: be 0c cb bf 14 b1 a1 8a c7 d7 b8 7d 96 48 f9 eb
[0211-09:53:42:960]  read 2413 -  0070: 1f 9c a4 8a c9 df 24 aa a8 4a 0a 97 10 aa ad 8b
[0211-09:53:42:960]  read 2413 -  0080: 8a dc 60 b4 b5 3b fb 78 73 b0 b5 cb cb 80 83 ba
[0211-09:53:42:960]  read 2413 -  0090: bf bb 4b af a3 bc bf 8b cb eb af b9 c2 3b 8b d3
[0211-09:53:42:960]  read 2413 -  00a0: 03 bc c0 7c fc 14 ff bc be bb cb d3 00 c2 c1 3c
[0211-09:53:42:960]  read 2413 -  00b0: 8c 28 13 c2 c2 7c fc 13 d8 c3 bf fb 8c 43 1c bc
[0211-09:53:42:960]  read 2413 -  00c0: b9 7c 4b 94 0c ae a0 ca b8 47 eb 84 96 c8 49 d0
[0211-09:53:42:960]  read 2413 -  00d0: d8 9c a2 c9 f9 fb 3c a6 a4 ba ca 7b c8 a5 ac fa
[0211-09:53:42:960]  read 2413 -  00e0: 8a cb bb b5 b2 8a fb 43 8c b0 b2 fb fb 53 78 b4
[0211-09:53:42:960]  read 2413 -  00f0: bb fb fb 78 c7 b6 b8 fb 0b c7 c3 b9 bf 7b 8b af
[0211-09:53:42:960]  read 2413 -  0100: 8b bf bd 3b 7b e3 d3 bb bd fb 3c 0b b7 ba bc 7b
[0211-09:53:42:960]  read 2413 -  0110: 7c 17 ef bb ba fb 4b db 9b bc be bb bb b3 a8 b8
[0211-09:53:42:960]  read 2413 -  0120: bf 3b 3b 1f bf a7 9c 09 b7 b8 af 7b 94 38 39 8c
[0211-09:53:42:960]  read 2413 -  0130: 13 98 9e ca 0a 30 d7 a1 a2 79 7a 37 73 a6 a8 0a
[0211-09:53:42:960]  read 2413 -  0140: 8a 74 73 b0 b0 0a 4b 0b 33 ab b3 0b bb 0b 2b b6
[0211-09:53:42:960]  read 2413 -  0150: b0 bb 3b 50 44 b1 b4 4b bb 94 40 b7 b3 7b bb 77
[0211-09:53:42:960]  read 2413 -  0160: 93 b8 b4 0b 7b 53 57 b6 ba 0b 0b 2b 53 b9 b4 fb
[0211-09:53:42:960]  read 2413 -  0170: bb 7b 7b b9 bc 8b bb 83 68 b9 b8 0b 3b 38 5f b4
[0211-09:53:42:960]  read 2413 -  0180: b4 fb 4a db 68 a6 96 c9 07 6c bb 77 92 f8 09 7c
[0211-09:53:42:960]  read 2413 -  0190: a3 9c a0 39 f9 cb a4 a2 a3 39 ba 88 97 a2 aa 3a
[0211-09:53:42:960]  read 2413 -  01a0: 4a 6c 9f ac af ba 7a c3 14 b1 ae 8b 7b 5f 8c b5
[0211-09:53:42:960]  read 2413 -  01b0: b4 8b cb 5b 9f b3 b2 3b 4b 6f 60 b4 b7 3b fb 27
[0211-09:53:42:960]  read 2413 -  01c0: 83 b4 bb 0b bb 63 93 b7 b8 bb bb a7 48 b5 ba 7b
[0211-09:53:42:960]  read 2413 -  01d0: 3b 97 a8 b7 b8 cb bb 93 8b b9 b9 7b fb 64 77 b3
[0211-09:53:42:960]  read 2413 -  01e0: b3 0b ba bf 88 ab 98 c9 b7 b8 e4 7b 96 88 39 cb
[0211-09:53:42:960]  read 2413 -  01f0: ff a0 9e f9 7a 04 17 a5 a5 3a 8a 8f c0 a9 ac fa
[0211-09:53:42:960]  read 2413 -  0200: 4a cb d4 ae b5 4a ca fb 2f b2 b1 bb 7b 60 a4 b5
[0211-09:53:42:960]  read 2413 -  0210: b8 3b fb 48 88 b7 bb cb fb 7b 7b b6 b9 7b 3b 80
[0211-09:53:42:960]  read 2413 -  0220: cb bb b8 fb cb 9c b7 b8 b6 bb 3b b3 9f b8 b9 bb
[0211-09:53:42:960]  read 2413 -  0230: cb b4 bf b7 b9 3b cb 93 98 ba b9 8b cb 4b 87 b2
[0211-09:53:42:960]  read 2413 -  0240: b3 8b 7b 07 6c a9 96 f9 37 b0 af 7b 94 88 39 93
[0211-09:53:42:960]  read 2413 -  0250: c3 9c 9c f9 b9 cc 4f a1 a3 ba ba 5f 7c a2 ab ba
[0211-09:53:42:960]  read 2413 -  0260: ca a4 94 aa af 7a ca ff 44 b5 b0 0b fb 74 4b b4
[0211-09:53:42:960]  read 2413 -  0270: bd 8b 3b 70 7b b7 b6 8b fb 73 33 b8 b9 fb 0b 77
[0211-09:53:42:960]  read 2413 -  0280: 94 bc b9 7b 3b 84 af b4 bc fb 4b ac 48 bc ba 0b
[0211-09:53:42:960]  read 2413 -  0290: 3b af db bc b7 3b 8b 88 57 b8 b7 fb bb 83 7f bb
[0211-09:53:42:960]  read 2413 -  02a0: b2 fb 0a e4 5f a8 96 49 c7 6b ab 76 93 88 89 6c
[0211-09:53:42:960]  read 2413 -  02b0: 8f 99 9b f9 c9 cf b7 9e 9e 39 0a 37 77 a4 a5 8a
[0211-09:53:42:960]  read 2413 -  02c0: 8a a4 dc a9 b3 ca 7a b8 24 ab ab 8b 8b 2b 14 b2
[0211-09:53:42:960]  read 2413 -  02d0: b4 bb 3b 4f 58 b1 b0 8b bb 57 44 b3 b4 3b 3b 2f
[0211-09:53:42:960]  read 2413 -  02e0: 40 b5 b5 4b 7b 3f 73 b6 b1 4b fb 18 37 b4 b7 7b
[0211-09:53:42:960]  read 2413 -  02f0: cb 6b 68 b6 b5 0b 8b 77 38 b7 b5 cb cb 24 e8 ac
[0211-09:53:42:960]  read 2413 -  0300: af 8a 4a 9b f7 a0 8f b8 f7 af 8c 7a 93 48 49 8f
[0211-09:53:42:960]  read 2413 -  0310: 9c 9a 9c c9 3a 28 08 9d a2 3a 3a 2b c8 a7 a9 7a
[0211-09:53:42:960]  read 2413 -  0320: 8a 7b 73 ad ac ba 3a d4 28 af b1 3b ba f7 7b b7
[0211-09:53:42:960]  read 2413 -  0330: bb cb bb 1c 53 b3 b3 7b 0b 64 47 b4 b7 8b 3b af
[0211-09:53:42:960]  read 2413 -  0340: 57 b8 b8 7b 4b 94 73 b9 b9 8b 0b 83 83 bd b9 4b
[0211-09:53:42:960]  read 2413 -  0350: fb cc 6f b6 ba bb 0b 87 78 bb b7 4b 7b 47 6c b2
[0211-09:53:42:960]  read 2413 -  0360: b1 3b 7a c0 67 a3 96 79 b7 ab cc 7a 92 38 79 90
[0211-09:53:42:960]  read 2413 -  0370: bb 99 9b f9 39 e8 5f a1 a4 7a fa 7f 88 a6 a7 3a
[0211-09:53:42:960]  read 2413 -  0380: 7a bf 9b ad b0 ca 4a fc 64 b3 b0 3b fb 1f 64 b7
[0211-09:53:42:960]  read 2413 -  0390: ba 0b fb 80 6f b4 b6 bb cb ec 6f b4 b9 fb 7b 98
[0211-09:53:42:960]  read 2413 -  03a0: a8 b6 b4 7b 7b b8 a8 ba b9 fb bb 8b 7c ba b8 cb
[0211-09:53:42:960]  read 2413 -  03b0: fb 9f 6f b7 bc 8b fb 4f 78 b9 ba 4b fb 63 7c b2
[0211-09:53:42:960]  read 2413 -  03c0: b3 7b 8a c7 5b a1 95 c9 37 df b7 7e 90 38 79 70
[0211-09:53:42:960]  read 2413 -  03d0: 78 96 9c b9 49 b4 e8 a1 a3 f9 ba 6f 57 a4 a5 7a
[0211-09:53:42:960]  read 2413 -  03e0: 3a e7 bc af b0 0a 0b 24 0f b0 b3 fb 0b 33 3b b5
[0211-09:53:42:960]  read 2413 -  03f0: b7 8b 3b 48 a3 ba b5 fb 4b e0 64 b1 b4 fb fb a0
[0211-09:53:42:960]  read 2413 -  0400: 44 b6 b3 bb 3b a4 97 b5 b6 3b 3b 73 4c bc b9 cb
[0211-09:53:42:960]  read 2413 -  0410: 7b b4 83 b8 b5 bb 4b 63 63 b5 b7 cb 3b 87 57 b3
[0211-09:53:42:960]  read 2413 -  0420: ad bb 8a d7 83 a3 98 49 87 78 90 77 8e b8 49 1f
[0211-09:53:42:960]  read 2413 -  0430: 83 97 96 89 f9 b3 b3 9e a1 49 fa 28 68 9d a6 3a
[0211-09:53:42:960]  read 2413 -  0440: 4a 74 5c a8 ab 3a 0a d3 27 a9 ae cb 4b 2f f3 b3
[0211-09:53:42:960]  read 2413 -  0450: af 0a 7b 23 23 b0 af fb bb 44 6f b5 b7 0b 0b 14
[0211-09:53:42:960]  read 2413 -  0460: 5f b5 af fb 8b 77 48 b0 b8 8b cb 2f 43 b5 b3 bb
[0211-09:53:42:960]  read 2413 -  0470: fb 4c 60 b4 b6 0b 8b 53 34 b7 b6 4b 4b 2b 27 ac
[0211-09:53:42:960]  read 2413 -  0480: ac fb 7a cf d3 a4 8d 48 87 3c a8 73 8c 48 09 30
[0211-09:53:42:960]  read 2413 -  0490: 63 91 9a 09 49 8b db 9c 9d b9 4a 04 33 a4 a9 3a
[0211-09:53:42:960]  read 2413 -  04a0: 4a 9f 9c a8 ae 8a 8a e3 f7 a8 b1 4a bb 20 0b b4
[0211-09:53:42:960]  read 2413 -  04b0: b2 7b bb 1f 73 b1 b4 3b 3b 4f 2b b7 b5 0b 3b 1c
[0211-09:53:42:961]  read 2413 -  04c0: 68 b5 b4 0b 4b a3 64 b6 b8 fb fb 87 40 ba b7 7b
[0211-09:53:42:961]  read 2413 -  04d0: 8b a8 6c b5 b4 fb 7b 9f 08 b8 b8 fb 7b 6b 47 b2
[0211-09:53:42:961]  read 2413 -  04e0: b1 7b 8a ec 5b a4 95 b9 47 c3 04 7c 95 f9 09 b7
[0211-09:53:42:961]  read 2413 -  04f0: f0 9b 9d 39 8a 1b e4 a5 a4 c9 fa c8 84 a5 ad 7a
[0211-09:53:42:961]  read 2413 -  0500: 3a ff eb b0 b4 fa cb 5f 90 b3 b2 bb 7b 63 63 b9
[0211-09:53:42:961]  read 2413 -  0510: b9 bb cb 6c cc b5 b9 cb 3b 9f 5f bb b8 7b 4b 5b
[0211-09:53:42:961]  read 2413 -  0520: b7 b8 ba 4b 3b f0 ab bc b9 3b 7b 8b 73 bd b9 8b
[0211-09:53:42:961]  read 2413 -  0530: 7b c0 fc bb bd fb bb 83 ab ba bb 3b bb 90 b3 ba
[0211-09:53:42:961]  read 2413 -  0540: b4 8b bb 24 db aa 9d b9 47 68 80 76 8c b8 39 88
[0211-09:53:42:961]  read 2413 -  0550: 78 97 9c 39 39 b4 07 9e a0 ca fa 97 1b a2 ac 8a
[0211-09:53:42:961]  read 2413 -  0560: fa 48 8f a8 ac ba 4a db fc ad ae 7a 4b 07 2b b2
[0211-09:53:42:961]  read 2413 -  0570: b7 0b 7b 0f 14 b1 b4 cb cb 2c bc b3 b4 fa bb 33
[0211-09:53:42:961]  read 2413 -  0580: 27 b6 b3 cb 4b 2b 4f b7 b1 fb 3b 24 14 b0 b0 4b
[0211-09:53:42:961]  read 2413 -  0590: fb 0f 0c b1 b2 4b fb 14 18 b4 b2 cb 4b 3f 0f aa
[0211-09:53:42:961]  read 2413 -  05a0: ad cb 0a 8c 14 a4 91 89 c7 3f 6c 73 90 48 39 34
[0211-09:53:42:961]  read 2413 -  05b0: cf 96 9c b9 39 d0 88 a2 9b 89 3a 48 43 a1 a1 3a
[0211-09:53:42:961]  read 2413 -  05c0: 3a cb 8b ab aa fa ca 8f 03 a9 a8 fb ba bc 17 af
[0211-09:53:42:961]  read 2413 -  05d0: ae fb 0a f4 e4 b2 b8 ba cb 50 1c ae ad 4b cb 2f
[0211-09:53:42:961]  read 2413 -  05e0: 7c b2 b5 3b fa e3 28 af af cb bb 1f 1c b6 b2 0b
[0211-09:53:42:961]  read 2413 -  05f0: 0b 68 7b b2 b1 3b 8b 1b a8 ad b3 4a 4a ec f0 ae
[0211-09:53:42:961]  read 2413 -  0600: ae ba 8a a0 0b a1 91 09 87 9b 74 79 8b b8 09 74
[0211-09:53:42:961]  read 2413 -  0610: a8 95 98 89 79 7c e0 9f a1 09 3a 3f a3 a5 a8 fa
[0211-09:53:42:961]  read 2413 -  0620: 3a b3 c4 ac b1 fa 7a d3 07 b1 b1 8b bb 48 40 b8
[0211-09:53:42:961]  read 2413 -  0630: b9 4b fb 64 3f b4 b6 4b cb 4c 70 b3 b9 8b cb 50
[0211-09:53:42:961]  read 2413 -  0640: 87 ba b3 8b bb 60 3c b6 b8 cb 7b b4 63 b6 bd 0b
[0211-09:53:42:961]  read 2413 -  0650: bb b7 a7 b9 b5 3b 7b 8c 7f b8 b5 fb 7b 8c 48 b8
[0211-09:53:42:961]  read 2413 -  0660: b0 7b 0b 04 88 a2 98 b9 77 a8 c4 7a 92 08 89 5f
[0211-09:53:42:961]  read 2413 -  0670: c3 98 9c 89 89 ff ec a2 a2 b9 ca 5f 88 a4 ab 3a
[0211-09:53:42:961]  read 2413 -  0680: 7a b3 fc aa b1 4a ba fb 07 b1 b0 4b 0b 2b 28 b2
[0211-09:53:42:961]  read 2413 -  0690: b6 7b 4b 53 44 b4 b3 cb fb 6f 77 b3 ba 3b cb 78
[0211-09:53:42:961]  read 2413 -  06a0: 74 b8 b5 fb bb 7f 98 b9 b8 bb bb 87 68 ba bc 4b
[0211-09:53:42:961]  read 2413 -  06b0: 3b bb af b9 b9 7b fb c7 9c bc b7 bb 3b 8b 53 b6
[0211-09:53:42:961]  read 2413 -  06c0: b0 0b fb 57 a8 a4 9a 79 b7 9c b0 79 8f b8 c9 57
[0211-09:53:42:961]  read 2413 -  06d0: 8c 97 9c 49 b9 cc 03 9c 9e ba fa 60 5f a1 a7 4a
[0211-09:53:42:961]  read 2413 -  06e0: ba a0 a3 ac aa ba 7b 00 e7 af ad 4a 0b 33 cf b1
[0211-09:53:42:961]  read 2413 -  06f0: b1 7a 8a cc 70 b2 b5 cb fb 93 60 b1 b6 bb 3b 04
[0211-09:53:42:961]  read 2413 -  0700: 68 b5 b8 4b 0b 3b 5c b2 af 4b 3b 3f 94 b5 b5 3b
[0211-09:53:42:961]  read 2413 -  0710: 7b db 37 b7 b1 8b 8b 63 77 b8 b6 8b 7b 0f 44 b2
[0211-09:53:42:961]  read 2413 -  0720: b1 0b ba c3 eb a3 8e b8 37 48 af 74 8e f8 89 94
[0211-09:53:42:961]  read 2413 -  0730: 87 93 9a 79 49 a4 0f 9b 9e 8a 4a 4c 2f a5 a8 7a
[0211-09:53:42:961]  read 2413 -  0740: ba 6f 90 a6 b0 7a ba ac 0c ae ae 7b 7a b3 e7 b3
[0211-09:53:42:961]  read 2413 -  0750: b3 0a 3a f8 ff ae b4 4a bb 17 d7 b2 b7 7a 7b 0b
[0211-09:53:42:961]  read 2413 -  0760: 37 b3 b2 7b ba f8 ff af b8 4a cb 67 33 b3 b3 7b
[0211-09:53:42:961]  read 2413 -  0770: 3b 17 7b b5 b5 0b ba b7 50 b4 b3 fb 7b 60 54 b3
[0211-09:53:42:961]  read 2413 -  0780: af bb fa a3 18 a6 91 b9 07 73 8c 77 89 38 09 44
[0211-09:53:42:961]  read 2413 -  0790: bb 93 9b 79 b9 ab d8 9d a1 09 f9 ff 5f a3 a2 ca
[0211-09:53:42:961]  read 2413 -  07a0: 0a 3c 7b ad b1 3a fa a4 bc ac aa 4a 7b 14 0c b1
[0211-09:53:42:961]  read 2413 -  07b0: b4 3b 3b 43 4c b3 b4 7b 0b 57 3f b1 b9 3b 0b 64
[0211-09:53:42:961]  read 2413 -  07c0: 2b b9 b4 cb 4b 1f 64 b4 b6 7b cb 6f 07 b4 b2 0b
[0211-09:53:42:961]  read 2413 -  07d0: 3b 80 77 b8 b6 fb 0b 28 4f b6 b5 cb 7b 53 f4 b1
[0211-09:53:42:961]  read 2413 -  07e0: b3 4a 7a db 43 a6 94 39 87 6b ec 76 92 b8 89 a4
[0211-09:53:42:961]  read 2413 -  07f0: cf 96 a0 49 49 cc 27 a4 a1 3a 8a 48 5c a4 a8 7a
[0211-09:53:42:961]  read 2413 -  0800: 4a af c4 ad b0 4a 0a ff 23 b0 b4 3b 3b 2c 4f b3
[0211-09:53:42:961]  read 2413 -  0810: b8 fb bb 3f 4b b7 b2 8b 8b 9b 6b b7 b9 3b bb 37
[0211-09:53:42:961]  read 2413 -  0820: 97 b7 b7 7b fb af a8 b6 b8 8b 8b d4 5b bc b5 fb
[0211-09:53:42:961]  read 2413 -  0830: 8b c0 af ba ba bb fb 7c 2f bb bc 8b fb 48 4c b3
[0211-09:53:42:961]  read 2413 -  0840: b2 8b 7b 13 57 a9 95 89 87 7f a8 77 8f f8 c9 54
[0211-09:53:42:961]  read 2413 -  0850: c8 98 a0 49 49 c3 17 a1 a4 0a 4a 67 a7 a8 a4 0a
[0211-09:53:42:961]  read 2413 -  0860: 8a 9c e8 ad ae 7a 7b 23 3f b1 b0 7b 8a fc 47 b5
[0211-09:53:42:961]  read 2413 -  0870: b8 8b bb 20 8b b3 b3 3b bb 8c 7f b8 b9 0b 3b 7c
[0211-09:53:42:961]  read 2413 -  0880: 7f bf b5 fb bb 1f 5b b6 b5 4b 8b 88 bf b4 b8 cb
[0211-09:53:42:961]  read 2413 -  0890: 8b 80 a0 b8 bb fb 7b 6f 77 be b7 8b cb 53 83 b3
[0211-09:53:42:961]  read 2413 -  08a0: b0 7b 7b 3f 8c a5 98 c9 37 57 58 75 8f 48 c9 5c
[0211-09:53:42:961]  read 2413 -  08b0: df 97 9d 89 49 d4 87 a2 a2 39 3a 73 8f a4 a5 ba
[0211-09:53:42:961]  read 2413 -  08c0: fa 68 98 aa ac 8a 3a c8 24 aa ae cb ba e8 3b b0
[0211-09:53:42:961]  read 2413 -  08d0: b2 fb 3a ef 6f b1 b0 cb 3b 2b 3b b3 b2 4b 7b 10
[0211-09:53:42:961]  read 2413 -  08e0: 3c b0 b3 fb 8b 1f 67 b4 b4 8b 0b 2b 0f b8 b6 bb
[0211-09:53:42:961]  read 2413 -  08f0: 3b 7f 43 b4 b1 3b fb 6f 14 b6 b3 cb cb 2b 03 b3
[0211-09:53:42:961]  read 2413 -  0900: ad 7b 0a ab 2f 9f 93 09 77 7c bb 77 90 08 09 6c
[0211-09:53:42:961]  read 2413 -  0910: 8b 96 9e 79 79 f3 27 a4 a2 4a 4a 57 73 a7 a8 fa
[0211-09:53:42:961]  read 2413 -  0920: fa 88 af ae b2 ca 3a bc 3c b0 b3 7b fb 48 30 b7
[0211-09:53:42:961]  read 2413 -  0930: b7 fb 7b 2b b3 b4 b6 0b 7b b8 48 b6 ba bb 3b cb
[0211-09:53:42:961]  read 2413 -  0940: a3 b9 bd 4b 3b 60 d8 b2 bb bb 7b 6f d3 b7 b9 8b
[0211-09:53:42:961]  read 2413 -  0950: cb 6b db bb ba fb 3b a8 9b b7 b9 fb bb 8c 7f b9
[0211-09:53:42:961]  read 2413 -  0960: b3 0b 0b 24 40 a7 94 39 d6 41 1b 2c 88

[0211-09:53:42:962] write    4 -  0000: a0 12 00 b2

[0211-09:53:42:972] write   18 -  0000: 36 0f 00 09 01 80 b0 80 c3 80 a5 80 b7 80 a7 80
[0211-09:53:42:972] write   18 -  0010: b7 2e

[0211-09:53:42:972]  read    4 -  0000: a0 06 00 a6

[0211-09:53:42:973]  read    6 -  0000: b0 03 00 36 01 c0

[0211-09:53:42:992]  read    4 -  0000: a0 14 00 b4

[0211-09:53:42:993]  read   20 -  0000: 36 11 00 00 01 00 00 60 01 87 01 4c 01 71 01 51
[0211-09:53:42:993]  read   20 -  0010: 01 71 01 f6

[0211-09:53:42:995] write    4 -  0000: a0 09 00 a9

[0211-09:53:43:004] write    9 -  0000: 82 06 00 00 82 00 02 00 9e

[0211-09:53:43:004]  read    4 -  0000: a0 06 00 a6

[0211-09:53:43:005]  read    6 -  0000: b0 03 00 82 01 74

[0211-09:53:43:006]  read    4 -  0000: a0 06 00 a6

[0211-09:53:43:006]  read    6 -  0000: 82 03 00 80 1b 8a

[0211-09:53:43:021] write    4 -  0000: a0 06 00 a6

[0211-09:53:43:036] write    6 -  0000: 20 03 00 01 00 86

[0211-09:53:43:037]  read    4 -  0000: a0 06 00 a6

[0211-09:53:43:037]  read    6 -  0000: b0 03 00 20 01 d6

[0211-09:53:43:101]  read    4 -  0000: b0 2a 1e f8

[0211-09:53:43:108]  read 7722 -  0000: 17 03 03 1e 25 00 00 00 00 00 00 00 01 89 42 81
[0211-09:53:43:108]  read 7722 -  0010: b9 a0 20 84 27 79 81 0d 07 f1 4f 38 a6 aa 9c 2d
[0211-09:53:43:108]  read 7722 -  0020: 3f de 1e ad 7a 5d 87 48 5c 7a 7b 77 19 a8 77 ad
[0211-09:53:43:108]  read 7722 -  0030: 05 dd 2c d9 be b3 df 7c a9 14 a7 ad 15 bc e9 be
[0211-09:53:43:108]  read 7722 -  0040: 5d 39 46 35 12 4a 00 e2 9c 8c e1 8a 08 5b 47 b0
[0211-09:53:43:108]  read 7722 -  0050: 67 d8 c2 f5 2c 0d 73 55 bb 39 17 16 9b 2f 73 29
[0211-09:53:43:108]  read 7722 -  0060: 7e ad 96 87 fe 94 e1 98 93 36 94 25 63 8a 19 60
[0211-09:53:43:108]  read 7722 -  0070: 80 19 6b fa 12 23 00 65 f5 dc c8 ee 21 4c c8 4a
[0211-09:53:43:108]  read 7722 -  0080: 45 e3 70 65 38 e8 0e 52 aa 04 15 e6 54 45 39 b3
[0211-09:53:43:108]  read 7722 -  0090: f4 cd c9 fb 4c cc c9 57 cd e6 ef 3f 50 03 cf 2e
[0211-09:53:43:108]  read 7722 -  00a0: a8 3d 95 ae b2 50 6d b8 40 07 97 b9 fe 1b 2f a3
[0211-09:53:43:108]  read 7722 -  00b0: f4 bd ba 9d 3e 75 38 44 65 ed bb 15 70 c7 47 2d
[0211-09:53:43:108]  read 7722 -  00c0: 21 e7 33 be cb 91 68 c4 60 4c 31 0b f8 bd d2 6e
[0211-09:53:43:108]  read 7722 -  00d0: 25 24 4b ab 4a 41 45 8e 69 d4 42 e6 64 55 ea 9d
[0211-09:53:43:108]  read 7722 -  00e0: ed 3e 51 44 22 da 28 fd 72 fe 9d dc f6 e9 20 77
[0211-09:53:43:108]  read 7722 -  00f0: 94 2a 95 ff 80 39 98 e0 5f e0 35 3b 57 53 bf b9
[0211-09:53:43:108]  read 7722 -  0100: 02 df f9 d8 0f 42 74 67 4f 4b 1b f5 40 7e 44 48
[0211-09:53:43:108]  read 7722 -  0110: 34 33 7d c5 e8 a4 82 fb 4b 69 1c a2 e9 aa 2b cf
[0211-09:53:43:108]  read 7722 -  0120: da 70 9a 34 51 a4 84 f4 a4 3e d6 f3 09 a0 25 5d
[0211-09:53:43:108]  read 7722 -  0130: 96 13 b7 2e 28 da 33 99 eb 71 55 c7 84 e8 46 49
[0211-09:53:43:108]  read 7722 -  0140: 16 de da 47 4a 64 03 57 dc f2 5b 0e 95 6e f7 9c
[0211-09:53:43:108]  read 7722 -  0150: fe 0b a1 ad 20 a9 c8 7b e4 46 6b da f8 5e 02 9a
[0211-09:53:43:108]  read 7722 -  0160: f3 dc 89 ed d3 90 7e 88 1a 1d 36 37 0b fe 6a 69
[0211-09:53:43:108]  read 7722 -  0170: 59 6b cf 83 1a 2f 50 fb e7 79 da 74 36 84 53 e1
[0211-09:53:43:108]  read 7722 -  0180: 76 08 df 39 da 0f 83 e8 96 58 cb 1f 27 03 24 8a
[0211-09:53:43:108]  read 7722 -  0190: d3 cf 00 15 8c 25 31 ec 18 ca 30 59 46 4b 52 f9
[0211-09:53:43:108]  read 7722 -  01a0: b0 a7 50 dc 59 16 2e 8a bc 08 4b 47 c5 88 4c 96
[0211-09:53:43:108]  read 7722 -  01b0: 7a 2d c0 ed f0 d5 c7 20 1c 9c 55 ee 84 89 8b 85
[0211-09:53:43:108]  read 7722 -  01c0: 63 e7 65 90 93 6b 3b 46 e1 eb 23 15 c0 e4 4d 79
[0211-09:53:43:108]  read 7722 -  01d0: 2d 3a 4e 3d 8e 58 59 87 8e 11 7b 16 85 73 6c 43
[0211-09:53:43:108]  read 7722 -  01e0: 7a 31 cd f5 d8 16 a2 cd ce ec 43 07 34 4e ea 77
[0211-09:53:43:108]  read 7722 -  01f0: 58 48 21 65 19 65 5b 77 d1 db c7 cb b9 b9 1f b4
[0211-09:53:43:108]  read 7722 -  0200: cd c1 cb b5 55 29 d4 df ae 1e 90 da b9 5c af 6e
[0211-09:53:43:108]  read 7722 -  0210: b4 37 9c 06 e6 7b d3 b0 17 4d 36 7d bf 93 9c 13
[0211-09:53:43:108]  read 7722 -  0220: b4 dd 74 32 5f d0 6c 21 3d bc 2a 41 36 c2 22 89
[0211-09:53:43:108]  read 7722 -  0230: 78 91 c9 c9 b9 14 6d ae bd 56 ad dc 6d 21 a5 90
[0211-09:53:43:108]  read 7722 -  0240: 60 cc 20 57 2c 2c 6a 8d 51 df f0 f8 d9 cc ab 2b
[0211-09:53:43:108]  read 7722 -  0250: 55 41 b5 4a 93 0d 37 d4 15 e8 8c 6e e2 73 ab c4
[0211-09:53:43:108]  read 7722 -  0260: 8c 0c 5f 32 70 53 5b db b6 c3 0c bf 63 da cd 42
[0211-09:53:43:108]  read 7722 -  0270: 00 15 28 f6 39 b9 ee 11 29 1f a2 0e 18 b9 34 ef
[0211-09:53:43:108]  read 7722 -  0280: 2f 9f da 87 21 1c 97 a4 9b cb b4 07 eb fc 48 1d
[0211-09:53:43:108]  read 7722 -  0290: a1 3a 0b 81 ff 66 41 1d 43 fb df f1 90 15 77 a1
[0211-09:53:43:108]  read 7722 -  02a0: 67 59 53 f4 0f 6e 58 33 39 83 1d f3 af 10 e0 f9
[0211-09:53:43:108]  read 7722 -  02b0: 72 93 06 06 7b e8 dc 1c 83 1c fd 3c 7c fb 77 f4
[0211-09:53:43:108]  read 7722 -  02c0: 8a 22 74 fe f3 48 9a df e4 83 fc a6 0d 0c 54 50
[0211-09:53:43:108]  read 7722 -  02d0: 5d d7 50 9f f5 d6 0b fa 73 ed cb cc e3 66 44 f3
[0211-09:53:43:108]  read 7722 -  02e0: 19 28 a1 5c 96 0c 22 b7 bb 0d e0 17 1c 72 7c 21
[0211-09:53:43:108]  read 7722 -  02f0: d5 41 de a4 da 86 f3 2a cf b4 20 f4 26 94 5c 20
[0211-09:53:43:108]  read 7722 -  0300: 00 a5 d0 a4 36 89 f2 a1 c8 f8 90 67 ea 54 ba 19
[0211-09:53:43:108]  read 7722 -  0310: c1 62 91 2d 1d f6 5d 93 cf 31 ee 32 44 d9 46 26
[0211-09:53:43:108]  read 7722 -  0320: 07 93 87 71 e8 fb 15 e9 e4 67 5b b2 27 eb 2d 7b
[0211-09:53:43:108]  read 7722 -  0330: 13 87 f8 6e 6d 53 35 f4 46 1d d5 fa 58 00 26 42
[0211-09:53:43:108]  read 7722 -  0340: aa 86 81 2f 17 3f e8 16 1c 67 ee 84 30 8b 45 ac
[0211-09:53:43:108]  read 7722 -  0350: e4 51 10 39 20 8f 56 42 74 27 4e da 0e 54 d9 25
[0211-09:53:43:108]  read 7722 -  0360: 9a ef 96 a6 27 99 e7 3f 80 4a fa 4b e7 08 b3 27
[0211-09:53:43:108]  read 7722 -  0370: 14 b7 86 aa 2d b5 fe 7e bd fd 84 84 25 dc e5 f4
[0211-09:53:43:108]  read 7722 -  0380: b0 db c8 c4 0f 60 ed 8c 2e 46 79 02 e8 d9 c7 c3
[0211-09:53:43:108]  read 7722 -  0390: b9 16 8b 1a e4 41 1e 50 ab 49 4d be 65 06 ce c0
[0211-09:53:43:108]  read 7722 -  03a0: eb 03 e4 65 b6 38 4e d3 13 91 05 88 20 00 b8 26
[0211-09:53:43:108]  read 7722 -  03b0: de db a5 65 f3 71 ad d4 bf 93 26 86 d8 2f ea 79
[0211-09:53:43:108]  read 7722 -  03c0: 4f e0 44 e7 61 02 20 e0 2f 52 29 ae 0e 7d 8b ff
[0211-09:53:43:108]  read 7722 -  03d0: 10 18 25 e4 7a f7 e9 b9 49 48 53 2b 4d 96 77 8b
[0211-09:53:43:108]  read 7722 -  03e0: 58 c9 11 d0 a2 cf 56 2f bb 2b 8c 4a fc 19 27 86
[0211-09:53:43:108]  read 7722 -  03f0: 88 23 f4 1e 9b 96 09 17 0f 39 00 45 24 c5 12 a6
[0211-09:53:43:108]  read 7722 -  0400: 05 07 ec a3 7b a7 f5 1d d6 d4 2c 80 c6 bc 7e 3a
[0211-09:53:43:108]  read 7722 -  0410: 07 ad b7 6d 22 f5 1c cd 27 93 c0 c5 0a 0f 43 1e
[0211-09:53:43:108]  read 7722 -  0420: fd aa a5 e0 23 91 d0 87 9a 7f bf 97 40 db 70 f3
[0211-09:53:43:108]  read 7722 -  0430: 42 3d 81 81 e7 a9 b6 98 09 f0 70 17 d8 43 01 eb
[0211-09:53:43:108]  read 7722 -  0440: 66 08 fd e7 3b b5 a5 7e 0e 5d 9b a5 6b cb ef 0a
[0211-09:53:43:108]  read 7722 -  0450: a6 53 50 06 18 b0 79 cf ca 6f d9 ee 0a 60 de d0
[0211-09:53:43:108]  read 7722 -  0460: fa 29 1c 83 01 e0 2c cd b3 9a 19 a8 6c ff 61 56
[0211-09:53:43:108]  read 7722 -  0470: 24 df b3 a8 7f 7c 62 a4 30 f8 31 9c 3a 56 0a 28
[0211-09:53:43:108]  read 7722 -  0480: 91 74 aa db 2a 48 0d ad 6d 20 51 13 3e d7 0f c4
[0211-09:53:43:108]  read 7722 -  0490: 05 1b b4 f1 56 c1 1b 34 b2 6c cf 5d d8 af bb cd
[0211-09:53:43:108]  read 7722 -  04a0: 55 9f 20 5b b8 3f 21 52 87 a4 3c 4e 83 0e 1b 7b
[0211-09:53:43:108]  read 7722 -  04b0: b8 84 36 81 42 c7 7b 3d a9 12 34 e9 98 72 f3 c6
[0211-09:53:43:108]  read 7722 -  04c0: 56 03 e1 42 4b 4d c5 b6 ac 16 02 1f 51 78 6e 0e
[0211-09:53:43:108]  read 7722 -  04d0: 80 09 60 10 d3 eb 48 48 e9 26 85 fd a4 3d 27 8e
[0211-09:53:43:108]  read 7722 -  04e0: 5e e9 60 05 e2 88 9c ef a1 73 b4 64 60 96 ac ff
[0211-09:53:43:108]  read 7722 -  04f0: 95 49 5e 80 16 5a f9 10 3a 3f 30 dc b9 ec 82 49
[0211-09:53:43:108]  read 7722 -  0500: de 48 a8 8d 40 39 9f 5d 28 56 7e fd 5e b1 a4 91
[0211-09:53:43:108]  read 7722 -  0510: 36 60 d0 ea 25 f7 50 69 c0 23 ca 59 d2 65 9c 93
[0211-09:53:43:108]  read 7722 -  0520: 3b e1 47 9c f5 55 6b 58 9e 31 96 56 b1 d4 d4 d9
[0211-09:53:43:108]  read 7722 -  0530: b8 19 ac 5d d6 b1 fb 75 a5 dc 92 0f 01 64 36 42
[0211-09:53:43:108]  read 7722 -  0540: 62 3e 65 09 53 5c d0 70 57 ed 8b 80 4d 9b e9 c5
[0211-09:53:43:108]  read 7722 -  0550: e6 bf 96 8b c8 d9 82 e3 e7 b5 e3 0d bb 70 06 a3
[0211-09:53:43:108]  read 7722 -  0560: 7f f3 ad ef dc a6 b3 3c 42 9f 9d d8 08 2b de db
[0211-09:53:43:108]  read 7722 -  0570: 65 05 2c 7f 58 0a 89 83 0e 1f 90 48 3c 29 9a 80
[0211-09:53:43:108]  read 7722 -  0580: 83 fd f3 b3 2d 76 3a 7a ec c5 00 3c 83 10 57 e7
[0211-09:53:43:108]  read 7722 -  0590: 4d 58 32 ab 3d 2f 5c 3b 57 c1 00 ad 71 db 3e d2
[0211-09:53:43:108]  read 7722 -  05a0: a7 10 25 c7 4b f3 f0 43 56 ed b8 ed 28 01 5a 31
[0211-09:53:43:108]  read 7722 -  05b0: b9 1c 73 68 5b 5e d2 ac 35 36 60 89 7a 81 b3 b6
[0211-09:53:43:108]  read 7722 -  05c0: 54 d2 72 46 d7 f0 66 0d 18 71 26 29 2d 7a 7b 7a
[0211-09:53:43:108]  read 7722 -  05d0: 33 a0 98 25 11 ba 4e 18 05 67 81 dd 42 6f 48 92
[0211-09:53:43:108]  read 7722 -  05e0: 1e 72 56 b1 8b 6e 17 df 62 b3 51 87 b3 79 0e 9f
[0211-09:53:43:108]  read 7722 -  05f0: 17 35 32 21 07 89 21 5a 71 63 6e f1 bb db 2f 16
[0211-09:53:43:108]  read 7722 -  0600: 71 1b b1 e1 2d a7 6f 36 7f 89 29 43 f3 84 72 18
[0211-09:53:43:108]  read 7722 -  0610: 23 ec d3 9d 53 34 61 ff 84 4f cb 56 9b 6c 52 d0
[0211-09:53:43:108]  read 7722 -  0620: be ad 2d 8a 58 41 59 b0 13 73 d9 84 f6 b2 0a 7b
[0211-09:53:43:108]  read 7722 -  0630: 26 35 78 ef 42 33 37 8d f0 e7 70 a0 8e 7a 5d 84
[0211-09:53:43:108]  read 7722 -  0640: fa ea 90 4d cc 88 6f 77 fc 74 ce 69 86 86 b2 16
[0211-09:53:43:108]  read 7722 -  0650: 7e d7 31 e9 a7 d2 eb 55 39 01 71 d1 f9 db 43 e9
[0211-09:53:43:108]  read 7722 -  0660: a9 9c 97 41 2f 93 f0 b2 97 51 eb 71 b0 ab d3 db
[0211-09:53:43:108]  read 7722 -  0670: a3 f3 82 cf 89 fd d7 5a 74 3e bc a0 9d f6 8c 0b
[0211-09:53:43:108]  read 7722 -  0680: d2 bf b9 3c 8c a1 87 a4 2d 28 7b c3 bb 40 45 ac
[0211-09:53:43:108]  read 7722 -  0690: 98 24 52 d7 5c 22 c9 74 be ab 9b c9 b9 67 94 1b
[0211-09:53:43:108]  read 7722 -  06a0: 21 b1 00 14 65 fb 47 98 f8 66 ca 91 33 50 7b 81
[0211-09:53:43:108]  read 7722 -  06b0: d9 76 3c 76 35 72 5d 5f c5 02 ae 2b 4b 46 b1 0c
[0211-09:53:43:108]  read 7722 -  06c0: da df 44 08 c9 4c bc 1c 50 8b 3f fd 8f e1 d1 ce
[0211-09:53:43:108]  read 7722 -  06d0: 04 85 45 30 d2 9b 4c 1a 69 3d d0 8d 3b 6b 47 28
[0211-09:53:43:108]  read 7722 -  06e0: 7c 05 7e 67 6c 95 0c 81 9f b8 12 4d 9b 80 f9 e4
[0211-09:53:43:108]  read 7722 -  06f0: 14 bf ee 55 49 29 9a bd 13 35 92 a5 56 37 ab 72
[0211-09:53:43:108]  read 7722 -  0700: 4c fd 00 bc 66 ce 84 11 4b 3c 93 4f fb fe ee 45
[0211-09:53:43:108]  read 7722 -  0710: a2 00 de 66 e0 22 d7 ea d4 e8 1b 6b 21 d5 ce fb
[0211-09:53:43:108]  read 7722 -  0720: 11 85 54 6c 73 e3 c3 15 17 4b d7 e1 57 aa f5 a4
[0211-09:53:43:108]  read 7722 -  0730: b0 93 df bd bf 57 91 e4 81 ad 4a 30 8c 36 65 f6
[0211-09:53:43:108]  read 7722 -  0740: 86 6b 30 75 99 a9 24 d1 24 36 1b 5b fd fd 50 9c
[0211-09:53:43:108]  read 7722 -  0750: 75 b2 5d 91 40 ff eb 7f cf 40 b9 fb 82 db 24 a3
[0211-09:53:43:108]  read 7722 -  0760: ec 16 71 2e 0c 06 38 ad 2b 1c fd f0 93 65 9a ea
[0211-09:53:43:108]  read 7722 -  0770: e7 8d 28 e6 88 97 08 54 e3 4d fd 1b c8 f5 29 9e
[0211-09:53:43:108]  read 7722 -  0780: 78 63 27 f0 56 bd ac 58 8c b0 1d 99 5d bb 64 6d
[0211-09:53:43:108]  read 7722 -  0790: 45 ed b0 9b 2c 6c 71 e4 73 ca 08 2e b8 6d f0 35
[0211-09:53:43:108]  read 7722 -  07a0: d6 d1 9b 71 65 23 6d 60 ef 73 04 a9 2a 49 0e 8f
[0211-09:53:43:108]  read 7722 -  07b0: 46 90 63 24 f1 e8 ff e7 00 d6 bf 23 eb c3 95 78
[0211-09:53:43:108]  read 7722 -  07c0: 9b 13 f3 92 a0 56 57 03 19 e3 2d 81 75 28 59 95
[0211-09:53:43:108]  read 7722 -  07d0: f8 42 b0 1c 8b 33 2d 2b e0 49 19 0e c3 2d 3d f0
[0211-09:53:43:108]  read 7722 -  07e0: 11 5a e4 43 cd f1 b6 d5 08 0c a2 ad bd 29 16 f7
[0211-09:53:43:108]  read 7722 -  07f0: bb 58 cf f2 0b 86 cb 3a f8 38 58 39 5a 33 17 71
[0211-09:53:43:108]  read 7722 -  0800: 94 65 6a 9d 3f 39 ef 3f 75 90 68 e0 25 29 d1 f2
[0211-09:53:43:108]  read 7722 -  0810: a3 6c 31 3d 10 e0 d8 e1 1e 1f f3 af ab fb 1c 92
[0211-09:53:43:108]  read 7722 -  0820: 2b ab 17 9a b5 49 5a 4c 1d ce 18 a0 be 5a d7 2a
[0211-09:53:43:108]  read 7722 -  0830: af 18 72 08 2e db 00 02 70 6e 08 d3 62 11 be 85
[0211-09:53:43:108]  read 7722 -  0840: 0c a2 d2 56 31 a5 a4 e8 4a 06 c2 5d d6 f0 cb 21
[0211-09:53:43:108]  read 7722 -  0850: 09 4b 2b de 3e 8a d1 30 09 00 e7 83 f3 8e 4e 23
[0211-09:53:43:108]  read 7722 -  0860: 55 dc a4 6e ab 4e 9b c0 ed 6f 7b 2e 9b d0 aa 63
[0211-09:53:43:108]  read 7722 -  0870: 1b 4a 81 5c 7a 26 7d 44 63 8f 11 8a 4b f1 63 8d
[0211-09:53:43:108]  read 7722 -  0880: 7e a9 cb 06 98 ae ec c7 14 1c 03 d3 b2 7b 97 2c
[0211-09:53:43:108]  read 7722 -  0890: fd 2e c6 94 36 43 72 31 1e 3f 01 f9 9a 3a 85 ea
[0211-09:53:43:108]  read 7722 -  08a0: 68 07 ab 34 f2 c2 2c be 28 f4 fc 2b cd db 24 4d
[0211-09:53:43:108]  read 7722 -  08b0: 0e d4 db b4 26 00 f0 9c ac 3b 52 24 0d 1d 99 7e
[0211-09:53:43:108]  read 7722 -  08c0: bc db a8 98 67 7c e5 1c b8 6f 38 8b f0 f7 f5 03
[0211-09:53:43:108]  read 7722 -  08d0: cc 11 91 3f 99 a2 ba 74 1e a1 8a 9e ff 3b 73 47
[0211-09:53:43:108]  read 7722 -  08e0: 8b 97 92 60 2c c8 fb 38 7b 16 89 07 a2 f5 c9 1c
[0211-09:53:43:108]  read 7722 -  08f0: 81 a3 ca 78 68 1a f6 ab 4d eb 83 41 bb 49 44 5d
[0211-09:53:43:108]  read 7722 -  0900: 08 67 74 cb 81 35 b2 6a 5e 86 e6 a4 94 40 92 fe
[0211-09:53:43:108]  read 7722 -  0910: bc 41 3e 54 3f 47 a1 80 9b b2 03 20 8c d2 11 7c
[0211-09:53:43:108]  read 7722 -  0920: c6 eb ad 7a d3 b5 73 d2 f9 3e 8a c7 e7 a5 b4 27
[0211-09:53:43:108]  read 7722 -  0930: 33 e5 b5 a3 90 2b ce 81 df 55 6b a7 a1 85 48 a2
[0211-09:53:43:108]  read 7722 -  0940: 35 f3 a1 fe b4 5b 99 fa 25 34 47 b4 3a 25 e6 6a
[0211-09:53:43:108]  read 7722 -  0950: f0 33 a2 dc e4 e5 8d 42 5c 84 52 7f b2 50 ed ac
[0211-09:53:43:108]  read 7722 -  0960: c8 9b 0b 60 08 20 f6 0a e3 9a 22 9e c4 5a ab 9c
[0211-09:53:43:108]  read 7722 -  0970: 99 02 55 b8 18 e9 f5 8d 0f 2a ab cb 9c f8 91 3c
[0211-09:53:43:108]  read 7722 -  0980: 84 c5 0d 96 a4 97 69 3d 3b 14 7a dd 6c d9 37 d6
[0211-09:53:43:108]  read 7722 -  0990: c7 06 b8 98 ea b4 11 83 cd 4b 2a d5 d7 31 e3 f3
[0211-09:53:43:108]  read 7722 -  09a0: c2 6d 75 06 83 d1 9a 35 72 06 af 3a a9 79 55 b6
[0211-09:53:43:108]  read 7722 -  09b0: e4 a5 09 9d 71 e5 a5 40 07 42 82 67 18 76 3e c4
[0211-09:53:43:108]  read 7722 -  09c0: 4b 57 00 35 43 8d 4a 3b 04 99 29 55 ea 4f 6b 29
[0211-09:53:43:108]  read 7722 -  09d0: 02 a0 d1 f0 9d a9 00 4f 42 1e 7b c2 66 37 bb c8
[0211-09:53:43:108]  read 7722 -  09e0: d8 7c 21 18 72 f0 94 29 c0 c2 f1 0c 2d 05 a6 a8
[0211-09:53:43:108]  read 7722 -  09f0: 4d ba 58 54 da 1a e5 21 60 dc 0d 0a c5 99 65 8d
[0211-09:53:43:108]  read 7722 -  0a00: 06 50 04 96 08 7a 08 6b 74 4b a8 a9 b4 70 b6 06
[0211-09:53:43:108]  read 7722 -  0a10: 94 05 cf 75 74 46 1a 76 55 1e c3 7a f5 82 c1 77
[0211-09:53:43:108]  read 7722 -  0a20: 0b 1a 84 21 2a 73 b3 4e c2 da ee a7 c8 8b 27 59
[0211-09:53:43:108]  read 7722 -  0a30: a1 62 10 78 0c 57 5d 4c 03 3d 1a 28 33 49 1f c9
[0211-09:53:43:108]  read 7722 -  0a40: 5d 5d fe d2 30 e1 91 3f 99 1a ce 62 12 15 13 4d
[0211-09:53:43:108]  read 7722 -  0a50: d6 ea 24 47 17 4a d1 80 b0 39 df db 1b b1 a8 45
[0211-09:53:43:108]  read 7722 -  0a60: 10 dd 92 3e 56 bb 7a 39 e1 8d 51 74 7e 81 8a 9a
[0211-09:53:43:108]  read 7722 -  0a70: 27 84 50 2f 34 6a 14 b4 bf 9a 82 22 f3 d9 22 e6
[0211-09:53:43:108]  read 7722 -  0a80: 86 80 b5 7f dd 43 0d a8 56 66 3c 1e b7 7c 56 f5
[0211-09:53:43:108]  read 7722 -  0a90: 35 e6 72 14 e7 7c 97 cf 5d dc c5 01 55 ac b2 af
[0211-09:53:43:108]  read 7722 -  0aa0: 78 53 31 e9 23 f3 e6 d3 ac 35 a7 61 a8 af 46 44
[0211-09:53:43:108]  read 7722 -  0ab0: a1 be 64 2d 70 1b 42 49 7d dd cd 49 f4 3f 2c 8c
[0211-09:53:43:108]  read 7722 -  0ac0: 3a 20 c7 e3 91 a5 90 5a 5f 6d 07 38 b1 eb 89 ce
[0211-09:53:43:108]  read 7722 -  0ad0: 47 33 8d 6b 1e e5 9a 0a 87 46 4a 10 25 89 15 66
[0211-09:53:43:108]  read 7722 -  0ae0: 07 ae 4d a9 df 00 da 49 c4 8e 79 18 35 54 3b 7d
[0211-09:53:43:108]  read 7722 -  0af0: f5 81 99 02 d3 1b 6b 44 8c 4b 1e e7 9f 4f 05 29
[0211-09:53:43:108]  read 7722 -  0b00: 6c 91 19 d3 72 6e e0 ab b1 a8 35 dd 73 df ea 30
[0211-09:53:43:108]  read 7722 -  0b10: e5 8c 4c 01 45 c9 41 a2 01 05 ea 07 ef 83 e2 61
[0211-09:53:43:108]  read 7722 -  0b20: 89 9c 8d a6 71 29 ac 29 df 28 a3 5e 3f 99 10 63
[0211-09:53:43:108]  read 7722 -  0b30: 89 f3 2b dc 3e 91 a3 6f 96 7c 79 b9 84 f3 ff 0b
[0211-09:53:43:108]  read 7722 -  0b40: 4d 3d 48 fa 56 0e f6 15 39 fe b8 38 a6 37 d8 b9
[0211-09:53:43:108]  read 7722 -  0b50: 95 c0 60 0f 70 d3 ed cf 56 05 b3 d8 d9 16 61 16
[0211-09:53:43:108]  read 7722 -  0b60: 68 28 ad cc 49 dc ba ce 5d aa 6b c9 a9 ec 00 75
[0211-09:53:43:108]  read 7722 -  0b70: 93 e8 0b 2e 8c 5a 93 e9 71 68 26 48 01 4d 26 ea
[0211-09:53:43:108]  read 7722 -  0b80: 93 60 f6 69 91 bb f4 2e 4f 54 aa 69 de 0e 2b a0
[0211-09:53:43:108]  read 7722 -  0b90: 4d 4d 7d 3f 79 3a 2a 47 6b af 60 b4 4c 57 54 c8
[0211-09:53:43:108]  read 7722 -  0ba0: 30 a2 d9 67 45 c9 32 97 70 31 4a 7c cc 86 e8 8a
[0211-09:53:43:108]  read 7722 -  0bb0: 93 16 0c 6e 98 23 1d 25 7d 49 b8 fd 07 4b 08 36
[0211-09:53:43:108]  read 7722 -  0bc0: 03 09 1d d9 8c 64 1d b8 87 46 fc c9 9c c0 2b fa
[0211-09:53:43:108]  read 7722 -  0bd0: 2c e8 12 d5 bb 62 5f 99 2f 92 cf 5c e6 60 dd 16
[0211-09:53:43:108]  read 7722 -  0be0: 47 77 38 7b 8a 6c 76 d8 48 ac 43 2d 1a 0b be e7
[0211-09:53:43:108]  read 7722 -  0bf0: 29 23 77 c0 28 71 f3 03 57 94 4e e2 aa dc 89 10
[0211-09:53:43:108]  read 7722 -  0c00: 9c 8f 2a ce 01 d3 14 c1 45 c8 96 6e 3c 14 ad d8
[0211-09:53:43:108]  read 7722 -  0c10: 4b 79 9f 2f 2c c4 da 9b e5 a3 04 97 15 b5 cf 83
[0211-09:53:43:108]  read 7722 -  0c20: 61 15 fb fc 3f 09 cf 9b d1 da 46 6b 7b 81 ef 4d
[0211-09:53:43:108]  read 7722 -  0c30: 48 69 48 be 11 ad d7 a3 02 85 d2 a4 f3 0b be 27
[0211-09:53:43:108]  read 7722 -  0c40: 56 0f f0 42 8b fa 79 c6 d7 69 29 73 3e 5c ba 1c
[0211-09:53:43:108]  read 7722 -  0c50: 4f 17 3a 6f b5 f0 aa 4d 51 2e a6 dd c1 b2 03 07
[0211-09:53:43:108]  read 7722 -  0c60: e6 df c3 f5 67 8b b8 cb 9e fd ae 5e 74 e3 52 35
[0211-09:53:43:108]  read 7722 -  0c70: 4a 18 95 aa 54 67 41 a2 48 52 ce e9 91 11 50 8a
[0211-09:53:43:108]  read 7722 -  0c80: 66 7d e5 15 c3 2d 09 ef 8f 52 f7 eb 7b 32 35 e6
[0211-09:53:43:108]  read 7722 -  0c90: 98 f5 2d 57 35 b3 85 17 e8 1b 4e 71 29 58 04 30
[0211-09:53:43:108]  read 7722 -  0ca0: 82 a3 b9 6c 44 93 3b 66 cc 68 c1 5e 82 eb 0b 1b
[0211-09:53:43:108]  read 7722 -  0cb0: c6 4e f8 d8 12 c2 6e 5e 87 1b 4e a7 19 9d 35 0e
[0211-09:53:43:108]  read 7722 -  0cc0: 92 69 e6 59 98 13 ba 4d 15 28 5a cc 95 a1 7a 46
[0211-09:53:43:108]  read 7722 -  0cd0: c5 8a b7 12 82 55 54 f3 5b 4d c0 82 e0 83 bd d3
[0211-09:53:43:108]  read 7722 -  0ce0: 70 83 b5 99 3d 5b 60 f5 f0 da 47 c6 e2 b9 5a 09
[0211-09:53:43:108]  read 7722 -  0cf0: 31 0a 2a b7 19 d6 ea 40 d4 99 e1 77 a3 0f 74 fb
[0211-09:53:43:108]  read 7722 -  0d00: 7f 23 48 92 63 89 28 b4 a3 75 27 48 54 82 07 d6
[0211-09:53:43:108]  read 7722 -  0d10: ac 6f ca 96 2b 94 e3 4f 94 41 00 b2 74 35 91 03
[0211-09:53:43:108]  read 7722 -  0d20: 9f 33 0e 1a 47 e2 e3 6b b0 99 64 c1 ce 6a 47 35
[0211-09:53:43:108]  read 7722 -  0d30: 1c a8 6a 2f 13 72 34 1f be ec 74 99 d4 5e 64 e1
[0211-09:53:43:108]  read 7722 -  0d40: 99 d4 c2 1d c9 49 a2 5d ac 66 07 19 2e 0d 73 59
[0211-09:53:43:108]  read 7722 -  0d50: 39 e2 2c 70 12 bc e6 a3 b7 26 f4 ff 59 88 e6 fa
[0211-09:53:43:108]  read 7722 -  0d60: cb 09 bf bf 2b 4b 7f fd 41 16 ac 61 9e 9d d0 b5
[0211-09:53:43:108]  read 7722 -  0d70: b9 f4 9a 5d 7c cb 74 a8 16 b4 83 87 9f 01 89 79
[0211-09:53:43:108]  read 7722 -  0d80: 04 15 3c d6 2b db fa 36 d9 a9 76 00 e8 a0 a2 d7
[0211-09:53:43:108]  read 7722 -  0d90: 1b 94 a4 49 9a 34 f4 e3 ee 20 ae b8 46 aa b4 8e
[0211-09:53:43:108]  read 7722 -  0da0: f6 87 7b 8d 33 3a 4d a4 3e 07 fb c6 9d 8b f6 df
[0211-09:53:43:108]  read 7722 -  0db0: 28 0e c6 f8 e9 a2 b9 f7 eb f5 b9 93 f2 22 bc 1b
[0211-09:53:43:108]  read 7722 -  0dc0: 81 7a 2b cd 60 4d 6d 06 18 70 ba aa 2b 16 3a e1
[0211-09:53:43:108]  read 7722 -  0dd0: ed f6 ee e1 f0 4e d0 b2 46 26 2f c6 ab 07 02 6f
[0211-09:53:43:108]  read 7722 -  0de0: cf eb d2 c7 a5 2a 85 9b d9 c0 b1 b2 d6 76 07 f3
[0211-09:53:43:108]  read 7722 -  0df0: 3b 91 06 61 4a f9 d9 60 b4 a5 46 ff 3c 7a 25 47
[0211-09:53:43:108]  read 7722 -  0e00: f0 da 58 67 f0 ae 38 ff 18 90 32 9d c2 77 2d 86
[0211-09:53:43:108]  read 7722 -  0e10: fe f0 ba fd 49 b4 d9 34 35 34 3b cf 4f b9 b3 67
[0211-09:53:43:108]  read 7722 -  0e20: f5 2a 0a 8b 93 0f c5 51 23 43 b1 9c 9a 42 cc c6
[0211-09:53:43:108]  read 7722 -  0e30: 63 08 ee e5 0e 8a 98 8c 42 19 28 9b 24 34 71 6b
[0211-09:53:43:108]  read 7722 -  0e40: 23 76 d1 b9 0f ce 7e c9 f4 e5 6d 78 fe 3d 7a 34
[0211-09:53:43:108]  read 7722 -  0e50: 92 a1 5d fc 7e 5a a3 b2 88 65 d6 84 1a 63 a0 04
[0211-09:53:43:108]  read 7722 -  0e60: 9f 56 56 f0 e3 aa a3 2f 7d e2 04 41 1a e2 89 70
[0211-09:53:43:108]  read 7722 -  0e70: 48 19 9a 4b fc dd 8a 59 fb cc c6 2d d5 e4 1d 5b
[0211-09:53:43:108]  read 7722 -  0e80: 8c e8 cd b3 0e d7 47 57 7b ec 99 4c 30 6b 40 0f
[0211-09:53:43:108]  read 7722 -  0e90: 80 0f c3 73 b5 22 90 7a ae 85 03 ca 35 be 1f 10
[0211-09:53:43:108]  read 7722 -  0ea0: 4b e6 46 18 73 54 01 02 de 7a c6 94 4e f5 b1 88
[0211-09:53:43:108]  read 7722 -  0eb0: 35 d9 06 3d b7 50 c3 a8 ea d2 3a d7 d1 8c 85 89
[0211-09:53:43:108]  read 7722 -  0ec0: 61 e5 37 9d b5 b4 6b 67 19 02 3e 55 b0 8f c7 78
[0211-09:53:43:108]  read 7722 -  0ed0: 80 99 cc 85 97 9c ca c1 fc db 82 7f 57 b0 f7 09
[0211-09:53:43:108]  read 7722 -  0ee0: f6 6c b4 e4 1d 19 20 fe e4 15 d1 12 07 99 1b 2c
[0211-09:53:43:108]  read 7722 -  0ef0: e4 25 e3 9c 9c 76 e6 0b 6b 77 c6 2f 52 19 2b ac
[0211-09:53:43:108]  read 7722 -  0f00: 56 6b b0 61 88 0e b1 0b 98 fc 9d 59 81 0b 6d d9
[0211-09:53:43:108]  read 7722 -  0f10: 02 87 30 af 9d 57 e2 f1 5e 5d 37 38 6e 2a 0e 62
[0211-09:53:43:108]  read 7722 -  0f20: 49 d6 00 1b 11 8f 6d df ee e8 cc 73 20 24 f3 dc
[0211-09:53:43:108]  read 7722 -  0f30: 65 36 29 33 2b f3 84 e7 5f 8b 39 91 40 6a 55 e4
[0211-09:53:43:108]  read 7722 -  0f40: 08 19 0e a9 b2 b0 94 6e 6b d5 f9 4c 83 11 1e 11
[0211-09:53:43:108]  read 7722 -  0f50: 80 e8 fa e9 b3 5d 06 27 b2 db f3 4b 32 d6 e0 0e
[0211-09:53:43:108]  read 7722 -  0f60: ec 25 1a d5 2a 49 1a af af 44 92 a9 be ce 4b 5a
[0211-09:53:43:108]  read 7722 -  0f70: 14 ca 08 a6 af 09 54 f7 51 aa 42 5d a4 6a ca 1b
[0211-09:53:43:108]  read 7722 -  0f80: c9 3b b7 e6 75 58 9c 4c 94 c3 55 89 85 08 e8 db
[0211-09:53:43:108]  read 7722 -  0f90: 1d a9 93 ef 08 c0 d9 38 8b f5 08 4a 4a 51 d2 23
[0211-09:53:43:108]  read 7722 -  0fa0: 30 3b 44 05 06 54 7f 6a fb 2a 6a a3 ba 3d f9 2e
[0211-09:53:43:108]  read 7722 -  0fb0: db 45 fa 6c 26 d2 25 ad 77 42 7c b0 2e e9 f7 03
[0211-09:53:43:108]  read 7722 -  0fc0: c5 39 91 40 fc c7 30 76 7c 40 aa c4 3a e4 6e 5b
[0211-09:53:43:108]  read 7722 -  0fd0: 7d f9 d6 bf e3 02 f4 a9 d2 3e ac 21 04 b0 df 08
[0211-09:53:43:108]  read 7722 -  0fe0: 36 9d 4b 80 11 14 1c 53 37 d7 a2 3f 73 51 b3 77
[0211-09:53:43:108]  read 7722 -  0ff0: 77 70 06 32 70 f3 73 37 55 66 9a ff f0 00 61 b1
[0211-09:53:43:108]  read 7722 -  1000: 18 34 56 fb 8f 59 18 44 c6 53 ce 3e 1b 75 62 25
[0211-09:53:43:108]  read 7722 -  1010: eb 78 c5 52 d8 03 83 8e 80 39 6b e3 61 5c a1 d7
[0211-09:53:43:108]  read 7722 -  1020: 8d c9 74 94 63 74 e8 87 ed 13 a2 c9 c1 9f 71 ec
[0211-09:53:43:108]  read 7722 -  1030: b2 3b ef f4 ba d1 61 f4 dc df 2f 40 dc fa 31 9d
[0211-09:53:43:108]  read 7722 -  1040: 3c 57 d3 e1 bc 2e 58 f4 a9 f7 4b 5e 80 58 22 56
[0211-09:53:43:108]  read 7722 -  1050: ef 44 cb 79 a8 e0 19 58 1a d1 36 fc 29 5f 47 b7
[0211-09:53:43:108]  read 7722 -  1060: 6e d1 0f 73 af c3 dd 6a ed 31 62 1b b0 43 07 7e
[0211-09:53:43:108]  read 7722 -  1070: 66 e9 c1 35 d4 5e ab dc 6d 54 df 64 38 b6 37 8d
[0211-09:53:43:108]  read 7722 -  1080: 42 d8 57 b2 ba e9 96 32 c0 6d a6 cb bc de 88 1b
[0211-09:53:43:108]  read 7722 -  1090: 8e 30 b6 49 b2 e4 ae 70 37 d4 dd b2 9d 07 a2 73
[0211-09:53:43:108]  read 7722 -  10a0: d2 e4 ee 85 df fc ea e3 62 85 aa fb 66 30 a5 95
[0211-09:53:43:108]  read 7722 -  10b0: 4c 59 d5 1e 1a d0 27 19 40 e3 f9 a9 d2 12 a8 06
[0211-09:53:43:108]  read 7722 -  10c0: b7 89 4b 4e f0 00 0d a3 ca 5d 96 22 04 2f 2d 35
[0211-09:53:43:108]  read 7722 -  10d0: fa 35 9c 54 06 5d 0f 3c 2e ea bd d3 4e 38 c5 61
[0211-09:53:43:108]  read 7722 -  10e0: 1b 8e be 88 60 36 94 0e 2b e6 79 99 b1 91 e4 cb
[0211-09:53:43:108]  read 7722 -  10f0: 4f 73 5e 57 e1 2a 42 c8 27 44 a6 f6 57 e7 d1 28
[0211-09:53:43:108]  read 7722 -  1100: 1a 66 e0 de b0 8a d3 63 9f d2 38 4d 81 c2 04 37
[0211-09:53:43:108]  read 7722 -  1110: d6 cc b2 c4 bd cc ff 60 a4 f6 b9 eb bd 4d cf e2
[0211-09:53:43:108]  read 7722 -  1120: 64 45 57 88 66 b6 2b e9 bd 31 e1 31 86 70 af 27
[0211-09:53:43:108]  read 7722 -  1130: ce 44 0a e9 57 97 a7 16 78 62 5c 18 f7 61 12 d9
[0211-09:53:43:108]  read 7722 -  1140: 91 a4 50 c0 f1 30 d5 ad 78 af 33 ec aa 07 9b b2
[0211-09:53:43:108]  read 7722 -  1150: ad 6a 3b 23 da 17 82 6e 93 4b f6 00 11 58 92 6d
[0211-09:53:43:108]  read 7722 -  1160: 27 4d f0 3a 72 0d 24 90 de 35 ef ba bd 8b 71 10
[0211-09:53:43:108]  read 7722 -  1170: 1f c2 43 de ea 03 0b ce ba 2d 7b 78 0f 2d 1b ff
[0211-09:53:43:108]  read 7722 -  1180: 7b a9 4e 7a fd 0a fe ac ce 03 c3 3c 3b bb de e0
[0211-09:53:43:108]  read 7722 -  1190: b9 0b 40 4d e4 37 06 69 3c b3 b2 6c 76 27 4f 4c
[0211-09:53:43:108]  read 7722 -  11a0: e7 5a d4 3e e5 3d 66 59 2c f1 9d 35 b1 4a bb 31
[0211-09:53:43:108]  read 7722 -  11b0: 31 a2 74 f1 d8 42 19 88 46 4b f1 6a a7 29 b4 c0
[0211-09:53:43:108]  read 7722 -  11c0: 40 66 92 87 43 33 70 67 44 47 27 19 a8 67 98 d5
[0211-09:53:43:108]  read 7722 -  11d0: f7 69 d6 2f d1 fb 20 b2 08 0e a0 46 91 59 52 c4
[0211-09:53:43:108]  read 7722 -  11e0: d7 95 9a 32 ca 0a b4 89 b8 fe a1 78 7e 91 f3 6a
[0211-09:53:43:108]  read 7722 -  11f0: 1e d2 53 e4 20 dc e8 de 18 8d 90 0e 41 97 d9 4a
[0211-09:53:43:108]  read 7722 -  1200: 3a c8 5e 16 2a 36 00 74 71 5c 8c 87 f4 3d d4 63
[0211-09:53:43:108]  read 7722 -  1210: 01 67 ee 0e c0 4e 36 b0 b9 12 69 81 bc ad 1e 62
[0211-09:53:43:108]  read 7722 -  1220: e4 ff 07 37 da ac d9 cb b7 25 b1 af f4 3f 13 23
[0211-09:53:43:108]  read 7722 -  1230: 88 f4 76 5c 7b 29 eb 6c b5 19 54 1b e1 b7 85 61
[0211-09:53:43:108]  read 7722 -  1240: f6 18 1a a3 e0 20 58 82 6f a2 65 de 12 10 b7 ef
[0211-09:53:43:108]  read 7722 -  1250: 0f 29 b5 52 6d f6 c3 98 fc 2d 42 79 06 d9 34 4b
[0211-09:53:43:108]  read 7722 -  1260: c3 c6 6f ed 66 e7 03 a4 73 07 21 83 60 62 44 fa
[0211-09:53:43:108]  read 7722 -  1270: fe 56 34 4b 1a ab 53 36 37 9a 08 af 09 d4 8e 19
[0211-09:53:43:108]  read 7722 -  1280: 45 e9 eb 10 fe 2f 0f 61 52 eb 0d 26 e4 4a 05 8e
[0211-09:53:43:108]  read 7722 -  1290: 88 a5 d2 bf 23 b4 c3 9a 55 c0 b5 e3 f1 2e 58 8d
[0211-09:53:43:108]  read 7722 -  12a0: c4 de 80 61 3b c2 31 44 ba f4 c0 e0 f2 9c d9 cd
[0211-09:53:43:108]  read 7722 -  12b0: e2 78 14 ec b8 53 bd 4d e1 ef 76 e7 66 41 cf 99
[0211-09:53:43:108]  read 7722 -  12c0: 51 e1 16 11 2a 3a 9b ea b8 1d e8 0e 2d cb 71 be
[0211-09:53:43:108]  read 7722 -  12d0: 53 a0 d0 c3 c5 75 50 39 4f 37 d0 ce bf 7f 94 46
[0211-09:53:43:108]  read 7722 -  12e0: 36 89 fc 90 ad 28 15 97 71 3f 28 a1 ba 7f ad 44
[0211-09:53:43:108]  read 7722 -  12f0: 4e 36 61 97 8a b5 6c ad 39 f6 79 80 63 dc f5 33
[0211-09:53:43:108]  read 7722 -  1300: ff fe fd 16 21 89 88 23 83 cf 0d 1f f4 0c 4e 51
[0211-09:53:43:108]  read 7722 -  1310: 4b c9 21 23 9f be 66 42 1f fd 26 15 5d ec eb dc
[0211-09:53:43:108]  read 7722 -  1320: 3f 38 0f df d7 66 e1 07 ba 03 d5 5b 02 cc f6 d0
[0211-09:53:43:108]  read 7722 -  1330: b1 bf 6e cb 35 d1 11 6f 2e 19 a0 6a ae ca 38 87
[0211-09:53:43:108]  read 7722 -  1340: 2f 12 f0 a0 26 17 3c b3 b4 fb 72 98 80 07 e4 96
[0211-09:53:43:108]  read 7722 -  1350: 3e ff 8c 1d 0d 8f e9 a0 8c 38 5b df a4 5a 8d 02
[0211-09:53:43:108]  read 7722 -  1360: 90 ee cc 4a c2 c4 53 3c c2 14 62 4c e8 ab aa be
[0211-09:53:43:108]  read 7722 -  1370: 76 66 4f d6 fd 66 eb 00 47 3d 82 8d 51 96 a3 18
[0211-09:53:43:108]  read 7722 -  1380: 2a d6 b7 13 15 83 59 49 10 93 93 22 44 83 5e 71
[0211-09:53:43:108]  read 7722 -  1390: 7f 02 4a 82 d1 ae 91 1f db 65 50 2b 61 dd 1e d7
[0211-09:53:43:108]  read 7722 -  13a0: 52 16 3d 92 19 ca d2 ad 11 73 70 fe 18 18 da a6
[0211-09:53:43:108]  read 7722 -  13b0: a9 e2 be b7 a9 04 7c 73 9c f7 9f 2c 00 b4 a4 cf
[0211-09:53:43:108]  read 7722 -  13c0: a6 3e 8b 6f 15 1f 24 d6 00 f2 b3 6e 34 f3 1c 41
[0211-09:53:43:108]  read 7722 -  13d0: 62 94 84 e6 ad 50 b9 42 a4 7d 3f 58 4b a4 9b 04
[0211-09:53:43:108]  read 7722 -  13e0: be 24 28 37 ce 11 e4 9b 3b 8f 56 f9 a9 0f d5 dd
[0211-09:53:43:108]  read 7722 -  13f0: 09 1d 04 88 f4 6e de 39 e8 f3 79 4c 9d 4a 07 38
[0211-09:53:43:108]  read 7722 -  1400: 58 15 77 9e 08 f7 43 78 f6 41 9b cb a4 af bc f9
[0211-09:53:43:108]  read 7722 -  1410: a8 0a 22 b6 a0 bd f6 f6 5f 91 f0 da f7 12 95 e5
[0211-09:53:43:108]  read 7722 -  1420: 0b c3 a1 d6 72 12 d9 be 84 6b 60 b3 2a 97 e5 d0
[0211-09:53:43:108]  read 7722 -  1430: fe 13 25 34 6a 90 7d 0a 0f cd 15 96 3c d8 1d 36
[0211-09:53:43:108]  read 7722 -  1440: 3a ff 55 33 ba e4 43 46 f9 37 ad b6 5a 69 54 f3
[0211-09:53:43:108]  read 7722 -  1450: 21 d8 55 42 5c 82 86 ea 5e 66 b5 74 f8 66 53 86
[0211-09:53:43:108]  read 7722 -  1460: 83 6f 6d 3a d6 97 36 6e e2 98 ea 0b 4d d9 48 f8
[0211-09:53:43:108]  read 7722 -  1470: 55 51 3a f1 82 83 a9 42 ae 2c ea e3 16 44 6d f4
[0211-09:53:43:108]  read 7722 -  1480: 95 53 31 80 69 83 e9 6c d0 30 a4 d6 f2 14 5c 6a
[0211-09:53:43:108]  read 7722 -  1490: 33 4d 6d 02 88 e1 4b 8d dd 46 7c b6 ea f8 4a 97
[0211-09:53:43:108]  read 7722 -  14a0: 43 10 0a e1 24 67 d3 61 d3 2b 29 16 16 c4 f9 21
[0211-09:53:43:108]  read 7722 -  14b0: c0 69 b4 81 16 56 71 7f 7e 38 db c5 a9 e1 9e 4b
[0211-09:53:43:108]  read 7722 -  14c0: aa 51 de 4e fb b7 65 3a 26 63 cb bc 74 cb 76 d2
[0211-09:53:43:108]  read 7722 -  14d0: a3 d4 ac 84 c5 c9 bb 51 a7 b6 cc af 0a 2e 50 da
[0211-09:53:43:108]  read 7722 -  14e0: cc a7 35 ff 02 e4 ce 41 61 11 ff fc a3 f8 18 0d
[0211-09:53:43:108]  read 7722 -  14f0: b8 2a 57 47 b2 41 35 99 b6 f5 d8 2e e5 ce 3a 1f
[0211-09:53:43:108]  read 7722 -  1500: 89 de e2 7a c1 75 a1 df a5 bb 05 4f 36 0b dd 80
[0211-09:53:43:108]  read 7722 -  1510: 9d 5c 2b c0 89 f4 99 0c 1f 8c c2 1e 94 90 bc e3
[0211-09:53:43:108]  read 7722 -  1520: 63 16 1c 7a 55 69 a0 44 bc be ad 75 21 38 84 46
[0211-09:53:43:108]  read 7722 -  1530: 91 cb d5 37 94 62 e6 fe 5b 3e 5c 6a 0c d7 64 2c
[0211-09:53:43:108]  read 7722 -  1540: c6 f9 06 f0 dc d5 2d 59 cc d4 3d 4c 9a a3 07 1d
[0211-09:53:43:108]  read 7722 -  1550: c7 e1 24 12 2b 03 2e af 6f 71 4e 34 50 fe 1f 70
[0211-09:53:43:108]  read 7722 -  1560: a8 69 1d 46 88 d3 2b 18 41 94 d2 85 a8 65 0d 02
[0211-09:53:43:108]  read 7722 -  1570: 04 7c 6d 33 4c e4 e8 c5 72 18 3d 15 5c fa 9f 7a
[0211-09:53:43:108]  read 7722 -  1580: 59 2a 77 9b 4b a1 17 a5 8c b7 07 e4 90 7e a8 f7
[0211-09:53:43:108]  read 7722 -  1590: 18 84 22 40 e0 e1 f4 31 af 33 a9 4e ee d9 09 d5
[0211-09:53:43:108]  read 7722 -  15a0: 88 97 67 d9 42 30 d6 d0 e5 f7 e9 25 af d9 71 ff
[0211-09:53:43:108]  read 7722 -  15b0: 8e 2e af 56 64 ce ae 25 70 6a ed 2c d7 88 d0 b8
[0211-09:53:43:108]  read 7722 -  15c0: a6 c8 61 9f ec cd b3 91 e3 a1 a3 1c 9c ae 2a 6c
[0211-09:53:43:108]  read 7722 -  15d0: 5b f8 c2 e9 2b 30 71 4f 03 0f 80 ae 3e 04 cd b5
[0211-09:53:43:108]  read 7722 -  15e0: c7 d8 1a a1 51 19 d1 85 1b 7e 02 e6 aa 00 a0 99
[0211-09:53:43:108]  read 7722 -  15f0: 8b f4 57 79 31 44 f0 48 8b 24 77 a6 2a 32 df 31
[0211-09:53:43:108]  read 7722 -  1600: 48 08 49 11 d4 20 8f 80 6f f3 df 4e 38 4f 91 a6
[0211-09:53:43:108]  read 7722 -  1610: f9 a5 0e 22 3d 5d 17 50 51 21 b4 17 1c cc 95 46
[0211-09:53:43:108]  read 7722 -  1620: 40 00 57 88 6e b9 d2 8e 0b 50 23 05 86 5c 13 e2
[0211-09:53:43:108]  read 7722 -  1630: 16 e0 87 4a b3 c6 d9 53 32 f4 a4 f6 ea 72 47 53
[0211-09:53:43:108]  read 7722 -  1640: f2 8b a1 d0 4a e8 c8 41 b1 7e ff 35 58 13 eb 2f
[0211-09:53:43:108]  read 7722 -  1650: 9b 53 0e ff 54 27 5f cd 49 d5 ec 83 50 a7 21 c5
[0211-09:53:43:108]  read 7722 -  1660: 0f 47 1b 76 be b3 20 2b 38 9b 1a f2 6f bc 4d cd
[0211-09:53:43:108]  read 7722 -  1670: c1 0d 75 9e 88 a7 ff e2 57 ba b1 bf ac 55 e8 7c
[0211-09:53:43:108]  read 7722 -  1680: e2 c6 02 8e ca 86 36 1d b0 64 94 c0 11 f6 a5 96
[0211-09:53:43:108]  read 7722 -  1690: fa 5e 2e bc bb c0 32 13 f5 48 33 d8 15 9a 37 75
[0211-09:53:43:108]  read 7722 -  16a0: dc 9d 27 5d 71 ea d2 a9 1c 62 ed a4 be ad 8d 39
[0211-09:53:43:108]  read 7722 -  16b0: e1 a3 ba a8 6c 59 63 e6 15 d0 4c 28 9e 86 6c 10
[0211-09:53:43:108]  read 7722 -  16c0: c7 6b 81 eb 63 51 3b 34 7b 35 0d e1 38 e4 8a 47
[0211-09:53:43:108]  read 7722 -  16d0: ab 73 0f ad 8c 86 13 33 93 6a 9f 67 e7 f5 88 69
[0211-09:53:43:108]  read 7722 -  16e0: 80 17 9c 63 6c 65 68 42 af df fc 75 81 fb 58 f4
[0211-09:53:43:108]  read 7722 -  16f0: 83 a6 e6 eb 68 c9 ed 22 59 83 df 87 63 14 cf ba
[0211-09:53:43:108]  read 7722 -  1700: 20 34 2b d9 3b 80 3d 97 24 79 e7 74 93 c3 3f f5
[0211-09:53:43:108]  read 7722 -  1710: 02 ed 90 2d 3b fe 13 34 55 94 7c 23 0e 00 4c db
[0211-09:53:43:108]  read 7722 -  1720: 0d d0 7d 9e ee 9e eb 33 66 8c 72 c7 a0 a1 69 15
[0211-09:53:43:108]  read 7722 -  1730: 34 07 7a 52 6d 2f 5e 5a 53 24 61 62 aa 26 8b 8a
[0211-09:53:43:108]  read 7722 -  1740: 5f 16 6f f4 9d 93 b0 9d 3f 55 fb 39 79 7f 7b 7e
[0211-09:53:43:108]  read 7722 -  1750: 76 dd d2 26 51 7e 9f d8 a7 6a 6b 29 7c ff 8a 22
[0211-09:53:43:108]  read 7722 -  1760: ff b6 95 86 95 ee c9 70 aa 5a 5b ea 4e 1d 22 af
[0211-09:53:43:108]  read 7722 -  1770: 36 52 47 4f d4 52 32 54 6c 2c 37 de a6 00 3c 8b
[0211-09:53:43:108]  read 7722 -  1780: 35 cc 9b c7 ef f3 51 bb f1 f1 42 1b c7 f2 7b 69
[0211-09:53:43:108]  read 7722 -  1790: a1 26 53 f9 50 bc f9 f1 fa 96 ea b0 52 78 c3 71
[0211-09:53:43:108]  read 7722 -  17a0: 92 f5 33 22 b7 b2 49 0b 3b 1b 34 dd 0f 43 49 5d
[0211-09:53:43:108]  read 7722 -  17b0: e6 5e 36 d3 fc ad 46 aa 26 d4 90 e9 c6 9c 87 97
[0211-09:53:43:108]  read 7722 -  17c0: 4b 33 eb 22 97 2b 5a 11 85 87 81 fe 04 66 43 a5
[0211-09:53:43:108]  read 7722 -  17d0: 5a cb 3d 74 e8 8a 49 c6 a5 8a 06 57 87 ce 65 88
[0211-09:53:43:108]  read 7722 -  17e0: 7a 74 85 ce ae 3f 58 09 13 d4 72 ff 59 16 8c d6
[0211-09:53:43:108]  read 7722 -  17f0: 63 1c 41 7d 39 41 18 22 93 c5 d1 1a ad 91 ad a0
[0211-09:53:43:108]  read 7722 -  1800: ac 70 ba 36 2e 01 33 3d 2c f9 e8 b1 9d 92 23 db
[0211-09:53:43:108]  read 7722 -  1810: 55 f7 99 e3 8a 1d 8c fc c7 ff 0f fb ea 8c e3 94
[0211-09:53:43:108]  read 7722 -  1820: f6 8b c9 ab f1 e1 0e 5c 1c f8 3b 0a 2d 4e 59 d7
[0211-09:53:43:108]  read 7722 -  1830: 78 69 ca 48 48 7e 6d 0a c3 66 4d 5d df 9a a8 a8
[0211-09:53:43:108]  read 7722 -  1840: 94 3c d9 d1 e0 23 14 03 47 77 0d 8b 06 d8 f7 40
[0211-09:53:43:108]  read 7722 -  1850: 39 72 cc b8 4b f2 b0 bc 30 e0 62 c7 73 a9 16 17
[0211-09:53:43:108]  read 7722 -  1860: b7 d5 05 fd d2 c0 85 18 79 4c 4e 05 26 9a b9 ab
[0211-09:53:43:108]  read 7722 -  1870: 91 3a ba c5 0e 23 75 dd d6 3a e0 17 09 8e e6 ff
[0211-09:53:43:108]  read 7722 -  1880: 2b bc 58 5d e5 85 d0 8a e3 b9 e8 d1 7b d0 31 c7
[0211-09:53:43:108]  read 7722 -  1890: 4f db db 8c 2d 02 fc 9d ea d2 73 1b 90 1f d7 1f
[0211-09:53:43:108]  read 7722 -  18a0: 52 c1 16 22 c2 d6 0b cb 95 cf 6e 9f b9 d4 5f 14
[0211-09:53:43:108]  read 7722 -  18b0: 20 c0 a4 47 5d e0 12 71 79 cb 1c bf df d8 26 e2
[0211-09:53:43:108]  read 7722 -  18c0: c3 57 58 ef 7b f9 08 3a b8 2a 0b f5 6a 2d 62 78
[0211-09:53:43:108]  read 7722 -  18d0: 21 1b a3 e7 a6 92 2a a1 b8 93 1c 4e 1b 84 49 40
[0211-09:53:43:108]  read 7722 -  18e0: ef e3 47 01 44 83 a5 73 4b 47 7f 03 c1 31 cc 2b
[0211-09:53:43:108]  read 7722 -  18f0: bc e7 f0 1c 3f 92 f0 41 ab b7 87 75 e5 46 d7 67
[0211-09:53:43:108]  read 7722 -  1900: 79 53 1e a2 6a d0 0f 63 1f 76 1b 83 e8 a5 5e c9
[0211-09:53:43:108]  read 7722 -  1910: e9 af 8c e7 24 ed 40 ec 09 4f a3 2b 46 35 ef b5
[0211-09:53:43:108]  read 7722 -  1920: 14 40 b3 7f 67 96 a4 aa e6 a4 ea 7e d9 78 5a 89
[0211-09:53:43:108]  read 7722 -  1930: 84 c2 a8 9c 40 91 c6 04 79 87 41 29 14 c2 ea 9a
[0211-09:53:43:108]  read 7722 -  1940: cf 50 04 d4 28 1a 08 32 bf c6 42 5e 65 5c 6d e2
[0211-09:53:43:108]  read 7722 -  1950: 3f c8 0c 1b d7 3f 7b 77 22 ca ee 2d 54 12 08 88
[0211-09:53:43:108]  read 7722 -  1960: e4 87 a2 e9 a2 4b 00 40 f5 d8 b9 69 6f d7 91 8c
[0211-09:53:43:108]  read 7722 -  1970: b2 c0 ac be 72 20 9c 73 70 0f e8 2d 81 66 4a f5
[0211-09:53:43:108]  read 7722 -  1980: b5 b6 4b 67 4c 1c b9 ed 23 74 63 4a 84 68 a9 53
[0211-09:53:43:108]  read 7722 -  1990: dc b9 2d 8e 44 7a 43 82 93 b4 e6 0d a3 32 d8 e6
[0211-09:53:43:108]  read 7722 -  19a0: be b7 69 08 dd f7 41 9b f8 7e 92 30 b4 cd a7 61
[0211-09:53:43:108]  read 7722 -  19b0: bd 7a 3c ac b7 17 ac 14 63 e6 43 e7 bb 43 0f 34
[0211-09:53:43:108]  read 7722 -  19c0: 17 cd 8b e6 16 39 0c aa ad 33 66 5f c1 61 b5 7e
[0211-09:53:43:108]  read 7722 -  19d0: e2 91 cf d6 f3 fe fc 4d e6 d8 f0 10 0b ca c5 6a
[0211-09:53:43:108]  read 7722 -  19e0: 73 3b ce 7d 15 9d 65 73 8f 9c e2 57 cd 2d d4 76
[0211-09:53:43:108]  read 7722 -  19f0: 40 79 24 77 35 8c 71 22 5f 08 7b fd d2 e9 68 1f
[0211-09:53:43:108]  read 7722 -  1a00: cd 81 81 56 fd f7 82 39 04 e8 8f 53 b1 bb 1e fa
[0211-09:53:43:108]  read 7722 -  1a10: 93 bc ca 83 f0 f1 9c e0 60 d4 11 21 95 40 01 d7
[0211-09:53:43:108]  read 7722 -  1a20: 81 78 db 69 2d 31 ea 46 b7 7a d5 a0 2d 72 a7 f4
[0211-09:53:43:108]  read 7722 -  1a30: a5 7e 6c ed c9 ea 90 97 cc 48 6d f9 8f ff 84 31
[0211-09:53:43:108]  read 7722 -  1a40: 5e 24 a9 36 40 5c 2d 3f 4c 1e db ef f1 35 f1 72
[0211-09:53:43:108]  read 7722 -  1a50: 3d ce 49 8b ff d4 09 32 5d 29 1a 99 20 8e 57 bb
[0211-09:53:43:108]  read 7722 -  1a60: 95 53 35 e4 80 a5 0d a9 77 4a b1 14 8c 69 79 cc
[0211-09:53:43:108]  read 7722 -  1a70: e8 8f 03 d6 21 7c e3 53 87 6e f0 9a d0 86 d5 b4
[0211-09:53:43:108]  read 7722 -  1a80: 30 84 f5 c9 32 2f 73 be ba cd 16 0f e3 7c d2 ba
[0211-09:53:43:108]  read 7722 -  1a90: 48 69 dd fe 6d 43 81 c2 a1 04 cb c9 19 07 4f 6c
[0211-09:53:43:108]  read 7722 -  1aa0: 04 b3 da 6f 1a e5 ce 9b 3d 12 6e 93 68 44 6a 52
[0211-09:53:43:108]  read 7722 -  1ab0: a6 f5 ce fe cf 5b dc 47 bb af e9 a3 a0 cc 3b be
[0211-09:53:43:108]  read 7722 -  1ac0: 3d 70 37 5d 77 af f3 77 4d ca bb 2c 9f f9 ee 59
[0211-09:53:43:108]  read 7722 -  1ad0: 4c 5e b9 40 8c d5 ee b1 63 53 a7 e0 a3 d0 f1 ec
[0211-09:53:43:108]  read 7722 -  1ae0: e3 11 c2 71 b3 e7 f1 f1 dc 62 82 cc a7 c6 61 d0
[0211-09:53:43:108]  read 7722 -  1af0: e0 4d 99 49 35 ab 6a d3 2c 08 51 be f5 44 17 8e
[0211-09:53:43:108]  read 7722 -  1b00: 1b 08 2f 60 8b 8a 9c 51 ec 11 b0 05 28 55 a4 ec
[0211-09:53:43:108]  read 7722 -  1b10: 4a 54 9d ff 3c 86 fa 94 44 bc 2b 71 20 a5 09 29
[0211-09:53:43:108]  read 7722 -  1b20: ea 27 e1 53 51 e0 1f e6 c3 08 48 33 36 eb 63 f5
[0211-09:53:43:108]  read 7722 -  1b30: 0a 55 4b 94 99 a3 f1 6f 00 95 e1 ac df 33 90 b3
[0211-09:53:43:108]  read 7722 -  1b40: 62 d7 e9 03 55 75 ba 85 d2 5b 5c cf 9e 0b f0 b7
[0211-09:53:43:108]  read 7722 -  1b50: 61 33 2a ef f8 c8 bd cc 0d a5 89 9a e5 75 ab 3e
[0211-09:53:43:108]  read 7722 -  1b60: af 3c ed 86 46 ce 33 d5 c3 bf c8 b5 04 1e 48 09
[0211-09:53:43:108]  read 7722 -  1b70: 00 88 e6 c3 ea 9a e7 cc 9a b9 5f 46 bd e0 d6 d8
[0211-09:53:43:108]  read 7722 -  1b80: 88 b9 d4 26 04 a1 b7 4d 0e 9d ec 27 65 8b 6a 81
[0211-09:53:43:108]  read 7722 -  1b90: b5 8e 29 12 5f db 12 81 99 13 d1 1e 61 ec 77 ff
[0211-09:53:43:108]  read 7722 -  1ba0: 32 96 20 1e ec 27 1c d4 2d ae 99 21 88 3b 7c e1
[0211-09:53:43:108]  read 7722 -  1bb0: b8 ee 37 15 bf 58 35 ee 51 8b 1d d4 aa 82 fd db
[0211-09:53:43:108]  read 7722 -  1bc0: 84 6d a1 5d 41 54 eb 3f 3f df db 89 06 5d 5e 83
[0211-09:53:43:108]  read 7722 -  1bd0: 4b d1 f8 67 6f fa ec d8 38 65 51 61 5d 53 c3 e2
[0211-09:53:43:108]  read 7722 -  1be0: 54 63 6e 5f a2 fe 56 4a a1 e0 a5 10 d0 98 41 0d
[0211-09:53:43:108]  read 7722 -  1bf0: 51 82 cb ff 75 d0 b5 75 97 2c 43 bd 19 e3 d8 3a
[0211-09:53:43:108]  read 7722 -  1c00: 61 95 d9 d0 f7 d5 ee 18 6b 3b 90 b2 da dc 94 da
[0211-09:53:43:108]  read 7722 -  1c10: 2b e1 97 b8 cd 0d c3 85 9e 24 17 d9 9c 70 b0 c7
[0211-09:53:43:108]  read 7722 -  1c20: b7 58 cd 2f 9f f7 ae 8a 4e ac 9d 98 9f 98 91 c2
[0211-09:53:43:108]  read 7722 -  1c30: f3 ea 9a 3d ab 7a 89 17 47 cb 71 0e 20 fb 94 af
[0211-09:53:43:108]  read 7722 -  1c40: cb 17 ba b6 d2 4c e3 0e 95 ae c5 b5 b3 e2 5d 6d
[0211-09:53:43:108]  read 7722 -  1c50: 27 7c b8 f4 4e c0 3d eb 3f 60 57 99 c0 66 61 66
[0211-09:53:43:108]  read 7722 -  1c60: ed 25 19 a0 d8 c7 c7 11 d7 81 91 05 b8 c0 16 bd
[0211-09:53:43:108]  read 7722 -  1c70: 24 2f 60 93 7b 27 76 63 b3 85 af b6 d3 ef c8 38
[0211-09:53:43:108]  read 7722 -  1c80: a5 05 a0 f8 e1 3d f7 fe fb 0b 29 c7 48 07 48 f0
[0211-09:53:43:108]  read 7722 -  1c90: e2 3f 2e f7 2c f4 1c 95 4c 14 81 67 bf 14 cc cc
[0211-09:53:43:108]  read 7722 -  1ca0: c3 01 8b fd 4e e7 49 73 f4 ee 00 98 b7 4e 8b 15
[0211-09:53:43:108]  read 7722 -  1cb0: c4 c4 6a 3e 8a 69 ba a0 97 79 36 c9 31 ab 45 d2
[0211-09:53:43:108]  read 7722 -  1cc0: 22 5e 85 e5 aa c8 4d 53 f4 6d 0f da f8 1d 81 80
[0211-09:53:43:108]  read 7722 -  1cd0: 01 09 de 6d 9d 7f 83 54 6c 48 f7 d9 26 a6 b5 24
[0211-09:53:43:108]  read 7722 -  1ce0: 4c d7 be cb 91 58 b0 06 05 8a a7 dc 02 8e 2d 59
[0211-09:53:43:108]  read 7722 -  1cf0: 2a 31 de 4a 83 1a 5a b2 ac 22 c1 14 fe b0 04 17
[0211-09:53:43:108]  read 7722 -  1d00: 39 7e 09 4c 76 0d 23 60 48 3a 52 9d f6 e3 ee 01
[0211-09:53:43:108]  read 7722 -  1d10: a8 10 2a b6 8f 41 5f 54 21 9f c4 f2 8c 09 c1 d4
[0211-09:53:43:108]  read 7722 -  1d20: 20 f9 0b 79 55 c0 88 98 09 8d db 61 b6 ba c0 29
[0211-09:53:43:108]  read 7722 -  1d30: c6 66 bc ab f9 09 04 f8 7d 9e 39 3a 6a 61 32 6e
[0211-09:53:43:108]  read 7722 -  1d40: a7 d8 60 37 3a 1b cd 43 d2 90 b3 3d e4 04 3a d6
[0211-09:53:43:108]  read 7722 -  1d50: 0b 9a c9 0e 99 86 69 e7 15 3f 3d ee 4d b6 e3 d7
[0211-09:53:43:108]  read 7722 -  1d60: cb 68 5f 9f 73 01 38 7b c3 1f bb f8 e3 16 2a 94
[0211-09:53:43:108]  read 7722 -  1d70: 27 30 c7 a9 a7 d3 b9 84 76 03 38 9e 93 28 39 6b
[0211-09:53:43:108]  read 7722 -  1d80: 78 d0 25 24 86 14 19 55 88 bb db ce d0 76 85 19
[0211-09:53:43:108]  read 7722 -  1d90: 50 92 9f 40 5c f4 28 f3 06 da f5 62 7e 8c 20 23
[0211-09:53:43:108]  read 7722 -  1da0: bd 9d be 4f 10 ab 82 63 a8 7b 92 3f 49 a5 72 33
[0211-09:53:43:108]  read 7722 -  1db0: 5f 70 6a 0f 34 f0 d1 2d 4d 9c d9 4f 74 7b 00 a4
[0211-09:53:43:108]  read 7722 -  1dc0: 19 f7 f1 a8 e9 51 bf 2c c8 d5 73 be 26 8e 0b 5c
[0211-09:53:43:108]  read 7722 -  1dd0: f6 2f 80 59 57 d6 13 18 5b 5b 94 17 40 e1 be 24
[0211-09:53:43:108]  read 7722 -  1de0: 55 0d 4a e9 be cd 01 b5 f4 9c 5a e1 e6 dc ce c8
[0211-09:53:43:108]  read 7722 -  1df0: 5f 79 db 8a e0 88 00 d5 27 0d 83 4d ee de b4 14
[0211-09:53:43:108]  read 7722 -  1e00: a9 a6 bd a9 3a 8c 4d 61 cd 58 3f 3c e2 7a 8c d8
[0211-09:53:43:108]  read 7722 -  1e10: 7f bf a7 ac 02 22 63 26 5c 10 7c ed 93 b5 00 df
[0211-09:53:43:108]  read 7722 -  1e20: f9 b8 e1 0d 2e 1b d3 fd ae 27

[0211-09:53:43:113] write    4 -  0000: a0 12 00 b2

[0211-09:53:43:131] write   18 -  0000: 36 0f 00 09 01 80 b0 80 c3 80 a6 80 b8 80 a8 80
[0211-09:53:43:131] write   18 -  0010: b8 2a

[0211-09:53:43:132]  read    4 -  0000: a0 06 00 a6

[0211-09:53:43:132]  read    6 -  0000: b0 03 00 36 01 c0

[0211-09:53:43:152]  read    4 -  0000: a0 14 00 b4

[0211-09:53:43:152]  read   20 -  0000: 36 11 00 00 01 00 00 60 01 87 01 4c 01 71 01 50
[0211-09:53:43:152]  read   20 -  0010: 01 71 01 f7
