[0103-19:46:11:347][info][MilanEvtDeviceD0Entry:04731] Goodix>>> entry, prev state: 4(4-D3,5-D3Final), power action: 0, driver version 1.1.142.8
[0103-19:46:11:348][info][ResumeAllThreads:00496] Goodix>>> suspended 1
[0103-19:46:11:348][info][MilanEvtDeviceD0Entry:04755] Goodix>>> resume from S0 idle
[0103-19:46:11:348][debug][_StartInitCreaterThread:06477] Goodix>>> enter
[0103-19:46:11:348][info][_StartInitCreaterThread:06488] Goodix>>> init creater completed
[0103-19:46:11:348][info][_StartInitCreaterThread:06502] Goodix>>> to create init creater
[0103-19:46:11:349][debug][_StartInitCreaterThread:06510] Goodix>>> exit
[0103-19:46:11:349][info][init_creater:06468] Goodix>>> --- start
[0103-19:46:11:349][info][MilanEvtDeviceD0Entry:04771] Goodix>>> exit
[0103-19:46:11:349][debug][_StartInitThread:06425] Goodix>>> enter
[0103-19:46:11:349][info][_StopInitThread:06401] Goodix>>> to wait for init thread to complete
[0103-19:46:11:349][info][_StopInitThread:06404] Goodix>>> init thread completed
[0103-19:46:11:350][info][_StartInitThread:06452] Goodix>>> to create init thread
[0103-19:46:11:349][trace][OnActivate:03995] Goodix>>> entry
[0103-19:46:11:350][debug][_StartInitThread:06462] Goodix>>> exit
[0103-19:46:11:350][info][init_creater:06471] Goodix>>> --- exit
[0103-19:46:11:350][info][OnActivate:04029] Goodix>>> activate 1
[0103-19:46:11:350][info][InitThread:01359] Goodix>>> --- Init: start
[0103-19:46:11:350][info][OnActivate:04057] Goodix>>> last OnActivate done.
[0103-19:46:11:350][info][InitThread:01398] Goodix>>> Init: pov 1, pba 0, tls-client-server-rebuild-session 1-1-1-0-0, have config 1, device inited 1, base inited 1
[0103-19:46:11:351][debug][OnActivate:04082] Goodix>>> exit
[0103-19:46:11:351][debug][SpiSendDataToDevice:03392] Goodix>>> cmd0-cmd1-Len-ackt-ec:0x0-0-0x4-0-0
[0103-19:46:11:364][    ] write    4 -  0000: a0 08 00 a8
[0103-19:46:11:377][debug][SpiSendDataToDevice:03475] Goodix>>> !!not to wait for ack
[0103-19:46:11:378][    ] write    8 -  0000: 01 05 00 00 00 00 00 88
[0103-19:46:11:392][info][UnlockTlsForce:01327] Goodix>>> force unlock it
[0103-19:46:11:392][debug][SpiSendDataToDevice:03392] Goodix>>> cmd0-cmd1-Len-ackt-ec:0xd-2-0x2-0-0
[0103-19:46:11:393][    ] write    4 -  0000: a0 06 00 a6
[0103-19:46:11:408][debug][SpiSendDataToDevice:03475] Goodix>>> !!not to wait for ack
[0103-19:46:11:409][    ] write    6 -  0000: d5 03 00 00 00 d3
[0103-19:46:11:424][debug][SpiSendDataToDevice:03392] Goodix>>> cmd0-cmd1-Len-ackt-ec:0x0-0-0x4-0-0
[0103-19:46:11:425][    ] write    4 -  0000: a0 08 00 a8
[0103-19:46:11:441][debug][SpiSendDataToDevice:03475] Goodix>>> !!not to wait for ack
[0103-19:46:11:441][    ] write    8 -  0000: 01 05 00 00 00 00 00 88
[0103-19:46:11:456][warn][GetMcuState:04101] Goodix>>> mcu-state TIMESTAMP 0x2cc0
[0103-19:46:11:457][debug][SpiSendDataToDevice:03392] Goodix>>> cmd0-cmd1-Len-ackt-ec:0xa-7-0x5-0-0
[0103-19:46:11:458][    ] write    4 -  0000: a0 09 00 a9
[0103-19:46:11:472][debug][SpiSendDataToDevice:03475] Goodix>>> !!not to wait for ack
[0103-19:46:11:472][    ] write    9 -  0000: af 06 00 55 c0 2c 00 00 b5
[0103-19:46:11:473][debug][data_from_device:04920] Goodix>>> recvd data cmd-len: 0xae-23
[0103-19:46:11:473][debug][data_from_device:05100] Goodix>>> --- cmd: other
[0103-19:46:11:473][    ]  read    4 -  0000: a0 1a 00 ba
[0103-19:46:11:473][    ]  read   26 -  0000: ae 17 00 04 06 30 00 00 00 00 00 20 00 01 00 00
[0103-19:46:11:473][    ]  read   26 -  0010: 01 80 01 04 25 02 00 01 00 dc
[0103-19:46:11:473][info][GetMcuState:04178] Goodix>>> pov 1, pba 0, tls-client-server-lock 1-1-1-0, have config 1, pov valid 0
[0103-19:46:11:473][debug][PrintMcuState:04046] Goodix>>> mcu state::0x04063000000000002000010000018001042502000100
[0103-19:46:11:473][info][PrintMcuState:04074] Goodix>>> mcu state: version:4, isPOVImageValid:0, isTlsConnected:1, isTlsUsed:1, isLocked:0, availImgCnt:0, povImgCnt:3
[0103-19:46:11:473][info][PrintMcuState:04076] Goodix>>> mcu state: sensor_data_int_timeout_count:0, image_crc_fail_count:0, povTouchAccidentCnt:0x0, readChipIDCnt:0, sensorExceptionFlag:0, sensorUnexpectedIntCnt:0, to_master_timeout_count:0
[0103-19:46:11:474][info][PrintMcuState:04078] Goodix>>> mcu state: psk_len:32, psk_check_fail:0, psk_write_fail:0, ec_falling_count:0, system_up_stop_cnt:1, system_down_pov_stop_cnt:0, system_up_cleared_pov_count:0
[0103-19:46:11:474][info][PrintMcuState:04080] Goodix>>> mcu state: pov_wake_by_fp:1, pov_wake_by_ec:0, pov_procedure:0x80, config_down_flag:1, sensor_chip_id:0x2504, sensor_type:2, pov_capture_count:0, normal_capture_count:1, otp_mcu_check_status:0x0
[0103-19:46:11:474][info][InitThread:01427] Goodix>>> tls alive.
[0103-19:46:11:474][info][InitThread:01457] Goodix>>> Init: pov 1, pba 0, tls-client-server-rebuild-session 1-1-1-0-1, have config 1, device inited 1, base inited 1, d0exit 0
[0103-19:46:11:474][info][InitThread:01497] Goodix>>> Init Device Already Done Successfully
[0103-19:46:11:474][info][InitThread:01558] Goodix>>> Init tls already done or not necessary
[0103-19:46:11:474][info][InitThread:01572] Goodix>>> power not lost
[0103-19:46:11:474][info][InitThread:01747] Goodix>>> !!Init: Initialization done successfully
[0103-19:46:11:474][info][InitThread:01752] Goodix>>> --- Init: end
[0103-19:46:15:600][debug][OnGetAttributes:02450] Goodix>>> entry
[0103-19:46:15:600][debug][OnGetAttributes:02496] Goodix>>> outputBufferSize:0x62c, struct size:0x62c
[0103-19:46:15:600][debug][OnGetAttributes:02533] Goodix>>> exit
[0103-19:46:15:600][debug][OnCaptureData:02956] Goodix>>> entry, request:FFFFFE955D437E18
[0103-19:46:15:601][debug][OnCaptureData:03044] Goodix>>> !!!!CompletePendingRequest outputbuffer size: 0xeb88
[0103-19:46:15:601][debug][OnCaptureData:02956] Goodix>>> entry, request:FFFFFE955D437E18
[0103-19:46:15:601][debug][OnCaptureData:03051] Goodix>>> Purpose=2, Type=1025, Owner=27, Flags=0x20
[0103-19:46:15:602][info][_ForFRRFARTestSkipCaptureData:01263] Goodix>>> enter
[0103-19:46:15:602][info][_ForFRRFARTestSkipCaptureData:01284] Goodix>>> exit
[0103-19:46:15:602][debug][OnCaptureData:03124] Goodix>>> to wait init done
[0103-19:46:15:602][debug][OnCaptureData:03132] Goodix>>> wait init done
[0103-19:46:15:603][info][OnCaptureData:03145] Goodix>>> OnActivate done.
[0103-19:46:15:603][info][OnCaptureData:03147] Goodix>>> activate 1, fdt_is_down 0
[0103-19:46:15:603][info][OnCaptureData:03155] Goodix>>> Capture request: to down
[0103-19:46:15:603][debug][device_action:04222] Goodix>>> to set state to DEVICE_ACTION
[0103-19:46:15:603][debug][set_state:00872] Goodix>>> to set state from 1 to 3
[0103-19:46:15:604][warn][device_action:04285] Goodix>>> temperature not occure, to FDT DOWN
[0103-19:46:15:604][info][ChicagoHUSetMode:00541] Goodix>>> enter, Mode 3, Type 1, base_type 1
[0103-19:46:15:604][info][ChicagoHUSetMode:00572] Goodix>>> setmode: Fdt down
[0103-19:46:15:604][warn][ChicagoHUSetMode:00583] Goodix>>> fdt-down TIMESTAMP 0x3cf4
[0103-19:46:15:605][debug][ChicagoHUSetMode:00640] Goodix>>> switch to FDT mode 1
[0103-19:46:15:605][debug][ChicagoHUSetMode:00641] Goodix>>> data sent::0xb1b1c4c4a7a7b9b9a9a9b9b9
[0103-19:46:15:605][debug][SpiSendDataToDevice:03392] Goodix>>> cmd0-cmd1-Len-ackt-ec:0x3-1-0x10-1000-0
[0103-19:46:15:618][    ] write    4 -  0000: a0 14 00 b4
[0103-19:46:15:631][    ] write   20 -  0000: 32 11 00 08 01 b1 b1 c4 c4 a7 a7 b9 b9 a9 a9 b9
[0103-19:46:15:631][    ] write   20 -  0010: b9 f4 3c c0
[0103-19:46:15:632][    ]  read    4 -  0000: a0 06 00 a6
[0103-19:46:15:632][    ]  read    6 -  0000: b0 03 00 32 01 c4
[0103-19:46:15:633][debug][data_from_device:04920] Goodix>>> recvd data cmd-len: 0xb0-3
[0103-19:46:15:633][debug][get_msg_data:06260] Goodix>>> get ack for cmd 0x32, cfg flag 0x1
[0103-19:46:15:662][debug][device_action:04408] Goodix>>> to set state to DEVICE_ENABLE
[0103-19:46:15:662][debug][set_state:00872] Goodix>>> to set state from 3 to 1
[0103-19:46:15:662][info][OnCaptureData:03174] Goodix>>> ******** to Register CaptureFramedone for capture a frame ********
[0103-19:46:15:662][info][OnCaptureData:03191] Goodix>>> exit
[0103-19:46:30:731][info][gfOnCancel:03201] Goodix>>> entry
[0103-19:46:30:731][info][gfOnCancel:03241] Goodix>>> exit
[0103-19:46:30:791][trace][OnActivate:03995] Goodix>>> entry
[0103-19:46:30:791][info][OnActivate:04029] Goodix>>> activate 0
[0103-19:46:30:791][info][OnActivate:04057] Goodix>>> last OnActivate done.
[0103-19:46:30:791][debug][OnActivate:04082] Goodix>>> exit
