
 Goodix>>> entry, prev state: 4(4-D3,5-D3Final), power action: 0, driver version 1.1.142.8
 Goodix>>> suspended 1
 Goodix>>> resume from S0 idle
 Goodix>>> enter
 Goodix>>> enter
 Goodix>>> system is locked
 Goodix>>> not support PBA.
 Goodix>>> init creater completed
 Goodix>>> to create init creater
 Goodix>>> exit
 Goodix>>> --- start
 Goodix>>> exit
 Goodix>>> enter
 Goodix>>> to wait for init thread to complete
 Goodix>>> entry
 Goodix>>> init thread completed
 Goodix>>> activate 1
 Goodix>>> to create init thread
 Goodix>>> last OnActivate done.
 Goodix>>> exit
 Goodix>>> --- Init: start
 Goodix>>> exit
 Goodix>>> --- exit
 Goodix>>> Init: pov 1, pba 0, tls-client-server-rebuild-session 1-1-1-0-0, have config 1, device inited 1, base inited 1
 Goodix>>> cmd0-cmd1-Len-ackt-ec:0x0-0-0x4-0-0
 Goodix>>> entry, request:FFFFFE11E1EC60B8
 Goodix>>> Purpose=2, Type=1025, Owner=27, Flags=0x20
 Goodix>>> enter
 Goodix>>> exit
 Goodix>>> to wait init done
 write    4 -  0000: a0 08 00 a8

 Goodix>>> !!not to wait for ack
 write    8 -  0000: 01 05 00 00 00 00 00 88

 Goodix>>> force unlock it
 Goodix>>> cmd0-cmd1-Len-ackt-ec:0xd-2-0x2-0-0
 write    4 -  0000: a0 06 00 a6

 Goodix>>> !!not to wait for ack
 write    6 -  0000: d5 03 00 00 00 d3

 Goodix>>> cmd0-cmd1-Len-ackt-ec:0x0-0-0x4-0-0
 write    4 -  0000: a0 08 00 a8

 Goodix>>> !!not to wait for ack
 write    8 -  0000: 01 05 00 00 00 00 00 88

 Goodix>>> mcu-state TIMESTAMP 0xb0b0
 Goodix>>> cmd0-cmd1-Len-ackt-ec:0xa-7-0x5-0-0
 write    4 -  0000: a0 09 00 a9

 Goodix>>> !!not to wait for ack
 Goodix>>> recvd data cmd-len: 0xae-23
 Goodix>>> --- cmd: other
 Goodix>>> pov 1, pba 0, tls-client-server-lock 1-1-1-0, have config 1, pov valid 0
 Goodix>>> mcu state::0x04063000000000002000040000018001042502002c00
 Goodix>>> mcu state: version:4, isPOVImageValid:0, isTlsConnected:1, isTlsUsed:1, isLocked:0, availImgCnt:0, povImgCnt:3
 Goodix>>> mcu state: sensor_data_int_timeout_count:0, image_crc_fail_count:0, povTouchAccidentCnt:0x0, readChipIDCnt:0, sensorExceptionFlag:0, sensorUnexpectedIntCnt:0, to_master_timeout_count:0
 Goodix>>> mcu state: psk_len:32, psk_check_fail:0, psk_write_fail:0, ec_falling_count:0, system_up_stop_cnt:4, system_down_pov_stop_cnt:0, system_up_cleared_pov_count:0
 Goodix>>> mcu state: pov_wake_by_fp:1, pov_wake_by_ec:0, pov_procedure:0x80, config_down_flag:1, sensor_chip_id:0x2504, sensor_type:2, pov_capture_count:0, normal_capture_count:44, otp_mcu_check_status:0x0
 Goodix>>> tls alive.
 Goodix>>> Init: pov 1, pba 0, tls-client-server-rebuild-session 1-1-1-0-1, have config 1, device inited 1, base inited 1, d0exit 0
 Goodix>>> Init Device Already Done Successfully
 Goodix>>> Init tls already done or not necessary
 Goodix>>> power not lost
 Goodix>>> Init thread complete, to fdt down for pending request
 Goodix>>> to set state to DEVICE_ACTION
 Goodix>>> to set state from 1 to 3
 Goodix>>> temperature not occure, to FDT DOWN
 Goodix>>> enter, Mode 3, Type 1, base_type 1
 Goodix>>> setmode: Fdt down
 Goodix>>> fdt-down TIMESTAMP 0xb0bf
 Goodix>>> switch to FDT mode 1
 Goodix>>> data sent::0x80af80c280a580b880a780b7
 Goodix>>> cmd0-cmd1-Len-ackt-ec:0x3-1-0x10-1000-0
 write    9 -  0000: af 06 00 55 b0 b0 00 00 41

  read    4 -  0000: a0 1a 00 ba

  read   26 -  0000: ae 17 00 04 06 30 00 00 00 00 00 20 00 04 00 00
  read   26 -  0010: 01 80 01 04 25 02 00 2c 00 ae

 write    4 -  0000: a0 14 00 b4

 Goodix>>> recvd data cmd-len: 0xb0-3
 Goodix>>> get ack for cmd 0x32, cfg flag 0x1
 write   20 -  0000: 32 11 00 08 01 80 af 80 c2 80 a5 80 b8 80 a7 80
 write   20 -  0010: b7 bf b0 c3

  read    4 -  0000: a0 06 00 a6

  read    6 -  0000: b0 03 00 32 01 c4

 Goodix>>> to set state to DEVICE_ENABLE
 Goodix>>> to set state from 3 to 1
 Goodix>>> !!Init: Initialization done successfully
 Goodix>>> --- Init: end
 Goodix>>> wait init done
 Goodix>>> OnActivate done.
 Goodix>>> activate 1, fdt_is_down 0
 Goodix>>> Capture request: to down
 Goodix>>> to set state to DEVICE_ACTION
 Goodix>>> to set state from 1 to 3
 Goodix>>> temperature not occure, to FDT DOWN
 Goodix>>> enter, Mode 3, Type 1, base_type 1
 Goodix>>> setmode: Fdt down
 Goodix>>> fdt-down TIMESTAMP 0xb0df
 Goodix>>> switch to FDT mode 1
 Goodix>>> data sent::0x80af80c280a580b880a780b7
 Goodix>>> cmd0-cmd1-Len-ackt-ec:0x3-1-0x10-1000-0
 Goodix>>> cont cmd 0x32 0x32
 Goodix>>> to set state to DEVICE_ENABLE
 Goodix>>> to set state from 3 to 1
 Goodix>>> ******** to Register CaptureFramedone for capture a frame ********
 Goodix>>> exit
 Goodix>>> recvd data cmd-len: 0x32-17
  read    4 -  0000: a0 14 00 b4

 Goodix>>> --- cmd: fdt
 Goodix>>> IrqStatus:0x2 cmd1 1
 Goodix>>> IRQ for fdt-down, get fdt-up base, current mode is fdt-down, touchflag 0x1f
 Goodix>>> received fdt base::0xf3001101d6000501c9004e01
 Goodix>>> iSecondFlag 0, need_fdt_up_twice 0, diff_use 27, touchflag 0x1f
 Goodix>>> fdt base:0xf3001101d6000501c9004e01
:0x9480, original 0x8280
:0xa380, original 0x9d80
:0x8680, original 0x7780
:0x9d80, original 0x9880
:0x7f80, original 0x1980
:0x1980, original 0x9f80
 Goodix>>> receive fdt down......fdt_is_down:1
 Goodix>>> submit delay 0, monitor state 1, sesssion state 7
  read   20 -  0000: 32 11 00 02 00 1f 00 f3 00 11 01 d6 00 05 01 c9
  read   20 -  0010: 00 4e 01 4d

 Goodix>>> entry
 Goodix>>> enter, tls-client-server 1-1-1
 Goodix>>> g_halcontext.sensor_ops.SetMode:0x00007FF86A09BB50.
 Goodix>>> enter, Mode 2, Type 1, base_type 0
 Goodix>>> setmode: Image
 Goodix>>> cmd0-cmd1-Len-ackt-ec:0x2-1-0x2-1000-0
 write    4 -  0000: a0 06 00 a6

 Goodix>>> recvd data cmd-len: 0xb0-3
 Goodix>>> get ack for cmd 0x22, cfg flag 0x1
 write    6 -  0000: 22 03 00 01 00 84

  read    4 -  0000: a0 06 00 a6

  read    6 -  0000: b0 03 00 22 01 d4

  read    4 -  0000: b0 2a 1e f8

  read 7722 -  0000: 17 03 03 1e 25 00 00 00 00 00 00 00 2d f3 dc 31
  read 7722 -  0010: 4d 64 4e 85 c9 85 2f 80 0c 50 4a 41 8a 28 57 7e
  read 7722 -  0020: 9d cb 9e e7 24 94 66 67 b0 ec a4 08 ed c0 4d b4
  read 7722 -  0030: ca 9b 60 77 66 c8 df e4 da 97 9a 13 db c6 48 f5
  read 7722 -  0040: 3c e9 c6 2e b8 35 b8 5d 53 f7 72 c5 28 f2 e9 fc
  read 7722 -  0050: f5 fc 8b 25 92 59 b5 dc 70 8e 7f 3d 47 0a ae 01
  read 7722 -  0060: 9c d3 ca 5c 36 b5 23 b5 17 5c 96 86 47 50 aa e0
  read 7722 -  0070: c4 da 7a ba 46 91 bc a8 c4 61 59 20 62 19 3d a3
  read 7722 -  0080: da 6b ca 3c 15 a7 e7 5a 69 0f 33 70 f8 37 9f b9
  read 7722 -  0090: 3d c6 fe a9 15 64 f6 7a 83 b8 89 d7 6c f2 68 13
  read 7722 -  00a0: 88 d1 b0 4d 14 55 3c cd 6e e3 18 7b a2 a8 9f de
  read 7722 -  00b0: e2 bd c7 3f 88 af b2 dc a9 62 94 6a 0e d1 ae 4c
  read 7722 -  00c0: cf b0 9a b4 35 7d 96 60 6e f4 7b b7 34 5b f4 1e
  read 7722 -  00d0: 15 4b fa 63 49 42 f2 23 db 8d 0e 42 cc ff f1 b2
  read 7722 -  00e0: e6 0b 8c 84 47 22 af d2 28 3e f9 e7 9f 10 ac 0c
  read 7722 -  00f0: 10 c5 5a 46 55 be a3 58 ff c2 22 68 43 1d 47 d1
  read 7722 -  0100: 81 4e cc 41 0b 1a 8e 0f d2 fe 1c 55 3c 42 80 01
  read 7722 -  0110: c3 fb 78 83 ae f5 96 f5 52 c3 cf 16 76 c3 d3 64
  read 7722 -  0120: 53 fb 80 4f cd ee b0 e4 49 45 de 0b 9e 04 a0 87
  read 7722 -  0130: bf 80 08 e3 66 cd 8a 76 42 e6 a0 ca bf 10 d4 51
  read 7722 -  0140: 14 6e 8c 1f a9 0a b3 20 a1 63 66 91 98 f9 f9 e4
  read 7722 -  0150: f2 f2 61 08 cc 96 f6 73 1c 28 57 30 7f 73 e2 bb
  read 7722 -  0160: f6 ed 44 31 c9 51 b9 df de db 2f ad e9 3e e4 08
  read 7722 -  0170: 78 ad 77 7e 31 07 48 fa 84 14 53 c0 25 16 d1 15
  read 7722 -  0180: 86 2c f7 d9 21 92 35 04 c1 7d 09 80 71 3c 4a 41
  read 7722 -  0190: c7 c7 30 a7 f2 ca 95 da 5d 87 aa 48 18 21 03 91
  read 7722 -  01a0: 5e f6 7d ed 42 b3 56 bc 21 7c d2 18 dd d3 b4 df
  read 7722 -  01b0: 60 48 08 a2 dd cb 4e 63 95 66 28 05 ef ac e6 70
  read 7722 -  01c0: 91 78 22 91 7e 50 44 e6 b0 8d 81 82 b7 3b a6 b7
  read 7722 -  01d0: 0a a8 6e 72 2f f3 bb 82 28 4d 7a ad a7 71 95 03
  read 7722 -  01e0: 30 90 21 85 24 fb b4 d6 0d b4 94 d4 71 dc fa 3c
  read 7722 -  01f0: 54 f4 bd 88 c9 62 7d 6a 74 74 2c 35 36 53 5f ae
  read 7722 -  0200: e5 55 c5 46 ae fb 57 75 ed f3 ed ca 87 15 6d dc
  read 7722 -  0210: e8 9c cf 7e d0 f5 56 3c 58 a7 0e 40 93 32 ef ab
  read 7722 -  0220: cc 54 0e a2 56 83 3f cb 2f a5 f7 7c 73 63 fb 49
  read 7722 -  0230: 34 6a d7 e2 b6 5b 7f 35 5e ca 80 52 d6 52 d5 ae
  read 7722 -  0240: 94 a9 55 54 91 e0 89 d8 29 3c d5 e3 2c f5 75 da
  read 7722 -  0250: 2b 7d ed 01 88 df 17 86 28 99 28 02 f0 70 1a 87
  read 7722 -  0260: 6e c6 b0 43 2b 49 23 bb 13 5c cc 76 6a db 93 79
  read 7722 -  0270: 7d 48 a5 05 ef 20 99 87 c9 97 00 9f 61 02 3d 69
  read 7722 -  0280: b5 5e bb 6a c2 66 50 94 d2 84 b9 8a 54 fb 27 b2
  read 7722 -  0290: e6 df 61 24 ff ad 91 e3 44 93 7c 7a ef 4c 08 51
  read 7722 -  02a0: 42 8a 46 98 18 0e 15 32 55 31 24 fe 51 e4 c5 46
  read 7722 -  02b0: 3c 7c 34 6e 0f 52 39 a6 b4 22 54 99 e0 49 50 1f
  read 7722 -  02c0: ee e8 5a a7 11 0b 92 eb bc cd f8 3e c4 ee a9 6a
  read 7722 -  02d0: c2 0b 62 98 14 a7 72 af d0 87 90 8d dd f9 05 63
  read 7722 -  02e0: ec 4b 0f 43 3d 73 f3 35 f4 05 1c 09 41 d9 8a 38
  read 7722 -  02f0: e4 f6 88 53 5f 2b 7e 35 df a9 9d 70 87 6d 53 04
  read 7722 -  0300: 73 82 32 27 63 5b a9 b1 bb 78 f7 bb 47 68 de c7
  read 7722 -  0310: ad e5 a0 a0 3b e0 c1 b6 15 dc 89 89 12 e9 f3 e3
  read 7722 -  0320: 20 4c 4c 64 fb 0f f4 ef 0c c4 8c 68 36 c7 04 9c
  read 7722 -  0330: c5 58 76 ec 60 c3 de 59 68 e8 9d 8b 92 0d 2d 01
  read 7722 -  0340: 2b 27 16 12 6e cd 49 a8 34 8a d5 dd 97 25 bc 5b
  read 7722 -  0350: 79 d9 7a cc b6 d5 99 b1 f0 c0 e6 19 c0 fd 71 2b
  read 7722 -  0360: 1f 8b 62 16 5c 22 94 24 db 3e 13 e0 eb d7 25 c2
  read 7722 -  0370: 9d 83 c1 96 60 fb 0f 44 bb 32 96 22 79 ac c9 2e
  read 7722 -  0380: 7a f0 b8 e8 e2 1e b8 a7 b9 34 eb 11 37 ce e2 a7
  read 7722 -  0390: 53 15 04 d2 35 e0 08 67 a5 c0 61 ed 55 81 75 0c
  read 7722 -  03a0: 05 83 40 8f 63 db 59 14 7b e4 8f 0a e3 b6 1a 75
  read 7722 -  03b0: e4 3d 76 36 ac 72 bc 45 19 8a aa 52 05 3f fd 0b
  read 7722 -  03c0: 78 1b 9c 82 e0 87 bf 6d 70 3f 3b 6d 84 3a ec 18
  read 7722 -  03d0: 4b d6 c9 e3 10 ca 7e 13 c3 90 2a d9 e9 b9 81 ee
  read 7722 -  03e0: f1 78 40 bc ad d6 ca a2 15 95 71 81 cf 26 c9 bc
  read 7722 -  03f0: ce c1 a8 b3 ac a3 54 5b 64 e9 6e bc 0b 95 48 f2
  read 7722 -  0400: 3d 9e 45 fe d3 db 27 61 f7 df c9 53 a2 a6 10 75
  read 7722 -  0410: 7b 4a 2c e5 48 f5 ff da 6d 16 ab 6a 2d 87 34 15
  read 7722 -  0420: f9 04 c8 c4 44 b0 5c d0 8d 7b 38 b3 1b b8 8b 45
  read 7722 -  0430: 8b 0d 9a e8 3d a4 f2 b3 3a 3c e1 2e 20 18 7f f8
  read 7722 -  0440: 2b 37 70 72 0b 06 41 23 09 d5 4b fe 2c 04 80 64
  read 7722 -  0450: 43 a8 ce df 4b ed 63 c0 c2 06 a0 7a 43 c8 db 94
  read 7722 -  0460: dc 8e c5 17 e4 5b 5d 69 aa 34 0c 30 2c 45 0d 36
  read 7722 -  0470: ce 7a 04 15 9d 9b 1c 99 dc 26 5b 42 e0 64 54 43
  read 7722 -  0480: e8 eb 71 fc 2a d0 8a b3 30 ca dc d3 5e 82 c1 9b
  read 7722 -  0490: 74 48 2b ea 52 91 03 09 5d 9a 5e 98 e1 da 60 85
  read 7722 -  04a0: 1c 0f e2 2b 35 16 77 9d d8 42 f6 5d 45 e0 8d 1c
  read 7722 -  04b0: 13 ed 56 fc df a4 48 86 84 81 4c 23 f0 4a ca cc
  read 7722 -  04c0: 46 67 fc 84 5c ce cb 63 c5 2c ac 58 ec 13 fe f5
  read 7722 -  04d0: 2f 6f 20 49 ec dd bd c2 3f 7b 0c c6 a7 12 e7 c3
  read 7722 -  04e0: 1f 71 dc 45 e4 29 da 15 21 1a 01 05 9a bf d7 bd
  read 7722 -  04f0: 4d fd 5b d9 06 65 97 f8 43 ac 19 52 ec b3 d8 45
  read 7722 -  0500: 45 30 24 ec dc e4 b0 b1 ee 66 87 e4 3f 09 03 54
  read 7722 -  0510: 89 07 b1 26 e2 e4 8d 4c 47 14 23 6d 27 a6 91 dc
  read 7722 -  0520: da b5 e2 57 f9 1e 02 82 7c 1f 46 51 0d db 96 03
  read 7722 -  0530: b8 92 1f 7b a3 1b a9 f8 2c 84 c4 a8 b4 e5 55 bc
  read 7722 -  0540: c8 1f 64 9b fa f0 70 a4 3f 14 dd 74 4e d2 2a d5
  read 7722 -  0550: b7 18 e0 19 9d b6 3d e2 91 f5 79 e8 58 3c 33 91
  read 7722 -  0560: e4 80 44 48 33 b3 02 b9 55 bb e3 76 27 ce 77 8d
  read 7722 -  0570: 49 b6 6e 0d 74 5e cb a9 db 32 20 ae e0 9f 99 ba
  read 7722 -  0580: 16 9e d6 05 cc 4b ce e1 de ee aa fe 38 e1 cc 6e
  read 7722 -  0590: a2 d4 4c 9e 04 b0 13 01 94 d4 69 a4 f4 39 df 78
  read 7722 -  05a0: e6 07 fd 5d 44 1c 22 e5 f3 c3 88 85 0d 06 9d ff
  read 7722 -  05b0: de a8 a5 26 00 c5 dd 4d e4 c7 35 e4 99 50 49 db
  read 7722 -  05c0: e7 db 41 2e f0 7e d7 d8 ab 79 2e 9a f3 d5 52 7d
  read 7722 -  05d0: 86 91 8a c5 e4 56 b9 45 06 cb 78 59 82 ec cc 6a
  read 7722 -  05e0: 7c e6 5e e5 2a 10 eb 6d 5b f6 00 04 9e 13 61 53
  read 7722 -  05f0: 9d 91 5a f1 1a 14 5e fe ec 9c 96 c2 71 47 d6 e4
  read 7722 -  0600: c3 7c b7 a4 20 02 0f 4f 99 f9 10 bf 53 c1 d3 39
  read 7722 -  0610: 8c 80 5f 59 d8 17 45 4b 1f 34 37 a7 85 7d 03 cf
  read 7722 -  0620: 66 5e c3 24 d5 7f 05 89 a9 5d c5 dd 82 63 dc 51
  read 7722 -  0630: c5 43 17 ca 58 87 44 07 7c 3e 56 3a 83 e3 6f 3f
  read 7722 -  0640: 6f 90 1b c6 be c2 a4 b2 70 e3 e7 06 d6 af d0 0e
  read 7722 -  0650: 86 bb 31 72 c3 f8 c4 8d e6 b4 a4 d7 eb 48 07 91
  read 7722 -  0660: de e7 f6 df 18 e0 69 be 71 b0 65 87 c1 17 c1 62
  read 7722 -  0670: a3 d9 60 2a 7c aa a1 79 65 be 49 b1 35 6f 8e f7
  read 7722 -  0680: 60 5c 7b 49 d2 a7 06 8f e8 a5 7a 93 55 30 fc 00
  read 7722 -  0690: 5e c1 e1 20 09 f3 86 12 18 ab ee 8f 62 e1 11 46
  read 7722 -  06a0: b1 01 60 b6 ec 6f 30 fe 97 33 cd 74 c0 c0 ee 2c
  read 7722 -  06b0: 85 52 1c 87 c9 4b a7 ac 03 0f 70 96 60 fd 76 c1
  read 7722 -  06c0: 42 f0 74 ac fd 87 66 74 69 ae d1 2b 31 59 b1 b6
  read 7722 -  06d0: 1e a6 d4 37 25 52 0c 4b 2a 88 06 aa 11 35 f1 71
  read 7722 -  06e0: e2 a0 5d 62 b3 e3 2f e5 e1 44 a2 7b 20 9e ca 2c
  read 7722 -  06f0: 3a 7b 37 80 ca ac 76 da 52 02 4d c6 04 ea 8d 2f
  read 7722 -  0700: c1 18 35 14 e6 8d c9 95 51 09 af e1 9a f4 e4 af
  read 7722 -  0710: 19 a6 ed 71 ec 2d f4 7a e4 e1 ab 75 8e 13 5e 1f
  read 7722 -  0720: b0 9e 89 53 53 04 4d 6d ca d1 cf 77 3b 9e 49 d4
  read 7722 -  0730: 16 4a bd 72 e8 e7 b8 d6 73 f9 6c 40 8a 58 90 f7
  read 7722 -  0740: 89 ce b3 88 34 97 d7 b5 31 b9 c5 bd 27 02 e2 13
  read 7722 -  0750: 38 a9 10 4b 59 d4 c4 ce e0 30 00 34 1b a0 04 06
  read 7722 -  0760: da ba 42 88 ce d4 aa db 11 d0 00 51 c0 30 84 01
  read 7722 -  0770: 1c 55 63 58 d0 1f ac cc 67 ba 83 c2 ce 21 5c 77
  read 7722 -  0780: 01 47 0a 11 3e 0c 7e 0f 2c 5b 2a a7 78 ad fc 74
  read 7722 -  0790: cc 62 b1 5f 33 6b 0e e3 b8 45 3e 13 c8 55 93 bb
  read 7722 -  07a0: ab bc ca d2 8c 24 65 cc 06 90 75 0c a2 56 54 b6
  read 7722 -  07b0: 82 92 8e 6e 33 78 39 61 b7 25 9f 0b 0d dc 7e 43
  read 7722 -  07c0: 22 51 97 72 fe 8a d6 32 e6 0d 20 a5 6d 70 b3 ca
  read 7722 -  07d0: 4d d9 37 3b d2 a4 35 23 dc 4e 30 e0 80 a4 e2 21
  read 7722 -  07e0: a2 22 71 51 f6 b7 d7 ad d8 0d 22 ae b2 b7 b6 b4
  read 7722 -  07f0: 2c de ac 33 d2 4e 38 cc 50 56 3c bb c8 c9 72 ad
  read 7722 -  0800: 36 d2 b6 4b 5e ed 77 4a dc 0e 3b ff 0a 92 a4 53
  read 7722 -  0810: 19 12 27 df c0 1e b7 71 13 56 4e e7 89 e2 dc 00
  read 7722 -  0820: 60 91 81 c1 d4 d4 22 d7 22 1e 20 d2 a2 cd 4a 28
  read 7722 -  0830: 47 40 3e 8e 8f 9b f2 6e b3 d7 8f 16 95 3d 63 c3
  read 7722 -  0840: 6b 14 a1 27 87 d4 44 80 34 98 ad c9 1f bd a2 59
  read 7722 -  0850: 8a 59 a6 fd 3f 62 0e 0d fc 6c 34 92 50 b9 5c 1f
  read 7722 -  0860: 1d d0 8a 87 fb f1 19 db 24 b6 8d 89 ec 89 7a cf
  read 7722 -  0870: dd 48 84 99 28 68 b9 bd 0b 17 f6 5f 58 bf 47 5a
  read 7722 -  0880: 55 8d 16 72 99 1a 3b d3 09 a8 e8 13 09 84 d1 3a
  read 7722 -  0890: ba 8c 2e 16 12 df eb ee e2 d5 d6 01 78 3e 26 02
  read 7722 -  08a0: 72 c6 2f a6 91 f9 27 e6 2d a2 62 4e bd 3f b8 3c
  read 7722 -  08b0: 4e 50 f8 8c d4 2d 40 25 71 af 1f 51 3f d0 4b 16
  read 7722 -  08c0: 08 09 a1 78 f7 6a 50 06 f6 3c 66 6e b2 e0 70 d9
  read 7722 -  08d0: 4a e0 e2 47 e0 98 e4 03 2e 02 5b 88 6e 64 63 bc
  read 7722 -  08e0: 0d 95 93 71 e7 f8 22 e9 74 20 31 3e a2 e7 1d 9f
  read 7722 -  08f0: 09 fb f1 a6 84 b7 ba 3f 17 e2 e1 74 f1 64 f3 44
  read 7722 -  0900: 39 29 dc bd 59 b7 65 f2 1d 05 b3 83 5c e0 29 83
  read 7722 -  0910: 07 31 89 7f 1e 57 d6 aa 0d f9 33 db 11 4c fe 08
  read 7722 -  0920: b3 d3 8e 8a f3 2c 05 7f d1 b7 d0 1d 1a 70 4c 59
  read 7722 -  0930: 08 af 80 4a f5 42 36 c3 eb af e6 0a 95 76 6d 5a
  read 7722 -  0940: 3d 1c ee 44 61 de ba 18 1f 08 c9 49 ec 0d 40 fa
  read 7722 -  0950: 05 90 10 16 d0 39 07 26 b0 39 3d b9 db 04 9e 36
  read 7722 -  0960: 8e d3 9b 48 9f 8c 8f 10 41 48 c3 68 6b 2a 91 11
  read 7722 -  0970: 95 6f 2e fe db a9 bd 86 e9 2e 53 34 52 39 4a 66
  read 7722 -  0980: 09 7b 2a 67 c3 60 52 a6 9c 37 45 59 34 ee 20 ed
  read 7722 -  0990: f8 68 cc 38 3a 31 9c a1 33 26 b6 f5 59 7a 07 99
  read 7722 -  09a0: d2 5b 7b 3b 2c 81 ec 72 de a5 56 a7 dd 06 89 b2
  read 7722 -  09b0: 2f e4 1e aa f5 90 d8 b7 6e af ca 8a 71 18 84 eb
  read 7722 -  09c0: 3a 2a 3d 82 ac a0 e2 28 ee a2 26 0c 43 68 e1 79
  read 7722 -  09d0: a9 7b 2f 37 fd fd 73 d4 ac 56 20 b4 34 fa c9 43
  read 7722 -  09e0: b1 40 f4 88 dd 56 c4 2a f4 0f 07 e8 29 a7 90 0d
  read 7722 -  09f0: 5c c2 1e a6 b9 36 2d 5e 6a 23 71 bd 28 be 27 6d
  read 7722 -  0a00: 7c 7b 34 c6 03 e9 60 83 3d e6 71 3a 7b ce fc 51
  read 7722 -  0a10: 1f ea ff 16 46 1a 5f 60 8a 8f 64 7d f6 57 50 65
  read 7722 -  0a20: 12 84 8a b6 a9 07 e5 d5 7d ad a5 71 52 d0 a8 37
  read 7722 -  0a30: 52 26 5d 5d 50 8f 38 7f 91 ec a0 b9 02 55 69 01
  read 7722 -  0a40: 8f 25 8e bf 99 f3 bb 1a f3 bb 07 b3 16 43 2e 83
  read 7722 -  0a50: a9 40 1f 48 5d 99 66 d2 b7 a9 7a 67 03 e2 05 cf
  read 7722 -  0a60: ef 75 bb 4f c0 57 96 d4 07 de f3 8d 59 c4 b7 d3
  read 7722 -  0a70: 78 6a d1 2c dd bc e0 0f a6 4e e7 b4 01 0a 60 b6
  read 7722 -  0a80: c5 0f 65 d2 14 84 41 15 b0 d8 be f6 ef 86 5d 58
  read 7722 -  0a90: be b9 5f 96 f3 2a 8d f0 01 3a 0b 86 3e 12 fb 4d
  read 7722 -  0aa0: c5 37 c6 56 1e cd 3b 37 79 0e b5 47 b6 ed 9a 21
  read 7722 -  0ab0: 4c 33 65 9d 3d 69 08 f0 19 0a 96 2c 4d 4e 7e d1
  read 7722 -  0ac0: b8 81 bb 56 9d c0 76 64 25 ff 9b 34 d9 92 55 cc
  read 7722 -  0ad0: eb 4c 97 c6 dd 3d 7f 44 03 f0 ea 46 e4 2b de 4d
  read 7722 -  0ae0: 77 01 2c bf 28 38 ce db d4 58 f0 aa 86 ea 8d 6a
  read 7722 -  0af0: 0a 10 7a 49 72 0d 2f d8 ca 22 f8 11 ce 3f 81 8c
  read 7722 -  0b00: 0c db b6 df f2 40 0f cf 1e 02 a6 4f 1f 7b d0 fe
  read 7722 -  0b10: ff 0e 6f 9c f6 cb 97 e5 89 5d 54 1c 28 77 55 42
  read 7722 -  0b20: 8e 27 e3 cb ba a9 a4 86 b8 e5 ad 98 65 5a 76 9e
  read 7722 -  0b30: e5 67 08 66 c5 16 20 20 f1 0e c5 e7 8c 27 65 ce
  read 7722 -  0b40: 0e d4 4f a9 57 0d 93 b6 24 c9 16 d9 ab 0c dc 51
  read 7722 -  0b50: 56 dd 1c 31 e9 f9 b0 85 fa ba 16 8f 8c fe be 7b
  read 7722 -  0b60: 67 82 70 d7 bd c2 89 21 16 f9 74 26 07 2f 0a 9f
  read 7722 -  0b70: a2 8a 0e bb 73 9b 75 e1 a2 5a d1 66 97 f8 8a 16
  read 7722 -  0b80: 15 da 0c 63 7e 99 97 4d 21 ae 43 e2 ea 70 da ef
  read 7722 -  0b90: 38 d1 1e e5 fc 4f 17 dc 69 12 c7 c7 b3 6f a4 db
  read 7722 -  0ba0: 67 a9 2c 73 ce 2e 83 92 9b 0f 7c f0 7e a2 0a db
  read 7722 -  0bb0: 8d 34 e8 ab 9e bb a4 cb 36 1e d5 d9 00 ef 18 c3
  read 7722 -  0bc0: 45 01 ed 50 dc 2c 7f c9 6d 3d 07 26 5e bd 70 48
  read 7722 -  0bd0: ca d3 5a 5f f5 c4 e4 5c 2d 53 d3 09 3a ae 8d e8
  read 7722 -  0be0: e9 8b c8 ff d5 e2 f0 eb 77 27 58 88 c9 5a 3c ba
  read 7722 -  0bf0: 58 19 8d 52 c0 d0 e2 9e ac 17 a6 92 c1 5a c7 f5
  read 7722 -  0c00: 97 a9 ca 36 1f ce 31 a2 70 e1 60 c8 93 7c d6 63
  read 7722 -  0c10: 96 36 43 87 6d 18 23 06 cc ed 29 73 96 c2 73 72
  read 7722 -  0c20: 2b 89 c0 7d 1d f6 ec 78 a7 f1 15 69 f3 ae de ea
  read 7722 -  0c30: 04 03 41 3b 77 d0 17 e5 5f 6b fa 12 9a 72 df e6
  read 7722 -  0c40: 02 80 f7 4a 4b ad ce bb 79 35 29 61 fd b2 ea de
  read 7722 -  0c50: 5b 9c ac 6e c1 e2 88 8c 1f 41 44 47 11 a9 c1 c9
  read 7722 -  0c60: 37 b8 39 a3 5c 77 8c fb 1c b4 ac a4 5f 01 2c b2
  read 7722 -  0c70: 18 24 7a 58 ad 23 91 f7 8f 44 39 e8 62 93 d5 af
  read 7722 -  0c80: af b6 de 6b 7f e5 4e 37 1f 5b bd a2 65 a2 52 6b
  read 7722 -  0c90: bb 49 7a b8 fa 47 4b 22 41 e7 52 1a e9 32 15 b7
  read 7722 -  0ca0: 3b fd 3a 2e a1 73 a8 a8 95 26 56 5a d1 8b 47 35
  read 7722 -  0cb0: 8c c2 46 62 1b 09 fd 02 b3 66 ee 31 e9 ae bf 1d
  read 7722 -  0cc0: 16 83 d8 5d 84 0e 08 69 56 1f 1e 61 66 e4 e6 3e
  read 7722 -  0cd0: 09 6a 53 c9 74 28 36 33 43 3b 35 a3 39 57 11 8b
  read 7722 -  0ce0: 0e ba 45 f6 d5 15 90 22 1e 69 25 3f e0 d9 05 19
  read 7722 -  0cf0: af 29 b9 9d cd fa 43 bc 81 f1 df 3d b3 6e 39 e5
  read 7722 -  0d00: f5 d3 d6 37 ac 2c ed 85 64 ad e0 b7 8a 24 be fb
  read 7722 -  0d10: da ea 4d 42 e7 c9 77 8c 90 1c c8 a9 48 86 7f a6
  read 7722 -  0d20: 87 00 f1 2c 84 b1 9f 13 c3 40 c4 65 31 c4 df 04
  read 7722 -  0d30: 02 de 59 8a ef cd 9f b1 29 9d 64 16 4b ba fa 55
  read 7722 -  0d40: ba a4 39 b3 ff 42 52 1e 3b ba 53 bd e0 93 24 f0
  read 7722 -  0d50: 74 50 0d be c2 4f b1 fc 7d 6d ff 25 73 dd 1d f7
  read 7722 -  0d60: 6e 4b 98 be bc 66 0f f2 7e 41 e6 fb 3a a9 a0 c2
  read 7722 -  0d70: f2 30 9e 2f de 43 18 8e 5a 52 8a 3d 3d cf 0b f0
  read 7722 -  0d80: 7f 09 48 af 6b 3e 7b be c0 88 31 7a f2 99 e8 f5
  read 7722 -  0d90: 5e 31 f9 29 5b 3d 24 18 44 09 15 cb 62 61 16 1e
  read 7722 -  0da0: 4f b8 e7 93 9f d0 ee 36 c4 18 98 49 86 2f ba 6f
  read 7722 -  0db0: 72 0a 81 c2 52 68 28 32 70 e1 f7 36 91 93 32 43
  read 7722 -  0dc0: 33 33 e6 04 04 e0 48 26 f3 60 02 aa 7b 58 f3 ce
  read 7722 -  0dd0: 01 de 0d ab 34 30 77 40 d9 a4 22 48 0b 3a 1e 5b
  read 7722 -  0de0: 22 fe b3 6c 59 65 d9 71 26 37 2a 70 bf e2 fc 8f
  read 7722 -  0df0: 42 d1 f8 75 61 7e 71 97 d9 4d ab c3 09 12 f9 1d
  read 7722 -  0e00: 00 c7 35 d5 07 bd a5 00 fb 3b 31 9e 26 57 97 af
  read 7722 -  0e10: 83 37 ee d8 69 f4 10 84 bd c5 50 5e 91 80 d3 b2
  read 7722 -  0e20: 25 f0 8c f5 bd 8e 24 cd f1 ae d5 7b d2 84 42 f8
  read 7722 -  0e30: 48 52 ff e7 24 c8 03 47 69 ff ab 68 9a 64 24 71
  read 7722 -  0e40: 93 f1 85 3a 43 65 7d 96 a0 fb c1 2f da fb 6a ed
  read 7722 -  0e50: 7c b6 7e 77 43 3b 46 69 12 56 f3 40 0b 75 b9 9b
  read 7722 -  0e60: 13 de 68 40 f9 71 96 04 b1 3b 67 12 f1 d6 ff 7b
  read 7722 -  0e70: 57 af e0 77 57 79 a4 a1 2e 81 d2 45 97 7c 20 8d
  read 7722 -  0e80: 99 08 4e 7e bd b3 9a b8 cf 9d d3 9e 42 cc 52 47
  read 7722 -  0e90: 35 3d 52 d8 b1 85 65 f7 14 bb 15 a7 fd 17 80 14
  read 7722 -  0ea0: 59 be e2 24 ac ed f7 e0 8f 87 0f d6 d4 6a cf 0c
  read 7722 -  0eb0: 74 25 b5 e6 87 3b 06 b7 e2 f6 c8 56 7c d9 ce d8
  read 7722 -  0ec0: 0c 6c 20 18 3c 99 98 3e 6d 9b 71 59 1e 2e ac 57
  read 7722 -  0ed0: c6 e4 50 1c 8d 06 8d 25 77 64 b6 ab 93 3f bb 7a
  read 7722 -  0ee0: 80 67 81 0e 8b dc d0 df 5e 1b 97 95 05 9e 5e b2
  read 7722 -  0ef0: 2f 13 0a 6a 7b 7d 97 d5 f6 72 ff 8d 1d f0 54 3f
  read 7722 -  0f00: d8 5c e5 02 09 a4 9a 2d 01 b6 24 78 73 0c b2 07
  read 7722 -  0f10: 12 87 e2 12 e4 4d 60 af a0 08 a8 e6 9e 49 36 63
  read 7722 -  0f20: cc eb 8a 8f 3f 01 15 d7 4b 2f 8f dc 34 83 c3 27
 Goodix>>> enter
 Goodix>>>  ---- pack len: 7722
 Goodix>>> enter
 Goodix>>> TLS LOG: => read
 Goodix>>> TLS LOG: => read record
 Goodix>>> TLS LOG: => fetch input
 Goodix>>> TLS LOG: in_left: 0, nb_want: 5
 Goodix>>> enter, tls inited 1
 Goodix>>> bytes to read: 5, bytes left: 7722
 Goodix>>> bytes read: 5, bytes left: 7717
 Goodix>>> recv ret:5.
 Goodix>>> TLS LOG: in_left: 0, nb_want: 5
 Goodix>>> TLS LOG: ssl->f_recv(_timeout)() returned 5 (-0xfffffffb)
 Goodix>>> TLS LOG: <= fetch input
 Goodix>>> TLS LOG: => fetch input
 Goodix>>> TLS LOG: in_left: 5, nb_want: 7722
 Goodix>>> enter, tls inited 1
 Goodix>>> bytes to read: 7717, bytes left: 7717
 Goodix>>> bytes read: 7717, bytes left: 0
 Goodix>>> recv ret:7717.
 Goodix>>> TLS LOG: in_left: 5, nb_want: 7722
 Goodix>>> TLS LOG: ssl->f_recv(_timeout)() returned 7717 (-0xffffe1db)
 Goodix>>> TLS LOG: <= fetch input
 Goodix>>> TLS LOG: => decrypt buf
 Goodix>>> TLS LOG: <= decrypt buf
 Goodix>>> TLS LOG: <= read record
 Goodix>>> TLS LOG: <= read
 Goodix>>> enter
 Goodix>>> TLS now IN handshake state:16.
 Goodix>>> <= tlslib_read exit with ret:7693 tls server state:16.
 Goodix>>> ---- tls 7693 bytes recv
 Goodix>>> recvd data cmd-len: 0x22-7690
 Goodix>>> --- cmd: image
 Goodix>>> 7684 7684 10240
 Goodix>>> Regroup pixels:5120
 Goodix>>> receive non-POV image, length:7690
 Goodix>>> image crc check Ok
 Goodix>>> exit
 Goodix>>> <= with ret(BOOL):1.
 Goodix>>> exit
 Goodix>>> imageret 0x1, dac valid 1
 Goodix>>> finger down
 Goodix>>> ***********to complete capture request, display is on***********
 Goodix>>> Entry: need update 1, pov 0, MonitorOff:0, data size:10240, touchflag: 0x1f
 Goodix>>> Not support PBA.
 Goodix>>> ******** CompletePendingRequest ********
 Goodix>>> status:0x0
  read 7722 -  0f30: 3e be 49 ed 3a dc 9e 0d 4f a7 5c f5 77 6a 2f 46
  read 7722 -  0f40: fa 44 d1 34 9d d8 ff 99 64 a4 a4 03 6e 0c b6 32
  read 7722 -  0f50: ee cf 95 9c ea ea 71 95 40 c7 46 9a 37 de 2b 1e
  read 7722 -  0f60: f8 28 92 54 43 4e a1 de 71 4c bf 4c 1b f4 2e e3
  read 7722 -  0f70: 9b 0b d3 d8 fb 95 25 39 63 39 da 36 8e 00 5d fe
  read 7722 -  0f80: 17 d9 1b d1 f8 d5 50 bd 2a 7b 65 ec b2 7d 70 03
  read 7722 -  0f90: 44 27 ff 53 a8 2e df a3 99 36 2d e9 c6 00 69 eb
  read 7722 -  0fa0: a1 09 6c 28 a0 69 c2 f1 59 11 58 8a 60 c3 76 ce
  read 7722 -  0fb0: 2a 7e 1c 30 32 3e 8e 67 11 61 b9 de 9e a5 01 27
  read 7722 -  0fc0: f2 60 15 a7 86 85 9e 6c 4e a1 8b ad 2d b8 04 da
  read 7722 -  0fd0: e5 7e 08 77 af 0d 5d e7 30 91 a1 57 4c 7c 2a 65
  read 7722 -  0fe0: 63 7c f1 c1 bd 82 90 a2 6d 33 1b 3a da 4e 94 10
  read 7722 -  0ff0: 5c e4 ba f3 87 6a bf f1 db e8 53 b8 e2 1d fa fb
  read 7722 -  1000: 78 6e 2a 62 fa 6e 6e f1 67 34 f0 bf 12 ac 95 87
  read 7722 -  1010: 7f c9 8b 03 67 08 38 73 73 52 1e 70 6b 37 ab 26
  read 7722 -  1020: fe c6 43 4d 13 0b b6 dc 49 d4 09 80 1f a3 b2 14
  read 7722 -  1030: 79 54 3f 7b 37 ee a1 92 b0 1c de b2 6d c5 73 ee
  read 7722 -  1040: 7a e5 4e 2c 31 11 2b 50 83 3d 8c 77 b6 d3 3d 68
  read 7722 -  1050: 15 4a 13 2c b5 bb db 32 09 db 32 66 a0 ab 44 d0
  read 7722 -  1060: 83 91 27 40 48 7b ea 02 32 73 98 51 48 92 05 6f
  read 7722 -  1070: 31 98 89 8b ff f1 06 c6 53 48 b5 7e 28 10 61 38
  read 7722 -  1080: 46 ea 02 0f e0 8e 60 a9 85 9f 71 a5 ad 79 51 41
  read 7722 -  1090: 10 2b 7d 16 c7 4d 80 cd 0c ec 97 2c c9 10 70 53
  read 7722 -  10a0: 77 52 ea 72 a0 e3 42 7b ed 39 f0 96 9f a6 15 5d
  read 7722 -  10b0: 30 79 53 22 a2 2e a3 81 90 d9 ae ed 18 23 e4 84
  read 7722 -  10c0: df 07 53 62 28 b9 92 f0 fe b6 f4 88 35 7d 4b 50
  read 7722 -  10d0: 64 99 ad 2d 67 7d 7f 2d 5d 0d 8a 86 20 56 81 cd
  read 7722 -  10e0: 7a 2f 82 8a e4 39 b6 5e 79 ac df cb 7d be ff a4
  read 7722 -  10f0: af 20 cf c1 1e 74 37 f5 24 42 75 b5 b5 e8 f2 4b
  read 7722 -  1100: ad 30 58 96 4d 4b 0c df f6 eb 3c 90 ba 4a 11 00
  read 7722 -  1110: 37 d1 8b 05 2e 2b f5 8e 60 cd 22 44 36 01 94 f0
  read 7722 -  1120: 59 07 0b e3 db bc 13 fd 62 5d 33 d6 91 91 47 55
  read 7722 -  1130: 76 61 72 6c 67 21 f9 9d bb d0 5a 92 d3 e1 31 ea
  read 7722 -  1140: 9e ce be bd a2 0c 0e 53 93 59 09 0a e2 bd d5 34
  read 7722 -  1150: 23 96 f9 eb bc e4 da 87 a1 4a 3b 91 fe b7 b3 42
  read 7722 -  1160: 85 34 3e 7e d9 a6 f2 63 94 37 30 68 a9 52 32 15
  read 7722 -  1170: b4 f7 c6 5d 39 21 e2 3a 2c d7 ff 29 bc d3 ae 24
  read 7722 -  1180: c6 6f 2c a7 d2 8a 38 e9 43 09 cd 85 e1 6e 63 dc
  read 7722 -  1190: a9 68 c8 bd 53 0d e8 92 b8 4e f7 46 96 d5 34 1b
  read 7722 -  11a0: 6b 09 a7 cb c1 b4 15 a6 56 e7 d2 e8 4d 8a 6a d6
  read 7722 -  11b0: 09 41 93 45 3b 41 99 bb 38 f3 50 0c 11 8d 47 3f
  read 7722 -  11c0: 09 ea 96 24 88 c9 46 cc 5b ce 5e e5 a7 e3 3f 20
  read 7722 -  11d0: 28 b1 5d 19 c4 33 8e 42 3b c4 97 18 c5 b8 f6 e0
  read 7722 -  11e0: b0 87 7e e5 13 a1 d2 0c 2a 89 3e b4 e6 a7 1d c9
  read 7722 -  11f0: 25 8c cd 92 dd 0e 10 37 f8 89 80 22 ea 24 1b 9b
  read 7722 -  1200: dc 90 56 1a 91 e5 a5 b3 92 71 57 3f 0f b6 54 36
  read 7722 -  1210: a0 55 57 d1 60 10 8c 55 f2 02 64 4f c0 82 6f cb
  read 7722 -  1220: 0f 35 a4 1f 59 00 b3 aa f8 e1 9d 71 4c 24 8d 39
  read 7722 -  1230: df 72 83 ed de 3e ce 83 43 46 f0 92 f6 c1 3b 0b
  read 7722 -  1240: 33 bd 82 83 b7 81 38 50 9e 02 e3 de df 6c 54 89
  read 7722 -  1250: 90 97 b1 7a 44 e7 b0 65 5d 7a f9 f6 d2 bf 09 df
  read 7722 -  1260: b3 2f 10 f8 09 ab bc 76 f2 b8 35 0f bf aa 25 a6
  read 7722 -  1270: dd 45 a3 b6 1e 44 05 b7 9e 1c f3 5a 1e b9 46 53
  read 7722 -  1280: e4 21 c6 c9 62 e6 d4 62 2f e6 d0 d5 55 cb 67 63
  read 7722 -  1290: b5 17 5f 75 d3 5b be cf c3 4e 84 6b c6 e4 ef 36
  read 7722 -  12a0: a7 32 9f f0 28 44 b4 84 44 b8 79 78 4b 2a 60 b9
  read 7722 -  12b0: 60 4c 2a a1 79 e8 43 c9 1e 6f b7 2c 77 f5 8e 85
  read 7722 -  12c0: 6a 14 12 82 ac c5 14 a7 3e 5b 46 57 bb 85 6a ea
  read 7722 -  12d0: ef a8 9d f4 a5 8c e6 9a 4a 32 1e 09 a1 cc 05 94
  read 7722 -  12e0: 64 87 fd 7f 9d e0 31 f9 d8 90 26 43 6c fe c0 ee
  read 7722 -  12f0: 0d a1 d1 03 19 ce 45 33 25 ec 3f cb c3 4e c9 f3
  read 7722 -  1300: d3 e5 e0 b9 9c 74 ee 78 74 8f f9 99 85 17 0d df
  read 7722 -  1310: f5 5f bf 5e 2f b6 4c 90 18 ab ed e3 86 0f 7b f4
  read 7722 -  1320: 81 09 20 49 72 2c 59 84 2c b1 e6 9f 21 a9 42 e9
  read 7722 -  1330: 34 2d 7e 36 2d ca e8 5c 9d da d3 7a c4 3b e3 ad
  read 7722 -  1340: 4e fa ad a8 e6 a6 0b 4a 1f a4 47 54 8d 01 e5 69
  read 7722 -  1350: 28 52 06 91 9b 7b 05 20 d9 37 90 10 fb a4 bb 16
  read 7722 -  1360: fe 21 07 e6 71 c2 1c a1 ac 07 7c 4d a1 83 cd 95
  read 7722 -  1370: e5 6e 7b 24 08 28 c5 e5 e1 ad ef 94 41 d9 bc 5c
  read 7722 -  1380: 78 e8 7b aa 6b 58 8e 8c f6 94 7d 76 13 83 e8 99
  read 7722 -  1390: 82 3b c0 de c7 6c c4 b8 f3 5a bb 4f c1 d7 97 08
  read 7722 -  13a0: b1 8a e8 4c 74 b0 13 7f 02 57 f5 ec 44 bf 20 af
  read 7722 -  13b0: 0c 18 61 9e 24 18 7f c9 f6 59 20 ef ce fb 3e 81
  read 7722 -  13c0: 0a 5c 61 83 23 df 93 ac 0e 72 00 90 60 9d 24 78
  read 7722 -  13d0: f2 73 a3 09 93 dc fa cc 7c 4b ce 6f 81 4c b7 9f
  read 7722 -  13e0: fb f9 7f 74 14 be c3 c0 be ff f1 26 2f e7 a0 23
  read 7722 -  13f0: 28 0d 2d a5 b2 3a a4 38 cf 4d 40 41 6f 7e 80 45
  read 7722 -  1400: 32 27 a2 06 97 f5 3d cd f7 94 6a 9b e7 c6 bf bc
  read 7722 -  1410: 3f 78 3f 29 a7 f7 92 54 c4 b3 88 83 79 65 61 9a
  read 7722 -  1420: c1 b3 47 a2 71 b4 e9 ff c6 45 5e 29 61 31 78 45
  read 7722 -  1430: 1c 36 8c 19 62 75 f6 98 54 6e f4 bb c1 c3 06 74
  read 7722 -  1440: e2 55 97 c0 d5 eb 28 0c 37 a2 5a 08 e5 43 a6 ec
  read 7722 -  1450: 34 f7 4f 3b 45 41 4b 64 af 36 8a d2 99 af 1b b3
  read 7722 -  1460: 4b 88 aa 36 37 6b 37 47 22 f4 2f aa 6e 96 3f d9
  read 7722 -  1470: 27 ee 87 9b 33 28 1e 05 dc c4 ee 40 c5 e7 33 9b
  read 7722 -  1480: 04 0d 49 00 7b d3 79 e9 5e 38 6c 10 cb 39 df bb
  read 7722 -  1490: 5f 23 bd c7 32 65 24 16 22 e3 29 a2 b0 9c e2 2e
  read 7722 -  14a0: 6f ba 48 c4 05 3d c9 03 d0 c1 b0 26 d8 c4 03 68
  read 7722 -  14b0: 2a 4e 4d 9b 5b 5c d2 27 6a 9f af 3e d3 45 52 87
  read 7722 -  14c0: e6 28 59 06 39 3f 16 86 46 1a ae f4 18 43 49 f1
  read 7722 -  14d0: 46 28 e7 32 76 2c d2 ec 11 d1 c0 77 ce fe bf 18
  read 7722 -  14e0: 30 f5 42 a6 aa 8b c7 70 72 e5 61 5b f9 cf 3f 31
  read 7722 -  14f0: 61 03 d5 de 8c 19 0d ed ca ce 18 f6 18 3f 51 99
  read 7722 -  1500: d1 21 2c f5 46 3c ab 15 63 6a f4 cc b8 ae 8d 4c
  read 7722 -  1510: 56 31 11 37 3e 84 85 eb b5 1a d4 56 b3 c8 a0 13
  read 7722 -  1520: 50 53 9a ed 96 42 37 a7 68 f4 9e 5c 5c 77 6e fe
  read 7722 -  1530: f2 61 7c 74 bb de f5 f9 41 ab e8 69 27 1b 0f fa
  read 7722 -  1540: db 60 e1 00 d7 1d 8b ea 7a 0b 54 4f 74 96 08 ce
  read 7722 -  1550: b9 e2 5f 8c 8e 69 9e 06 74 fb b4 eb 1a fb 17 80
  read 7722 -  1560: 3b 10 14 7c 28 48 32 3c 9e fd 2d 99 1d 34 85 c2
  read 7722 -  1570: 5b 59 14 6e 30 22 3e 58 b1 e8 73 c6 fe 84 98 0d
  read 7722 -  1580: 11 71 a1 66 49 08 18 42 05 0c ec 47 a1 e6 f4 0b
  read 7722 -  1590: e8 15 bd 1f 64 0b f8 f6 cc 4b 7d 02 1a ba 43 14
  read 7722 -  15a0: 9f f8 1f 9e 61 1b 80 08 f5 14 73 0f e4 9e 0a 78
  read 7722 -  15b0: 55 96 a0 a4 bd fa dc fc f8 0d f5 7f e1 e0 10 e1
  read 7722 -  15c0: e4 47 25 d1 20 ad 68 04 ad 7b 01 2a 49 68 81 bc
  read 7722 -  15d0: 9e c4 5d 56 03 4e 62 ba 0c 41 4d e9 10 7a 06 c5
  read 7722 -  15e0: 30 0b 36 2b df 49 43 44 ba f2 e9 bb e9 f1 6e bf
  read 7722 -  15f0: 87 7e 20 9d 0c 2b f8 1f dc 74 a2 bf 7f d9 be 0c
  read 7722 -  1600: 2b bf 88 ef 0d 5e 9b fe ce 6c e1 94 50 e6 fd eb
  read 7722 -  1610: 07 d2 b0 6f 93 ad 5e b9 1e 13 97 7f 49 f7 f9 5d
  read 7722 -  1620: 88 42 92 77 d0 ef e0 b5 45 cf 76 84 04 14 79 3a
  read 7722 -  1630: 6a 0a de 5f ff 15 39 c2 38 b5 29 cf 5c 69 ee f7
  read 7722 -  1640: b4 d9 e6 31 7d 26 21 d9 d8 5b 78 53 36 94 cf df
  read 7722 -  1650: 5b 50 17 e1 cf 83 88 23 a5 cb 79 a0 53 f2 0c a5
  read 7722 -  1660: 1d 97 86 ba 78 31 a3 59 0c 6e 8b 8c 2a 02 4d 32
  read 7722 -  1670: 7a 63 c9 71 2a 3a 9d c4 96 ae 4c 2a 2b fb c9 8a
  read 7722 -  1680: 26 54 3f 78 ac 68 77 f4 2d 33 86 28 f3 db fd d5
  read 7722 -  1690: bb 76 b2 72 cb 8a 6f c6 6a 3e 5f 2c 52 3f 4a 0a
  read 7722 -  16a0: 40 a7 30 e6 c3 85 c8 72 ba 23 5a 49 04 a0 1f 71
  read 7722 -  16b0: 31 62 1c fa cd c2 0c 69 58 db 4e 82 b9 32 83 70
  read 7722 -  16c0: 60 3a f5 44 ea a2 1d 24 58 83 d8 f8 45 6e f6 61
  read 7722 -  16d0: 34 ce 91 b6 aa f7 30 11 a8 a0 7b d7 c5 72 6f 04
  read 7722 -  16e0: c4 03 cb 30 62 8f 64 32 e4 10 84 e2 98 7d ae dc
  read 7722 -  16f0: e6 5b ac cb 5c ea cf 8d 0b 97 72 37 d1 46 da d2
  read 7722 -  1700: fc 5d d7 4a e8 7e 8d de b5 c5 c0 d2 02 c9 9f 47
  read 7722 -  1710: ae a8 73 1a 38 33 73 99 af 9d be fe c5 87 32 1f
  read 7722 -  1720: 96 12 8b d5 12 67 da 28 15 a8 fb be ed f9 c8 9b
  read 7722 -  1730: ca 17 4a 52 4a ae 37 c4 ac 94 b8 eb 79 c6 57 a9
  read 7722 -  1740: d8 0f cf 0e 0b 95 4a f9 79 56 25 11 64 32 e9 4f
  read 7722 -  1750: 52 16 5e 61 62 6c d9 ed dd 42 bb 12 cb ff cb 4d
  read 7722 -  1760: ba 54 d3 ea b8 90 e5 8c 74 0d e2 2c 42 55 dc 51
  read 7722 -  1770: c3 35 89 1a e7 91 fb b0 98 2a 02 48 62 d7 74 4f
  read 7722 -  1780: 3a 8c 48 78 24 be 19 bf ec 0d 16 d1 83 c5 05 0d
  read 7722 -  1790: a3 cf 45 77 1b b9 4d 12 7f 4d 95 3d b7 76 3f f6
  read 7722 -  17a0: 15 2e c7 68 4a aa 6f 76 92 b3 b2 79 5d e8 28 7f
  read 7722 -  17b0: 75 90 4e 80 00 e0 f1 6b b1 7a 47 02 e1 93 29 b4
  read 7722 -  17c0: 87 6c e6 8b df 4e f2 1f a0 04 4a f6 de ba 1b 5e
  read 7722 -  17d0: 68 44 e2 57 6f 75 db a8 65 14 e2 54 7f 2a c6 dc
  read 7722 -  17e0: 16 d7 d0 a6 97 b6 77 51 a9 96 e8 6e 9d 94 67 52
  read 7722 -  17f0: 66 2c 4c 3f 32 6a d1 89 8c 12 a3 3c 7e 8f 26 54
  read 7722 -  1800: df 06 96 ad 27 56 55 d3 9b 59 5d 67 a2 a2 4c 5f
  read 7722 -  1810: 93 04 e8 64 6d ac f2 af 73 79 e9 97 81 9d 73 98
  read 7722 -  1820: 40 6e ba 33 21 3d a5 f3 49 66 87 03 32 f7 93 27
  read 7722 -  1830: de 60 53 04 0e 48 bc fc ac 81 24 1e aa 90 4c f0
  read 7722 -  1840: 79 a2 e3 42 e9 7d 4c 29 ff 2f 9b b4 52 56 df 94
  read 7722 -  1850: 0a 1e 7d 6e 48 92 ee 71 76 37 86 c2 f8 2c a3 83
  read 7722 -  1860: 1f a6 ae cb 65 9f 4b 2e 71 51 be 93 f6 1c 75 f9
  read 7722 -  1870: f4 2b 10 79 7a 42 97 3f c3 5b 67 6c 8e b6 51 f2
  read 7722 -  1880: 8d ec cf 1e ab 37 34 38 ee ee 4f 38 20 2d 22 f8
  read 7722 -  1890: 2f b0 3e a5 17 77 53 c2 20 68 ae a3 62 77 2c f1
  read 7722 -  18a0: d7 58 7f b8 6a 1f 94 86 88 dd 3c 68 c6 0f 8f fe
  read 7722 -  18b0: 40 c1 8e 18 63 83 1a cf 90 01 7b a9 ea c0 81 ee
  read 7722 -  18c0: 08 12 55 19 d9 22 fd 04 2f 02 ed 63 19 33 4c ae
  read 7722 -  18d0: 08 f3 71 1b 67 d4 98 57 1c 7e 63 b3 e8 7d ad ae
  read 7722 -  18e0: de 81 f6 02 76 39 29 54 06 ae 3d 7c 5f 02 b1 68
  read 7722 -  18f0: eb 22 74 55 d1 47 f2 7f bf 8c ce d3 cb 1f 32 5a
  read 7722 -  1900: 4b 1e 72 ba 83 6c 62 c0 56 48 52 aa ce 38 b4 93
  read 7722 -  1910: e7 a4 f4 35 82 63 e9 f1 e3 3a b4 3f ea 35 a6 01
  read 7722 -  1920: 4a 6b ad 5d f0 bc 92 9a f8 69 47 e9 86 d7 1b 5d
  read 7722 -  1930: b1 48 9e b9 73 1c f9 ae a4 ec 38 5f ca 4e 6a 2f
  read 7722 -  1940: 9c 08 01 b0 78 9d e7 25 12 3c 03 da f2 c6 10 6b
  read 7722 -  1950: 4d 80 ad e4 15 ad 25 28 83 3f eb 08 32 15 5b 2c
  read 7722 -  1960: b7 98 b1 02 08 41 6a e4 7f 1b fb c4 2d fa da fe
  read 7722 -  1970: 2b ab d0 75 43 99 99 36 e4 36 b7 f1 f1 29 3c 85
  read 7722 -  1980: 43 f3 9b 72 b2 18 79 6d 2a 67 66 f2 86 18 8e f8
  read 7722 -  1990: 84 26 73 9c b4 4b bb 5b 37 a7 8b 1f 8e 3a 67 94
  read 7722 -  19a0: 30 46 5a 1e eb 58 d5 df 4b 2c 08 fb da 97 7c 10
  read 7722 -  19b0: 06 42 35 c5 20 52 3d 79 e7 74 4b 5b 28 f2 df 0f
  read 7722 -  19c0: bd 15 fb 61 ce 19 71 ea 23 a5 5b de 64 20 ec b1
  read 7722 -  19d0: 74 c1 d1 b6 39 ac 1d 73 d2 51 fb 0f 7d 26 7f 29
  read 7722 -  19e0: 56 bb 91 b3 0b 2b 5e 2a a6 8f 0d e9 a3 6b e4 02
  read 7722 -  19f0: 88 4a 36 21 29 44 0f 34 ba 9e 42 c9 ec cd a0 33
  read 7722 -  1a00: 9d bb 6f d8 cc 2a 38 a9 50 30 1d 12 29 05 bc bb
  read 7722 -  1a10: 35 12 51 1a c8 b7 37 8a 98 69 63 0a bf 68 61 f8
  read 7722 -  1a20: 0d d6 2c b7 45 63 bf 00 d9 6c c6 7f 49 03 84 2c
  read 7722 -  1a30: 5a c9 6e 68 35 96 3b 34 27 97 84 f0 80 8c 4b 3d
  read 7722 -  1a40: e4 7e fc 63 6f 4a 8b e8 e2 b1 f2 95 4f aa 45 08
  read 7722 -  1a50: 28 4b 9a 72 da af 25 66 6b 3e f5 fa dc 7b e1 dc
  read 7722 -  1a60: 03 69 46 1d f6 db 2a 5e 37 f2 c9 60 fb a2 cf e7
  read 7722 -  1a70: 00 47 06 c6 94 3e 14 d2 ca d1 cd 2a 07 f8 ea fb
  read 7722 -  1a80: b4 d4 d5 3c c6 57 7c 40 94 76 7c 80 4a 78 69 fd
  read 7722 -  1a90: 9a 5a d0 f1 0a 4d 81 c9 98 0e c2 dd b2 dc 88 e7
  read 7722 -  1aa0: 8e fa 9a 78 f3 8c ee 73 59 a9 a7 f3 98 23 42 5b
  read 7722 -  1ab0: 7f 53 7d da f9 18 5b 40 4c 43 b1 52 f6 32 90 d9
  read 7722 -  1ac0: bc e9 a4 3a cc 7d e3 42 08 f1 ea 9b 58 3b 27 e0
  read 7722 -  1ad0: 82 61 db db f6 e0 fb 9d 8e 21 8d 79 d9 85 a1 b4
  read 7722 -  1ae0: 08 96 d9 12 b3 7b 37 b3 13 4e b3 b0 a6 ac 18 fc
  read 7722 -  1af0: e6 72 0c 0d b9 db 26 8b 05 e8 85 bf dd aa 60 21
  read 7722 -  1b00: 2f ab 32 d4 cb ab 4a af 71 0e fb 97 91 e2 6b 17
  read 7722 -  1b10: db e4 be ff e3 0e 98 dd 55 60 35 b8 82 cb 15 ac
  read 7722 -  1b20: 85 db 39 0c ae 0d 91 02 4a 02 bf 93 c9 0b 6c 8a
  read 7722 -  1b30: 5f 95 66 c0 a5 62 1c 6f a6 c6 1c 50 1a fe d0 57
  read 7722 -  1b40: 15 4a 1a 69 ef 56 6a 8a 8f 6a 04 0b 37 63 30 cd
  read 7722 -  1b50: 9d 72 e1 ad f4 1a 5b 11 e9 dd 37 c3 4b 70 8d eb
  read 7722 -  1b60: d5 c2 f3 c8 cc 74 41 fa c4 d9 83 a7 f0 82 9f 12
  read 7722 -  1b70: 8b 6e af cb c6 ee 5d 08 15 34 46 5e 5d 7f 06 39
  read 7722 -  1b80: e2 af 1c ec 72 80 3f f0 31 3f f6 0b ce 7e 17 49
  read 7722 -  1b90: f9 ca 1f e5 3f 71 53 da e2 c5 03 1c fd 71 e0 68
  read 7722 -  1ba0: 96 c5 2a 66 e0 25 41 56 02 9c e4 bd 51 23 37 64
  read 7722 -  1bb0: 83 85 bf 07 59 5f d3 f2 df 67 45 52 21 9d ae c4
  read 7722 -  1bc0: f9 f1 99 77 86 90 39 85 90 8a 9b 39 fd b7 de 7d
  read 7722 -  1bd0: 6a bf 38 06 5b 0a 5c df a7 54 e0 f2 b3 15 24 0f
  read 7722 -  1be0: d7 78 f6 37 c8 89 55 96 c7 37 da 8e b7 a3 53 9b
  read 7722 -  1bf0: 64 80 b9 ef 85 d1 27 37 cd 80 ce af 3d 02 4f 1b
  read 7722 -  1c00: 87 2d f3 ab 4c 60 78 af 98 f0 bc 4a 55 11 71 ae
  read 7722 -  1c10: 8c da 7f 77 82 01 b3 91 4e 43 69 58 b2 3b 4c 50
  read 7722 -  1c20: 75 ed 57 6e 28 d0 6d 46 0c 6f ae 77 18 be 6d 7c
  read 7722 -  1c30: 4c 40 e6 50 b5 24 ce 13 c4 69 dd 24 61 70 97 93
  read 7722 -  1c40: 1d 31 6a db e5 ea 4e 6f 10 4d 23 14 5d 86 a8 16
  read 7722 -  1c50: c9 dc ef 3f c8 c8 3a 6d e8 48 e4 75 90 89 5b 5d
  read 7722 -  1c60: 6f 96 d8 95 d7 8c 60 c7 98 bb fd 3c 61 9f 8f 67
  read 7722 -  1c70: 31 74 24 e2 e4 f7 38 38 e6 e5 c4 54 a4 a5 76 b7
  read 7722 -  1c80: 3f f9 87 b8 3b 68 d7 97 c1 3b 9d 9d ba 48 81 a3
  read 7722 -  1c90: 55 46 4e 45 b6 3a c4 ed 70 6b 5e c5 83 f0 70 a9
  read 7722 -  1ca0: 72 3c 17 30 76 71 56 d8 b6 d7 40 7b 8e 03 52 02
  read 7722 -  1cb0: 89 8d ad a7 e5 90 37 82 40 b0 d5 39 59 24 38 29
  read 7722 -  1cc0: 23 64 e8 2b 60 51 2b 6c 38 4a ab 47 e0 26 8c 48
  read 7722 -  1cd0: 01 fd 17 26 99 89 a5 2f 1c f2 1d ce ee ef 09 33
  read 7722 -  1ce0: df da 54 7f 35 37 69 c8 2c dd e3 8b 1a eb b6 ce
  read 7722 -  1cf0: c8 18 b8 ad 5e 68 c2 ee 7f 3d b5 b4 09 f4 0c 41
  read 7722 -  1d00: bf 4e a8 84 05 3f 04 71 c4 90 54 c9 16 5a 69 b2
  read 7722 -  1d10: f4 d9 ac 67 17 26 ff 18 78 08 94 57 91 a3 46 22
  read 7722 -  1d20: 2d 83 12 6d 7a 3f 65 88 70 9b df 7e ae 79 e0 e4
  read 7722 -  1d30: d4 fd 6f 34 83 19 55 c1 3b ec 4b e1 f3 85 73 d7
  read 7722 -  1d40: 99 b2 2a 99 a0 21 c2 c9 fb 6f 1b b9 38 47 74 fe
  read 7722 -  1d50: 8c 5d 50 d6 d0 06 b1 85 42 80 73 c8 9a 6e 36 a4
  read 7722 -  1d60: 09 44 bc f7 76 fe 2f ea 66 49 16 ef e2 2c a0 17
  read 7722 -  1d70: 0e f9 7c f6 43 9c e5 db 22 25 db 1a d0 af 53 46
  read 7722 -  1d80: 6b 88 dd 56 5a 3f 92 1d 07 3f ef a8 87 35 3e 40
  read 7722 -  1d90: ea 63 03 35 48 e3 15 30 83 1f 00 aa 87 6b 2c 7d
  read 7722 -  1da0: d8 68 28 2e 30 43 be 7b 4f 71 f5 a9 32 fd e9 10
  read 7722 -  1db0: 77 7f 8b f2 c4 cb 9c 96 a6 08 36 81 df 8f e7 c7
  read 7722 -  1dc0: 06 b1 d2 de bd a1 70 33 02 b3 af b4 83 ef 58 a8
  read 7722 -  1dd0: d4 cf 27 31 ee 4a 6a 9a 74 17 b1 75 bb 7b 61 e8
  read 7722 -  1de0: 31 08 1d 1c 43 9b 8c ed ac 9e 07 de 29 de 82 03
  read 7722 -  1df0: 84 95 3a 42 b9 5b 39 a3 e5 88 83 fe 77 b8 f7 06
  read 7722 -  1e00: 9b 97 2a e3 06 bf 90 a1 07 3b 8a 50 fc 40 d1 18
  read 7722 -  1e10: 25 59 a7 db a5 46 a6 a8 74 d5 1a c1 1f 37 3b e7
  read 7722 -  1e20: 7c 8a 00 9b de 89 06 c4 ea 92

 Goodix>>> exit 1
 Goodix>>> enter switch 1, delay time 3, submit delay 0
 Goodix>>> set submit delay
 Goodix>>> enter
 Goodix>>> exit
 Goodix>>> Exit
 Goodix>>> entry, request:FFFFFE11E1E7A638
 Goodix>>> Purpose=2, Type=1025, Owner=27, Flags=0x20
 Goodix>>> enter
 Goodix>>> exit
 Goodix>>> to wait init done
 Goodix>>> wait init done
 Goodix>>> OnActivate done.
 Goodix>>> activate 0, fdt_is_down 1
 Goodix>>> Capture request: to up
 Goodix>>> to set state to DEVICE_ACTION
 Goodix>>> to set state from 1 to 3
 Goodix>>> enter, Mode 3, Type 2, base_type 1
 Goodix>>> setmode: Fdt up
 Goodix>>> switch to FDT mode 2
 Goodix>>> data sent::0x809480a38086809d807f8019
 Goodix>>> cmd0-cmd1-Len-ackt-ec:0x3-2-0xe-1000-0
 write    4 -  0000: a0 12 00 b2

 Goodix>>> recvd data cmd-len: 0xb0-3
 Goodix>>> get ack for cmd 0x34, cfg flag 0x1
 write   18 -  0000: 34 0f 00 0a 01 80 94 80 a3 80 86 80 9d 80 7f 80
 write   18 -  0010: 19 6a

  read    4 -  0000: a0 06 00 a6

  read    6 -  0000: b0 03 00 34 01 c2

 Goodix>>> to set state to DEVICE_ENABLE
 Goodix>>> to set state from 3 to 1
 Goodix>>> ******** to Register CaptureFramedone for capture a frame ********
 Goodix>>> exit
 Goodix>>> enter
 Goodix>>> UNLOCK to clear pov data right away
 Goodix>>> no pov data
 Goodix>>> not support PBA.
 Goodix>>> entry
 Goodix>>> exit
 Goodix>>> entry
 Goodix>>> activate 0
 Goodix>>> last OnActivate done.
 Goodix>>> exit
 Goodix>>> recvd data cmd-len: 0x34-17
 Goodix>>> --- cmd: fdt
 Goodix>>> IrqStatus:0x200 cmd1 2
 Goodix>>> IRQ for fdt-up, get fdt-down base, current mode is fdt-up, touchflag 0x0
 Goodix>>> received fdt base::0x5f0186014c0170014f016f01
 Goodix>>> fdt base:0x5f0186014c0170014f016f01
:0xaf80
:0xc380
:0xa680
:0xb880
:0xa780
:0xb780
 Goodix>>> receive fdt up or reset... 0x2, 2UP,9Reset, temp occure 0, base_is_valid 1
  read    4 -  0000: a0 14 00 b4

  read   20 -  0000: 34 11 00 00 02 00 00 5f 01 86 01 4c 01 70 01 4f
  read   20 -  0010: 01 6f 01 fe
 Goodix>>> target state: 4, power action: 0
 Goodix>>> no pov data
 Goodix>>> enter
 Goodix>>> suspend all
 Goodix>>> enter S0 idle
