[0211-10:09:20:631][info][InitLogOutput:00300] Goodix>>> WBDI Build Apr 22 2022 16:33:55, LogTarget 1, LogLevel 9, LogPath C:\ProgramData\Goodix\WBDI.log, driver version 1.1.142.8
[0211-10:09:20:632][debug][GetPowerInformation:00422] Goodix>>> PowerCapability::0x01010100000001010101010000010000000001000100020100000000000001000000000000000000000000000000000000000000000000000000000000000000050000000000000000000000
[0211-10:09:20:632][debug][GetPowerInformation:00424] Goodix>>> supports Modern Standby: Yes
[0211-10:09:20:632][info][DriverEntry:00116] Goodix>>> Driver Entry Morndern Standby, config: log  1 9, dump 1, firm_up 1, key_sim 0, hlk 0 s0idle 1, submit_delay 1, af 0 0, nav 0, choose 1 1, retry 1
[0211-10:09:20:633][debug][DriverEntry:00136] Goodix>>> before WdfDriverCreate
[0211-10:09:20:634][debug][StartSessionDetection:00200] Goodix>>> session thread enter
[0211-10:09:20:634][info][DriverEntry:00153] Goodix>>> exit WBVer 16
[0211-10:09:20:634][info][PowerNotificationCallback:00454] Goodix>>> display state 0x1(0x2-dim/0x1-on/0x0-off)
[0211-10:09:20:635][debug][milanFusbEvtDeviceAdd:00185] Goodix>>> Entry
[0211-10:09:20:635][info][milanFusbCreateDevice:02064] Goodix>>> enter
[0211-10:09:20:636][info][GetCurrentFingerprintHardwareID:01855] Goodix>>> enter
[0211-10:09:20:636][info][GetCurrentFingerprintHardwareID:01877] Goodix>>> HardwareID: ACPI\VEN_GDIX&DEV_51C0
[0211-10:09:20:636][warn][GetCurrentFingerprintHardwareID:01986] Goodix>>> HardwareID not match
[0211-10:09:20:636][info][GetCurrentFingerprintHardwareID:01877] Goodix>>> HardwareID: ACPI\GDIX51C0
[0211-10:09:20:636][info][GetCurrentFingerprintHardwareID:02001] Goodix>>> HardwareID match for product 18, ACPI\GDIX51C0
[0211-10:09:20:636][debug][milanFusbCreateDevice:02116] Goodix>>> to support disable and enable
[0211-10:09:20:636][debug][milanFusbCreateDevice:02126] Goodix>>> support S0Idle
[0211-10:09:20:636][info][milanFusbCreateDevice:02165] Goodix>>> support DFx on MS system
[0211-10:09:20:636][debug][milanFusbCreateDevice:02169] Goodix>>> S0Idle: 10s, switch 0
[0211-10:09:20:637][info][milanFusbCreateDevice:02249] Goodix>>> Interrupt created, to set interrupt priority
[0211-10:09:20:638][info][milanFusbQueueInitialize:00092] Goodix>>> PowerManaged:TRUE
[0211-10:09:20:638][info][milanFusbCreateDevice:02416] Goodix>>> exit, status: 0x0
[0211-10:09:20:638][debug][milanFusbEvtDeviceAdd:00187] Goodix>>> Exit 0x0
[0211-10:09:20:651][info][MilanEvtDevicePrepareHardware:05187] Goodix>>> enter, driver version:1.1.142.8
[0211-10:09:20:651][debug][MilanEvtDevicePrepareHardware:05204] Goodix>>> resource count: 3
[0211-10:09:20:651][info][MilanEvtDevicePrepareHardware:05228] Goodix>>> gpio.LowPart:6, gpio.HighPart:0
[0211-10:09:20:651][info][MilanEvtDevicePrepareHardware:05327] Goodix>>> gpio-io count: 1, spi count: 1, interrupt count: 1, spi.LowPart:4, spi.HighPart:0
[0211-10:09:20:651][info][SpbPeripheralOpen:00867] Goodix>>> enter, LowPart:4, HighPart:0, DesiredAccess:0x12019f
[0211-10:09:20:652][info][SpbPeripheralOpen:00867] Goodix>>> enter, LowPart:6, HighPart:0, DesiredAccess:0x120116
[0211-10:09:20:652][info][MilanEvtDevicePrepareHardware:05442] Goodix>>> Start to create the target
[0211-10:09:20:652][info][MilanEvtDevicePrepareHardware:05455] Goodix>>> Start to open IO target
[0211-10:09:20:653][info][MilanEvtDevicePrepareHardware:05469] Goodix>>> Open the target success
[0211-10:09:20:653][info][_init_global_hal_context:00554] Goodix>>> enter inital headcount 0x50ad
[0211-10:09:20:654][info][device_data_analyze:03078] Goodix>>> --- start
[0211-10:09:20:659][info][startDataAnalyzeMonitoring:03354] Goodix>>> Resume Thread device_fdtdata_analyze
[0211-10:09:20:659][info][device_fdtdata_analyze:07746] Goodix>>> --- start
[0211-10:09:20:675][info][startfdtDataAnalyzeMonitoring:08065] Goodix>>> Resume fdtdata analyze
[0211-10:09:20:675][info][_init_global_hal_context:00639] Goodix>>> exit 1
[0211-10:09:20:675][debug][MilanEvtDevicePrepareHardware:05491] Goodix>>> exit, status: 0x0, bret:1
[0211-10:09:20:676][info][MilanEvtDeviceD0Entry:04731] Goodix>>> entry, prev state: 5(4-D3,5-D3Final), power action: 0, driver version 1.1.142.8
[0211-10:09:20:676][debug][_StartInitCreaterThread:06477] Goodix>>> enter
[0211-10:09:20:676][info][_StartInitCreaterThread:06502] Goodix>>> to create init creater
[0211-10:09:20:676][debug][_StartInitCreaterThread:06510] Goodix>>> exit
[0211-10:09:20:676][info][MilanEvtDeviceD0Entry:04771] Goodix>>> exit
[0211-10:09:20:676][info][init_creater:06468] Goodix>>> --- start
[0211-10:09:20:676][debug][_StartInitThread:06425] Goodix>>> enter
[0211-10:09:20:677][debug][_StopInitThread:06416] Goodix>>> exit
[0211-10:09:20:677][info][_StartInitThread:06452] Goodix>>> to create init thread
[0211-10:09:20:677][debug][_StartInitThread:06462] Goodix>>> exit
[0211-10:09:20:677][info][InitThread:01359] Goodix>>> --- Init: start
[0211-10:09:20:677][info][InitThread:01398] Goodix>>> Init: pov 1, pba 0, tls-client-server-rebuild-session 1-0-0-0-0, have config 0, device inited 0, base inited 0
[0211-10:09:20:677][debug][SpiSendDataToDevice:03392] Goodix>>> cmd0-cmd1-Len-ackt-ec:0x0-0-0x4-0-0
[0211-10:09:20:677][info][init_creater:06471] Goodix>>> --- exit
[0211-10:09:20:707][debug][SpiSendDataToDevice:03475] Goodix>>> !!not to wait for ack
[0211-10:09:20:723][info][UnlockTlsForce:01327] Goodix>>> force unlock it
[0211-10:09:20:723][debug][SpiSendDataToDevice:03392] Goodix>>> cmd0-cmd1-Len-ackt-ec:0xd-2-0x2-0-0
[0211-10:09:20:739][debug][SpiSendDataToDevice:03475] Goodix>>> !!not to wait for ack
[0211-10:09:20:755][info][GetEvkVersionWithRetry:01514] Goodix>>> Get Evk Version...retry count 3
[0211-10:09:20:755][debug][GetEvkVersion:05982] Goodix>>> enter, project type 18
[0211-10:09:20:755][debug][SpiSendDataToDevice:03392] Goodix>>> cmd0-cmd1-Len-ackt-ec:0x0-0-0x4-0-0
[0211-10:09:20:771][debug][SpiSendDataToDevice:03475] Goodix>>> !!not to wait for ack
[0211-10:09:20:787][debug][SpiSendDataToDevice:03392] Goodix>>> cmd0-cmd1-Len-ackt-ec:0xa-4-0x2-1000-0
[0211-10:09:20:805][debug][data_from_device:04920] Goodix>>> recvd data cmd-len: 0xb0-3
[0211-10:09:20:805][debug][get_msg_data:06260] Goodix>>> get ack for cmd 0xa8, cfg flag 0x7
[0211-10:09:20:805][warn][get_msg_data:06277] Goodix>>> MCU has no config
[0211-10:09:20:806][debug][data_from_device:04920] Goodix>>> recvd data cmd-len: 0xa8-23
[0211-10:09:20:806][debug][data_from_device:05100] Goodix>>> --- cmd: other
[0211-10:09:20:819][info][GetEvkVersion:06001] Goodix>>> got evk version: GF_HC460SEC_APP_14210
[0211-10:09:20:819][debug][_QucikCheckMCU:00876] Goodix>>> DriverState:Install
[0211-10:09:20:819][debug][SetDriverState:00220] Goodix>>> driver type win spi
[0211-10:09:20:819][debug][SpiSendDataToDevice:03392] Goodix>>> cmd0-cmd1-Len-ackt-ec:0x0-0-0x4-0-0
[0211-10:09:20:835][debug][SpiSendDataToDevice:03475] Goodix>>> !!not to wait for ack
[0211-10:09:20:851][debug][SpiSendDataToDevice:03392] Goodix>>> cmd0-cmd1-Len-ackt-ec:0x9-3-0x2-0-0
[0211-10:09:20:867][debug][SpiSendDataToDevice:03475] Goodix>>> !!not to wait for ack
[0211-10:09:20:883][warn][GetMcuState:04101] Goodix>>> mcu-state TIMESTAMP 0x5193
[0211-10:09:20:883][debug][SpiSendDataToDevice:03392] Goodix>>> cmd0-cmd1-Len-ackt-ec:0xa-7-0x5-0-0
[0211-10:09:20:899][debug][SpiSendDataToDevice:03475] Goodix>>> !!not to wait for ack
[0211-10:09:20:900][debug][data_from_device:04920] Goodix>>> recvd data cmd-len: 0xae-23
[0211-10:09:20:900][debug][data_from_device:05100] Goodix>>> --- cmd: other
[0211-10:09:20:900][info][GetMcuState:04178] Goodix>>> pov 1, pba 0, tls-client-server-lock 1-0-0-0, have config 0, pov valid 0
[0211-10:09:20:901][debug][PrintMcuState:04046] Goodix>>> mcu state::0x04003000000000002000000000010000042502000000
[0211-10:09:20:901][info][PrintMcuState:04074] Goodix>>> mcu state: version:4, isPOVImageValid:0, isTlsConnected:0, isTlsUsed:0, isLocked:0, availImgCnt:0, povImgCnt:3
[0211-10:09:20:901][info][PrintMcuState:04076] Goodix>>> mcu state: sensor_data_int_timeout_count:0, image_crc_fail_count:0, povTouchAccidentCnt:0x0, readChipIDCnt:0, sensorExceptionFlag:0, sensorUnexpectedIntCnt:0, to_master_timeout_count:0
[0211-10:09:20:901][info][PrintMcuState:04078] Goodix>>> mcu state: psk_len:32, psk_check_fail:0, psk_write_fail:0, ec_falling_count:0, system_up_stop_cnt:0, system_down_pov_stop_cnt:0, system_up_cleared_pov_count:0
[0211-10:09:20:901][info][PrintMcuState:04080] Goodix>>> mcu state: pov_wake_by_fp:1, pov_wake_by_ec:0, pov_procedure:0x0, config_down_flag:0, sensor_chip_id:0x2504, sensor_type:2, pov_capture_count:0, normal_capture_count:0, otp_mcu_check_status:0x0
[0211-10:09:20:901][info][InitThread:01422] Goodix>>> tls not alive
[0211-10:09:20:902][warn][InitThread:01432] Goodix>>> ensure tls handshake will be done 0
[0211-10:09:20:902][info][InitThread:01457] Goodix>>> Init: pov 1, pba 0, tls-client-server-rebuild-session 1-0-0-0-0, have config 0, device inited 0, base inited 0, d0exit 0
[0211-10:09:20:902][info][_DeviceInit:00900] Goodix>>> ---- enter
[0211-10:09:20:902][info][_DeviceInit:00911] Goodix>>> [BEGIN] _DeviceInit
[0211-10:09:20:902][debug][set_state:00872] Goodix>>> to set state from 0 to 1
[0211-10:09:20:903][info][ReadBiosTmlTableFromFile:03378] Goodix>>> Not support PBA.
[0211-10:09:20:903][debug][device_action:04222] Goodix>>> to set state to DEVICE_ACTION
[0211-10:09:20:903][debug][set_state:00872] Goodix>>> to set state from 1 to 3
[0211-10:09:20:904][debug][device_action:04377] Goodix>>> besdenable:0
[0211-10:09:20:904][debug][device_action:04408] Goodix>>> to set state to DEVICE_ENABLE
[0211-10:09:20:904][debug][set_state:00872] Goodix>>> to set state from 3 to 1
[0211-10:09:20:904][info][init_MCU:01570] Goodix>>> enter, project 18, tls 1, firmware update 1, simulation 0, retry count 3
[0211-10:09:20:904][info][GetEvkVersionWithRetry:01514] Goodix>>> Get Evk Version...retry count 3
[0211-10:09:20:904][debug][GetEvkVersion:05982] Goodix>>> enter, project type 18
[0211-10:09:20:905][debug][SpiSendDataToDevice:03392] Goodix>>> cmd0-cmd1-Len-ackt-ec:0x0-0-0x4-0-0
[0211-10:09:20:915][debug][SpiSendDataToDevice:03475] Goodix>>> !!not to wait for ack
[0211-10:09:20:930][debug][SpiSendDataToDevice:03392] Goodix>>> cmd0-cmd1-Len-ackt-ec:0xa-4-0x2-1000-0
[0211-10:09:20:947][debug][data_from_device:04920] Goodix>>> recvd data cmd-len: 0xb0-3
[0211-10:09:20:947][debug][get_msg_data:06260] Goodix>>> get ack for cmd 0xa8, cfg flag 0x7
[0211-10:09:20:948][warn][get_msg_data:06277] Goodix>>> MCU has no config
[0211-10:09:20:949][debug][data_from_device:04920] Goodix>>> recvd data cmd-len: 0xa8-23
[0211-10:09:20:949][debug][data_from_device:05100] Goodix>>> --- cmd: other
[0211-10:09:20:962][info][GetEvkVersion:06001] Goodix>>> got evk version: GF_HC460SEC_APP_14210
[0211-10:09:20:963][info][init_MCU:01740] Goodix>>> !!!REE SPI MCU:Update firmware
[0211-10:09:20:963][error][init_MCU:01743] Goodix>>> !!!Update HDSC firmware
[0211-10:09:20:963][info][gdx_UpdateFirmware_LockState:01928] Goodix>>> => update switch 1
[0211-10:09:20:963][debug][gdx_UpdateFirmware_LockState:01936] Goodix>>> current state is 1, to set state to DEVICE_UPDATE
[0211-10:09:20:963][debug][set_state:00872] Goodix>>> to set state from 1 to 4
[0211-10:09:20:963][debug][gfUpdatefirmware:01971] Goodix>>> CONFIG DATA: retry_count_for_common_init 3
[0211-10:09:20:963][info][gfUpdatefirmware:01991] Goodix>>> Nowversion len21 :GF_HC460SEC_APP_14210, firmwareLen=109514, UpdateByDriver=1
[0211-10:09:20:963][info][gfUpdatefirmware:01992] Goodix>>> Current MCU Version: GF_HC460SEC_APP_14210
[0211-10:09:20:963][info][gf_findAPPOrIAP:08142] Goodix>>> Not Find :IAP
[0211-10:09:20:963][info][gfUpdatefirmware:01999] Goodix>>> MCU not runs IAP
[0211-10:09:20:963][info][gfUpdatefirmware:02002] Goodix>>> Driver auto update firmware
[0211-10:09:20:964][info][gf_compareVersionNum:08164] Goodix>>> Current MCU Version GF_HC460SEC_APP_14210, Version in Driver GF_HC460SEC_APP_14210
[0211-10:09:20:964][info][gfUpdatefirmware:02005] Goodix>>> the same version, no need to update firmware
[0211-10:09:20:964][debug][gfUpdatefirmware:02097] Goodix>>> exit 0x1
[0211-10:09:20:964][debug][gdx_UpdateFirmware_LockState:01948] Goodix>>> to restore, to set state to 1
[0211-10:09:20:965][debug][set_state:00872] Goodix>>> to set state from 4 to 1
[0211-10:09:20:965][info][gdx_UpdateFirmware_LockState:01954] Goodix>>> <= with 0x1.
[0211-10:09:20:965][info][init_MCU:01758] Goodix>>> update firmware result 1
[0211-10:09:20:966][info][gf_findAPPOrIAP:08138] Goodix>>> Find :APP
[0211-10:09:20:966][debug][init_MCU:01792] Goodix>>> production process...
[0211-10:09:20:966][debug][production_psk_process:01927] Goodix>>> Entry
[0211-10:09:20:967][debug][production_psk_process:01936] Goodix>>> . check psk if valid (total times:2)
[0211-10:09:20:967][debug][production_psk_process:01939] Goodix>>> check psk times: 1
[0211-10:09:20:967][debug][production_check_psk_is_valid:02862] Goodix>>> entry
[0211-10:09:20:967][debug][production_check_psk_is_valid:02887] Goodix>>> 1.get host hash
[0211-10:09:20:968][debug][production_get_host_psk_data:02703] Goodix>>> entry
[0211-10:09:20:968][debug][production_get_host_psk_data:02733] Goodix>>> .get seal data
[0211-10:09:20:969][debug][production_get_host_psk_data:02738] Goodix>>> read 332 bytes
[0211-10:09:20:969][info][generate_entropy2:02094] Goodix>>> generate rootkey
[0211-10:09:20:970][info][gf_unseal_data:00102] Goodix>>> inbuf_len 324, entropy_len 48, len_out 32
[0211-10:09:20:971][debug][gf_unseal_data:00129] Goodix>>> The decryption phase worked, 324, 32
[0211-10:09:20:971][debug][production_get_host_psk_data:02764] Goodix>>> unseal return 0x0 length before 324, length after:32
[0211-10:09:20:971][debug][production_get_host_psk_data:02827] Goodix>>> .wb data
[0211-10:09:20:972][debug][production_get_host_psk_data:02829] Goodix>>> wb return 0x0 length before 32, length after:102
[0211-10:09:20:972][debug][production_get_host_psk_data:02838] Goodix>>> .hash
[0211-10:09:20:973][debug][production_get_host_psk_data:02845] Goodix>>> hash return 0x0 length before 102, length after:32
[0211-10:09:20:973][debug][production_get_host_psk_data:02854] Goodix>>> exit with 0x0
[0211-10:09:20:973][debug][production_check_psk_is_valid:02889] Goodix>>> ret 0x0, psk len 32, hash len 32, seal len 332, data from file flag 1
[0211-10:09:20:974][debug][production_check_psk_is_valid:02897] Goodix>>> 2.get mcu hash
[0211-10:09:20:974][debug][production_read_specific_data:02942] Goodix>>> Entry
[0211-10:09:20:974][debug][production_read_specific_data:02956] Goodix>>> 0.read specific data_type 0xbb020003
[0211-10:09:20:974][debug][production_read_specific_data:02961] Goodix>>> 2.read data from mcu
[0211-10:09:20:974][debug][production_read_mcu:02349] Goodix>>> Entry
[0211-10:09:20:975][debug][production_read_mcu:02360] Goodix>>> 1.SpiSendDataToDeviceLock
[0211-10:09:20:975][debug][SpiSendDataToDevice:03392] Goodix>>> cmd0-cmd1-Len-ackt-ec:0xe-2-0x8-1000-0
[0211-10:09:20:979][debug][data_from_device:04920] Goodix>>> recvd data cmd-len: 0xb0-3
[0211-10:09:20:979][debug][get_msg_data:06260] Goodix>>> get ack for cmd 0xe4, cfg flag 0x7
[0211-10:09:20:980][warn][get_msg_data:06277] Goodix>>> MCU has no config
[0211-10:09:20:981][debug][data_from_device:04920] Goodix>>> recvd data cmd-len: 0xe4-42
[0211-10:09:20:981][debug][data_from_device:05201] Goodix>>> --- Received production response
[0211-10:09:20:981][debug][data_from_device:05205] Goodix>>> production response pure data length=41
[0211-10:09:20:994][debug][production_read_mcu:02375] Goodix>>> 2.parse return data
[0211-10:09:20:994][info][production_read_mcu:02380] Goodix>>> return data, len_payload_mcu  41 bytes, passed 2048 bytes, result 0.
[0211-10:09:20:994][debug][production_read_mcu:02402] Goodix>>> read from mcu done, copy 40 bytes back
[0211-10:09:20:994][debug][production_read_mcu:02418] Goodix>>> Exit ret:0x0.
[0211-10:09:20:995][debug][production_read_specific_data:02964] Goodix>>> read data from mcu ret:0x0, length: 40
[0211-10:09:20:995][debug][production_read_specific_data:02980] Goodix>>> Exit with 0x0
[0211-10:09:20:995][debug][production_check_psk_is_valid:02900] Goodix>>> get mcu hash, ret 0x0, len 32
[0211-10:09:20:996][debug][production_check_psk_is_valid:02909] Goodix>>> 3.verify
[0211-10:09:20:996][info][production_check_psk_is_valid:02921] Goodix>>> !!!hash equal !!!
[0211-10:09:20:996][debug][production_check_psk_is_valid:02935] Goodix>>> exit with 0x0
[0211-10:09:20:997][debug][production_psk_process:01947] Goodix>>> check psk: psk is valid!
[0211-10:09:20:997][debug][production_psk_process:01981] Goodix>>> Exit ret:0x0
[0211-10:09:20:997][info][init_MCU:01803] Goodix>>> Production Process...Success!
[0211-10:09:20:997][info][init_MCU:01810] Goodix>>> exit return 0x0, inited 1
[0211-10:09:20:997][info][init_FPSensor:01170] Goodix>>> enter
[0211-10:09:20:997][info][init_FPSensor:01190] Goodix>>> --- to get CHIP ID
[0211-10:09:20:997][debug][init_FPSensor:01191] Goodix>>> --- SetIdle
[0211-10:09:20:997][debug][gfresetMCUAndfingerprint:06383] Goodix>>> reset sensor
[0211-10:09:20:998][debug][gfresetMCUAndfingerprint:06393] Goodix>>> reset device, reset_flag 1
[0211-10:09:20:998][debug][SpiSendDataToDevice:03392] Goodix>>> cmd0-cmd1-Len-ackt-ec:0xa-1-0x2-1000-0
[0211-10:09:21:011][debug][data_from_device:04920] Goodix>>> recvd data cmd-len: 0xb0-3
[0211-10:09:21:011][debug][get_msg_data:06260] Goodix>>> get ack for cmd 0xa2, cfg flag 0x7
[0211-10:09:21:011][warn][get_msg_data:06277] Goodix>>> MCU has no config
[0211-10:09:21:054][debug][data_from_device:04920] Goodix>>> recvd data cmd-len: 0xa2-4
[0211-10:09:21:054][debug][data_from_device:05100] Goodix>>> --- cmd: other
[0211-10:09:21:055][debug][get_other_data:06094] Goodix>>> CHIP_RESET::0x010008
[0211-10:09:21:057][debug][init_FPSensor:01198] Goodix>>> --- MILAN_CHIPID
[0211-10:09:21:058][debug][SpiSendDataToDevice:03392] Goodix>>> cmd0-cmd1-Len-ackt-ec:0x8-1-0x5-1000-0
[0211-10:09:21:074][debug][data_from_device:04920] Goodix>>> recvd data cmd-len: 0xb0-3
[0211-10:09:21:074][debug][get_msg_data:06260] Goodix>>> get ack for cmd 0x82, cfg flag 0x7
[0211-10:09:21:074][warn][get_msg_data:06277] Goodix>>> MCU has no config
[0211-10:09:21:075][debug][data_from_device:04920] Goodix>>> recvd data cmd-len: 0x82-5
[0211-10:09:21:076][debug][data_from_device:05037] Goodix>>> --- cmd: regrw
[0211-10:09:21:089][info][init_FPSensor:01216] Goodix>>> Get Chip ID: 0x2504
[0211-10:09:21:090][info][device_enable_init_by_chip:02739] Goodix>>> enter
[0211-10:09:21:090][info][device_enable_init_by_chip:02756] Goodix>>> to init device by chipid 0x2504
[0211-10:09:21:090][info][device_enable_init_by_chip:02776] Goodix>>> !!!! to Open ChicagoHS, sensor type: 12
[0211-10:09:21:090][info][device_enable_init_by_chip:02814] Goodix>>> sensor info ready, chipid:0x2504, sensorType:12, col:80, row:64
[0211-10:09:21:090][debug][InitOneKeyImgBuffer:00123] Goodix>>> Index 1 buffer address:0x000001EE1E1887F0
[0211-10:09:21:090][debug][InitOneKeyImgBuffer:00123] Goodix>>> Index 2 buffer address:0x000001EE1E18B000
[0211-10:09:21:090][debug][InitOneKeyImgBuffer:00123] Goodix>>> Index 3 buffer address:0x000001EE1E18D810
[0211-10:09:21:090][debug][InitOneKeyImgBuffer:00123] Goodix>>> Index 4 buffer address:0x000001EE1E190020
[0211-10:09:21:090][info][device_enable_init_by_chip:02889] Goodix>>> exit 1
[0211-10:09:21:090][info][init_FPSensor:01234] Goodix>>> Get Chip ID: 0x2504 in 0 try
[0211-10:09:21:090][debug][device_action:04222] Goodix>>> to set state to DEVICE_ACTION
[0211-10:09:21:090][debug][set_state:00872] Goodix>>> to set state from 1 to 3
[0211-10:09:21:091][debug][SpiSendDataToDevice:03392] Goodix>>> cmd0-cmd1-Len-ackt-ec:0xa-3-0x2-1000-0
[0211-10:09:21:106][debug][data_from_device:04920] Goodix>>> recvd data cmd-len: 0xb0-3
[0211-10:09:21:106][debug][get_msg_data:06260] Goodix>>> get ack for cmd 0xa6, cfg flag 0x7
[0211-10:09:21:106][warn][get_msg_data:06277] Goodix>>> MCU has no config
[0211-10:09:21:128][debug][data_from_device:04920] Goodix>>> recvd data cmd-len: 0xa6-65
[0211-10:09:21:128][debug][data_from_device:05100] Goodix>>> --- cmd: other
[0211-10:09:21:129][debug][device_action:04408] Goodix>>> to set state to DEVICE_ENABLE
[0211-10:09:21:129][debug][set_state:00872] Goodix>>> to set state from 3 to 1
[0211-10:09:21:129][debug][init_FPSensor:01266] Goodix>>> Got sensor OTP::0x5334303636362e000a7d82b372a0460a5107050e7d4b172741029a0cf1807f0c07813038e480ddfc0abebb4401bbb3b5b3b3b3b5b3b34133e41bdd220cf017db
[0211-10:09:21:129][info][init_FPSensor:01274] Goodix>>> Success to get OTP data
[0211-10:09:21:129][debug][device_action:04222] Goodix>>> to set state to DEVICE_ACTION
[0211-10:09:21:129][debug][set_state:00872] Goodix>>> to set state from 1 to 3
[0211-10:09:21:129][debug][ChicagoHU_check_and_parse_otp:01338] Goodix>>> enter, OTP size 64, internal tcode adjust 0, default tcode 128, default fdt delta 21
[0211-10:09:21:130][info][ChicagoHU_check_and_parse_otp:01341] Goodix>>> read 64 bytes from C:\ProgramData\Goodix\goodix.dat
[0211-10:09:21:131][debug][ChicagoHU_check_and_parse_otp:01342] Goodix>>> got file OTP::0x5334303636362e000a7d82b372a0460a5107050e7d4b172741029a0cf1807f0c07813038e480ddfc0abebb4401bbb3b5b3b3b3b5b3b34133e41bdd220cf017db
[0211-10:09:21:131][info][ChicagoHU_check_and_parse_otp:01347] Goodix>>> the same OTP in file and from FP
[0211-10:09:21:131][debug][ChicagoHU_OTP_CRC_Check:01110] Goodix>>> entry
[0211-10:09:21:131][debug][ChicagoHU_OTP_CRC_Check:01132] Goodix>>> cp check CRC=12, chip cp CRC=12
[0211-10:09:21:131][debug][ChicagoHU_OTP_CRC_Check:01158] Goodix>>> ft check CRC=240, chip ft CRC=240
[0211-10:09:21:131][debug][ChicagoHU_OTP_CRC_Check:01182] Goodix>>> mt check CRC=219, chip mt CRC=219
[0211-10:09:21:131][debug][ChicagoHU_OTP_DAC_Check:01204] Goodix>>> entry
[0211-10:09:21:132][debug][ChicagoHU_OTP_DAC_Check:01227] Goodix>>> ft dac crc check CRC=23, otp CRC=23
[0211-10:09:21:132][debug][ChicagoHU_check_otp:00160] Goodix>>> from otp dac 0xb38, dac1 0xb5, dac2 0xb3, dac3 0xb3
[0211-10:09:21:132][info][modify_sensor_config:00424] Goodix>>> reg 0x0220, before update: 0x0808, after update:0x0b38 (0x0b38: 0xb|0x38)
[0211-10:09:21:132][info][modify_sensor_config:00424] Goodix>>> reg 0x0236, before update: 0x0080, after update:0x00b5 (0x00b5: 0x0|0xb5)
[0211-10:09:21:132][info][modify_sensor_config:00424] Goodix>>> reg 0x0238, before update: 0x0080, after update:0x00b3 (0x00b3: 0x0|0xb3)
[0211-10:09:21:133][info][modify_sensor_config:00424] Goodix>>> reg 0x023a, before update: 0x0080, after update:0x00b3 (0x00b3: 0x0|0xb3)
[0211-10:09:21:133][debug][ChicagoHU_check_and_parse_otp:01366] Goodix>>> USED OTP::0x5334303636362e000a7d82b372a0460a5107050e7d4b172741029a0cf1807f0c07813038e480ddfc0abebb4401bbb3b5b3b3b3b5b3b34133e41bdd220cf017db
[0211-10:09:21:133][info][modify_sensor_config:00424] Goodix>>> reg 0x005c, before update: 0x0180, after update:0x0100 (0x0100: 0x1|0x0)
[0211-10:09:21:133][info][modify_sensor_config:00424] Goodix>>> reg 0x0082, before update: 0x1580, after update:0x1b80 (0x1b00: 0x1b|0x0)
[0211-10:09:21:133][info][ChicagoHU_check_and_parse_otp:01426] Goodix>>> OTP tcode 256, fdt delta 27
[0211-10:09:21:133][debug][ChicagoHU_check_and_parse_otp:01458] Goodix>>> fdtOffset:0x0
[0211-10:09:21:133][debug][device_action:04408] Goodix>>> to set state to DEVICE_ENABLE
[0211-10:09:21:133][debug][set_state:00872] Goodix>>> to set state from 3 to 1
[0211-10:09:21:134][info][init_FPSensor:01279] Goodix>>> FDT_Init, sensortype: 12, fdt_delta:27, tcode:256
[0211-10:09:21:134][debug][device_action:04222] Goodix>>> to set state to DEVICE_ACTION
[0211-10:09:21:134][debug][set_state:00872] Goodix>>> to set state from 1 to 3
[0211-10:09:21:134][debug][gf_download_config:06474] Goodix>>> enter
[0211-10:09:21:134][debug][gfresetMCUAndfingerprint:06383] Goodix>>> reset sensor
[0211-10:09:21:134][debug][gfresetMCUAndfingerprint:06393] Goodix>>> reset device, reset_flag 1
[0211-10:09:21:134][debug][SpiSendDataToDevice:03392] Goodix>>> cmd0-cmd1-Len-ackt-ec:0xa-1-0x2-1000-0
[0211-10:09:21:153][debug][data_from_device:04920] Goodix>>> recvd data cmd-len: 0xb0-3
[0211-10:09:21:154][debug][get_msg_data:06260] Goodix>>> get ack for cmd 0xa2, cfg flag 0x7
[0211-10:09:21:154][warn][get_msg_data:06277] Goodix>>> MCU has no config
[0211-10:09:21:197][debug][data_from_device:04920] Goodix>>> recvd data cmd-len: 0xa2-4
[0211-10:09:21:197][debug][data_from_device:05100] Goodix>>> --- cmd: other
[0211-10:09:21:197][debug][get_other_data:06094] Goodix>>> CHIP_RESET::0x010008
[0211-10:09:21:197][info][ChicagoHUSetMode:00541] Goodix>>> enter, Mode 7, Type 0, base_type 0
[0211-10:09:21:197][info][ChicagoHUSetMode:00652] Goodix>>> setmode: idle
[0211-10:09:21:197][debug][SpiSendDataToDevice:03392] Goodix>>> cmd0-cmd1-Len-ackt-ec:0x7-0-0x2-1000-0
[0211-10:09:21:216][debug][data_from_device:04920] Goodix>>> recvd data cmd-len: 0xb0-3
[0211-10:09:21:217][debug][get_msg_data:06260] Goodix>>> get ack for cmd 0x70, cfg flag 0x7
[0211-10:09:21:217][warn][get_msg_data:06277] Goodix>>> MCU has no config
[0211-10:09:21:231][debug][ChicagoHUsetDac:00419] Goodix>>> Dac sent::0x380bb500b300b300
[0211-10:09:21:231][debug][SpiSendDataToDevice:03392] Goodix>>> cmd0-cmd1-Len-ackt-ec:0x9-4-0x8-1000-0
[0211-10:09:21:250][debug][data_from_device:04920] Goodix>>> recvd data cmd-len: 0xb0-3
[0211-10:09:21:250][debug][get_msg_data:06260] Goodix>>> get ack for cmd 0x98, cfg flag 0x7
[0211-10:09:21:250][warn][get_msg_data:06277] Goodix>>> MCU has no config
[0211-10:09:21:252][debug][data_from_device:04920] Goodix>>> recvd data cmd-len: 0x98-3
[0211-10:09:21:263][debug][ChicagoHUsetDac:00451] Goodix>>> wrote down dac 0xb38, dac1 0xb5,dac2 0xb3, dac3 0xb3
[0211-10:09:21:279][debug][SpiSendDataToDevice:03392] Goodix>>> cmd0-cmd1-Len-ackt-ec:0x9-0-0xe0-1000-0
[0211-10:09:21:296][debug][data_from_device:04920] Goodix>>> recvd data cmd-len: 0xb0-3
[0211-10:09:21:297][debug][get_msg_data:06260] Goodix>>> get ack for cmd 0x90, cfg flag 0x7
[0211-10:09:21:297][warn][get_msg_data:06277] Goodix>>> MCU has no config
[0211-10:09:21:299][debug][data_from_device:04920] Goodix>>> recvd data cmd-len: 0x90-3
[0211-10:09:21:311][debug][gf_download_config:06492] Goodix>>> exit, ret 1
[0211-10:09:21:311][debug][device_action:04408] Goodix>>> to set state to DEVICE_ENABLE
[0211-10:09:21:311][debug][set_state:00872] Goodix>>> to set state from 3 to 1
[0211-10:09:21:312][info][init_FPSensor:01282] Goodix>>> OTP data valid, download config 1
[0211-10:09:21:312][info][init_FPSensor:01291] Goodix>>> otp_valid 1, have config 1
[0211-10:09:21:312][info][init_FPSensor:01393] Goodix>>> exit return 1, inited 1
[0211-10:09:21:313][debug][device_action:04222] Goodix>>> to set state to DEVICE_ACTION
[0211-10:09:21:313][debug][set_state:00872] Goodix>>> to set state from 1 to 3
[0211-10:09:21:313][debug][device_action:04377] Goodix>>> besdenable:1
[0211-10:09:21:313][debug][device_action:04408] Goodix>>> to set state to DEVICE_ENABLE
[0211-10:09:21:314][debug][set_state:00872] Goodix>>> to set state from 3 to 1
[0211-10:09:21:314][info][_DeviceInit:00949] Goodix>>> Init Device Done Successfully
[0211-10:09:21:314][info][InitThread:01483] Goodix>>> Init Device Success
[0211-10:09:21:314][info][InitThread:01511] Goodix>>> tls handshake flag is marked to false
[0211-10:09:21:314][info][_TlsInitAndHandShake:00974] Goodix>>> ---- enter
[0211-10:09:21:314][debug][_TlsInitAndHandShake:00991] Goodix>>> CONFIG DATA: time_wait_for_tls 1100, time_wait_for_pov 2000
[0211-10:09:21:314][info][tlsapp_init_tls_state:00127] Goodix>>> enter
[0211-10:09:21:315][info][_TlsInitAndHandShake:01015] Goodix>>> tls init...
[0211-10:09:21:315][info][tlsapp_tls_server_init:00269] Goodix>>> enter 32
[0211-10:09:21:315][info][tlslib_server_init:00384] Goodix>>> => tlslib_server_init
[0211-10:09:21:315][info][tlslib_server_exit:00509] Goodix>>> => tlslib_server_exit.
[0211-10:09:21:316][info][tlslib_server_exit:00524] Goodix>>> <= tlslib_server_exit.
[0211-10:09:21:317][info][tlslib_server_init:00479] Goodix>>>  <= tlslib_server_init [Successfully] ret:0
[0211-10:09:21:317][info][tlsapp_tls_server_init:00294] Goodix>>> exit with ret:0
[0211-10:09:21:317][info][TLSServerInit:00785] Goodix>>> TLS Init Success, Set tls inited to TRUE
[0211-10:09:21:317][debug][SpiSendDataToDevice:03392] Goodix>>> cmd0-cmd1-Len-ackt-ec:0xd-0-0x2-0-0
[0211-10:09:21:327][debug][SpiSendDataToDevice:03475] Goodix>>> !!not to wait for ack
[0211-10:09:21:329][debug][MilanEvtInterruptWorkItem:05895] Goodix>>> enter
[0211-10:09:21:329][debug][MilanEvtInterruptWorkItem:05951] Goodix>>>  ---- pack len: 52
[0211-10:09:21:329][debug][process_tls_data:05125] Goodix>>> enter
[0211-10:09:21:329][debug][process_tls_data:05131] Goodix>>> tls handshake package, state: 0
[0211-10:09:21:330][info][tlslib_mbedtls_debug_print:00168] Goodix>>> TLS LOG: => read
[0211-10:09:21:330][info][tlslib_mbedtls_debug_print:00168] Goodix>>> TLS LOG: => handshake
[0211-10:09:21:330][info][tlslib_mbedtls_debug_print:00168] Goodix>>> TLS LOG: server state: 0
[0211-10:09:21:330][info][tlslib_mbedtls_debug_print:00168] Goodix>>> TLS LOG: => flush output
[0211-10:09:21:331][info][tlslib_mbedtls_debug_print:00168] Goodix>>> TLS LOG: <= flush output
[0211-10:09:21:331][info][tlslib_mbedtls_debug_print:00168] Goodix>>> TLS LOG: server state: 1
[0211-10:09:21:331][info][tlslib_mbedtls_debug_print:00168] Goodix>>> TLS LOG: => flush output
[0211-10:09:21:331][info][tlslib_mbedtls_debug_print:00168] Goodix>>> TLS LOG: <= flush output
[0211-10:09:21:332][info][tlslib_mbedtls_debug_print:00168] Goodix>>> TLS LOG: => parse client hello
[0211-10:09:21:332][info][tlslib_mbedtls_debug_print:00168] Goodix>>> TLS LOG: => fetch input
[0211-10:09:21:332][info][tlslib_mbedtls_debug_print:00168] Goodix>>> TLS LOG: in_left: 0, nb_want: 5
[0211-10:09:21:332][info][tls_callback_recv:00158] Goodix>>> enter, tls inited 1
[0211-10:09:21:333][info][RecvTLSPackage:06635] Goodix>>> bytes to read: 5, bytes left: 52
[0211-10:09:21:333][info][RecvTLSPackage:06650] Goodix>>> bytes read: 5, bytes left: 47
[0211-10:09:21:333][info][tls_callback_recv:00165] Goodix>>> recv ret:5.
[0211-10:09:21:333][info][tlslib_mbedtls_debug_print:00168] Goodix>>> TLS LOG: in_left: 0, nb_want: 5
[0211-10:09:21:334][info][tlslib_mbedtls_debug_print:00168] Goodix>>> TLS LOG: ssl->f_recv(_timeout)() returned 5 (-0xfffffffb)
[0211-10:09:21:334][info][tlslib_mbedtls_debug_print:00168] Goodix>>> TLS LOG: <= fetch input
[0211-10:09:21:334][info][tlslib_mbedtls_debug_print:00168] Goodix>>> TLS LOG: => fetch input
[0211-10:09:21:334][info][tlslib_mbedtls_debug_print:00168] Goodix>>> TLS LOG: in_left: 5, nb_want: 52
[0211-10:09:21:335][info][tls_callback_recv:00158] Goodix>>> enter, tls inited 1
[0211-10:09:21:335][info][RecvTLSPackage:06635] Goodix>>> bytes to read: 47, bytes left: 47
[0211-10:09:21:335][info][RecvTLSPackage:06650] Goodix>>> bytes read: 47, bytes left: 0
[0211-10:09:21:335][info][tls_callback_recv:00165] Goodix>>> recv ret:47.
[0211-10:09:21:335][info][tlslib_mbedtls_debug_print:00168] Goodix>>> TLS LOG: in_left: 5, nb_want: 52
[0211-10:09:21:335][info][tlslib_mbedtls_debug_print:00168] Goodix>>> TLS LOG: ssl->f_recv(_timeout)() returned 47 (-0xffffffd1)
[0211-10:09:21:336][info][tlslib_mbedtls_debug_print:00168] Goodix>>> TLS LOG: <= fetch input
[0211-10:09:21:336][info][tlslib_mbedtls_debug_print:00168] Goodix>>> TLS LOG: selected ciphersuite: TLS-PSK-WITH-AES-128-GCM-SHA256
[0211-10:09:21:336][info][tlslib_mbedtls_debug_print:00168] Goodix>>> TLS LOG: <= parse client hello
[0211-10:09:21:336][info][tlslib_mbedtls_debug_print:00168] Goodix>>> TLS LOG: server state: 2
[0211-10:09:21:336][info][tlslib_mbedtls_debug_print:00168] Goodix>>> TLS LOG: => flush output
[0211-10:09:21:336][info][tlslib_mbedtls_debug_print:00168] Goodix>>> TLS LOG: <= flush output
[0211-10:09:21:336][info][tlslib_mbedtls_debug_print:00168] Goodix>>> TLS LOG: => write server hello
[0211-10:09:21:336][info][tlslib_mbedtls_debug_print:00168] Goodix>>> TLS LOG: => write handshake message
[0211-10:09:21:337][info][tlslib_mbedtls_debug_print:00168] Goodix>>> TLS LOG: => write record
[0211-10:09:21:337][info][tlslib_mbedtls_debug_print:00168] Goodix>>> TLS LOG: => flush output
[0211-10:09:21:337][info][tlslib_mbedtls_debug_print:00168] Goodix>>> TLS LOG: message length: 86, out_left: 86
[0211-10:09:21:337][info][tls_callback_send:00186] Goodix>>> enter, tls inited 1
[0211-10:09:21:337][info][SendTLSPackage:06572] Goodix>>> SENT DATA LEN: 86, 90
[0211-10:09:21:343][info][_TlsInitAndHandShake:01065] Goodix>>> tls init...done within 31ms, system slow index 2, time for checking tls-hand-shake 1100ms, time_tls_handshake:2200
[0211-10:09:21:359][debug][SendTLSPackage:06624] Goodix>>> exit len 86
[0211-10:09:21:359][fatal][tls_callback_send:00193] Goodix>>> sent ret:86.
[0211-10:09:21:359][info][tlslib_mbedtls_debug_print:00168] Goodix>>> TLS LOG: ssl->f_send() returned 86 (-0xffffffaa)
[0211-10:09:21:359][info][tlslib_mbedtls_debug_print:00168] Goodix>>> TLS LOG: <= flush output
[0211-10:09:21:360][info][tlslib_mbedtls_debug_print:00168] Goodix>>> TLS LOG: <= write record
[0211-10:09:21:360][info][tlslib_mbedtls_debug_print:00168] Goodix>>> TLS LOG: <= write handshake message
[0211-10:09:21:360][info][tlslib_mbedtls_debug_print:00168] Goodix>>> TLS LOG: <= write server hello
[0211-10:09:21:360][info][tlslib_mbedtls_debug_print:00168] Goodix>>> TLS LOG: server state: 3
[0211-10:09:21:360][info][tlslib_mbedtls_debug_print:00168] Goodix>>> TLS LOG: => flush output
[0211-10:09:21:361][info][tlslib_mbedtls_debug_print:00168] Goodix>>> TLS LOG: <= flush output
[0211-10:09:21:361][info][tlslib_mbedtls_debug_print:00168] Goodix>>> TLS LOG: => write certificate
[0211-10:09:21:361][info][tlslib_mbedtls_debug_print:00168] Goodix>>> TLS LOG: <= skip write certificate
[0211-10:09:21:361][info][tlslib_mbedtls_debug_print:00168] Goodix>>> TLS LOG: server state: 4
[0211-10:09:21:361][info][tlslib_mbedtls_debug_print:00168] Goodix>>> TLS LOG: => flush output
[0211-10:09:21:362][info][tlslib_mbedtls_debug_print:00168] Goodix>>> TLS LOG: <= flush output
[0211-10:09:21:362][info][tlslib_mbedtls_debug_print:00168] Goodix>>> TLS LOG: => write server key exchange
[0211-10:09:21:362][info][tlslib_mbedtls_debug_print:00168] Goodix>>> TLS LOG: <= skip write server key exchange
[0211-10:09:21:363][info][tlslib_mbedtls_debug_print:00168] Goodix>>> TLS LOG: server state: 5
[0211-10:09:21:363][info][tlslib_mbedtls_debug_print:00168] Goodix>>> TLS LOG: => flush output
[0211-10:09:21:363][info][tlslib_mbedtls_debug_print:00168] Goodix>>> TLS LOG: <= flush output
[0211-10:09:21:363][info][tlslib_mbedtls_debug_print:00168] Goodix>>> TLS LOG: => write certificate request
[0211-10:09:21:364][info][tlslib_mbedtls_debug_print:00168] Goodix>>> TLS LOG: <= skip write certificate request
[0211-10:09:21:364][info][tlslib_mbedtls_debug_print:00168] Goodix>>> TLS LOG: server state: 6
[0211-10:09:21:364][info][tlslib_mbedtls_debug_print:00168] Goodix>>> TLS LOG: => flush output
[0211-10:09:21:364][info][tlslib_mbedtls_debug_print:00168] Goodix>>> TLS LOG: <= flush output
[0211-10:09:21:365][info][tlslib_mbedtls_debug_print:00168] Goodix>>> TLS LOG: => write server hello done
[0211-10:09:21:365][info][tlslib_mbedtls_debug_print:00168] Goodix>>> TLS LOG: => write handshake message
[0211-10:09:21:365][info][tlslib_mbedtls_debug_print:00168] Goodix>>> TLS LOG: => write record
[0211-10:09:21:365][info][tlslib_mbedtls_debug_print:00168] Goodix>>> TLS LOG: => flush output
[0211-10:09:21:366][info][tlslib_mbedtls_debug_print:00168] Goodix>>> TLS LOG: message length: 9, out_left: 9
[0211-10:09:21:366][info][tls_callback_send:00186] Goodix>>> enter, tls inited 1
[0211-10:09:21:366][info][SendTLSPackage:06572] Goodix>>> SENT DATA LEN: 9, 13
[0211-10:09:21:376][debug][MilanEvtInterruptWorkItem:05895] Goodix>>> enter
[0211-10:09:21:389][debug][MilanEvtInterruptWorkItem:05895] Goodix>>> enter
[0211-10:09:21:391][debug][SendTLSPackage:06624] Goodix>>> exit len 9
[0211-10:09:21:391][fatal][tls_callback_send:00193] Goodix>>> sent ret:9.
[0211-10:09:21:391][info][tlslib_mbedtls_debug_print:00168] Goodix>>> TLS LOG: ssl->f_send() returned 9 (-0xfffffff7)
[0211-10:09:21:391][info][tlslib_mbedtls_debug_print:00168] Goodix>>> TLS LOG: <= flush output
[0211-10:09:21:392][info][tlslib_mbedtls_debug_print:00168] Goodix>>> TLS LOG: <= write record
[0211-10:09:21:392][info][tlslib_mbedtls_debug_print:00168] Goodix>>> TLS LOG: <= write handshake message
[0211-10:09:21:392][info][tlslib_mbedtls_debug_print:00168] Goodix>>> TLS LOG: <= write server hello done
[0211-10:09:21:392][info][tlslib_mbedtls_debug_print:00168] Goodix>>> TLS LOG: server state: 7
[0211-10:09:21:392][debug][MilanEvtInterruptWorkItem:05895] Goodix>>> enter
[0211-10:09:21:392][info][tlslib_mbedtls_debug_print:00168] Goodix>>> TLS LOG: => flush output
[0211-10:09:21:393][info][tlslib_mbedtls_debug_print:00168] Goodix>>> TLS LOG: <= flush output
[0211-10:09:21:393][info][tlslib_mbedtls_debug_print:00168] Goodix>>> TLS LOG: => parse certificate
[0211-10:09:21:393][info][tlslib_mbedtls_debug_print:00168] Goodix>>> TLS LOG: <= skip parse certificate
[0211-10:09:21:393][info][tlslib_mbedtls_debug_print:00168] Goodix>>> TLS LOG: server state: 8
[0211-10:09:21:393][info][tlslib_mbedtls_debug_print:00168] Goodix>>> TLS LOG: => flush output
[0211-10:09:21:393][info][tlslib_mbedtls_debug_print:00168] Goodix>>> TLS LOG: <= flush output
[0211-10:09:21:394][info][tlslib_mbedtls_debug_print:00168] Goodix>>> TLS LOG: => parse client key exchange
[0211-10:09:21:394][info][tlslib_mbedtls_debug_print:00168] Goodix>>> TLS LOG: => read record
[0211-10:09:21:394][info][tlslib_mbedtls_debug_print:00168] Goodix>>> TLS LOG: => fetch input
[0211-10:09:21:394][info][tlslib_mbedtls_debug_print:00168] Goodix>>> TLS LOG: in_left: 0, nb_want: 5
[0211-10:09:21:394][info][tls_callback_recv:00158] Goodix>>> enter, tls inited 1
[0211-10:09:21:394][info][RecvTLSPackage:06635] Goodix>>> bytes to read: 5, bytes left: 0
[0211-10:09:21:394][warn][RecvTLSPackage:06644] Goodix>>> data not enough
[0211-10:09:21:394][info][RecvTLSPackage:06650] Goodix>>> bytes read: 0, bytes left: 0
[0211-10:09:21:394][info][tls_callback_recv:00165] Goodix>>> recv ret:0.
[0211-10:09:21:394][info][tlslib_mbedtls_debug_print:00168] Goodix>>> TLS LOG: in_left: 0, nb_want: 5
[0211-10:09:21:395][info][tlslib_mbedtls_debug_print:00168] Goodix>>> TLS LOG: ssl->f_recv(_timeout)() returned 0 (-0x0000)
[0211-10:09:21:395][notice][tlslib_mbedtls_debug_print:00173] Goodix>>> TLS LOG: mbedtls_ssl_fetch_input() returned -29312 (-0x7280)
[0211-10:09:21:395][notice][tlslib_mbedtls_debug_print:00173] Goodix>>> TLS LOG: ssl_get_next_record() returned -29312 (-0x7280)
[0211-10:09:21:395][notice][tlslib_mbedtls_debug_print:00173] Goodix>>> TLS LOG: mbedtls_ssl_read_record() returned -29312 (-0x7280)
[0211-10:09:21:395][info][tlslib_mbedtls_debug_print:00168] Goodix>>> TLS LOG: <= handshake
[0211-10:09:21:395][notice][tlslib_mbedtls_debug_print:00173] Goodix>>> TLS LOG: mbedtls_ssl_handshake() returned -29312 (-0x7280)
[0211-10:09:21:395][error][tlslib_read:00578] Goodix>>> tlslib_read error ret(abs): 0x7280, meaning:SSL - The connection indicated an EOF.
[0211-10:09:21:395][info][set_tls_state:00219] Goodix>>> enter
[0211-10:09:21:396][debug][tlsapp_set_tls_state:00033] Goodix>>> TLS now IN handshake state:8.
[0211-10:09:21:396][info][tlslib_read:00571] Goodix>>> <= tlslib_read exit with ret:-29312 tls server state:8.
[0211-10:09:21:396][debug][process_tls_data:05161] Goodix>>> exit
[0211-10:09:21:396][debug][MilanEvtInterruptWorkItem:05951] Goodix>>>  ---- pack len: 26
[0211-10:09:21:396][debug][process_tls_data:05125] Goodix>>> enter
[0211-10:09:21:396][debug][process_tls_data:05131] Goodix>>> tls handshake package, state: 8
[0211-10:09:21:396][info][tlslib_mbedtls_debug_print:00168] Goodix>>> TLS LOG: => read
[0211-10:09:21:396][info][tlslib_mbedtls_debug_print:00168] Goodix>>> TLS LOG: => handshake
[0211-10:09:21:397][info][tlslib_mbedtls_debug_print:00168] Goodix>>> TLS LOG: server state: 8
[0211-10:09:21:397][info][tlslib_mbedtls_debug_print:00168] Goodix>>> TLS LOG: => flush output
[0211-10:09:21:397][info][tlslib_mbedtls_debug_print:00168] Goodix>>> TLS LOG: <= flush output
[0211-10:09:21:397][info][tlslib_mbedtls_debug_print:00168] Goodix>>> TLS LOG: => parse client key exchange
[0211-10:09:21:397][info][tlslib_mbedtls_debug_print:00168] Goodix>>> TLS LOG: => read record
[0211-10:09:21:397][info][tlslib_mbedtls_debug_print:00168] Goodix>>> TLS LOG: => fetch input
[0211-10:09:21:397][info][tlslib_mbedtls_debug_print:00168] Goodix>>> TLS LOG: in_left: 0, nb_want: 5
[0211-10:09:21:397][info][tls_callback_recv:00158] Goodix>>> enter, tls inited 1
[0211-10:09:21:397][info][RecvTLSPackage:06635] Goodix>>> bytes to read: 5, bytes left: 26
[0211-10:09:21:397][info][RecvTLSPackage:06650] Goodix>>> bytes read: 5, bytes left: 21
[0211-10:09:21:398][info][tls_callback_recv:00165] Goodix>>> recv ret:5.
[0211-10:09:21:398][info][tlslib_mbedtls_debug_print:00168] Goodix>>> TLS LOG: in_left: 0, nb_want: 5
[0211-10:09:21:398][info][tlslib_mbedtls_debug_print:00168] Goodix>>> TLS LOG: ssl->f_recv(_timeout)() returned 5 (-0xfffffffb)
[0211-10:09:21:398][info][tlslib_mbedtls_debug_print:00168] Goodix>>> TLS LOG: <= fetch input
[0211-10:09:21:398][info][tlslib_mbedtls_debug_print:00168] Goodix>>> TLS LOG: => fetch input
[0211-10:09:21:398][info][tlslib_mbedtls_debug_print:00168] Goodix>>> TLS LOG: in_left: 5, nb_want: 26
[0211-10:09:21:398][info][tls_callback_recv:00158] Goodix>>> enter, tls inited 1
[0211-10:09:21:399][info][RecvTLSPackage:06635] Goodix>>> bytes to read: 21, bytes left: 21
[0211-10:09:21:399][info][RecvTLSPackage:06650] Goodix>>> bytes read: 21, bytes left: 0
[0211-10:09:21:399][info][tls_callback_recv:00165] Goodix>>> recv ret:21.
[0211-10:09:21:399][info][tlslib_mbedtls_debug_print:00168] Goodix>>> TLS LOG: in_left: 5, nb_want: 26
[0211-10:09:21:399][info][tlslib_mbedtls_debug_print:00168] Goodix>>> TLS LOG: ssl->f_recv(_timeout)() returned 21 (-0xffffffeb)
[0211-10:09:21:399][info][tlslib_mbedtls_debug_print:00168] Goodix>>> TLS LOG: <= fetch input
[0211-10:09:21:399][info][tlslib_mbedtls_debug_print:00168] Goodix>>> TLS LOG: <= read record
[0211-10:09:21:399][info][tlslib_mbedtls_debug_print:00168] Goodix>>> TLS LOG: => derive keys
[0211-10:09:21:400][info][tlslib_mbedtls_debug_print:00168] Goodix>>> TLS LOG: <= derive keys
[0211-10:09:21:400][info][tlslib_mbedtls_debug_print:00168] Goodix>>> TLS LOG: <= parse client key exchange
[0211-10:09:21:400][info][tlslib_mbedtls_debug_print:00168] Goodix>>> TLS LOG: server state: 9
[0211-10:09:21:400][info][tlslib_mbedtls_debug_print:00168] Goodix>>> TLS LOG: => flush output
[0211-10:09:21:400][info][tlslib_mbedtls_debug_print:00168] Goodix>>> TLS LOG: <= flush output
[0211-10:09:21:400][info][tlslib_mbedtls_debug_print:00168] Goodix>>> TLS LOG: => parse certificate verify
[0211-10:09:21:400][info][tlslib_mbedtls_debug_print:00168] Goodix>>> TLS LOG: <= skip parse certificate verify
[0211-10:09:21:400][info][tlslib_mbedtls_debug_print:00168] Goodix>>> TLS LOG: server state: 10
[0211-10:09:21:400][info][tlslib_mbedtls_debug_print:00168] Goodix>>> TLS LOG: => flush output
[0211-10:09:21:400][info][tlslib_mbedtls_debug_print:00168] Goodix>>> TLS LOG: <= flush output
[0211-10:09:21:401][info][tlslib_mbedtls_debug_print:00168] Goodix>>> TLS LOG: => parse change cipher spec
[0211-10:09:21:401][info][tlslib_mbedtls_debug_print:00168] Goodix>>> TLS LOG: => read record
[0211-10:09:21:401][info][tlslib_mbedtls_debug_print:00168] Goodix>>> TLS LOG: => fetch input
[0211-10:09:21:401][info][tlslib_mbedtls_debug_print:00168] Goodix>>> TLS LOG: in_left: 0, nb_want: 5
[0211-10:09:21:401][info][tls_callback_recv:00158] Goodix>>> enter, tls inited 1
[0211-10:09:21:401][info][RecvTLSPackage:06635] Goodix>>> bytes to read: 5, bytes left: 0
[0211-10:09:21:401][warn][RecvTLSPackage:06644] Goodix>>> data not enough
[0211-10:09:21:401][info][RecvTLSPackage:06650] Goodix>>> bytes read: 0, bytes left: 0
[0211-10:09:21:402][info][tls_callback_recv:00165] Goodix>>> recv ret:0.
[0211-10:09:21:402][info][tlslib_mbedtls_debug_print:00168] Goodix>>> TLS LOG: in_left: 0, nb_want: 5
[0211-10:09:21:402][info][tlslib_mbedtls_debug_print:00168] Goodix>>> TLS LOG: ssl->f_recv(_timeout)() returned 0 (-0x0000)
[0211-10:09:21:402][notice][tlslib_mbedtls_debug_print:00173] Goodix>>> TLS LOG: mbedtls_ssl_fetch_input() returned -29312 (-0x7280)
[0211-10:09:21:402][notice][tlslib_mbedtls_debug_print:00173] Goodix>>> TLS LOG: ssl_get_next_record() returned -29312 (-0x7280)
[0211-10:09:21:402][notice][tlslib_mbedtls_debug_print:00173] Goodix>>> TLS LOG: mbedtls_ssl_read_record() returned -29312 (-0x7280)
[0211-10:09:21:402][info][tlslib_mbedtls_debug_print:00168] Goodix>>> TLS LOG: <= handshake
[0211-10:09:21:402][notice][tlslib_mbedtls_debug_print:00173] Goodix>>> TLS LOG: mbedtls_ssl_handshake() returned -29312 (-0x7280)
[0211-10:09:21:402][error][tlslib_read:00578] Goodix>>> tlslib_read error ret(abs): 0x7280, meaning:SSL - The connection indicated an EOF.
[0211-10:09:21:402][info][set_tls_state:00219] Goodix>>> enter
[0211-10:09:21:403][debug][tlsapp_set_tls_state:00033] Goodix>>> TLS now IN handshake state:10.
[0211-10:09:21:403][info][tlslib_read:00571] Goodix>>> <= tlslib_read exit with ret:-29312 tls server state:10.
[0211-10:09:21:403][debug][process_tls_data:05161] Goodix>>> exit
[0211-10:09:21:403][debug][MilanEvtInterruptWorkItem:05951] Goodix>>>  ---- pack len: 6
[0211-10:09:21:403][debug][process_tls_data:05125] Goodix>>> enter
[0211-10:09:21:404][debug][process_tls_data:05131] Goodix>>> tls handshake package, state: 10
[0211-10:09:21:404][info][tlslib_mbedtls_debug_print:00168] Goodix>>> TLS LOG: => read
[0211-10:09:21:404][info][tlslib_mbedtls_debug_print:00168] Goodix>>> TLS LOG: => handshake
[0211-10:09:21:404][info][tlslib_mbedtls_debug_print:00168] Goodix>>> TLS LOG: server state: 10
[0211-10:09:21:404][info][tlslib_mbedtls_debug_print:00168] Goodix>>> TLS LOG: => flush output
[0211-10:09:21:404][info][tlslib_mbedtls_debug_print:00168] Goodix>>> TLS LOG: <= flush output
[0211-10:09:21:404][info][tlslib_mbedtls_debug_print:00168] Goodix>>> TLS LOG: => parse change cipher spec
[0211-10:09:21:404][info][tlslib_mbedtls_debug_print:00168] Goodix>>> TLS LOG: => read record
[0211-10:09:21:404][info][tlslib_mbedtls_debug_print:00168] Goodix>>> TLS LOG: => fetch input
[0211-10:09:21:404][info][tlslib_mbedtls_debug_print:00168] Goodix>>> TLS LOG: in_left: 0, nb_want: 5
[0211-10:09:21:405][info][tls_callback_recv:00158] Goodix>>> enter, tls inited 1
[0211-10:09:21:405][info][RecvTLSPackage:06635] Goodix>>> bytes to read: 5, bytes left: 6
[0211-10:09:21:405][info][RecvTLSPackage:06650] Goodix>>> bytes read: 5, bytes left: 1
[0211-10:09:21:405][info][tls_callback_recv:00165] Goodix>>> recv ret:5.
[0211-10:09:21:405][info][tlslib_mbedtls_debug_print:00168] Goodix>>> TLS LOG: in_left: 0, nb_want: 5
[0211-10:09:21:406][info][tlslib_mbedtls_debug_print:00168] Goodix>>> TLS LOG: ssl->f_recv(_timeout)() returned 5 (-0xfffffffb)
[0211-10:09:21:406][info][tlslib_mbedtls_debug_print:00168] Goodix>>> TLS LOG: <= fetch input
[0211-10:09:21:406][info][tlslib_mbedtls_debug_print:00168] Goodix>>> TLS LOG: => fetch input
[0211-10:09:21:406][info][tlslib_mbedtls_debug_print:00168] Goodix>>> TLS LOG: in_left: 5, nb_want: 6
[0211-10:09:21:406][info][tls_callback_recv:00158] Goodix>>> enter, tls inited 1
[0211-10:09:21:407][info][RecvTLSPackage:06635] Goodix>>> bytes to read: 1, bytes left: 1
[0211-10:09:21:407][info][RecvTLSPackage:06650] Goodix>>> bytes read: 1, bytes left: 0
[0211-10:09:21:407][info][tls_callback_recv:00165] Goodix>>> recv ret:1.
[0211-10:09:21:407][info][tlslib_mbedtls_debug_print:00168] Goodix>>> TLS LOG: in_left: 5, nb_want: 6
[0211-10:09:21:407][debug][_TlsInitAndHandShake:01074] Goodix>>> tls handshake already started
[0211-10:09:21:407][info][tlslib_mbedtls_debug_print:00168] Goodix>>> TLS LOG: ssl->f_recv(_timeout)() returned 1 (-0xffffffff)
[0211-10:09:21:408][info][_TlsInitAndHandShake:01093] Goodix>>> TLS Handshake Started, waif for TLS handshake done(2200-0)...
[0211-10:09:21:408][info][tlslib_mbedtls_debug_print:00168] Goodix>>> TLS LOG: <= fetch input
[0211-10:09:21:408][info][tlslib_mbedtls_debug_print:00168] Goodix>>> TLS LOG: <= read record
[0211-10:09:21:409][info][tlslib_mbedtls_debug_print:00168] Goodix>>> TLS LOG: <= parse change cipher spec
[0211-10:09:21:409][info][tlslib_mbedtls_debug_print:00168] Goodix>>> TLS LOG: server state: 11
[0211-10:09:21:409][info][tlslib_mbedtls_debug_print:00168] Goodix>>> TLS LOG: => flush output
[0211-10:09:21:409][info][tlslib_mbedtls_debug_print:00168] Goodix>>> TLS LOG: <= flush output
[0211-10:09:21:409][info][tlslib_mbedtls_debug_print:00168] Goodix>>> TLS LOG: => parse finished
[0211-10:09:21:409][info][tlslib_mbedtls_debug_print:00168] Goodix>>> TLS LOG: => calc  finished tls sha256
[0211-10:09:21:410][info][tlslib_mbedtls_debug_print:00168] Goodix>>> TLS LOG: <= calc  finished
[0211-10:09:21:410][info][tlslib_mbedtls_debug_print:00168] Goodix>>> TLS LOG: => read record
[0211-10:09:21:410][info][tlslib_mbedtls_debug_print:00168] Goodix>>> TLS LOG: => fetch input
[0211-10:09:21:410][info][tlslib_mbedtls_debug_print:00168] Goodix>>> TLS LOG: in_left: 0, nb_want: 5
[0211-10:09:21:410][info][tls_callback_recv:00158] Goodix>>> enter, tls inited 1
[0211-10:09:21:410][info][RecvTLSPackage:06635] Goodix>>> bytes to read: 5, bytes left: 0
[0211-10:09:21:410][warn][RecvTLSPackage:06644] Goodix>>> data not enough
[0211-10:09:21:411][info][RecvTLSPackage:06650] Goodix>>> bytes read: 0, bytes left: 0
[0211-10:09:21:411][info][tls_callback_recv:00165] Goodix>>> recv ret:0.
[0211-10:09:21:411][info][tlslib_mbedtls_debug_print:00168] Goodix>>> TLS LOG: in_left: 0, nb_want: 5
[0211-10:09:21:411][info][tlslib_mbedtls_debug_print:00168] Goodix>>> TLS LOG: ssl->f_recv(_timeout)() returned 0 (-0x0000)
[0211-10:09:21:411][notice][tlslib_mbedtls_debug_print:00173] Goodix>>> TLS LOG: mbedtls_ssl_fetch_input() returned -29312 (-0x7280)
[0211-10:09:21:411][notice][tlslib_mbedtls_debug_print:00173] Goodix>>> TLS LOG: ssl_get_next_record() returned -29312 (-0x7280)
[0211-10:09:21:411][notice][tlslib_mbedtls_debug_print:00173] Goodix>>> TLS LOG: mbedtls_ssl_read_record() returned -29312 (-0x7280)
[0211-10:09:21:411][info][tlslib_mbedtls_debug_print:00168] Goodix>>> TLS LOG: <= handshake
[0211-10:09:21:411][notice][tlslib_mbedtls_debug_print:00173] Goodix>>> TLS LOG: mbedtls_ssl_handshake() returned -29312 (-0x7280)
[0211-10:09:21:412][error][tlslib_read:00578] Goodix>>> tlslib_read error ret(abs): 0x7280, meaning:SSL - The connection indicated an EOF.
[0211-10:09:21:412][info][set_tls_state:00219] Goodix>>> enter
[0211-10:09:21:412][debug][tlsapp_set_tls_state:00033] Goodix>>> TLS now IN handshake state:11.
[0211-10:09:21:412][info][tlslib_read:00571] Goodix>>> <= tlslib_read exit with ret:-29312 tls server state:11.
[0211-10:09:21:412][debug][process_tls_data:05161] Goodix>>> exit
[0211-10:09:21:412][debug][MilanEvtInterruptWorkItem:05951] Goodix>>>  ---- pack len: 45
[0211-10:09:21:412][debug][process_tls_data:05125] Goodix>>> enter
[0211-10:09:21:412][debug][process_tls_data:05131] Goodix>>> tls handshake package, state: 11
[0211-10:09:21:412][info][tlslib_mbedtls_debug_print:00168] Goodix>>> TLS LOG: => read
[0211-10:09:21:412][info][tlslib_mbedtls_debug_print:00168] Goodix>>> TLS LOG: => handshake
[0211-10:09:21:413][info][tlslib_mbedtls_debug_print:00168] Goodix>>> TLS LOG: server state: 11
[0211-10:09:21:413][info][tlslib_mbedtls_debug_print:00168] Goodix>>> TLS LOG: => flush output
[0211-10:09:21:413][info][tlslib_mbedtls_debug_print:00168] Goodix>>> TLS LOG: <= flush output
[0211-10:09:21:413][info][tlslib_mbedtls_debug_print:00168] Goodix>>> TLS LOG: => parse finished
[0211-10:09:21:413][info][tlslib_mbedtls_debug_print:00168] Goodix>>> TLS LOG: => calc  finished tls sha256
[0211-10:09:21:413][info][tlslib_mbedtls_debug_print:00168] Goodix>>> TLS LOG: <= calc  finished
[0211-10:09:21:413][info][tlslib_mbedtls_debug_print:00168] Goodix>>> TLS LOG: => read record
[0211-10:09:21:413][info][tlslib_mbedtls_debug_print:00168] Goodix>>> TLS LOG: => fetch input
[0211-10:09:21:413][info][tlslib_mbedtls_debug_print:00168] Goodix>>> TLS LOG: in_left: 0, nb_want: 5
[0211-10:09:21:413][info][tls_callback_recv:00158] Goodix>>> enter, tls inited 1
[0211-10:09:21:414][info][RecvTLSPackage:06635] Goodix>>> bytes to read: 5, bytes left: 45
[0211-10:09:21:414][info][RecvTLSPackage:06650] Goodix>>> bytes read: 5, bytes left: 40
[0211-10:09:21:414][info][tls_callback_recv:00165] Goodix>>> recv ret:5.
[0211-10:09:21:414][info][tlslib_mbedtls_debug_print:00168] Goodix>>> TLS LOG: in_left: 0, nb_want: 5
[0211-10:09:21:414][info][tlslib_mbedtls_debug_print:00168] Goodix>>> TLS LOG: ssl->f_recv(_timeout)() returned 5 (-0xfffffffb)
[0211-10:09:21:414][info][tlslib_mbedtls_debug_print:00168] Goodix>>> TLS LOG: <= fetch input
[0211-10:09:21:414][info][tlslib_mbedtls_debug_print:00168] Goodix>>> TLS LOG: => fetch input
[0211-10:09:21:414][info][tlslib_mbedtls_debug_print:00168] Goodix>>> TLS LOG: in_left: 5, nb_want: 45
[0211-10:09:21:414][info][tls_callback_recv:00158] Goodix>>> enter, tls inited 1
[0211-10:09:21:414][info][RecvTLSPackage:06635] Goodix>>> bytes to read: 40, bytes left: 40
[0211-10:09:21:415][info][RecvTLSPackage:06650] Goodix>>> bytes read: 40, bytes left: 0
[0211-10:09:21:415][info][tls_callback_recv:00165] Goodix>>> recv ret:40.
[0211-10:09:21:415][info][tlslib_mbedtls_debug_print:00168] Goodix>>> TLS LOG: in_left: 5, nb_want: 45
[0211-10:09:21:415][info][tlslib_mbedtls_debug_print:00168] Goodix>>> TLS LOG: ssl->f_recv(_timeout)() returned 40 (-0xffffffd8)
[0211-10:09:21:415][info][tlslib_mbedtls_debug_print:00168] Goodix>>> TLS LOG: <= fetch input
[0211-10:09:21:415][info][tlslib_mbedtls_debug_print:00168] Goodix>>> TLS LOG: => decrypt buf
[0211-10:09:21:415][info][tlslib_mbedtls_debug_print:00168] Goodix>>> TLS LOG: <= decrypt buf
[0211-10:09:21:415][info][tlslib_mbedtls_debug_print:00168] Goodix>>> TLS LOG: <= read record
[0211-10:09:21:416][info][tlslib_mbedtls_debug_print:00168] Goodix>>> TLS LOG: <= parse finished
[0211-10:09:21:416][info][tlslib_mbedtls_debug_print:00168] Goodix>>> TLS LOG: server state: 12
[0211-10:09:21:416][info][tlslib_mbedtls_debug_print:00168] Goodix>>> TLS LOG: => flush output
[0211-10:09:21:416][info][tlslib_mbedtls_debug_print:00168] Goodix>>> TLS LOG: <= flush output
[0211-10:09:21:416][info][tlslib_mbedtls_debug_print:00168] Goodix>>> TLS LOG: => write change cipher spec
[0211-10:09:21:416][info][tlslib_mbedtls_debug_print:00168] Goodix>>> TLS LOG: => write handshake message
[0211-10:09:21:417][info][tlslib_mbedtls_debug_print:00168] Goodix>>> TLS LOG: => write record
[0211-10:09:21:417][info][tlslib_mbedtls_debug_print:00168] Goodix>>> TLS LOG: => flush output
[0211-10:09:21:417][info][tlslib_mbedtls_debug_print:00168] Goodix>>> TLS LOG: message length: 6, out_left: 6
[0211-10:09:21:417][info][tls_callback_send:00186] Goodix>>> enter, tls inited 1
[0211-10:09:21:417][info][SendTLSPackage:06572] Goodix>>> SENT DATA LEN: 6, 10
[0211-10:09:21:612][debug][SendTLSPackage:06624] Goodix>>> exit len 6
[0211-10:09:21:612][fatal][tls_callback_send:00193] Goodix>>> sent ret:6.
[0211-10:09:21:612][info][tlslib_mbedtls_debug_print:00168] Goodix>>> TLS LOG: ssl->f_send() returned 6 (-0xfffffffa)
[0211-10:09:21:612][info][tlslib_mbedtls_debug_print:00168] Goodix>>> TLS LOG: <= flush output
[0211-10:09:21:612][info][tlslib_mbedtls_debug_print:00168] Goodix>>> TLS LOG: <= write record
[0211-10:09:21:612][info][tlslib_mbedtls_debug_print:00168] Goodix>>> TLS LOG: <= write handshake message
[0211-10:09:21:612][info][tlslib_mbedtls_debug_print:00168] Goodix>>> TLS LOG: <= write change cipher spec
[0211-10:09:21:612][info][tlslib_mbedtls_debug_print:00168] Goodix>>> TLS LOG: server state: 13
[0211-10:09:21:613][info][tlslib_mbedtls_debug_print:00168] Goodix>>> TLS LOG: => flush output
[0211-10:09:21:613][info][tlslib_mbedtls_debug_print:00168] Goodix>>> TLS LOG: <= flush output
[0211-10:09:21:613][info][tlslib_mbedtls_debug_print:00168] Goodix>>> TLS LOG: => write finished
[0211-10:09:21:613][info][tlslib_mbedtls_debug_print:00168] Goodix>>> TLS LOG: => calc  finished tls sha256
[0211-10:09:21:613][info][tlslib_mbedtls_debug_print:00168] Goodix>>> TLS LOG: <= calc  finished
[0211-10:09:21:613][info][tlslib_mbedtls_debug_print:00168] Goodix>>> TLS LOG: => write handshake message
[0211-10:09:21:613][info][tlslib_mbedtls_debug_print:00168] Goodix>>> TLS LOG: => write record
[0211-10:09:21:613][info][tlslib_mbedtls_debug_print:00168] Goodix>>> TLS LOG: => encrypt buf
[0211-10:09:21:613][info][tlslib_mbedtls_debug_print:00168] Goodix>>> TLS LOG: <= encrypt buf
[0211-10:09:21:614][info][tlslib_mbedtls_debug_print:00168] Goodix>>> TLS LOG: => flush output
[0211-10:09:21:614][info][tlslib_mbedtls_debug_print:00168] Goodix>>> TLS LOG: message length: 45, out_left: 45
[0211-10:09:21:614][info][tls_callback_send:00186] Goodix>>> enter, tls inited 1
[0211-10:09:21:614][info][SendTLSPackage:06572] Goodix>>> SENT DATA LEN: 45, 49
[0211-10:09:21:644][debug][SendTLSPackage:06624] Goodix>>> exit len 45
[0211-10:09:21:644][fatal][tls_callback_send:00193] Goodix>>> sent ret:45.
[0211-10:09:21:644][info][tlslib_mbedtls_debug_print:00168] Goodix>>> TLS LOG: ssl->f_send() returned 45 (-0xffffffd3)
[0211-10:09:21:644][info][tlslib_mbedtls_debug_print:00168] Goodix>>> TLS LOG: <= flush output
[0211-10:09:21:644][info][tlslib_mbedtls_debug_print:00168] Goodix>>> TLS LOG: <= write record
[0211-10:09:21:644][info][tlslib_mbedtls_debug_print:00168] Goodix>>> TLS LOG: <= write handshake message
[0211-10:09:21:645][info][tlslib_mbedtls_debug_print:00168] Goodix>>> TLS LOG: <= write finished
[0211-10:09:21:645][info][tlslib_mbedtls_debug_print:00168] Goodix>>> TLS LOG: server state: 14
[0211-10:09:21:645][info][tlslib_mbedtls_debug_print:00168] Goodix>>> TLS LOG: => flush output
[0211-10:09:21:645][info][tlslib_mbedtls_debug_print:00168] Goodix>>> TLS LOG: <= flush output
[0211-10:09:21:646][info][tlslib_mbedtls_debug_print:00168] Goodix>>> TLS LOG: handshake: done
[0211-10:09:21:646][info][tlslib_mbedtls_debug_print:00168] Goodix>>> TLS LOG: server state: 15
[0211-10:09:21:646][info][tlslib_mbedtls_debug_print:00168] Goodix>>> TLS LOG: => flush output
[0211-10:09:21:646][info][tlslib_mbedtls_debug_print:00168] Goodix>>> TLS LOG: <= flush output
[0211-10:09:21:646][info][tlslib_mbedtls_debug_print:00168] Goodix>>> TLS LOG: <= handshake
[0211-10:09:21:646][info][tlslib_mbedtls_debug_print:00168] Goodix>>> TLS LOG: => read record
[0211-10:09:21:646][info][tlslib_mbedtls_debug_print:00168] Goodix>>> TLS LOG: => fetch input
[0211-10:09:21:646][info][tlslib_mbedtls_debug_print:00168] Goodix>>> TLS LOG: in_left: 0, nb_want: 5
[0211-10:09:21:646][info][tls_callback_recv:00158] Goodix>>> enter, tls inited 1
[0211-10:09:21:646][info][RecvTLSPackage:06635] Goodix>>> bytes to read: 5, bytes left: 0
[0211-10:09:21:647][warn][RecvTLSPackage:06644] Goodix>>> data not enough
[0211-10:09:21:647][info][RecvTLSPackage:06650] Goodix>>> bytes read: 0, bytes left: 0
[0211-10:09:21:647][info][tls_callback_recv:00165] Goodix>>> recv ret:0.
[0211-10:09:21:647][info][tlslib_mbedtls_debug_print:00168] Goodix>>> TLS LOG: in_left: 0, nb_want: 5
[0211-10:09:21:647][info][tlslib_mbedtls_debug_print:00168] Goodix>>> TLS LOG: ssl->f_recv(_timeout)() returned 0 (-0x0000)
[0211-10:09:21:647][notice][tlslib_mbedtls_debug_print:00173] Goodix>>> TLS LOG: mbedtls_ssl_fetch_input() returned -29312 (-0x7280)
[0211-10:09:21:647][notice][tlslib_mbedtls_debug_print:00173] Goodix>>> TLS LOG: ssl_get_next_record() returned -29312 (-0x7280)
[0211-10:09:21:647][info][set_tls_state:00219] Goodix>>> enter
[0211-10:09:21:647][debug][tlsapp_set_tls_state:00033] Goodix>>> TLS now IN handshake state:16.
[0211-10:09:21:647][info][tlslib_read:00565] Goodix>>> TLS handshake over successfully.
[0211-10:09:21:648][info][tlsapp_trig_tlsconnected:00072] Goodix>>> TLS Connection Ready
[0211-10:09:21:648][info][tlslib_read:00571] Goodix>>> <= tlslib_read exit with ret:0 tls server state:16.
[0211-10:09:21:648][debug][process_tls_data:05161] Goodix>>> exit
[0211-10:09:21:648][debug][MilanEvtInterruptWorkItem:05985] Goodix>>> exit
[0211-10:09:21:648][debug][MilanEvtInterruptWorkItem:05985] Goodix>>> exit
[0211-10:09:21:648][debug][MilanEvtInterruptWorkItem:05985] Goodix>>> exit
[0211-10:09:21:648][debug][MilanEvtInterruptWorkItem:05985] Goodix>>> exit
[0211-10:09:21:676][debug][SpiSendDataToDevice:03392] Goodix>>> cmd0-cmd1-Len-ackt-ec:0xd-2-0x2-1000-0
[0211-10:09:21:693][debug][data_from_device:04920] Goodix>>> recvd data cmd-len: 0xb0-3
[0211-10:09:21:693][debug][get_msg_data:06260] Goodix>>> get ack for cmd 0xd4, cfg flag 0x1
[0211-10:09:21:694][warn][get_msg_data:06289] Goodix>>> Client TLS connection setup
[0211-10:09:21:722][info][_TlsInitAndHandShake:01118] Goodix>>> tls handshake done (server side), 344ms(since start of tls init)
[0211-10:09:21:752][warn][GetMcuState:04101] Goodix>>> mcu-state TIMESTAMP 0x54f8
[0211-10:09:21:752][debug][SpiSendDataToDevice:03392] Goodix>>> cmd0-cmd1-Len-ackt-ec:0xa-7-0x5-0-0
[0211-10:09:21:767][debug][SpiSendDataToDevice:03475] Goodix>>> !!not to wait for ack
[0211-10:09:21:768][debug][data_from_device:04920] Goodix>>> recvd data cmd-len: 0xae-23
[0211-10:09:21:768][debug][data_from_device:05100] Goodix>>> --- cmd: other
[0211-10:09:21:768][info][GetMcuState:04178] Goodix>>> pov 1, pba 0, tls-client-server-lock 1-1-0-0, have config 1, pov valid 0
[0211-10:09:21:769][debug][PrintMcuState:04046] Goodix>>> mcu state::0x04063000000000002000000000010001042502000000
[0211-10:09:21:769][info][PrintMcuState:04074] Goodix>>> mcu state: version:4, isPOVImageValid:0, isTlsConnected:1, isTlsUsed:1, isLocked:0, availImgCnt:0, povImgCnt:3
[0211-10:09:21:769][info][PrintMcuState:04076] Goodix>>> mcu state: sensor_data_int_timeout_count:0, image_crc_fail_count:0, povTouchAccidentCnt:0x0, readChipIDCnt:0, sensorExceptionFlag:0, sensorUnexpectedIntCnt:0, to_master_timeout_count:0
[0211-10:09:21:769][info][PrintMcuState:04078] Goodix>>> mcu state: psk_len:32, psk_check_fail:0, psk_write_fail:0, ec_falling_count:0, system_up_stop_cnt:0, system_down_pov_stop_cnt:0, system_up_cleared_pov_count:0
[0211-10:09:21:769][info][PrintMcuState:04080] Goodix>>> mcu state: pov_wake_by_fp:1, pov_wake_by_ec:0, pov_procedure:0x0, config_down_flag:1, sensor_chip_id:0x2504, sensor_type:2, pov_capture_count:0, normal_capture_count:0, otp_mcu_check_status:0x0
[0211-10:09:21:770][notice][_TlsInitAndHandShake:01150] Goodix>>> tls connected success confirmed
[0211-10:09:21:770][info][_TlsInitAndHandShake:01177] Goodix>>> tls handshake done (client/mcu side)
[0211-10:09:21:770][info][_TlsInitAndHandShake:01193] Goodix>>> exit, ret 1, bResetMCU 0, tls inited 1
[0211-10:09:21:770][info][InitThread:01547] Goodix>>> TLS Handshake Success
[0211-10:09:21:770][info][InitThread:01572] Goodix>>> power not lost
[0211-10:09:21:770][info][InitThread:01679] Goodix>>> Init: update all base...
[0211-10:09:21:770][info][device_check_imagebase_exist:06679] Goodix>>> read data from file 13520 bytes
[0211-10:09:21:771][info][device_check_imagebase_exist:06681] Goodix>>> read 13520-13520 bytes from C:\ProgramData\Goodix\goodix.dat
[0211-10:09:21:771][info][device_check_imagebase_exist:06690] Goodix>>> check crc :Crchost:0xb4282964----crcchip:0xb4282964
[0211-10:09:21:772][debug][device_check_imagebase_exist:06700] Goodix>>> got file otp::0x5334303636362e000a7d82b372a0460a5107050e7d4b172741029a0cf1807f0c07813038e480ddfc0abebb4401bbb3b5b3b3b3b5b3b34133e41bdd220cf017db
[0211-10:09:21:772][info][device_check_imagebase_exist:06705] Goodix>>> get nav base and image base from from file
[0211-10:09:21:772][info][device_check_imagebase_exist:06721] Goodix>>> imagebase exist: 1
[0211-10:09:21:772][info][gf_update_all_base:06867] Goodix>>> enter
[0211-10:09:21:772][info][gf_update_all_base:06891] Goodix>>> gf_get_fdtbase 0
[0211-10:09:21:772][debug][gf_get_fdtbase:06789] Goodix>>> enter
[0211-10:09:21:773][info][ChicagoHUSetMode:00541] Goodix>>> enter, Mode 3, Type 3, base_type 1
[0211-10:09:21:773][info][ChicagoHUSetMode:00599] Goodix>>> setmode: Fdt manual
[0211-10:09:21:773][debug][ChicagoHUSetMode:00640] Goodix>>> switch to FDT mode 3
[0211-10:09:21:774][debug][ChicagoHUSetMode:00641] Goodix>>> data sent::0xb0b0c3c3a6a6b8b8a8a8b8b8
[0211-10:09:21:774][debug][SpiSendDataToDevice:03392] Goodix>>> cmd0-cmd1-Len-ackt-ec:0x3-3-0xe-1000-0
[0211-10:09:21:784][debug][data_from_device:04920] Goodix>>> recvd data cmd-len: 0xb0-3
[0211-10:09:21:784][debug][get_msg_data:06260] Goodix>>> get ack for cmd 0x36, cfg flag 0x1
[0211-10:09:21:804][debug][data_from_device:04920] Goodix>>> recvd data cmd-len: 0x36-17
[0211-10:09:21:805][debug][data_from_device:05033] Goodix>>> --- cmd: fdt
[0211-10:09:21:805][debug][chicagoHUget_fdtdata:00815] Goodix>>> IrqStatus:0x100 cmd1 3
[0211-10:09:21:805][info][chicagoHUget_fdtdata:00874] Goodix>>> IRQ for fdt-manual, get fdt-up base, current mode is fdt-manual, touchflag 0x0
[0211-10:09:21:805][debug][chicagoHUget_fdtdata:00877] Goodix>>> received fdt base::0x610187014b016f014e016f01
[0211-10:09:21:806][info][chicagoHUget_fdtdata:00888] Goodix>>> get fdt-down base, current mode is fdt-manual
[0211-10:09:21:806][debug][gfCheckFDTBase:00936] Goodix>>> fdt base:0x610187014b016f014e016f01
[0211-10:09:21:806][debug][gfFDTDownbase:00968] Goodix>>> fdt_downbase[0]:0xb080
[0211-10:09:21:807][debug][gfFDTDownbase:00968] Goodix>>> fdt_downbase[1]:0xc380
[0211-10:09:21:807][debug][gfFDTDownbase:00968] Goodix>>> fdt_downbase[2]:0xa580
[0211-10:09:21:807][debug][gfFDTDownbase:00968] Goodix>>> fdt_downbase[3]:0xb780
[0211-10:09:21:807][debug][gfFDTDownbase:00968] Goodix>>> fdt_downbase[4]:0xa780
[0211-10:09:21:807][debug][gfFDTDownbase:00968] Goodix>>> fdt_downbase[5]:0xb780
[0211-10:09:21:808][debug][gf_get_fdtbase:06808] Goodix>>> exit
[0211-10:09:21:808][info][gf_update_all_base:06901] Goodix>>> gf_get_navbase
[0211-10:09:21:808][info][ChicagoHUSetMode:00541] Goodix>>> enter, Mode 5, Type 0, base_type 0
[0211-10:09:21:808][info][ChicagoHUSetMode:00692] Goodix>>> setmode: nav
[0211-10:09:21:808][debug][SpiSendDataToDevice:03392] Goodix>>> cmd0-cmd1-Len-ackt-ec:0x5-0-0x2-1000-0
[0211-10:09:21:816][debug][data_from_device:04920] Goodix>>> recvd data cmd-len: 0xb0-3
[0211-10:09:21:817][debug][get_msg_data:06260] Goodix>>> get ack for cmd 0x50, cfg flag 0x1
[0211-10:09:21:836][debug][data_from_device:04920] Goodix>>> recvd data cmd-len: 0x50-2410
[0211-10:09:21:837][debug][data_from_device:05080] Goodix>>> --- recv nav data......length:2410
[0211-10:09:21:837][info][chicagoHUget_navdata:00778] Goodix>>> 2404 2404 3200
[0211-10:09:21:837][debug][ChicagoHUDataRegroup:00519] Goodix>>> Regroup pixels:1600
[0211-10:09:21:837][debug][data_from_device:05090] Goodix>>> nav crc check ok
[0211-10:09:21:846][info][gf_update_all_base:06911] Goodix>>> gf_get_fdtbase 1
[0211-10:09:21:846][debug][gf_get_fdtbase:06789] Goodix>>> enter
[0211-10:09:21:846][info][ChicagoHUSetMode:00541] Goodix>>> enter, Mode 3, Type 3, base_type 1
[0211-10:09:21:846][info][ChicagoHUSetMode:00599] Goodix>>> setmode: Fdt manual
[0211-10:09:21:846][debug][ChicagoHUSetMode:00640] Goodix>>> switch to FDT mode 3
[0211-10:09:21:846][debug][ChicagoHUSetMode:00641] Goodix>>> data sent::0x80b080c380a580b780a780b7
[0211-10:09:21:846][debug][SpiSendDataToDevice:03392] Goodix>>> cmd0-cmd1-Len-ackt-ec:0x3-3-0xe-1000-0
[0211-10:09:21:863][debug][data_from_device:04920] Goodix>>> recvd data cmd-len: 0xb0-3
[0211-10:09:21:863][debug][get_msg_data:06260] Goodix>>> get ack for cmd 0x36, cfg flag 0x1
[0211-10:09:21:883][debug][data_from_device:04920] Goodix>>> recvd data cmd-len: 0x36-17
[0211-10:09:21:883][debug][data_from_device:05033] Goodix>>> --- cmd: fdt
[0211-10:09:21:884][debug][chicagoHUget_fdtdata:00815] Goodix>>> IrqStatus:0x100 cmd1 3
[0211-10:09:21:884][info][chicagoHUget_fdtdata:00874] Goodix>>> IRQ for fdt-manual, get fdt-up base, current mode is fdt-manual, touchflag 0x0
[0211-10:09:21:884][debug][chicagoHUget_fdtdata:00877] Goodix>>> received fdt base::0x600187014c01710150017001
[0211-10:09:21:885][info][chicagoHUget_fdtdata:00888] Goodix>>> get fdt-down base, current mode is fdt-manual
[0211-10:09:21:885][debug][gfCheckFDTBase:00936] Goodix>>> fdt base:0x600187014c01710150017001
[0211-10:09:21:885][debug][gfFDTDownbase:00968] Goodix>>> fdt_downbase[0]:0xb080
[0211-10:09:21:885][debug][gfFDTDownbase:00968] Goodix>>> fdt_downbase[1]:0xc380
[0211-10:09:21:886][debug][gfFDTDownbase:00968] Goodix>>> fdt_downbase[2]:0xa680
[0211-10:09:21:886][debug][gfFDTDownbase:00968] Goodix>>> fdt_downbase[3]:0xb880
[0211-10:09:21:886][debug][gfFDTDownbase:00968] Goodix>>> fdt_downbase[4]:0xa880
[0211-10:09:21:886][debug][gfFDTDownbase:00968] Goodix>>> fdt_downbase[5]:0xb880
[0211-10:09:21:886][debug][gf_get_fdtbase:06808] Goodix>>> exit
[0211-10:09:21:887][debug][gf_update_all_base:06920] Goodix>>> fdt_base1::0x600187014c01710150017001f87f0000b0cf1e1eee0100000800000000000000
[0211-10:09:21:887][debug][SpiSendDataToDevice:03392] Goodix>>> cmd0-cmd1-Len-ackt-ec:0x8-1-0x5-1000-0
[0211-10:09:21:895][debug][data_from_device:04920] Goodix>>> recvd data cmd-len: 0xb0-3
[0211-10:09:21:895][debug][get_msg_data:06260] Goodix>>> get ack for cmd 0x82, cfg flag 0x1
[0211-10:09:21:896][debug][data_from_device:04920] Goodix>>> recvd data cmd-len: 0x82-3
[0211-10:09:21:897][debug][data_from_device:05037] Goodix>>> --- cmd: regrw
[0211-10:09:21:910][info][gf_update_all_base:06935] Goodix>>> fdt_delta 0x1b
[0211-10:09:21:910][info][gf_get_oneframe:06818] Goodix>>> enter, tls-client-server 1-1-1
[0211-10:09:21:910][debug][gf_get_oneframe:06829] Goodix>>> g_halcontext.sensor_ops.SetMode:0x00007FF86A09BB50.
[0211-10:09:21:910][info][ChicagoHUSetMode:00541] Goodix>>> enter, Mode 2, Type 0, base_type 0
[0211-10:09:21:911][info][ChicagoHUSetMode:00554] Goodix>>> setmode: Image
[0211-10:09:21:911][debug][SpiSendDataToDevice:03392] Goodix>>> cmd0-cmd1-Len-ackt-ec:0x2-0-0x2-1000-0
[0211-10:09:21:927][debug][data_from_device:04920] Goodix>>> recvd data cmd-len: 0xb0-3
[0211-10:09:21:927][debug][get_msg_data:06260] Goodix>>> get ack for cmd 0x20, cfg flag 0x1
[0211-10:09:21:954][debug][OnGetAttributes:02450] Goodix>>> entry
[0211-10:09:21:954][debug][OnGetAttributes:02496] Goodix>>> outputBufferSize:0x62c, struct size:0x62c
[0211-10:09:21:955][debug][OnGetAttributes:02533] Goodix>>> exit
[0211-10:09:21:998][debug][MilanEvtInterruptWorkItem:05895] Goodix>>> enter
[0211-10:09:21:999][debug][MilanEvtInterruptWorkItem:05951] Goodix>>>  ---- pack len: 7722
[0211-10:09:21:999][debug][process_tls_data:05125] Goodix>>> enter
[0211-10:09:21:999][info][tlslib_mbedtls_debug_print:00168] Goodix>>> TLS LOG: => read
[0211-10:09:21:999][info][tlslib_mbedtls_debug_print:00168] Goodix>>> TLS LOG: => read record
[0211-10:09:21:999][info][tlslib_mbedtls_debug_print:00168] Goodix>>> TLS LOG: => fetch input
[0211-10:09:22:000][info][tlslib_mbedtls_debug_print:00168] Goodix>>> TLS LOG: in_left: 0, nb_want: 5
[0211-10:09:22:000][info][tls_callback_recv:00158] Goodix>>> enter, tls inited 1
[0211-10:09:22:000][info][RecvTLSPackage:06635] Goodix>>> bytes to read: 5, bytes left: 7722
[0211-10:09:22:000][info][RecvTLSPackage:06650] Goodix>>> bytes read: 5, bytes left: 7717
[0211-10:09:22:000][info][tls_callback_recv:00165] Goodix>>> recv ret:5.
[0211-10:09:22:000][info][tlslib_mbedtls_debug_print:00168] Goodix>>> TLS LOG: in_left: 0, nb_want: 5
[0211-10:09:22:000][info][tlslib_mbedtls_debug_print:00168] Goodix>>> TLS LOG: ssl->f_recv(_timeout)() returned 5 (-0xfffffffb)
[0211-10:09:22:001][info][tlslib_mbedtls_debug_print:00168] Goodix>>> TLS LOG: <= fetch input
[0211-10:09:22:001][info][tlslib_mbedtls_debug_print:00168] Goodix>>> TLS LOG: => fetch input
[0211-10:09:22:001][info][tlslib_mbedtls_debug_print:00168] Goodix>>> TLS LOG: in_left: 5, nb_want: 7722
[0211-10:09:22:001][info][tls_callback_recv:00158] Goodix>>> enter, tls inited 1
[0211-10:09:22:001][info][RecvTLSPackage:06635] Goodix>>> bytes to read: 7717, bytes left: 7717
[0211-10:09:22:001][info][RecvTLSPackage:06650] Goodix>>> bytes read: 7717, bytes left: 0
[0211-10:09:22:002][info][tls_callback_recv:00165] Goodix>>> recv ret:7717.
[0211-10:09:22:002][info][tlslib_mbedtls_debug_print:00168] Goodix>>> TLS LOG: in_left: 5, nb_want: 7722
[0211-10:09:22:002][info][tlslib_mbedtls_debug_print:00168] Goodix>>> TLS LOG: ssl->f_recv(_timeout)() returned 7717 (-0xffffe1db)
[0211-10:09:22:002][info][tlslib_mbedtls_debug_print:00168] Goodix>>> TLS LOG: <= fetch input
[0211-10:09:22:002][info][tlslib_mbedtls_debug_print:00168] Goodix>>> TLS LOG: => decrypt buf
[0211-10:09:22:003][info][tlslib_mbedtls_debug_print:00168] Goodix>>> TLS LOG: <= decrypt buf
[0211-10:09:22:003][info][tlslib_mbedtls_debug_print:00168] Goodix>>> TLS LOG: <= read record
[0211-10:09:22:003][info][tlslib_mbedtls_debug_print:00168] Goodix>>> TLS LOG: <= read
[0211-10:09:22:003][info][set_tls_state:00219] Goodix>>> enter
[0211-10:09:22:003][debug][tlsapp_set_tls_state:00033] Goodix>>> TLS now IN handshake state:16.
[0211-10:09:22:003][info][tlslib_read:00571] Goodix>>> <= tlslib_read exit with ret:7693 tls server state:16.
[0211-10:09:22:003][debug][process_tls_data:05151] Goodix>>> ---- tls 7693 bytes recv
[0211-10:09:22:004][debug][data_from_device:04920] Goodix>>> recvd data cmd-len: 0x20-7690
[0211-10:09:22:004][debug][data_from_device:04981] Goodix>>> --- cmd: image
[0211-10:09:22:004][info][chicagoHUget_rawdata:00737] Goodix>>> 7684 7684 10240
[0211-10:09:22:004][debug][ChicagoHUDataRegroup:00519] Goodix>>> Regroup pixels:5120
[0211-10:09:22:004][debug][data_from_device:04998] Goodix>>> receive non-POV image, length:7690
[0211-10:09:22:004][debug][data_from_device:05004] Goodix>>> image crc check Ok
[0211-10:09:22:004][debug][gf_get_oneframe:06843] Goodix>>> <= with ret(BOOL):1.
[0211-10:09:22:005][debug][process_tls_data:05161] Goodix>>> exit
[0211-10:09:22:005][info][gf_update_all_base:06984] Goodix>>> gf_get_fdtbase 2
[0211-10:09:22:005][debug][MilanEvtInterruptWorkItem:05985] Goodix>>> exit
[0211-10:09:22:005][debug][gf_get_fdtbase:06789] Goodix>>> enter
[0211-10:09:22:006][info][ChicagoHUSetMode:00541] Goodix>>> enter, Mode 3, Type 3, base_type 1
[0211-10:09:22:006][info][ChicagoHUSetMode:00599] Goodix>>> setmode: Fdt manual
[0211-10:09:22:006][debug][ChicagoHUSetMode:00640] Goodix>>> switch to FDT mode 3
[0211-10:09:22:006][debug][ChicagoHUSetMode:00641] Goodix>>> data sent::0x80b080c380a680b880a880b8
[0211-10:09:22:006][debug][SpiSendDataToDevice:03392] Goodix>>> cmd0-cmd1-Len-ackt-ec:0x3-3-0xe-1000-0
[0211-10:09:22:022][debug][data_from_device:04920] Goodix>>> recvd data cmd-len: 0xb0-3
[0211-10:09:22:022][debug][get_msg_data:06260] Goodix>>> get ack for cmd 0x36, cfg flag 0x1
[0211-10:09:22:027][debug][OnGetPBAInfo:03504] Goodix>>> Entry
[0211-10:09:22:027][debug][OnGetPBAInfo:03550] Goodix>>> Exit
[0211-10:09:22:028][debug][OnGetSensorInfo:03355] Goodix>>> Entry
[0211-10:09:22:028][info][OnGetSensorInfo:03412] Goodix>>> FP Info ready
[0211-10:09:22:029][info][OnGetSensorInfo:03422] Goodix>>> FP Info ready now, chipid:0x2504, sensorType:12, col:80, row:64
[0211-10:09:22:042][debug][data_from_device:04920] Goodix>>> recvd data cmd-len: 0x36-17
[0211-10:09:22:042][debug][data_from_device:05033] Goodix>>> --- cmd: fdt
[0211-10:09:22:042][debug][chicagoHUget_fdtdata:00815] Goodix>>> IrqStatus:0x100 cmd1 3
[0211-10:09:22:043][info][chicagoHUget_fdtdata:00874] Goodix>>> IRQ for fdt-manual, get fdt-up base, current mode is fdt-manual, touchflag 0x0
[0211-10:09:22:043][debug][chicagoHUget_fdtdata:00877] Goodix>>> received fdt base::0x610187014c01710150017101
[0211-10:09:22:043][info][chicagoHUget_fdtdata:00888] Goodix>>> get fdt-down base, current mode is fdt-manual
[0211-10:09:22:043][debug][gfCheckFDTBase:00936] Goodix>>> fdt base:0x610187014c01710150017101
[0211-10:09:22:043][debug][gfFDTDownbase:00968] Goodix>>> fdt_downbase[0]:0xb080
[0211-10:09:22:044][debug][gfFDTDownbase:00968] Goodix>>> fdt_downbase[1]:0xc380
[0211-10:09:22:044][debug][gfFDTDownbase:00968] Goodix>>> fdt_downbase[2]:0xa680
[0211-10:09:22:044][debug][gfFDTDownbase:00968] Goodix>>> fdt_downbase[3]:0xb880
[0211-10:09:22:044][debug][gfFDTDownbase:00968] Goodix>>> fdt_downbase[4]:0xa880
[0211-10:09:22:044][debug][gfFDTDownbase:00968] Goodix>>> fdt_downbase[5]:0xb880
[0211-10:09:22:044][debug][gf_get_fdtbase:06808] Goodix>>> exit
[0211-10:09:22:044][info][gf_update_all_base:06993] Goodix>>> gf_get_fdtbase 2 finshed
[0211-10:09:22:045][debug][gf_update_all_base:07037] Goodix>>> navret = 0x2
[0211-10:09:22:045][debug][gf_update_all_base:07047] Goodix>>> void
[0211-10:09:22:045][debug][gf_update_all_base:07065] Goodix>>> imageret 0x2
[0211-10:09:22:045][debug][gf_update_all_base:07076] Goodix>>> void
[0211-10:09:22:046][debug][gf_update_all_base:07088] Goodix>>> --- base exist, update imagebase
[0211-10:09:22:046][info][gf_update_all_base:07092] Goodix>>> before calc, base_is_valid 0, 0x2 0x2
[0211-10:09:22:046][debug][gf_savebaseTofile:07153] Goodix>>> nav buffer size:3200 buffer size:10240
[0211-10:09:22:046][debug][gf_savebaseTofile:07159] Goodix>>> save imagebase
[0211-10:09:22:046][error][gf_savebaseTofile:07165] Goodix>>> fail to create dir C:\ProgramData\Goodix, errno 17
[0211-10:09:22:047][info][gf_savebaseTofile:07176] Goodix>>> write 13520-13520 bytes to C:\ProgramData\Goodix\goodix.dat
[0211-10:09:22:047][debug][gf_savebaseTofile:07185] Goodix>>> exit size:13520(dec)
[0211-10:09:22:047][info][gf_update_all_base:07134] Goodix>>> exit, base_is_valid 0, ren 1
[0211-10:09:22:047][debug][device_check_imagebase_exist:06734] Goodix>>> update all base suc, Set FDT normal base
[0211-10:09:22:047][info][InitThread:01682] Goodix>>> Init: update all base have done
[0211-10:09:22:047][info][InitThread:01747] Goodix>>> !!Init: Initialization done successfully
[0211-10:09:22:047][info][InitThread:01752] Goodix>>> --- Init: end
[0211-10:09:33:099][info][MilanEvtDeviceD0Exit:04789] Goodix>>> target state: 4, power action: 0
[0211-10:09:33:100][trace][ClearPOVImage:05587] Goodix>>> no pov data
[0211-10:09:33:100][debug][clear_submit_delay:05854] Goodix>>> enter
[0211-10:09:33:100][trace][SuspendAllThreads:00487] Goodix>>> suspend all
[0211-10:09:33:100][info][MilanEvtDeviceD0Exit:04874] Goodix>>> enter S0 idle
