 Goodix>>> WBDI Build Apr 22 2022 16:33:55, LogTarget 1, LogLevel 9, LogPath C:\ProgramData\Goodix\WBDI.log, driver version 1.1.142.8
 Goodix>>> PowerCapability::0x01010100000001010101010000010000000001000100020100000000000001000000000000000000000000000000000000000000000000000000000000000000050000000000000000000000
 Goodix>>> supports Modern Standby: Yes
 Goodix>>> Driver Entry Morndern Standby, config: log  1 9, dump 1, firm_up 1, key_sim 0, hlk 0 s0idle 1, submit_delay 1, af 0 0, nav 0, choose 1 1, retry 1
 Goodix>>> before WdfDriverCreate
 Goodix>>> session thread enter
 Goodix>>> exit WBVer 16
 Goodix>>> display state 0x1(0x2-dim/0x1-on/0x0-off)
 Goodix>>> Entry
 Goodix>>> enter
 Goodix>>> enter
 Goodix>>> HardwareID: ACPI\VEN_GDIX&DEV_51C0
 Goodix>>> HardwareID not match
 Goodix>>> HardwareID: ACPI\GDIX51C0
 Goodix>>> HardwareID match for product 18, ACPI\GDIX51C0
 Goodix>>> to support disable and enable
 Goodix>>> support S0Idle
 Goodix>>> support DFx on MS system
 Goodix>>> S0Idle: 10s, switch 0
 Goodix>>> Interrupt created, to set interrupt priority
 Goodix>>> PowerManaged:TRUE
 Goodix>>> exit, status: 0x0
 Goodix>>> Exit 0x0
 Goodix>>> enter, driver version:1.1.142.8
 Goodix>>> resource count: 3
 Goodix>>> gpio.LowPart:6, gpio.HighPart:0
 Goodix>>> gpio-io count: 1, spi count: 1, interrupt count: 1, spi.LowPart:4, spi.HighPart:0
 Goodix>>> enter, LowPart:4, HighPart:0, DesiredAccess:0x12019f
 Goodix>>> enter, LowPart:6, HighPart:0, DesiredAccess:0x120116

 Goodix>>> Start to create the target
 Goodix>>> Start to open IO target
 Goodix>>> Open the target success
 SPI Connection Descriptor FFFF8D0B7F00AF78 ConnectionSpeed:10000000
 Connected to SPBTARGET 000072F48E4A8888 at address 0x0 from WDFDEVICE 000072F48E11EC28
 Goodix>>> enter inital headcount 0x50ad
 Opening handle to SPB target via \Device\RESOURCE_HUB\0000000000000003

 Goodix>>> --- start
 Goodix>>> Resume Thread device_fdtdata_analyze
 Goodix>>> --- start
 Goodix>>> Resume fdtdata analyze
 Goodix>>> exit 1
 Goodix>>> exit, status: 0x0, bret:1
 Goodix>>> entry, prev state: 5(4-D3,5-D3Final), power action: 0, driver version 1.1.142.8
 Goodix>>> enter
 Goodix>>> to create init creater
 Goodix>>> exit
 Goodix>>> --- start
 Goodix>>> enter
 Goodix>>> exit
 Goodix>>> exit
 Goodix>>> to create init thread
 Goodix>>> exit
 Goodix>>> --- exit
 Goodix>>> --- Init: start

 Goodix>>> Init: pov 1, pba 0, tls-client-server-rebuild-session 1-0-0-0-0, have config 0, device inited 0, base inited 0

 Goodix>>> cmd0-cmd1-Len-ackt-ec:0x0-0-0x4-0-0
 write    4 -  0000: a0 08 00 a8
 write    8 -  0000: 01 05 00 00 00 00 00 88
 Goodix>>> !!not to wait for ack

 Goodix>>> force unlock it

 Goodix>>> cmd0-cmd1-Len-ackt-ec:0xd-2-0x2-0-0
 write    4 -  0000: a0 06 00 a6
 write    6 -  0000: d5 03 00 00 00 d3
 Goodix>>> !!not to wait for ack

 Goodix>>> Get Evk Version...retry count 3
 Goodix>>> enter, project type 18
 Goodix>>> cmd0-cmd1-Len-ackt-ec:0x0-0-0x4-0-0
 write    4 -  0000: a0 08 00 a8
 write    8 -  0000: 01 05 00 00 00 00 00 88
 Goodix>>> !!not to wait for ack

 Goodix>>> cmd0-cmd1-Len-ackt-ec:0xa-4-0x2-1000-0
 write    4 -  0000: a0 06 00 a6
 write    6 -  0000: a8 03 00 00 00 ff

  read    4 -  0000: a0 06 00 a6
  read    6 -  0000: b0 03 00 a8 07 48
 Goodix>>> recvd data cmd-len: 0xb0-3
 Goodix>>> get ack for cmd 0xa8, cfg flag 0x7

  read    4 -  0000: a0 1a 00 ba
  read   26 -  0000: a8 17 00 47 46 5f 48 43 34 36 30 53 45 43 5f 41
  read   26 -  0010: 50 50 5f 31 34 32 31 30 00 68
 Goodix>>> MCU has no config
 Goodix>>> recvd data cmd-len: 0xa8-23
 Goodix>>> --- cmd: other
 Goodix>>> got evk version: GF_HC460SEC_APP_14210

 Goodix>>> DriverState:Install
 Goodix>>> driver type win spi

 Goodix>>> cmd0-cmd1-Len-ackt-ec:0x0-0-0x4-0-0
 write    4 -  0000: a0 08 00 a8
 write    8 -  0000: 01 05 00 00 00 00 00 88
 Goodix>>> !!not to wait for ack

 Goodix>>> cmd0-cmd1-Len-ackt-ec:0x9-3-0x2-0-0
 write    4 -  0000: a0 06 00 a6
 write    6 -  0000: 97 03 00 01 01 0f
 Goodix>>> !!not to wait for ack

 Goodix>>> mcu-state TIMESTAMP 0x5193
 Goodix>>> cmd0-cmd1-Len-ackt-ec:0xa-7-0x5-0-0
 write    4 -  0000: a0 09 00 a9
 write    9 -  0000: af 06 00 55 93 51 00 00 bd
 Goodix>>> !!not to wait for ack

  read    4 -  0000: a0 1a 00 ba
  read   26 -  0000: ae 17 00 04 00 30 00 00 00 00 00 20 00 00 00 00
  read   26 -  0010: 01 00 00 04 25 02 00 00 00 65
 Goodix>>> recvd data cmd-len: 0xae-23
 Goodix>>> --- cmd: other

 Goodix>>> pov 1, pba 0, tls-client-server-lock 1-0-0-0, have config 0, pov valid 0
 Goodix>>> mcu state::0x04003000000000002000000000010000042502000000
 Goodix>>> mcu state: version:4, isPOVImageValid:0, isTlsConnected:0, isTlsUsed:0, isLocked:0, availImgCnt:0, povImgCnt:3
 Goodix>>> mcu state: sensor_data_int_timeout_count:0, image_crc_fail_count:0, povTouchAccidentCnt:0x0, readChipIDCnt:0, sensorExceptionFlag:0, sensorUnexpectedIntCnt:0, to_master_timeout_count:0
 Goodix>>> mcu state: psk_len:32, psk_check_fail:0, psk_write_fail:0, ec_falling_count:0, system_up_stop_cnt:0, system_down_pov_stop_cnt:0, system_up_cleared_pov_count:0
 Goodix>>> mcu state: pov_wake_by_fp:1, pov_wake_by_ec:0, pov_procedure:0x0, config_down_flag:0, sensor_chip_id:0x2504, sensor_type:2, pov_capture_count:0, normal_capture_count:0, otp_mcu_check_status:0x0
 Goodix>>> tls not alive
 Goodix>>> ensure tls handshake will be done 0
 Goodix>>> Init: pov 1, pba 0, tls-client-server-rebuild-session 1-0-0-0-0, have config 0, device inited 0, base inited 0, d0exit 0
 Goodix>>> ---- enter
 _DeviceInit
 Goodix>>> to set state from 0 to 1
 Goodix>>> Not support PBA.
 Goodix>>> to set state to DEVICE_ACTION
 Goodix>>> to set state from 1 to 3
 Goodix>>> besdenable:0
 Goodix>>> to set state to DEVICE_ENABLE
 Goodix>>> to set state from 3 to 1
 Goodix>>> enter, project 18, tls 1, firmware update 1, simulation 0, retry count 3
 Goodix>>> Get Evk Version...retry count 3
 Goodix>>> enter, project type 18

 Goodix>>> cmd0-cmd1-Len-ackt-ec:0x0-0-0x4-0-0
 write    4 -  0000: a0 08 00 a8
 write    8 -  0000: 01 05 00 00 00 00 00 88
 Goodix>>> !!not to wait for ack

 Goodix>>> cmd0-cmd1-Len-ackt-ec:0xa-4-0x2-1000-0
 write    4 -  0000: a0 06 00 a6
 write    6 -  0000: a8 03 00 00 00 ff

  read    4 -  0000: a0 06 00 a6
  read    6 -  0000: b0 03 00 a8 07 48
 Goodix>>> recvd data cmd-len: 0xb0-3
 Goodix>>> get ack for cmd 0xa8, cfg flag 0x7
 Goodix>>> MCU has no config

  read    4 -  0000: a0 1a 00 ba
  read   26 -  0000: a8 17 00 47 46 5f 48 43 34 36 30 53 45 43 5f 41
  read   26 -  0010: 50 50 5f 31 34 32 31 30 00 68
 Goodix>>> recvd data cmd-len: 0xa8-23
 Goodix>>> --- cmd: other

 Goodix>>> got evk version: GF_HC460SEC_APP_14210
 Goodix>>> !!!REE SPI MCU:Update firmware
 Goodix>>> !!!Update HDSC firmware
 Goodix>>> => update switch 1
 Goodix>>> current state is 1, to set state to DEVICE_UPDATE
 Goodix>>> to set state from 1 to 4
 Goodix>>> CONFIG DATA: retry_count_for_common_init 3
 Goodix>>> Nowversion len21 :GF_HC460SEC_APP_14210, firmwareLen=109514, UpdateByDriver=1
 Goodix>>> Current MCU Version: GF_HC460SEC_APP_14210
 Goodix>>> Not Find :IAP
 Goodix>>> MCU not runs IAP
 Goodix>>> Driver auto update firmware
 Goodix>>> Current MCU Version GF_HC460SEC_APP_14210, Version in Driver GF_HC460SEC_APP_14210
 Goodix>>> the same version, no need to update firmware
 Goodix>>> exit 0x1
 Goodix>>> to restore, to set state to 1
 Goodix>>> to set state from 4 to 1
 Goodix>>> <= with 0x1.
 Goodix>>> update firmware result 1
 Goodix>>> Find :APP

━━━━━━━━━━━━━━━━━━━━━━━━━━━━━━━━━━━━━━━━━━━━━━━━━━━━━━━━━━━━
━━━ процесс проверки PSK:

 Goodix>>> production process...
 Goodix>>> Entry
 Goodix>>> . check psk if valid (total times:2)

━━━ первая попытка проверки хэша PSK:

 Goodix>>> check psk times: 1
 Goodix>>> entry
 Goodix>>> 1.get host hash
 Goodix>>> entry
 Goodix>>> .get seal data

━━━ в рамках первой попытки смотрим в файл Goodix_Cache.bin

 Goodix>>> read 332 bytes

━━━ файл Goodix_Cache.bin не пуст

 Goodix>>> generate rootkey
 Goodix>>> inbuf_len 324, entropy_len 48, len_out 32
 Goodix>>> The decryption phase worked, 324, 32
 Goodix>>> unseal return 0x0 length before 324, length after:32
 Goodix>>> .wb data
 Goodix>>> wb return 0x0 length before 32, length after:102
 Goodix>>> .hash
 Goodix>>> hash return 0x0 length before 102, length after:32
 Goodix>>> exit with 0x0
 Goodix>>> ret 0x0, psk len 32, hash len 32, seal len 332, data from file flag 1

 Goodix>>> 2.get mcu hash
 Goodix>>> Entry
 Goodix>>> 0.read specific data_type 0xbb020003
 Goodix>>> 2.read data from mcu
 Goodix>>> Entry
 Goodix>>> 1.SpiSendDataToDeviceLock
 Goodix>>> cmd0-cmd1-Len-ackt-ec:0xe-2-0x8-1000-0
 write    4 -  0000: a0 0c 00 ac
 write   12 -  0000: e4 09 00 03 00 02 bb 00 00 00 00 fd

  read    4 -  0000: a0 06 00 a6
  read    6 -  0000: b0 03 00 e4 07 0c
 Goodix>>> recvd data cmd-len: 0xb0-3
 Goodix>>> get ack for cmd 0xe4, cfg flag 0x7
 Goodix>>> MCU has no config

  read    4 -  0000: a0 2d 00 cd
  read   45 -  0000: e4 2a 00 00 03 00 02 bb 20 00 00 00 8d 8e 99 80
  read   45 -  0010: 5d 1e 22 89 c5 41 12 5d 5a dd 5d d5 30 89 4c c8
  read   45 -  0020: 50 0d 03 55 41 b8 c0 a5 96 1e c0 5d d3
 Goodix>>> recvd data cmd-len: 0xe4-42
 Goodix>>> --- Received production response
 Goodix>>> production response pure data length=41

 Goodix>>> 2.parse return data
 Goodix>>> return data, len_payload_mcu  41 bytes, passed 2048 bytes, result 0.
 Goodix>>> read from mcu done, copy 40 bytes back
 Goodix>>> Exit ret:0x0.
 Goodix>>> read data from mcu ret:0x0, length: 40
 Goodix>>> Exit with 0x0
 Goodix>>> get mcu hash, ret 0x0, len 32
 Goodix>>> 3.verify
 Goodix>>> !!!hash equal !!!
 Goodix>>> exit with 0x0
 Goodix>>> check psk: psk is valid!
 Goodix>>> Exit ret:0x0
 Goodix>>> Production Process...Success!

━━━ Проверка PSK пройдена

 Goodix>>> exit return 0x0, inited 1
 Goodix>>> enter
 Goodix>>> --- to get CHIP ID
 Goodix>>> --- SetIdle

 Goodix>>> reset sensor
 Goodix>>> reset device, reset_flag 1
 Goodix>>> cmd0-cmd1-Len-ackt-ec:0xa-1-0x2-1000-0
 write    4 -  0000: a0 06 00 a6
 write    6 -  0000: a2 03 00 01 14 f0

  read    4 -  0000: a0 06 00 a6
  read    6 -  0000: b0 03 00 a2 07 4e
 Goodix>>> recvd data cmd-len: 0xb0-3
 Goodix>>> get ack for cmd 0xa2, cfg flag 0x7
 Goodix>>> MCU has no config

  read    4 -  0000: a0 07 00 a7
  read    7 -  0000: a2 04 00 01 00 08 fb
 Goodix>>> recvd data cmd-len: 0xa2-4
 Goodix>>> --- cmd: other
 Goodix>>> CHIP_RESET::0x010008

 Goodix>>> --- MILAN_CHIPID
 Goodix>>> cmd0-cmd1-Len-ackt-ec:0x8-1-0x5-1000-0
 write    4 -  0000: a0 09 00 a9
 write    9 -  0000: 82 06 00 00 00 00 04 00 1e

  read    4 -  0000: a0 06 00 a6
  read    6 -  0000: b0 03 00 82 07 6e
 Goodix>>> recvd data cmd-len: 0xb0-3
 Goodix>>> get ack for cmd 0x82, cfg flag 0x7
 Goodix>>> MCU has no config

  read    4 -  0000: a0 08 00 a8
  read    8 -  0000: 82 05 00 a2 04 25 00 58
 Goodix>>> recvd data cmd-len: 0x82-5
 Goodix>>> --- cmd: regrw

 Goodix>>> Get Chip ID: 0x2504
 Goodix>>> enter
 Goodix>>> to init device by chipid 0x2504
 Goodix>>> !!!! to Open ChicagoHS, sensor type: 12
 Goodix>>> sensor info ready, chipid:0x2504, sensorType:12, col:80, row:64
 Goodix>>> Index 1 buffer address:0x000001EE1E1887F0
 Goodix>>> Index 2 buffer address:0x000001EE1E18B000
 Goodix>>> Index 3 buffer address:0x000001EE1E18D810
 Goodix>>> Index 4 buffer address:0x000001EE1E190020
 Goodix>>> exit 1

 Goodix>>> Get Chip ID: 0x2504 in 0 try
 Goodix>>> to set state to DEVICE_ACTION
 Goodix>>> to set state from 1 to 3
 Goodix>>> cmd0-cmd1-Len-ackt-ec:0xa-3-0x2-1000-0
 write    4 -  0000: a0 06 00 a6
 write    6 -  0000: a6 03 00 00 00 01

  read    4 -  0000: a0 06 00 a6
  read    6 -  0000: b0 03 00 a6 07 4a
 Goodix>>> recvd data cmd-len: 0xb0-3
 Goodix>>> get ack for cmd 0xa6, cfg flag 0x7
 Goodix>>> MCU has no config

  read    4 -  0000: a0 44 00 e4
  read   68 -  0000: a6 41 00 53 34 30 36 36 36 2e 00 0a 7d 82 b3 72
  read   68 -  0010: a0 46 0a 51 07 05 0e 7d 4b 17 27 41 02 9a 0c f1
  read   68 -  0020: 80 7f 0c 07 81 30 38 e4 80 dd fc 0a be bb 44 01
  read   68 -  0030: bb b3 b5 b3 b3 b3 b5 b3 b3 41 33 e4 1b dd 22 0c
  read   68 -  0040: f0 17 db 1c

 Goodix>>> recvd data cmd-len: 0xa6-65
 Goodix>>> --- cmd: other

 Goodix>>> to set state to DEVICE_ENABLE
 Goodix>>> to set state from 3 to 1
 Goodix>>> Got sensor OTP::0x5334303636362e000a7d82b372a0460a5107050e7d4b172741029a0cf1807f0c07813038e480ddfc0abebb4401bbb3b5b3b3b3b5b3b34133e41bdd220cf017db
 Goodix>>> Success to get OTP data

 Goodix>>> to set state to DEVICE_ACTION
 Goodix>>> to set state from 1 to 3
 Goodix>>> enter, OTP size 64, internal tcode adjust 0, default tcode 128, default fdt delta 21
 Goodix>>> read 64 bytes from C:\ProgramData\Goodix\goodix.dat
 Goodix>>> got file OTP::0x5334303636362e000a7d82b372a0460a5107050e7d4b172741029a0cf1807f0c07813038e480ddfc0abebb4401bbb3b5b3b3b3b5b3b34133e41bdd220cf017db
 Goodix>>> the same OTP in file and from FP
 Goodix>>> entry
 Goodix>>> cp check CRC=12, chip cp CRC=12
 Goodix>>> ft check CRC=240, chip ft CRC=240
 Goodix>>> mt check CRC=219, chip mt CRC=219
 Goodix>>> entry
 Goodix>>> ft dac crc check CRC=23, otp CRC=23
 Goodix>>> from otp dac 0xb38, dac1 0xb5, dac2 0xb3, dac3 0xb3
 Goodix>>> reg 0x0220, before update: 0x0808, after update:0x0b38 (0x0b38: 0xb|0x38)
 Goodix>>> reg 0x0236, before update: 0x0080, after update:0x00b5 (0x00b5: 0x0|0xb5)
 Goodix>>> reg 0x0238, before update: 0x0080, after update:0x00b3 (0x00b3: 0x0|0xb3)
 Goodix>>> reg 0x023a, before update: 0x0080, after update:0x00b3 (0x00b3: 0x0|0xb3)
 Goodix>>> USED OTP::0x5334303636362e000a7d82b372a0460a5107050e7d4b172741029a0cf1807f0c07813038e480ddfc0abebb4401bbb3b5b3b3b3b5b3b34133e41bdd220cf017db
 Goodix>>> reg 0x005c, before update: 0x0180, after update:0x0100 (0x0100: 0x1|0x0)
 Goodix>>> reg 0x0082, before update: 0x1580, after update:0x1b80 (0x1b00: 0x1b|0x0)
 Goodix>>> OTP tcode 256, fdt delta 27
 Goodix>>> fdtOffset:0x0
 Goodix>>> to set state to DEVICE_ENABLE
 Goodix>>> to set state from 3 to 1
 Goodix>>> FDT_Init, sensortype: 12, fdt_delta:27, tcode:256
 Goodix>>> to set state to DEVICE_ACTION
 Goodix>>> to set state from 1 to 3
 Goodix>>> enter

 Goodix>>> reset sensor
 Goodix>>> reset device, reset_flag 1
 Goodix>>> cmd0-cmd1-Len-ackt-ec:0xa-1-0x2-1000-0
 write    4 -  0000: a0 06 00 a6
 write    6 -  0000: a2 03 00 01 14 f0

  read    4 -  0000: a0 06 00 a6
  read    6 -  0000: b0 03 00 a2 07 4e

 Goodix>>> recvd data cmd-len: 0xb0-3
 Goodix>>> get ack for cmd 0xa2, cfg flag 0x7
 Goodix>>> MCU has no config

  read    4 -  0000: a0 07 00 a7
  read    7 -  0000: a2 04 00 01 00 08 fb

 Goodix>>> recvd data cmd-len: 0xa2-4
 Goodix>>> --- cmd: other
 Goodix>>> CHIP_RESET::0x010008

 Goodix>>> enter, Mode 7, Type 0, base_type 0
 Goodix>>> setmode: idle
 Goodix>>> cmd0-cmd1-Len-ackt-ec:0x7-0-0x2-1000-0
 write    4 -  0000: a0 06 00 a6
 write    6 -  0000: 70 03 00 14 00 23

  read    4 -  0000: a0 06 00 a6
  read    6 -  0000: b0 03 00 70 07 80
 Goodix>>> recvd data cmd-len: 0xb0-3
 Goodix>>> get ack for cmd 0x70, cfg flag 0x7
 Goodix>>> MCU has no config

 Goodix>>> Dac sent::0x380bb500b300b300
 Goodix>>> cmd0-cmd1-Len-ackt-ec:0x9-4-0x8-1000-0
 write    4 -  0000: a0 0c 00 ac
 write   12 -  0000: 98 09 00 38 0b b5 00 b3 00 b3 00 ab

  read    4 -  0000: a0 06 00 a6
  read    6 -  0000: b0 03 00 98 07 58
 Goodix>>> recvd data cmd-len: 0xb0-3
 Goodix>>> get ack for cmd 0x98, cfg flag 0x7
 Goodix>>> MCU has no config

  read    4 -  0000: a0 06 00 a6
  read    6 -  0000: 98 03 00 01 00 0e
 Goodix>>> recvd data cmd-len: 0x98-3

 Goodix>>> wrote down dac 0xb38, dac1 0xb5,dac2 0xb3, dac3 0xb3
 Goodix>>> cmd0-cmd1-Len-ackt-ec:0x9-0-0xe0-1000-0
 write    4 -  0000: a0 e4 00 84
 write  228 -  0000: 90 e1 00 70 11 74 85 00 85 2c b1 18 c9 14 dd 00
 write  228 -  0010: dd 00 dd 00 ba 00 01 80 ca 00 04 00 84 00 15 b3
 write  228 -  0020: 86 00 00 c4 88 00 00 ba 8a 00 00 b2 8c 00 00 aa
 write  228 -  0030: 8e 00 00 c1 90 00 bb bb 92 00 b1 b1 94 00 00 a8
 write  228 -  0040: 96 00 00 b6 98 00 00 00 9a 00 00 00 d2 00 00 00
 write  228 -  0050: d4 00 00 00 d6 00 00 00 d8 00 00 00 50 00 01 05
 write  228 -  0060: d0 00 00 00 70 00 00 00 72 00 78 56 74 00 34 12
 write  228 -  0070: 20 00 10 40 5c 00 00 01 20 02 38 0b 36 02 b5 00
 write  228 -  0080: 38 02 b3 00 3a 02 b3 00 2a 01 82 03 22 00 01 20
 write  228 -  0090: 24 00 14 00 80 00 01 00 5c 00 00 01 56 00 04 20
 write  228 -  00a0: 58 00 03 02 32 00 0c 02 66 00 03 00 7c 00 00 58
 write  228 -  00b0: 82 00 80 1b 2a 01 08 00 54 00 10 01 62 00 04 03
 write  228 -  00c0: 64 00 19 00 66 00 03 00 7c 00 00 58 2a 01 08 00
 write  228 -  00d0: 52 00 08 00 54 00 00 01 66 00 03 00 7c 00 00 58
 write  228 -  00e0: 00 53 66 8f

  read    4 -  0000: a0 06 00 a6
  read    6 -  0000: b0 03 00 90 07 60
 Goodix>>> recvd data cmd-len: 0xb0-3
 Goodix>>> get ack for cmd 0x90, cfg flag 0x7
 Goodix>>> MCU has no config

  read    4 -  0000: a0 06 00 a6
  read    6 -  0000: 90 03 00 01 00 16
 Goodix>>> recvd data cmd-len: 0x90-3

 Goodix>>> exit, ret 1
 Goodix>>> to set state to DEVICE_ENABLE
 Goodix>>> to set state from 3 to 1
 Goodix>>> OTP data valid, download config 1
 Goodix>>> otp_valid 1, have config 1
 Goodix>>> exit return 1, inited 1
 Goodix>>> to set state to DEVICE_ACTION
 Goodix>>> to set state from 1 to 3
 Goodix>>> besdenable:1
 Goodix>>> to set state to DEVICE_ENABLE
 Goodix>>> to set state from 3 to 1
 Goodix>>> Init Device Done Successfully
 Goodix>>> Init Device Success
 Goodix>>> tls handshake flag is marked to false
 Goodix>>> ---- enter
 Goodix>>> CONFIG DATA: time_wait_for_tls 1100, time_wait_for_pov 2000
 Goodix>>> enter
 Goodix>>> tls init...
 Goodix>>> enter 32
 Goodix>>> => tlslib_server_init
 Goodix>>> => tlslib_server_exit.
 Goodix>>> <= tlslib_server_exit.
 ret:0
 Goodix>>> exit with ret:0
 Goodix>>> TLS Init Success, Set tls inited to TRUE

 Goodix>>> cmd0-cmd1-Len-ackt-ec:0xd-0-0x2-0-0
 write    4 -  0000: a0 06 00 a6
 write    6 -  0000: d1 03 00 00 00 d7
 Goodix>>> !!not to wait for ack

  read    4 -  0000: b0 34 00 e4
  read   52 -  0000: 16 03 03 00 2f 01 00 00 2b 03 03 2d f4 51 58 cf
  read   52 -  0010: 8c b1 40 46 f6 b5 4b 29 31 03 47 04 5b 70 30 b4
  read   52 -  0020: 5d fd 20 78 7f 8b 1a d8 59 29 50 00 00 04 00 a8
  read   52 -  0030: 00 ff 01 00
 Goodix>>> enter
 Goodix>>>  ---- pack len: 52
 Goodix>>> enter
 Goodix>>> tls handshake package, state: 0
 Goodix>>> TLS LOG: => read
 Goodix>>> TLS LOG: => handshake
 Goodix>>> TLS LOG: server state: 0
 Goodix>>> TLS LOG: => flush output
 Goodix>>> TLS LOG: <= flush output
 Goodix>>> TLS LOG: server state: 1
 Goodix>>> TLS LOG: => flush output
 Goodix>>> TLS LOG: <= flush output
 Goodix>>> TLS LOG: => parse client hello
 Goodix>>> TLS LOG: => fetch input
 Goodix>>> TLS LOG: in_left: 0, nb_want: 5
 Goodix>>> enter, tls inited 1
 Goodix>>> bytes to read: 5, bytes left: 52
 Goodix>>> bytes read: 5, bytes left: 47
 Goodix>>> recv ret:5.
 Goodix>>> TLS LOG: in_left: 0, nb_want: 5
 Goodix>>> TLS LOG: ssl->f_recv(_timeout)() returned 5 (-0xfffffffb)
 Goodix>>> TLS LOG: <= fetch input
 Goodix>>> TLS LOG: => fetch input
 Goodix>>> TLS LOG: in_left: 5, nb_want: 52
 Goodix>>> enter, tls inited 1
 Goodix>>> bytes to read: 47, bytes left: 47
 Goodix>>> bytes read: 47, bytes left: 0
 Goodix>>> recv ret:47.
 Goodix>>> TLS LOG: in_left: 5, nb_want: 52
 Goodix>>> TLS LOG: ssl->f_recv(_timeout)() returned 47 (-0xffffffd1)
 Goodix>>> TLS LOG: <= fetch input
 Goodix>>> TLS LOG: selected ciphersuite: TLS-PSK-WITH-AES-128-GCM-SHA256
 Goodix>>> TLS LOG: <= parse client hello
 Goodix>>> TLS LOG: server state: 2
 Goodix>>> TLS LOG: => flush output
 Goodix>>> TLS LOG: <= flush output
 Goodix>>> TLS LOG: => write server hello
 Goodix>>> TLS LOG: => write handshake message
 Goodix>>> TLS LOG: => write record
 Goodix>>> TLS LOG: => flush output
 Goodix>>> TLS LOG: message length: 86, out_left: 86
 Goodix>>> enter, tls inited 1

 write    4 -  0000: b0 56 00 06
 write   86 -  0000: 16 03 03 00 51 02 00 00 4d 03 03 c9 9c 44 71 29
 write   86 -  0010: 31 13 e9 d9 f9 65 b2 22 d8 74 90 d5 90 08 73 31
 write   86 -  0020: b6 51 a8 41 87 1c fa 06 46 a5 93 20 12 c0 b6 d6
 write   86 -  0030: 58 4e b8 63 a6 b2 95 9d 6c ee 4c fe 26 04 d8 ae
 write   86 -  0040: cd af 79 7f 77 97 b8 33 27 6c 93 68 00 a8 00 00
 write   86 -  0050: 05 ff 01 00 01 00

 Goodix>>> SENT DATA LEN: 86, 90
 Goodix>>> tls init...done within 31ms, system slow index 2, time for checking tls-hand-shake 1100ms, time_tls_handshake:2200

 Goodix>>> exit len 86
 Goodix>>> sent ret:86.
 Goodix>>> TLS LOG: ssl->f_send() returned 86 (-0xffffffaa)
 Goodix>>> TLS LOG: <= flush output
 Goodix>>> TLS LOG: <= write record
 Goodix>>> TLS LOG: <= write handshake message
 Goodix>>> TLS LOG: <= write server hello
 Goodix>>> TLS LOG: server state: 3
 Goodix>>> TLS LOG: => flush output
 Goodix>>> TLS LOG: <= flush output
 Goodix>>> TLS LOG: => write certificate
 Goodix>>> TLS LOG: <= skip write certificate
 Goodix>>> TLS LOG: server state: 4
 Goodix>>> TLS LOG: => flush output
 Goodix>>> TLS LOG: <= flush output
 Goodix>>> TLS LOG: => write server key exchange
 Goodix>>> TLS LOG: <= skip write server key exchange
 Goodix>>> TLS LOG: server state: 5
 Goodix>>> TLS LOG: => flush output
 Goodix>>> TLS LOG: <= flush output
 Goodix>>> TLS LOG: => write certificate request
 Goodix>>> TLS LOG: <= skip write certificate request
 Goodix>>> TLS LOG: server state: 6
 Goodix>>> TLS LOG: => flush output
 Goodix>>> TLS LOG: <= flush output
 Goodix>>> TLS LOG: => write server hello done
 Goodix>>> TLS LOG: => write handshake message
 Goodix>>> TLS LOG: => write record
 Goodix>>> TLS LOG: => flush output
 Goodix>>> TLS LOG: message length: 9, out_left: 9
 Goodix>>> enter, tls inited 1
 write    4 -  0000: b0 09 00 b9
 write    9 -  0000: 16 03 03 00 04 0e 00 00 00
 Goodix>>> SENT DATA LEN: 9, 13

 Goodix>>> enter
  read    4 -  0000: b0 1a 00 ca
  read   26 -  0000: 16 03 03 00 15 10 00 00 11 00 0f 43 6c 69 65 6e
  read   26 -  0010: 74 5f 69 64 65 6e 74 69 74 79

 Goodix>>> enter
  read    4 -  0000: b0 06 00 b6
  read    6 -  0000: 14 03 03 00 01 01

 Goodix>>> exit len 9
 Goodix>>> sent ret:9.
 Goodix>>> TLS LOG: ssl->f_send() returned 9 (-0xfffffff7)
 Goodix>>> TLS LOG: <= flush output
 Goodix>>> TLS LOG: <= write record
 Goodix>>> TLS LOG: <= write handshake message
 Goodix>>> TLS LOG: <= write server hello done
 Goodix>>> TLS LOG: server state: 7
 Goodix>>> TLS LOG: => flush output
 Goodix>>> TLS LOG: <= flush output
 Goodix>>> TLS LOG: => parse certificate
 Goodix>>> TLS LOG: <= skip parse certificate
 Goodix>>> TLS LOG: server state: 8
 Goodix>>> TLS LOG: => flush output
 Goodix>>> TLS LOG: <= flush output
 Goodix>>> TLS LOG: => parse client key exchange
 Goodix>>> TLS LOG: => read record
 Goodix>>> TLS LOG: => fetch input
 Goodix>>> TLS LOG: in_left: 0, nb_want: 5
 Goodix>>> enter
 Goodix>>> enter, tls inited 1
 Goodix>>> bytes to read: 5, bytes left: 0
  read    4 -  0000: b0 2d 00 dd
  read   45 -  0000: 16 03 03 00 28 00 00 00 00 00 00 00 00 7d e7 ed
  read   45 -  0010: b4 1c 53 bb bf 2b 85 fe 2f 6d 42 e7 4a a6 79 43
  read   45 -  0020: bb 14 de 64 da 56 55 46 4e 5a aa c7 81

 Goodix>>> data not enough
 Goodix>>> bytes read: 0, bytes left: 0
 Goodix>>> recv ret:0.
 Goodix>>> TLS LOG: in_left: 0, nb_want: 5
 Goodix>>> TLS LOG: ssl->f_recv(_timeout)() returned 0 (-0x0000)
 Goodix>>> TLS LOG: mbedtls_ssl_fetch_input() returned -29312 (-0x7280)
 Goodix>>> TLS LOG: ssl_get_next_record() returned -29312 (-0x7280)
 Goodix>>> TLS LOG: mbedtls_ssl_read_record() returned -29312 (-0x7280)
 Goodix>>> TLS LOG: <= handshake
 Goodix>>> TLS LOG: mbedtls_ssl_handshake() returned -29312 (-0x7280)
 Goodix>>> tlslib_read error ret(abs): 0x7280, meaning:SSL - The connection indicated an EOF.
 Goodix>>> enter
 Goodix>>> TLS now IN handshake state:8.
 Goodix>>> <= tlslib_read exit with ret:-29312 tls server state:8.
 Goodix>>> exit
 Goodix>>>  ---- pack len: 26
 Goodix>>> enter
 Goodix>>> tls handshake package, state: 8
 Goodix>>> TLS LOG: => read
 Goodix>>> TLS LOG: => handshake
 Goodix>>> TLS LOG: server state: 8
 Goodix>>> TLS LOG: => flush output
 Goodix>>> TLS LOG: <= flush output
 Goodix>>> TLS LOG: => parse client key exchange
 Goodix>>> TLS LOG: => read record
 Goodix>>> TLS LOG: => fetch input
 Goodix>>> TLS LOG: in_left: 0, nb_want: 5
 Goodix>>> enter, tls inited 1
 Goodix>>> bytes to read: 5, bytes left: 26
 Goodix>>> bytes read: 5, bytes left: 21
 Goodix>>> recv ret:5.
 Goodix>>> TLS LOG: in_left: 0, nb_want: 5
 Goodix>>> TLS LOG: ssl->f_recv(_timeout)() returned 5 (-0xfffffffb)
 Goodix>>> TLS LOG: <= fetch input
 Goodix>>> TLS LOG: => fetch input
 Goodix>>> TLS LOG: in_left: 5, nb_want: 26
 Goodix>>> enter, tls inited 1
 Goodix>>> bytes to read: 21, bytes left: 21
 Goodix>>> bytes read: 21, bytes left: 0
 Goodix>>> recv ret:21.
 Goodix>>> TLS LOG: in_left: 5, nb_want: 26
 Goodix>>> TLS LOG: ssl->f_recv(_timeout)() returned 21 (-0xffffffeb)
 Goodix>>> TLS LOG: <= fetch input
 Goodix>>> TLS LOG: <= read record
 Goodix>>> TLS LOG: => derive keys
 Goodix>>> TLS LOG: <= derive keys
 Goodix>>> TLS LOG: <= parse client key exchange
 Goodix>>> TLS LOG: server state: 9
 Goodix>>> TLS LOG: => flush output
 Goodix>>> TLS LOG: <= flush output
 Goodix>>> TLS LOG: => parse certificate verify
 Goodix>>> TLS LOG: <= skip parse certificate verify
 Goodix>>> TLS LOG: server state: 10
 Goodix>>> TLS LOG: => flush output
 Goodix>>> TLS LOG: <= flush output
 Goodix>>> TLS LOG: => parse change cipher spec
 Goodix>>> TLS LOG: => read record
 Goodix>>> TLS LOG: => fetch input
 Goodix>>> TLS LOG: in_left: 0, nb_want: 5
 Goodix>>> enter, tls inited 1
 Goodix>>> bytes to read: 5, bytes left: 0
 Goodix>>> data not enough
 Goodix>>> bytes read: 0, bytes left: 0
 Goodix>>> recv ret:0.
 Goodix>>> TLS LOG: in_left: 0, nb_want: 5
 Goodix>>> TLS LOG: ssl->f_recv(_timeout)() returned 0 (-0x0000)
 Goodix>>> TLS LOG: mbedtls_ssl_fetch_input() returned -29312 (-0x7280)
 Goodix>>> TLS LOG: ssl_get_next_record() returned -29312 (-0x7280)
 Goodix>>> TLS LOG: mbedtls_ssl_read_record() returned -29312 (-0x7280)
 Goodix>>> TLS LOG: <= handshake
 Goodix>>> TLS LOG: mbedtls_ssl_handshake() returned -29312 (-0x7280)
 Goodix>>> tlslib_read error ret(abs): 0x7280, meaning:SSL - The connection indicated an EOF.
 Goodix>>> enter
 Goodix>>> TLS now IN handshake state:10.
 Goodix>>> <= tlslib_read exit with ret:-29312 tls server state:10.
 Goodix>>> exit
 Goodix>>>  ---- pack len: 6
 Goodix>>> enter
 Goodix>>> tls handshake package, state: 10
 Goodix>>> TLS LOG: => read
 Goodix>>> TLS LOG: => handshake
 Goodix>>> TLS LOG: server state: 10
 Goodix>>> TLS LOG: => flush output
 Goodix>>> TLS LOG: <= flush output
 Goodix>>> TLS LOG: => parse change cipher spec
 Goodix>>> TLS LOG: => read record
 Goodix>>> TLS LOG: => fetch input
 Goodix>>> TLS LOG: in_left: 0, nb_want: 5
 Goodix>>> enter, tls inited 1
 Goodix>>> bytes to read: 5, bytes left: 6
 Goodix>>> bytes read: 5, bytes left: 1
 Goodix>>> recv ret:5.
 Goodix>>> TLS LOG: in_left: 0, nb_want: 5
 Goodix>>> TLS LOG: ssl->f_recv(_timeout)() returned 5 (-0xfffffffb)
 Goodix>>> TLS LOG: <= fetch input
 Goodix>>> TLS LOG: => fetch input
 Goodix>>> TLS LOG: in_left: 5, nb_want: 6
 Goodix>>> enter, tls inited 1
 Goodix>>> bytes to read: 1, bytes left: 1
 Goodix>>> bytes read: 1, bytes left: 0
 Goodix>>> recv ret:1.
 Goodix>>> TLS LOG: in_left: 5, nb_want: 6
 Goodix>>> TLS LOG: ssl->f_recv(_timeout)() returned 1 (-0xffffffff)
 Goodix>>> TLS LOG: <= fetch input
 Goodix>>> TLS LOG: <= read record
 Goodix>>> TLS LOG: <= parse change cipher spec
 Goodix>>> TLS LOG: server state: 11
 Goodix>>> TLS LOG: => flush output
 Goodix>>> TLS LOG: <= flush output
 Goodix>>> TLS LOG: => parse finished
 Goodix>>> TLS LOG: => calc  finished tls sha256
 Goodix>>> TLS LOG: <= calc  finished
 Goodix>>> TLS LOG: => read record
 Goodix>>> TLS LOG: => fetch input
 Goodix>>> TLS LOG: in_left: 0, nb_want: 5
 Goodix>>> enter, tls inited 1
 Goodix>>> tls handshake already started
 Goodix>>> bytes to read: 5, bytes left: 0
 Goodix>>> TLS Handshake Started, waif for TLS handshake done(2200-0)...
 Goodix>>> data not enough
 Goodix>>> bytes read: 0, bytes left: 0
 Goodix>>> recv ret:0.
 Goodix>>> TLS LOG: in_left: 0, nb_want: 5
 Goodix>>> TLS LOG: ssl->f_recv(_timeout)() returned 0 (-0x0000)
 Goodix>>> TLS LOG: mbedtls_ssl_fetch_input() returned -29312 (-0x7280)
 Goodix>>> TLS LOG: ssl_get_next_record() returned -29312 (-0x7280)
 Goodix>>> TLS LOG: mbedtls_ssl_read_record() returned -29312 (-0x7280)
 Goodix>>> TLS LOG: <= handshake
 Goodix>>> TLS LOG: mbedtls_ssl_handshake() returned -29312 (-0x7280)
 Goodix>>> tlslib_read error ret(abs): 0x7280, meaning:SSL - The connection indicated an EOF.
 Goodix>>> enter
 Goodix>>> TLS now IN handshake state:11.
 Goodix>>> <= tlslib_read exit with ret:-29312 tls server state:11.
 Goodix>>> exit
 Goodix>>>  ---- pack len: 45
 Goodix>>> enter
 Goodix>>> tls handshake package, state: 11
 Goodix>>> TLS LOG: => read
 Goodix>>> TLS LOG: => handshake
 Goodix>>> TLS LOG: server state: 11
 Goodix>>> TLS LOG: => flush output
 Goodix>>> TLS LOG: <= flush output
 Goodix>>> TLS LOG: => parse finished
 Goodix>>> TLS LOG: => calc  finished tls sha256
 Goodix>>> TLS LOG: <= calc  finished
 Goodix>>> TLS LOG: => read record
 Goodix>>> TLS LOG: => fetch input
 Goodix>>> TLS LOG: in_left: 0, nb_want: 5
 Goodix>>> enter, tls inited 1
 Goodix>>> bytes to read: 5, bytes left: 45
 Goodix>>> bytes read: 5, bytes left: 40
 Goodix>>> recv ret:5.
 Goodix>>> TLS LOG: in_left: 0, nb_want: 5
 Goodix>>> TLS LOG: ssl->f_recv(_timeout)() returned 5 (-0xfffffffb)
 Goodix>>> TLS LOG: <= fetch input
 Goodix>>> TLS LOG: => fetch input
 Goodix>>> TLS LOG: in_left: 5, nb_want: 45
 Goodix>>> enter, tls inited 1
 Goodix>>> bytes to read: 40, bytes left: 40
 Goodix>>> bytes read: 40, bytes left: 0
 Goodix>>> recv ret:40.
 Goodix>>> TLS LOG: in_left: 5, nb_want: 45
 Goodix>>> TLS LOG: ssl->f_recv(_timeout)() returned 40 (-0xffffffd8)
 Goodix>>> TLS LOG: <= fetch input
 Goodix>>> TLS LOG: => decrypt buf
 Goodix>>> TLS LOG: <= decrypt buf
 Goodix>>> TLS LOG: <= read record
 Goodix>>> TLS LOG: <= parse finished
 Goodix>>> TLS LOG: server state: 12
 Goodix>>> TLS LOG: => flush output
 Goodix>>> TLS LOG: <= flush output
 Goodix>>> TLS LOG: => write change cipher spec
 Goodix>>> TLS LOG: => write handshake message
 Goodix>>> TLS LOG: => write record
 Goodix>>> TLS LOG: => flush output
 Goodix>>> TLS LOG: message length: 6, out_left: 6
 Goodix>>> enter, tls inited 1
 write    4 -  0000: b0 06 00 b6
 write    6 -  0000: 14 03 03 00 01 01
 Goodix>>> SENT DATA LEN: 6, 10

 Goodix>>> exit len 6
 Goodix>>> sent ret:6.
 Goodix>>> TLS LOG: ssl->f_send() returned 6 (-0xfffffffa)
 Goodix>>> TLS LOG: <= flush output
 Goodix>>> TLS LOG: <= write record
 Goodix>>> TLS LOG: <= write handshake message
 Goodix>>> TLS LOG: <= write change cipher spec
 Goodix>>> TLS LOG: server state: 13
 Goodix>>> TLS LOG: => flush output
 Goodix>>> TLS LOG: <= flush output
 Goodix>>> TLS LOG: => write finished
 Goodix>>> TLS LOG: => calc  finished tls sha256
 Goodix>>> TLS LOG: <= calc  finished
 Goodix>>> TLS LOG: => write handshake message
 Goodix>>> TLS LOG: => write record
 Goodix>>> TLS LOG: => encrypt buf
 Goodix>>> TLS LOG: <= encrypt buf
 Goodix>>> TLS LOG: => flush output
 Goodix>>> TLS LOG: message length: 45, out_left: 45
 Goodix>>> enter, tls inited 1
 write    4 -  0000: b0 2d 00 dd
 write   45 -  0000: 16 03 03 00 28 00 00 00 00 00 00 00 00 38 19 d9
 write   45 -  0010: ef bc f5 db c3 8d 66 1b db 7e 1f f4 e7 39 c3 0b
 write   45 -  0020: 0e b7 f1 7d 0b 1e 7e e9 29 3b 8d 61 b0
 Goodix>>> SENT DATA LEN: 45, 49

 Goodix>>> exit len 45
 Goodix>>> sent ret:45.
 Goodix>>> TLS LOG: ssl->f_send() returned 45 (-0xffffffd3)
 Goodix>>> TLS LOG: <= flush output
 Goodix>>> TLS LOG: <= write record
 Goodix>>> TLS LOG: <= write handshake message
 Goodix>>> TLS LOG: <= write finished
 Goodix>>> TLS LOG: server state: 14
 Goodix>>> TLS LOG: => flush output
 Goodix>>> TLS LOG: <= flush output
 Goodix>>> TLS LOG: handshake: done
 Goodix>>> TLS LOG: server state: 15
 Goodix>>> TLS LOG: => flush output
 Goodix>>> TLS LOG: <= flush output
 Goodix>>> TLS LOG: <= handshake
 Goodix>>> TLS LOG: => read record
 Goodix>>> TLS LOG: => fetch input
 Goodix>>> TLS LOG: in_left: 0, nb_want: 5
 Goodix>>> enter, tls inited 1
 Goodix>>> bytes to read: 5, bytes left: 0
 Goodix>>> data not enough
 Goodix>>> bytes read: 0, bytes left: 0
 Goodix>>> recv ret:0.
 Goodix>>> TLS LOG: in_left: 0, nb_want: 5
 Goodix>>> TLS LOG: ssl->f_recv(_timeout)() returned 0 (-0x0000)
 Goodix>>> TLS LOG: mbedtls_ssl_fetch_input() returned -29312 (-0x7280)
 Goodix>>> TLS LOG: ssl_get_next_record() returned -29312 (-0x7280)
 Goodix>>> enter
 Goodix>>> TLS now IN handshake state:16.
 Goodix>>> TLS handshake over successfully.
 Goodix>>> TLS Connection Ready
 Goodix>>> <= tlslib_read exit with ret:0 tls server state:16.
 Goodix>>> exit
 Goodix>>> exit
 Goodix>>> exit
 Goodix>>> exit
 Goodix>>> exit
 Goodix>>> cmd0-cmd1-Len-ackt-ec:0xd-2-0x2-1000-0
 write    4 -  0000: a0 06 00 a6
 write    6 -  0000: d4 03 00 00 00 d3

  read    4 -  0000: a0 06 00 a6
  read    6 -  0000: b0 03 00 d4 01 22
 Goodix>>> recvd data cmd-len: 0xb0-3
 Goodix>>> get ack for cmd 0xd4, cfg flag 0x1

 Goodix>>> Client TLS connection setup
 Goodix>>> entry
 Goodix>>> outputBufferSize:0x62c, struct size:0x62c
 Goodix>>> exit
 Goodix>>> tls handshake done (server side), 344ms(since start of tls init)
 Goodix>>> mcu-state TIMESTAMP 0x54f8
 Goodix>>> cmd0-cmd1-Len-ackt-ec:0xa-7-0x5-0-0
 write    4 -  0000: a0 09 00 a9
 write    9 -  0000: af 06 00 55 f8 54 00 00 55
 Goodix>>> !!not to wait for ack

  read    4 -  0000: a0 1a 00 ba
  read   26 -  0000: ae 17 00 04 06 30 00 00 00 00 00 20 00 00 00 00
  read   26 -  0010: 01 00 01 04 25 02 00 00 00 5e
 Goodix>>> recvd data cmd-len: 0xae-23
 Goodix>>> --- cmd: other
 Goodix>>> pov 1, pba 0, tls-client-server-lock 1-1-0-0, have config 1, pov valid 0
 Goodix>>> mcu state::0x04063000000000002000000000010001042502000000
 Goodix>>> mcu state: version:4, isPOVImageValid:0, isTlsConnected:1, isTlsUsed:1, isLocked:0, availImgCnt:0, povImgCnt:3
 Goodix>>> mcu state: sensor_data_int_timeout_count:0, image_crc_fail_count:0, povTouchAccidentCnt:0x0, readChipIDCnt:0, sensorExceptionFlag:0, sensorUnexpectedIntCnt:0, to_master_timeout_count:0
 Goodix>>> mcu state: psk_len:32, psk_check_fail:0, psk_write_fail:0, ec_falling_count:0, system_up_stop_cnt:0, system_down_pov_stop_cnt:0, system_up_cleared_pov_count:0
 Goodix>>> mcu state: pov_wake_by_fp:1, pov_wake_by_ec:0, pov_procedure:0x0, config_down_flag:1, sensor_chip_id:0x2504, sensor_type:2, pov_capture_count:0, normal_capture_count:0, otp_mcu_check_status:0x0
 Goodix>>> tls connected success confirmed
 Goodix>>> tls handshake done (client/mcu side)
 Goodix>>> exit, ret 1, bResetMCU 0, tls inited 1
 Goodix>>> TLS Handshake Success
 Goodix>>> power not lost
 Goodix>>> Init: update all base...
 Goodix>>> read data from file 13520 bytes
 Goodix>>> read 13520-13520 bytes from C:\ProgramData\Goodix\goodix.dat
 Goodix>>> check crc :Crchost:0xb4282964----crcchip:0xb4282964
 Goodix>>> got file otp::0x5334303636362e000a7d82b372a0460a5107050e7d4b172741029a0cf1807f0c07813038e480ddfc0abebb4401bbb3b5b3b3b3b5b3b34133e41bdd220cf017db
 Goodix>>> get nav base and image base from from file
 Goodix>>> imagebase exist: 1
 Goodix>>> enter
 Goodix>>> gf_get_fdtbase 0
 Goodix>>> enter
 Goodix>>> enter, Mode 3, Type 3, base_type 1
 Goodix>>> setmode: Fdt manual
 Goodix>>> switch to FDT mode 3
 Goodix>>> data sent::0xb0b0c3c3a6a6b8b8a8a8b8b8
 Goodix>>> cmd0-cmd1-Len-ackt-ec:0x3-3-0xe-1000-0
 write    4 -  0000: a0 12 00 b2
 write   18 -  0000: 36 0f 00 09 01 b0 b0 c3 c3 a6 a6 b8 b8 a8 a8 b8
 write   18 -  0010: b8 f9

  read    4 -  0000: a0 06 00 a6
  read    6 -  0000: b0 03 00 36 01 c0
 Goodix>>> recvd data cmd-len: 0xb0-3
 Goodix>>> get ack for cmd 0x36, cfg flag 0x1

 Goodix>>> recvd data cmd-len: 0x36-17
 Goodix>>> --- cmd: fdt
  read    4 -  0000: a0 14 00 b4
  read   20 -  0000: 36 11 00 00 01 00 00 61 01 87 01 4b 01 6f 01 4e
  read   20 -  0010: 01 6f 01 fd
 Goodix>>> IrqStatus:0x100 cmd1 3
 Goodix>>> IRQ for fdt-manual, get fdt-up base, current mode is fdt-manual, touchflag 0x0
 Goodix>>> received fdt base::0x610187014b016f014e016f01

 Goodix>>> get fdt-down base, current mode is fdt-manual
 Goodix>>> fdt base:0x610187014b016f014e016f01
:0xb080
:0xc380
:0xa580
:0xb780
:0xa780
:0xb780
 Goodix>>> exit
 Goodix>>> gf_get_navbase
 Goodix>>> enter, Mode 5, Type 0, base_type 0
 Goodix>>> Entry
 Goodix>>> Exit
 Goodix>>> Entry
 Goodix>>> setmode: nav
 Goodix>>> FP Info ready
 Goodix>>> cmd0-cmd1-Len-ackt-ec:0x5-0-0x2-1000-0
 Goodix>>> FP Info ready now, chipid:0x2504, sensorType:12, col:80, row:64
 write    4 -  0000: a0 06 00 a6
 write    6 -  0000: 50 03 00 01 00 56

  read    4 -  0000: a0 06 00 a6
  read    6 -  0000: b0 03 00 50 01 a6
 Goodix>>> recvd data cmd-len: 0xb0-3
 Goodix>>> get ack for cmd 0x50, cfg flag 0x1

 Goodix>>> recvd data cmd-len: 0x50-2410
 Goodix>>> --- recv nav data......length:2410
 Goodix>>> 2404 2404 3200
  read    4 -  0000: a0 6d 09 16
  read 2413 -  0000: 50 6a 09 00 00 00 00 00 87 f7 bb 7f 92 88 b9 bb
  read 2413 -  0010: 18 a0 a3 ba fa 13 23 aa a8 8a fa dc 13 a8 af cb
  read 2413 -  0020: 4a ff 43 b3 b8 fb bb 73 a7 b2 ba 7b fb 5b d7 bd
  read 2413 -  0030: bf bb bb e3 e7 c2 c1 8b 3b dc ef ba bf 3b 4c 37
  read 2413 -  0040: 24 c1 c7 8c 0c 53 47 bf bf 7c bc 1c 33 c6 c5 bc
  read 2413 -  0050: 3c 53 4f c1 c6 4c 7c a3 f3 c8 c1 cb 3c 7b 27 c4
  read 2413 -  0060: be 4c 8b c4 17 b2 a1 8a f7 db c7 7d 96 f8 89 eb
  read 2413 -  0070: 28 9d a4 4a 79 eb 30 ab a8 ba 3a 9f 18 aa ad bb
  read 2413 -  0080: 3a dc 5f b5 b5 8b fb 80 78 b0 b6 4b cb 83 7c ba
  read 2413 -  0090: bf 7b 4b b8 a4 bd bf fb fb ec bb b9 c2 cb 0b db
  read 2413 -  00a0: 13 bd c0 fc 4c 1c 07 bd bf 4c 0b d0 0f c3 c0 fc
  read 2413 -  00b0: 4c 2c 18 c2 c2 3c 8c 17 db c4 c0 7b bc 53 13 bc
  read 2413 -  00c0: b9 cc bb 9b 18 ae a1 8a 88 53 ef 85 97 48 89 db
  read 2413 -  00d0: d4 9c a3 09 ba 07 40 a7 a5 3a ca 74 cb a5 ac fa
  read 2413 -  00e0: 7a c8 bf b5 b3 3a cb 44 93 b1 b3 8b 3b 5b 78 b5
  read 2413 -  00f0: bc 3b 3b 83 cb b7 b8 fb 7b cf bf b9 bf 3b fb af
  read 2413 -  0100: 8f bf bd 8b 7b eb d7 bb be 0b cc 0b bb ba bc 7b
  read 2413 -  0110: bc 1f ef bb bb 3b bb dc 9f bc bf 3b fb b3 af b8
  read 2413 -  0120: bf fb 4b 2c bf a7 9c 09 f7 cc b0 7c 94 78 79 90
  read 2413 -  0130: 1f 98 9f 8a ba 3b e3 a1 a3 49 3a 44 7c a7 a8 ca
  read 2413 -  0140: 4a 7f 7c b1 b0 3a fb 17 33 ab b3 4b 4b 0c 38 b7
  read 2413 -  0150: b1 8b 0b 5f 4c b1 b4 8b 0b 97 4c b8 b4 3b 7b 78
  read 2413 -  0160: 9c b9 b4 3b fb 5c 58 b6 ba 3b bb 3b 60 b9 b5 7b
  read 2413 -  0170: bb 88 84 ba bd 4b bb 88 77 b9 b8 bb cb 37 63 b4
  read 2413 -  0180: b5 7b fa e3 78 a6 97 89 07 6f c4 77 93 78 b9 8b
  read 2413 -  0190: ac 9c a1 09 89 d8 b4 a3 a3 49 0a 98 a3 a3 aa fa
  read 2413 -  01a0: ca 78 b0 ac b0 4a 0a cb 1b b2 af 8b 3b 64 8f b6
  read 2413 -  01b0: b5 7b 7b 5b ac b4 b2 cb bb 78 64 b4 b7 bb 3b 33
  read 2413 -  01c0: 8c b6 bb cb 4b 6b a3 b8 b9 7b 4b af 5b b6 bb 3b
  read 2413 -  01d0: 0b ab b3 b8 b9 7b 8b 9b 97 ba ba 4b 3b 6c 83 b4
  read 2413 -  01e0: b3 cb ba c7 9c ac 99 f9 47 b3 e8 7b 96 c8 49 d3
  read 2413 -  01f0: 07 a0 9e fa 7a 08 24 a5 a5 4a ba 8f c8 a9 ad 3a
  read 2413 -  0200: ba d7 db ae b6 0a 7a f4 30 b3 b1 fb bb 6b ab b5
  read 2413 -  0210: b7 fb fb 4c 8f b7 bc 4b bb 80 87 b7 b9 8b 8b 7b
  read 2413 -  0220: cb bb b9 4b bb a0 b8 b8 b6 4b cb bb a3 b8 b9 fb
  read 2413 -  0230: bb b8 c4 b7 b9 3b cb 97 9b ba ba 7b fb 4f 88 b2
  read 2413 -  0240: b4 7b bb 0f 78 a9 97 b9 77 b4 af 7b 95 08 89 9f
  read 2413 -  0250: bf 9b 9d 49 f9 cf 57 a1 a3 ca fa 5c 87 a2 ac 0a
  read 2413 -  0260: ca a0 93 aa af ba ba ff 4c b5 b0 bb fb 78 4f b4
  read 2413 -  0270: bd bb 8b 73 7c b7 b6 3b 4b 73 37 b9 ba 4b 3b 78
  read 2413 -  0280: 9b bc b9 bb 0b 7c b7 b4 bc fb 3b a7 48 bc ba 0b
  read 2413 -  0290: 0b b3 db bc b7 cb 8b 8f 57 b8 b7 bb bb 7f 80 bb
  read 2413 -  02a0: b3 8b ca ec 6b a7 96 f9 f7 6f a7 76 93 c8 09 74
  read 2413 -  02b0: 8f 99 9c 09 39 cc bb 9f 9e 89 fa 33 7b a4 a5 8a
  read 2413 -  02c0: fa a7 db a9 b4 0a 0a bb 24 ab ab 7b fb 2c 13 b2
  read 2413 -  02d0: b4 bb fb 5b 63 b0 b0 7b cb 4f 4b b3 b4 bb 0b 33
  read 2413 -  02e0: 43 b5 b5 7b bb 43 6f b6 b1 3b 0b 14 3f b5 b7 7b
  read 2413 -  02f0: 3b 64 68 b7 b5 0b cb 6b 3f b7 b5 7b fb 28 f3 ac
  read 2413 -  0300: af 3a ba 98 fb 9f 8f f8 87 b4 98 7b 93 08 c9 98
  read 2413 -  0310: 97 9a 9c c9 ca 37 0c 9d a2 ba 4a 2f cc a7 a9 0a
  read 2413 -  0320: 8a 77 6c ad ac fa ba d8 2b af b0 cb ca fb 7b b7
  read 2413 -  0330: bb 7b bb 18 58 b3 b3 4b fb 6b 4f b4 b7 3b 8b ac
  read 2413 -  0340: 5c b8 b8 cb bb 9c 7b b9 ba 0b fb 88 83 bd b9 4b
  read 2413 -  0350: 3b d7 6f b7 ba fb bb 8b 83 ba b7 bb 3b 4f 73 b3
  read 2413 -  0360: b1 7b fa c3 67 a3 96 89 07 b0 d4 7b 92 88 b9 8f
  read 2413 -  0370: b4 99 9b f9 b9 ec 63 a1 a4 8a 4a 80 93 a7 a7 ca
  read 2413 -  0380: 0a c0 a7 ad b1 3a bb 00 6b b3 b0 7b 7b 20 68 b8
  read 2413 -  0390: ba bb fb 7f 73 b4 b6 fb 3b f3 74 b5 ba 7b 7b 9b
  read 2413 -  03a0: b0 b6 b4 cb bb af ac ba ba 7b bb 8f 7f ba b8 bb
  read 2413 -  03b0: cb a3 78 b7 bc bb fb 50 80 b9 ba 7b cb 68 7f b3
  read 2413 -  03c0: b3 7b 3a cf 68 a2 96 b9 f7 dc b3 7d 90 b8 79 73
  read 2413 -  03d0: 6f 96 9c 89 89 b7 e8 a1 a4 09 8a 6f 58 a4 a5 ba
  read 2413 -  03e0: ba df bc ae b0 0a 3b 1f 0b b0 b3 bb 4b 37 3c b5
  read 2413 -  03f0: b7 bb 3b 4b a0 ba b6 0b bb d7 6c b1 b5 3b fb 9b
  read 2413 -  0400: 40 b6 b3 bb 7b 9f 98 b5 b5 fb 0b 78 53 bc ba 3b
  read 2413 -  0410: 7b af 78 b8 b5 8b 7b 60 5f b5 b7 7b 8b 80 58 b3
  read 2413 -  0420: ad 8b 8a d7 8c a3 98 f9 37 73 8f 77 8f 38 f9 1b
  read 2413 -  0430: 7b 96 96 39 b9 ab a8 9e a0 f9 3a 1f 60 9e a6 4a
  read 2413 -  0440: 4a 6f 54 a8 ab 0a 8a cf 20 a8 ae bb fb 2c ec b2
  read 2413 -  0450: ae ba bb 1c 1b b0 af 4b 7b 43 6b b5 b6 bb bb 13
  read 2413 -  0460: 57 b4 af 7b 7b 7b 44 b0 b8 0b cb 2b 4b b5 b3 8b
  read 2413 -  0470: 3b 53 54 b5 b5 bb 8b 50 2f b7 b6 0b 7b 2f 24 ab
  read 2413 -  0480: ad 7b ba cb cc a4 8d 08 c7 3c ab 73 8c 48 b9 37
  read 2413 -  0490: 64 90 99 c9 39 7c db 9c 9d 49 0a 0c 2f a4 a9 3a
  read 2413 -  04a0: 4a 97 93 a8 ae 4a ca e3 ff a8 b1 8a bb 1f 0b b4
  read 2413 -  04b0: b2 fb cb 23 6f b1 b3 cb fb 4f 2f b6 b4 8b fb 17
  read 2413 -  04c0: 6b b4 b3 cb 3b a0 64 b5 b8 fb fb 93 3f ba b8 0b
  read 2413 -  04d0: 4b b0 6b b5 b4 fb bb a0 0b b8 b8 cb 8b 6b 44 b2
  read 2413 -  04e0: b1 4b 0a ec 58 a4 95 b9 47 c8 0b 7c 96 09 f9 b8
  read 2413 -  04f0: fb 9a 9d 49 8a 14 e7 a5 a4 f9 3a cb 87 a6 ae 4a
  read 2413 -  0500: 8b 07 f3 b0 b5 3a cb 64 98 b3 b2 cb bb 64 68 b9
  read 2413 -  0510: b9 fb 3b 7b d0 b6 b9 8b bb a3 63 bb b9 3b bb 5c
  read 2413 -  0520: b4 b8 ba 8b bb ec a7 bc b9 4b cb 8f 73 bd b9 bb
  read 2413 -  0530: fb c7 fb bb be 3b fb 88 ab ba bb 3b 3b 8f b0 bb
  read 2413 -  0540: b4 bb 4b 23 d8 ab 9d b9 37 64 83 76 8c 38 79 88
  read 2413 -  0550: 77 97 9b 49 f9 b4 07 9d a0 fa 0a 9c 23 a3 ac 4a
  read 2413 -  0560: 3a 50 8b a8 ac 3a 3a d0 ff ad ae 8a 8b 0f 24 b2
  read 2413 -  0570: b6 fb 0b 1b 13 b1 b4 fb 7b 33 bc b4 b4 fa bb 2f
  read 2413 -  0580: 23 b6 b3 fb fb 2f 4f b6 b1 7b 4b 1c 1b b0 b0 4b
  read 2413 -  0590: 0b 0b 0b b2 b2 cb 4b 0c 14 b5 b2 8b fb 43 0c a9
  read 2413 -  05a0: ae 0b 8a 87 0b a3 90 f9 47 47 6b 74 90 b8 f9 37
  read 2413 -  05b0: d3 95 9c b9 09 d0 84 a2 9a f9 ba 44 3f a1 a1 3a
  read 2413 -  05c0: 8a cc 88 ab aa ba 0a 8c 08 aa a8 fb ba bf 1b af
  read 2413 -  05d0: af 7b 0a f4 e4 b2 b8 ba 3b 53 1f af ad bb fb 2f
  read 2413 -  05e0: 77 b2 b5 8b ca df 2b af b0 0b 3b 1b 27 b7 b1 bb
  read 2413 -  05f0: cb 64 7b b1 b1 4b bb 1b a8 ad b3 ca fa f0 e8 ad
  read 2413 -  0600: ae 3a ba 9c 13 a1 91 49 87 9b 7f 79 8b f8 b9 74
  read 2413 -  0610: a7 95 98 89 f9 80 e3 9f a0 f9 0a 44 a3 a5 a8 ba
  read 2413 -  0620: 4a b3 cc ac b2 3a 8a d8 0f b1 b1 fb bb 4b 43 b8
  read 2413 -  0630: b9 8b 8b 67 47 b4 b6 7b 3b 4b 77 b4 b9 4b fb 58
  read 2413 -  0640: 8b ba b3 fb 8b 63 3f b6 b8 fb bb b4 6f b6 bd 0b
  read 2413 -  0650: 8b b0 af b9 b5 3b 8b 8f 87 b8 b6 0b 8b 8f 4b b8
  read 2413 -  0660: b0 3b 4b 04 93 a2 99 09 c7 af cc 7a 92 b8 c9 5f
  read 2413 -  0670: c8 98 9c 39 89 fb f0 a2 a2 c9 ba 63 83 a4 ab 4a
  read 2413 -  0680: 8a b3 00 aa b1 8b 7b 07 0c b1 b0 3b 8b 28 2b b2
  read 2413 -  0690: b6 bb 8b 5b 47 b4 b3 fb bb 74 77 b4 ba bb fb 7c
  read 2413 -  06a0: 74 b7 b6 4b fb 7f 94 b8 b9 4b 8b 8f 67 ba bc 0b
  read 2413 -  06b0: bb bb b3 b9 b9 7b 7b c4 9b bd b7 0b 4b 8f 4c b6
  read 2413 -  06c0: b0 0b 3b 5b a8 a5 9a b9 f7 9f b7 79 8f f8 49 58
  read 2413 -  06d0: 8f 98 9c 09 39 c4 0c 9d 9f 3a 4a 6f 68 a2 a7 fa
  read 2413 -  06e0: ba a4 af ac ab 4a 3b 0b ef af ac fa 4b 3b cc b1
  read 2413 -  06f0: b1 ca 7a d7 77 b3 b5 fb 0b a0 60 b2 b7 4b 8b 08
  read 2413 -  0700: 64 b5 b8 3b 3b 3f 5b b2 af 3b 4b 48 9c b5 b4 fb
  read 2413 -  0710: fb d3 37 b7 b1 8b fb 63 6b b8 b6 cb 8b 13 43 b2
  read 2413 -  0720: b1 3b fa c4 f3 a3 8f 48 47 4b c3 74 8f 38 f9 9f
  read 2413 -  0730: 93 93 9a 89 09 a4 1f 9b 9e ca 8a 5b 2c a5 a9 3a
  read 2413 -  0740: fa 74 94 a6 b1 4a 4a ac 14 af ae bb 8a bf f7 b3
  read 2413 -  0750: b3 8a 0a ff 04 ae b5 7b bb 17 d3 b2 b7 7a bb 1f
  read 2413 -  0760: 3c b3 b1 fb 0a fc 08 b0 b8 fb fb 67 37 b3 b4 3b
  read 2413 -  0770: 7b 18 8b b5 b5 bb 7a c0 57 b5 b4 0b fb 6c 58 b3
  read 2413 -  0780: b0 3b 8a ac 1f a7 91 f9 07 74 8f 77 89 78 39 44
  read 2413 -  0790: bc 93 9b 39 c9 a7 cc 9d a1 49 49 ff 58 a4 a2 fa
  read 2413 -  07a0: 0a 40 77 ad b1 3a 7a a4 b7 ad aa 3a 0b 14 0c b1
  read 2413 -  07b0: b4 bb 3b 43 4b b3 b4 3b 3b 48 3c b1 b9 3b cb 67
  read 2413 -  07c0: 30 b8 b4 fb 4b 24 63 b4 b6 4b 0b 6f 04 b5 b2 3b
  read 2413 -  07d0: 3b 7f 73 b8 b7 3b 3b 2b 4b b6 b5 fb 4b 4b f8 b1
  read 2413 -  07e0: b2 fa 8a db 3f a6 93 c9 c7 60 eb 75 92 38 49 ab
  read 2413 -  07f0: d0 96 a0 79 b9 cf 2b a4 a0 ba 7a 4f 5f a4 a8 7a
  read 2413 -  0800: 4a ab c4 ad af ca fa ff 24 af b4 3b bb 2b 4c b2
  read 2413 -  0810: b8 8b fb 40 53 b7 b1 fb 8b 9f 6b b7 b8 cb 3b 3b
  read 2413 -  0820: 93 b7 b7 7b fb b0 a4 b6 b8 8b fb d7 58 bc b5 cb
  read 2413 -  0830: cb bb ac ba ba 8b fb 7f 2f bb bc 0b fb 50 44 b3
  read 2413 -  0840: b2 7b fb 0f 54 a9 95 49 07 77 a4 77 90 48 39 50
  read 2413 -  0850: cf 99 9f f9 49 c4 1f a1 a4 0a fa 60 a7 a7 a4 4a
  read 2413 -  0860: ba a3 ef ad ae fa 4b 27 3c b1 b0 3b 7a ff 4c b5
  read 2413 -  0870: b8 cb 8b 1c 87 b3 b3 7b cb 87 7f b8 b9 0b 0b 78
  read 2413 -  0880: 7f bf b6 3b 8b 24 54 b6 b5 3b fb 80 c0 b4 b8 fb
  read 2413 -  0890: cb 7f 9f b8 bc 0b fb 6f 77 bd b7 8b 0b 57 83 b4
  read 2413 -  08a0: b0 8b cb 38 8f a5 98 f9 47 5b 57 75 8f 48 c9 5c
  read 2413 -  08b0: e0 97 9d 49 79 d3 88 a2 a1 c9 7a 70 93 a4 a5 ba
  read 2413 -  08c0: fa 6b 9f aa ac 8a 0a bc 24 aa ae cb 3a e8 3f b0
  read 2413 -  08d0: b2 cb 7a f4 6b b1 b0 cb 8b 27 34 b3 b2 3b cb 0f
  read 2413 -  08e0: 3f b0 b3 cb bb 1f 60 b4 b4 bb cb 23 13 b7 b6 7b
  read 2413 -  08f0: 4b 83 44 b4 b1 4b 4b 6b 13 b7 b3 4b bb 20 03 b3
  read 2413 -  0900: ac cb 8a b3 33 9f 93 39 b7 7f c0 77 90 08 09 6f
  read 2413 -  0910: 90 96 9e b9 49 f3 2b a4 a2 ba 7a 57 78 a7 a9 0a
  read 2413 -  0920: ca 88 b0 ae b2 fa 7a c4 38 b0 b3 3b 3b 4f 34 b8
  read 2413 -  0930: b7 7b cb 30 bb b4 b6 4b 7b bb 4c b6 bb 4b bb cb
  read 2413 -  0940: ab b9 bd 3b 3b 6b df b2 bb bb bb 6c d4 b7 b9 7b
  read 2413 -  0950: 8b 73 db bb bb 0b 0b a8 98 b7 b9 fb fb 88 83 b8
  read 2413 -  0960: b2 fb 8b 2b 3c a7 93 f9 65 32 18 b4 88

 Goodix>>> Regroup pixels:1600
 Goodix>>> nav crc check ok
 Goodix>>> gf_get_fdtbase 1
 Goodix>>> enter
 Goodix>>> enter, Mode 3, Type 3, base_type 1
 Goodix>>> setmode: Fdt manual
 Goodix>>> switch to FDT mode 3
 Goodix>>> data sent::0x80b080c380a580b780a780b7
 Goodix>>> cmd0-cmd1-Len-ackt-ec:0x3-3-0xe-1000-0
 write    4 -  0000: a0 12 00 b2
 write   18 -  0000: 36 0f 00 09 01 80 b0 80 c3 80 a5 80 b7 80 a7 80
 write   18 -  0010: b7 2e

  read    4 -  0000: a0 06 00 a6
  read    6 -  0000: b0 03 00 36 01 c0
 Goodix>>> recvd data cmd-len: 0xb0-3
 Goodix>>> get ack for cmd 0x36, cfg flag 0x1

  read    4 -  0000: a0 14 00 b4
  read   20 -  0000: 36 11 00 00 01 00 00 60 01 87 01 4c 01 71 01 50
  read   20 -  0010: 01 70 01 f8

 Goodix>>> recvd data cmd-len: 0x36-17
 Goodix>>> --- cmd: fdt
 Goodix>>> IrqStatus:0x100 cmd1 3
 Goodix>>> IRQ for fdt-manual, get fdt-up base, current mode is fdt-manual, touchflag 0x0
 Goodix>>> received fdt base::0x600187014c01710150017001
 Goodix>>> get fdt-down base, current mode is fdt-manual

 Goodix>>> fdt base:0x600187014c01710150017001
:0xb080
:0xc380
:0xa680
:0xb880
:0xa880
:0xb880
 Goodix>>> exit
 Goodix>>> fdt_base1::0x600187014c01710150017001f87f0000b0cf1e1eee0100000800000000000000
 Goodix>>> cmd0-cmd1-Len-ackt-ec:0x8-1-0x5-1000-0
 write    4 -  0000: a0 09 00 a9
 write    9 -  0000: 82 06 00 00 82 00 02 00 9e

  read    4 -  0000: a0 06 00 a6
  read    6 -  0000: b0 03 00 82 01 74
 Goodix>>> recvd data cmd-len: 0xb0-3
 Goodix>>> get ack for cmd 0x82, cfg flag 0x1

  read    4 -  0000: a0 06 00 a6
  read    6 -  0000: 82 03 00 80 1b 8a
 Goodix>>> recvd data cmd-len: 0x82-3
 Goodix>>> --- cmd: regrw

 Goodix>>> fdt_delta 0x1b
 Goodix>>> enter, tls-client-server 1-1-1
 Goodix>>> g_halcontext.sensor_ops.SetMode:0x00007FF86A09BB50.
 Goodix>>> enter, Mode 2, Type 0, base_type 0
 Goodix>>> setmode: Image
 Goodix>>> cmd0-cmd1-Len-ackt-ec:0x2-0-0x2-1000-0
 write    4 -  0000: a0 06 00 a6
 write    6 -  0000: 20 03 00 01 00 86

  read    4 -  0000: a0 06 00 a6
  read    6 -  0000: b0 03 00 20 01 d6
 Goodix>>> recvd data cmd-len: 0xb0-3
 Goodix>>> get ack for cmd 0x20, cfg flag 0x1

 Goodix>>> enter
 Goodix>>>  ---- pack len: 7722
  read    4 -  0000: b0 2a 1e f8
  read 7722 -  0000: 17 03 03 1e 25 00 00 00 00 00 00 00 01 34 50 58
  read 7722 -  0010: 79 bb 40 a5 37 a0 ff 84 39 a7 e8 c2 e5 bc 38 ea
  read 7722 -  0020: 60 c8 af f8 5d 20 c3 68 be dc 1d 56 a9 e7 6b e6
  read 7722 -  0030: 9b 3f 82 d5 d1 c0 0d fb 95 e9 0d 05 41 95 e6 ce
  read 7722 -  0040: 35 2d 2e 2e 8c 7f 75 c0 99 db 60 cf 3a c1 a8 b5
  read 7722 -  0050: 3d 74 5b cb 60 1f a3 7b 87 8d 7d 38 09 8d a6 9e
  read 7722 -  0060: 68 81 ff d6 93 bc 80 ea 6f 2f fa c1 9f e2 b4 cd
  read 7722 -  0070: 74 e9 a3 bc f0 b5 7a ff d2 a8 1c 37 58 2c bb 45
  read 7722 -  0080: 40 88 b4 5e ac 67 80 5e 5a 36 c6 ce ea 85 a2 c9
  read 7722 -  0090: 2b fa 77 24 43 de 70 69 37 16 c6 3a f6 ed 85 84
  read 7722 -  00a0: e4 f9 21 d2 5f 99 8a 86 68 33 d1 a2 18 42 16 ce
  read 7722 -  00b0: 83 e1 2e aa ce e0 f5 55 e6 84 b9 9b f6 ec ed 94
  read 7722 -  00c0: 59 65 49 d0 25 96 16 f6 ed 3b 28 3a 75 92 86 0a
  read 7722 -  00d0: a5 d3 48 78 54 b1 48 85 d9 54 0f 16 b7 d7 e6 a8
  read 7722 -  00e0: d5 83 6a 31 e8 1f 0f 03 d9 7d b4 57 6b 8b 6f 4c
  read 7722 -  00f0: db af d9 76 34 05 38 9a 2b f8 74 4a a5 5d 89 5d
  read 7722 -  0100: d4 0a a8 1a 3a 41 dd 7b 6e 77 23 74 dc 16 41 0b
  read 7722 -  0110: 8e 6a 0f a4 52 6d c6 85 83 65 e3 34 b0 92 5e 86
  read 7722 -  0120: 6c 7b fc 24 0e e6 99 b5 0e 6f d6 59 6c cb c4 90
  read 7722 -  0130: 63 88 91 32 c6 dd d8 af 7b 89 14 d4 91 97 eb cf
  read 7722 -  0140: 55 bc 3c 21 01 30 71 dc bd 76 4e e9 3e be 72 bf
  read 7722 -  0150: 27 9d 63 4b 4b 59 09 76 70 28 52 43 d2 bd 53 02
  read 7722 -  0160: 1e 8c bd 24 bb 6b 0b 7f 1e 2a ef 43 3b c6 76 02
  read 7722 -  0170: 9d c0 b7 26 d2 ef f7 eb 53 b7 6c 79 b1 ae f4 85
  read 7722 -  0180: 68 b0 eb ce a7 b0 f8 98 74 a6 ee 40 1c 8b 76 6c
  read 7722 -  0190: 8d ed 0e ab 95 bf 2e 8a 7f 7b cf 23 25 e3 09 a8
  read 7722 -  01a0: 2e d4 50 20 42 ae b7 1c 0c b3 70 91 ed a8 a9 a9
  read 7722 -  01b0: a6 2f 4d 61 af 93 6b fb 7a 00 2b cc 54 e9 07 de
  read 7722 -  01c0: f8 41 e6 19 ba 37 b2 f8 60 a6 f7 7a 32 3f 7c 62
  read 7722 -  01d0: 0f 6f 6b b6 8d c7 8d ee 0c 96 21 a2 2b 7f f0 ca
  read 7722 -  01e0: cb 4b d3 d3 87 96 05 a9 85 a1 07 41 04 51 15 cb
  read 7722 -  01f0: 1e 46 f1 39 9b 20 ba 8d e5 cf db c4 34 ae cb 11
  read 7722 -  0200: 0d e7 54 4c 8e 06 82 06 4d e7 6d 63 d9 d6 27 4c
  read 7722 -  0210: 0c ee fd 7e f9 22 c8 9b 8e a6 a5 e4 35 0a 93 f2
  read 7722 -  0220: d4 be 90 61 26 45 9a 1a 3e e1 e2 8f 12 7c b0 bd
  read 7722 -  0230: 0a 8a 35 41 62 6e 63 a6 c5 79 89 dc 62 8e f0 91
  read 7722 -  0240: f4 8a bd 0b ac 7c 39 73 c8 a5 b5 a9 f5 88 37 81
  read 7722 -  0250: 12 31 2e 0c 34 64 26 f5 c6 4e 00 24 1b 1d 86 b5
  read 7722 -  0260: b8 ab c3 37 79 06 37 b7 94 21 57 8c a4 0b 33 fe
  read 7722 -  0270: e0 9b 0c 78 2c 17 1f 19 5f dd 86 86 f7 94 fd 4c
  read 7722 -  0280: ed bf b0 88 59 25 68 ed 51 bd e6 05 ce 28 2b 23
  read 7722 -  0290: e7 44 74 5b 07 f2 eb 27 bd de 27 e0 45 9f 65 68
  read 7722 -  02a0: 74 4b f2 e3 4a 8a 5f 79 9e 49 72 f1 d7 b0 d5 33
  read 7722 -  02b0: 37 0e 15 38 a1 18 35 41 8c 51 9a 54 04 84 8e ef
  read 7722 -  02c0: 4c ae 68 4f c0 03 18 26 07 c2 33 64 5d d6 ed 01
  read 7722 -  02d0: e3 cf c3 d0 49 7b a8 a6 f0 f0 9c 08 b1 78 01 c3
  read 7722 -  02e0: 1c 83 14 25 e0 3e 0b 40 e1 40 4a b6 f0 4d 8f 8e
  read 7722 -  02f0: c9 0f fd 28 f1 94 66 64 31 1c 5e 84 77 30 1c e5
  read 7722 -  0300: 89 19 57 86 b2 f1 c8 20 95 c4 a1 6b 02 42 e9 e5
  read 7722 -  0310: 1b 3b 35 21 73 61 a5 ff 44 58 aa 74 95 4f ca fb
  read 7722 -  0320: c7 82 99 f9 03 74 ce aa 3d d6 ef a6 fc ad a8 9c
  read 7722 -  0330: 67 68 6d 1b 68 42 ba bb b3 8c 9a 30 70 3c e5 0e
  read 7722 -  0340: 44 97 40 8f 29 05 a1 2a dd f2 f7 07 95 af 6b 6b
  read 7722 -  0350: a3 7c f7 57 a3 be 8d 8e 40 14 31 bd b5 cf d6 3a
  read 7722 -  0360: 71 62 26 bb 05 d3 01 bb 37 ff be eb 2a 1c b5 6c
  read 7722 -  0370: 3d 03 91 84 a2 49 02 23 05 b5 16 02 70 54 b4 fa
  read 7722 -  0380: 34 51 96 a3 81 5e 0e f0 f9 25 f4 1f 6d c4 d5 f9
  read 7722 -  0390: 47 77 39 91 68 05 66 e4 f4 b0 cf 66 b7 e2 a1 e2
  read 7722 -  03a0: b1 87 6a c6 ae 46 c7 8f 28 b8 c6 95 5c 71 2e 14
  read 7722 -  03b0: 4a 56 ec da ed 03 bb 1b 03 ec b4 16 7b 32 77 4a
  read 7722 -  03c0: a7 44 e1 c1 76 7a f8 ea f5 30 9a cb 79 69 57 1c
  read 7722 -  03d0: 05 08 a8 91 ef e3 11 f5 b5 92 dd 07 77 15 d1 a2
  read 7722 -  03e0: 2f bf 31 bb fe 01 f1 f7 f0 72 1b 98 d9 b3 eb d1
  read 7722 -  03f0: f9 6b 46 9c a5 89 98 c5 84 aa 2d 2f 5c 20 84 e6
  read 7722 -  0400: cb 14 d8 b6 cb 3d 5d 4d 9b ae b3 e9 d2 04 28 18
  read 7722 -  0410: 74 a3 48 1b f6 29 7d c8 d8 1f 73 2a 74 86 89 40
  read 7722 -  0420: 31 72 79 12 ab c2 92 24 f0 8d c6 20 a5 f2 1a 4d
  read 7722 -  0430: 93 42 01 c1 8e 37 15 98 89 e1 51 9a 6f 08 be c8
  read 7722 -  0440: 20 db 7c 04 90 3b 31 c1 66 0b 0c 7f a8 c4 f5 36
  read 7722 -  0450: 05 20 9b 45 49 eb 10 60 79 28 8b 01 22 e5 72 2e
  read 7722 -  0460: 49 30 11 d1 81 88 5a 61 36 3f 57 a2 72 a7 e1 bc
  read 7722 -  0470: b5 ae 36 54 99 81 06 bc 14 b7 43 df ba 94 3f b6
  read 7722 -  0480: 20 78 5c d5 b4 a7 c3 88 4a c5 38 13 3f 1f fe 2f
  read 7722 -  0490: c0 8a 39 56 bc d7 20 f1 0b 08 98 d8 eb 9d f9 f4
  read 7722 -  04a0: d8 bd f2 1c 28 d3 2c b8 31 35 a0 89 59 e6 fe 38
  read 7722 -  04b0: 7d 05 e1 90 59 4e d5 94 15 6a 3a 39 67 df 1d ec
  read 7722 -  04c0: bc 3f 73 6f 3c b7 e4 82 69 cc d2 25 3e c7 ca 80
  read 7722 -  04d0: 58 bb b8 6c 2b b0 c7 a6 82 f3 61 34 db f0 d0 6f
  read 7722 -  04e0: f2 60 ae fd 36 b9 73 e8 db 97 25 e9 bd 04 c9 14
  read 7722 -  04f0: 71 64 39 83 5f 86 3b c9 c2 65 3e de 3a 0a ce 13
  read 7722 -  0500: fb fe 6d cc 4b 27 a0 0a b2 22 83 fd dd 70 11 73
  read 7722 -  0510: 57 7d 43 b9 46 06 bf 0a 33 4e 1c 09 9a 92 93 1a
  read 7722 -  0520: 15 6c ad f7 a1 6c b1 1b 52 ec 19 c0 e7 fb 68 b7
  read 7722 -  0530: a6 3a d3 1b 2d a0 83 07 6c f2 2b ba de b3 61 15
  read 7722 -  0540: e3 49 f8 24 e9 0e 92 ed 3f 0b 4b b4 53 2c b8 5a
  read 7722 -  0550: bd 0f f8 e2 ec 48 77 2f aa 9a 56 0e 3a c6 eb b2
  read 7722 -  0560: 6f e3 e6 62 37 a1 65 fb 5c 8e 9c db 4d 06 05 27
  read 7722 -  0570: 4c 2b 6f f2 aa e3 cb 86 9c 6b 24 05 f6 b2 a9 5f
  read 7722 -  0580: 64 c1 07 f0 6b 03 78 66 47 51 eb 75 f8 b2 0c 2f
  read 7722 -  0590: e6 98 e5 f1 9b bf 74 db 91 3e e2 36 dd 89 ae e3
  read 7722 -  05a0: 21 b0 40 e8 71 49 56 c9 06 f0 d5 7f 0c 86 b4 2e
  read 7722 -  05b0: c1 f4 58 67 01 99 cc d7 3a 19 8b e6 20 75 36 45
  read 7722 -  05c0: 28 36 b0 0f c1 56 95 9d 27 d3 8f 21 46 ee c8 63
  read 7722 -  05d0: 13 1f 02 3d 68 8c dd a7 cc 64 ac 61 9c 57 91 da
  read 7722 -  05e0: e8 2d ca 41 8c 54 9e 0f 36 22 65 7c 81 5d 8f 34
  read 7722 -  05f0: dd a5 3e 44 f8 9b a4 49 58 82 de df 52 2d 91 03
  read 7722 -  0600: 30 fd 55 f6 80 06 33 af fd 14 5a dd de f4 60 37
  read 7722 -  0610: 18 b7 5a df 64 05 ab 35 49 f3 1b f0 3d 97 84 32
  read 7722 -  0620: 9f 68 4b 96 64 67 dc ed 4d dc d6 42 4d d5 78 b0
  read 7722 -  0630: cb d6 7a 9e 01 b3 7e b1 53 82 00 0f 6c 50 d8 10
  read 7722 -  0640: bf 93 71 e0 47 a9 3a f6 e1 da e8 2d 77 ba dc 11
  read 7722 -  0650: ee af d8 81 1a 6a 10 0a 0f 96 3a 71 f5 4d bf e9
  read 7722 -  0660: 94 21 f9 47 85 34 06 9d 15 5c 8b ce 07 21 d5 76
  read 7722 -  0670: c7 76 70 51 fd ae a5 5f 04 d1 5f 07 67 ae 98 4c
  read 7722 -  0680: b5 83 b3 03 ba c0 20 46 b9 d3 f1 3b 20 f2 f8 7d
  read 7722 -  0690: fd ee d2 40 e8 ce 86 ba 0d 29 36 c2 5a 86 74 a5
  read 7722 -  06a0: 91 cb b8 ff 95 48 02 10 18 6e 51 8b 2e b3 97 7d
  read 7722 -  06b0: 1d 12 aa 05 0f ac f7 e6 44 1e a8 97 ce 48 f3 18
  read 7722 -  06c0: 7f db f4 a1 0c 98 fc 6c a9 5d 0d 34 8f 35 a5 89
  read 7722 -  06d0: 55 b4 da 25 c6 d4 4b 63 39 94 1f 8c 1f 7e 26 03
  read 7722 -  06e0: a1 a9 bc 40 58 c2 f7 ae e3 04 f2 4c 22 ad 1f 2b
  read 7722 -  06f0: 08 a8 f5 95 85 b1 12 3c ea 98 51 8e 1e 0f 13 6e
  read 7722 -  0700: 8f bb 16 f8 e0 9b 69 9b 5f 9d 66 63 57 f8 34 51
  read 7722 -  0710: d1 c6 f5 ef 42 53 69 54 ae 20 21 cd 0b 9f f1 3e
  read 7722 -  0720: 02 39 5a 26 ef 25 88 88 cf 57 75 fc ea 2b 73 3f
  read 7722 -  0730: 36 e9 c5 e1 b5 3e 6d b6 dd fd 87 47 1f 85 58 97
  read 7722 -  0740: bc 8d ea bf ce 0b e3 e5 cf 48 2f 03 0b 83 eb 8c
  read 7722 -  0750: e4 49 f3 90 b1 5a c5 fd e4 08 9e a8 93 b4 46 f7
  read 7722 -  0760: 3c 0c fa ac 5a eb 72 98 f4 46 9a d1 9e 13 74 4c
  read 7722 -  0770: 67 20 21 3b a9 1a 3d 9e 88 a7 41 92 ae e8 b5 ce
  read 7722 -  0780: de c8 7e 71 4b e6 de 3d 0b 09 3b da 1c 83 01 18
  read 7722 -  0790: 01 22 4b 62 38 db f5 ac 45 30 ed 91 f1 fe b7 79
  read 7722 -  07a0: 29 cc 4e a5 49 7b 5a 35 31 1c 20 40 64 e2 f8 bb
  read 7722 -  07b0: 30 c9 48 e4 4a 1c 3a ed b4 d2 1e 47 ca 3d f5 49
  read 7722 -  07c0: 7c 43 51 40 e9 f0 c5 cd 72 7d 12 a1 96 76 f4 52
  read 7722 -  07d0: 8f f5 63 b8 2e 0a 44 a2 12 e1 9a 33 51 78 16 09
  read 7722 -  07e0: ec 59 6a 14 ba 32 39 7a 01 87 ef 8d d2 79 a7 df
  read 7722 -  07f0: b7 8e 6d 62 60 2f 0f 46 b4 83 66 d3 fb db 47 14
  read 7722 -  0800: fc d8 32 54 9a f1 cd 97 6e d6 36 30 68 88 90 ad
  read 7722 -  0810: fd 25 8a 25 0d 5c e1 d0 e9 e3 ff 97 48 20 c5 71
  read 7722 -  0820: 59 ce 8f 9a 15 4d d3 ed bb 4c 9b 9c eb 27 45 49
  read 7722 -  0830: 9c b3 5a da 0b bb 74 cc c2 f0 24 9a d7 d5 7b 0f
  read 7722 -  0840: 57 07 3d a9 61 92 9a 8e 82 a5 3a 27 fb 20 de 67
  read 7722 -  0850: 2a 04 2d f8 ff 54 6f d9 77 62 c1 a8 e1 fb 65 c0
  read 7722 -  0860: cb df 92 19 dd 02 0a 1f 94 ca a1 11 9e 17 3d 31
  read 7722 -  0870: d5 3d 35 58 45 29 2d 81 4e ff 8e 08 ff 0a dc d9
  read 7722 -  0880: 13 f2 ec 16 d3 ec 12 b9 c6 30 b2 69 2a bd be 1b
  read 7722 -  0890: 4a 38 35 c3 59 4f 01 1c a1 81 a8 c8 61 7c dd b9
  read 7722 -  08a0: 07 12 66 7e 12 96 7a 4d 38 66 ca 90 ca 28 b3 52
  read 7722 -  08b0: fc 01 1c cf 6a 6c 95 84 81 f8 d9 ac cb cf c5 be
  read 7722 -  08c0: 7e be b0 9c c5 6f fa 41 45 e8 64 b2 b1 fc 98 c0
  read 7722 -  08d0: 41 7d 90 cc b6 7c 2c cc 6a 33 7d 7c b5 cd 4a b5
  read 7722 -  08e0: 4f d5 75 08 24 5d c0 4c c8 00 c5 ec 2e a6 1b 53
  read 7722 -  08f0: ed c3 51 c2 7e 8e f9 33 a6 5d 90 38 73 f1 5c 30
  read 7722 -  0900: 7e a3 f6 b4 27 4e 2d cb 30 f0 d9 f7 c3 2f 7b 1e
  read 7722 -  0910: 36 36 1d 98 b9 d2 36 78 95 c6 fe df 1e eb 90 c6
  read 7722 -  0920: 67 43 b8 11 fb a0 15 13 2d 69 d0 22 3f 80 39 bf
  read 7722 -  0930: 1d 40 1c 7f 4e fe 86 26 ea b6 86 47 c9 36 c6 7a
  read 7722 -  0940: 3a 7d 96 80 b0 f4 92 d5 e8 2f af df 96 50 69 8e
  read 7722 -  0950: ae 4c a4 ec aa 82 07 a6 bc 32 32 63 4e 02 a3 9c
  read 7722 -  0960: 5d 06 f9 98 bc 83 74 05 9b 4a 34 fd 67 58 b5 f0
  read 7722 -  0970: 5c 46 4d ab 18 f6 40 2b ed a7 08 d9 41 de ff 89
  read 7722 -  0980: 23 a2 22 cb eb c3 7a 1e 4b 89 78 7a cc 9d d5 d3
  read 7722 -  0990: 65 75 39 e6 da 2b 3b 9b 09 5d 06 d0 ce 52 02 d0
  read 7722 -  09a0: 9a e8 4c d3 57 9b 83 29 66 05 69 b3 1c 55 b4 12
  read 7722 -  09b0: b9 73 2e 6e 69 bc a4 4f 02 0a 0f fe 2e b2 c9 47
  read 7722 -  09c0: fb 47 5f f8 97 bb ed f5 97 29 46 93 2b 6c a7 67
  read 7722 -  09d0: be 4d ef cf 9e 2b f5 42 56 31 2a 53 35 08 50 62
  read 7722 -  09e0: 0e d8 8e 0d ea 79 b6 c6 eb 1d e5 91 36 49 50 12
  read 7722 -  09f0: 58 df 5c 00 6c 1a 29 c0 73 c2 f3 39 4d a7 11 2f
  read 7722 -  0a00: a8 e7 e3 49 55 83 ba 21 57 ee 71 49 44 ea a8 20
  read 7722 -  0a10: 71 56 19 4b 89 95 25 85 31 1c b9 e7 2f 94 67 36
  read 7722 -  0a20: 58 6b 50 dc b6 8a 5d bf cc 3f bf e4 ea 08 86 00
  read 7722 -  0a30: d1 a4 63 b1 13 d3 d8 5d 43 83 b4 2a 30 c0 a9 6d
  read 7722 -  0a40: de 77 a0 01 03 8a c7 1d 13 61 b2 b9 72 fe 4f 00
  read 7722 -  0a50: 09 df 0d ad 89 ef 28 7f 85 d6 99 4f 9e 4f 43 5f
  read 7722 -  0a60: a1 28 ec f8 29 fd 11 f5 e2 65 dc 80 fe 4a 9e 85
  read 7722 -  0a70: a9 99 e0 71 f9 31 77 e0 c6 9f ea ad d9 13 d2 62
  read 7722 -  0a80: 0d d5 9f 96 e1 ce e6 e9 d9 9f a1 16 59 68 6c 41
  read 7722 -  0a90: 49 f9 c7 4a f0 de 93 21 53 99 ac ad d2 31 ec bd
  read 7722 -  0aa0: 53 17 f4 98 d0 1f 8b 4d 0b 0e e0 d6 d6 16 a7 17
  read 7722 -  0ab0: d9 d8 fe 4b 01 b6 05 f7 dd d9 0b 2e b7 7d 3b e1
  read 7722 -  0ac0: c5 a5 fd fe 86 3d d1 e7 59 5b 09 4f 23 a0 93 92
  read 7722 -  0ad0: 9c 9d 2e d3 c9 74 f7 78 08 70 dd 06 e8 3c ba 03
  read 7722 -  0ae0: ad 00 55 79 0f 6f 6d b9 35 10 df 83 be cf 6a 10
  read 7722 -  0af0: 76 f4 de 9e 13 1d 80 d0 3f c4 fd 6b 70 44 68 e2
  read 7722 -  0b00: 3b ce 65 a9 fc 89 4d 6a 70 df 20 5e 35 e5 34 2c
  read 7722 -  0b10: 4c ab d4 11 47 40 6f b3 97 7a 73 01 a2 34 ba 43
  read 7722 -  0b20: 5a 00 bf 04 a1 58 7a 33 5e 51 70 88 32 0a 7f 25
  read 7722 -  0b30: e5 c9 4a 5d af 60 f9 89 52 b0 1a 93 a7 b3 29 5b
  read 7722 -  0b40: 38 81 a6 f8 66 70 28 dd 08 5e 79 ee 5d fb 40 ba
  read 7722 -  0b50: 46 23 cb 58 7b 4c 74 e6 62 b8 79 ea 2a 56 92 c5
  read 7722 -  0b60: c3 39 df 98 f6 a4 c4 00 8f 11 dd c6 99 bf c7 ba
  read 7722 -  0b70: f0 49 a5 c5 43 78 cf d1 20 2b 27 f0 e7 c3 65 b4
  read 7722 -  0b80: 29 4c a3 6c ee 17 99 e5 20 86 ae 7a 6f bb f7 6f
  read 7722 -  0b90: a2 f7 50 87 30 03 77 bd f8 ab ba cd 34 8d 91 9c
  read 7722 -  0ba0: ed 69 86 04 a8 3d 1e 4a f5 13 9c 55 f5 d7 13 5c
  read 7722 -  0bb0: 5d d1 8c 7e d9 4d 24 bf 7f 91 ea 5f c5 1f 85 8b
  read 7722 -  0bc0: a7 50 23 04 f6 cc 2c d3 c1 1c a1 4a a9 bb 19 f7
  read 7722 -  0bd0: 24 16 51 66 10 d9 34 b2 93 f9 50 4b 0b fe 5e f5
  read 7722 -  0be0: 2f 71 5d f3 f0 87 76 08 04 cb 54 a7 19 f0 b6 2a
  read 7722 -  0bf0: 73 cb ae 18 72 20 5e 3e cd 55 ea 51 a9 b0 10 de
  read 7722 -  0c00: f5 38 f2 80 7e 0d 1f 79 1f 02 e3 5b be d7 6d 48
  read 7722 -  0c10: 7f cd 67 f1 bd b0 de af ef 87 92 1a 49 6a b2 3b
  read 7722 -  0c20: c7 41 58 9d 45 1a fe 4c 6d 98 e4 08 55 e1 a8 e6
  read 7722 -  0c30: ba 6b 03 52 ed bb 23 63 f0 88 41 2d e1 46 a0 bd
  read 7722 -  0c40: ee a9 d1 11 4d 68 31 98 07 db b3 bb 92 68 0c c9
  read 7722 -  0c50: 93 ec f8 89 7f 14 bd d6 dd 88 1d 52 fc c8 f3 42
  read 7722 -  0c60: 09 1c ea f6 b3 e5 96 cc b1 f5 ce 8b 21 ba e8 5b
  read 7722 -  0c70: e3 5d 07 28 07 e6 62 30 c5 74 1a dd 5a 8a ea 0e
  read 7722 -  0c80: 34 ef 1b 30 f0 f4 53 26 63 4e b9 97 a8 56 49 f9
  read 7722 -  0c90: 18 0e 63 b8 aa 44 9a 97 c5 90 2f 5e dc c2 8e 6e
  read 7722 -  0ca0: b2 fc de a2 70 e3 25 0b 9e 2b 69 41 57 de 5f 61
  read 7722 -  0cb0: b4 bf b6 77 cd 11 17 4b 04 90 d8 3c 6c 46 14 f6
  read 7722 -  0cc0: cf a2 57 e4 15 a9 4a 33 85 1b e6 e5 8c 49 f5 42
  read 7722 -  0cd0: ae c3 5f a3 27 50 63 4c 5d 52 97 17 f1 cb 98 5a
  read 7722 -  0ce0: 87 49 4e a6 8c 96 3e 1f f0 4d d6 e3 70 a8 2a 33
  read 7722 -  0cf0: 6c 01 dd 6d d8 aa bc 41 1d c3 90 94 59 97 5d 4b
  read 7722 -  0d00: 25 a3 59 b5 96 c2 f1 c2 e5 02 5f e7 91 a4 b4 e8
  read 7722 -  0d10: c7 3d bb d7 76 1e d9 04 4b a4 e7 b7 b1 92 73 ea
  read 7722 -  0d20: 59 ea 88 11 02 68 eb cf 27 3a ac ac 09 8b c7 d8
  read 7722 -  0d30: c8 33 fe 43 01 a8 48 78 f9 d6 8f 7c 62 68 9f 71
  read 7722 -  0d40: 12 ec b4 72 43 90 97 8d 14 d7 ec 12 fb aa 15 63
  read 7722 -  0d50: 40 02 33 f7 7c 63 d5 51 ae 36 d9 2b 68 86 b9 9d
  read 7722 -  0d60: e6 0e 93 84 ed a1 65 ff 1f 08 2a 60 30 ab ba 9d
  read 7722 -  0d70: d0 a3 b5 c8 d5 a8 a1 14 f2 fd 0a 5a e3 04 0b 2a
  read 7722 -  0d80: 9a d8 e4 34 89 24 47 5b c7 7d 02 22 bf 4e 75 80
  read 7722 -  0d90: a4 c2 1a 84 f7 f9 bb 53 3c c3 97 0a 11 dc 01 e1
  read 7722 -  0da0: c6 9c b1 d9 ec b9 62 5a 2d 66 9b 8b 6e e5 98 89
  read 7722 -  0db0: 38 62 57 f0 48 e3 b1 8e 1d 64 ae 5e 50 ff 0e 42
  read 7722 -  0dc0: 55 ec 65 82 f2 5a c3 4b 6c 78 a2 0f 65 af b4 5c
  read 7722 -  0dd0: 2f d5 85 da 51 41 97 67 1a 11 40 a8 92 df f2 bc
  read 7722 -  0de0: d2 1a 0e f5 d9 b6 00 69 e8 3c 3b 88 3b 4d 02 7c
  read 7722 -  0df0: 9f 7c f6 ab d4 48 6a bc 83 19 5c 7e 1c 28 c4 28
  read 7722 -  0e00: 8b 6e fe e8 96 8b 63 f4 25 9d 49 53 a2 03 27 32
  read 7722 -  0e10: d5 43 37 99 09 07 ca 83 d0 0c 26 c2 89 a8 dc 7c
  read 7722 -  0e20: 0a c5 e5 bf e7 b3 b7 d4 3c 27 71 0e 5c ff 2a f2
  read 7722 -  0e30: a3 b3 e8 bb 5c dd 98 1b e8 0c 99 41 73 5b fa 40
  read 7722 -  0e40: f9 78 2b 8a f7 15 fb a9 9b e1 dc 23 d5 ba 79 78
  read 7722 -  0e50: 1a 47 47 7f 5d 7e fa 02 bb 1c 55 d8 e8 b4 0c ee
  read 7722 -  0e60: 3f bf 05 69 a1 d4 f2 25 e8 32 4e 3e b8 50 71 0d
  read 7722 -  0e70: 65 cd 9a 36 98 3f f6 91 ed 5c 54 94 41 af c3 27
  read 7722 -  0e80: e5 1a c8 96 e8 4d 37 8e 73 8a 8e 17 35 2d 7f 7a
  read 7722 -  0e90: 39 67 ee 31 0e 69 bd b2 51 cd 3c d2 ac 2c 71 4d
  read 7722 -  0ea0: cc 72 1a 45 2c 90 fc 7d 0c 60 7c 4e 18 a9 66 3d
  read 7722 -  0eb0: 6a 9b 99 ad 3f 1f 42 14 04 54 ad 64 8b 68 69 fc
  read 7722 -  0ec0: 9a 7a b6 96 9a 8a 2e 26 62 2b d3 43 69 f2 fc ee
  read 7722 -  0ed0: ce 4d 35 71 c7 6c 0f 31 63 35 54 9f 61 ad ed 51
  read 7722 -  0ee0: 68 af 30 4e fc 04 9d 18 fa c1 fb 24 5d 0d 7b 23
  read 7722 -  0ef0: e8 30 72 4f f4 6b 06 8e d1 e4 70 03 43 0b c5 ab
  read 7722 -  0f00: 69 8d c8 a8 bf 32 76 6c 0e 89 3a 52 84 b8 8d 38
  read 7722 -  0f10: 92 db c6 67 8c 48 aa 01 96 1c 5b 1b 09 ec de 71
  read 7722 -  0f20: 34 7b b3 ec 1a d6 3b 05 64 de 7e f3 7e 8b 6a 64
  read 7722 -  0f30: 9e 5e 13 8b b6 f0 21 1a 35 65 ac 1e dc 41 7c 12
  read 7722 -  0f40: 6a 15 40 15 d0 1a 33 9c 79 52 d7 a3 6a 41 f6 73
  read 7722 -  0f50: 3a e2 66 e8 f7 9e 82 48 03 a6 50 89 56 0c 5b 43
  read 7722 -  0f60: 6c ab 37 ae 2d 9e bf 69 1b a6 88 25 27 4b 59 3a
  read 7722 -  0f70: b3 59 c9 ac 4a cc 2d 86 a0 e4 3c 2b ce 7a 83 3a
  read 7722 -  0f80: 39 d7 58 82 2d 24 ac d1 78 5d cd 85 9a 92 c8 16
  read 7722 -  0f90: 74 ef 00 fd c3 bc f6 89 37 df 94 7a 12 dc 1f 44
  read 7722 -  0fa0: e2 0c 7e d9 e9 d3 33 e9 00 8c 2b ea da 2e 03 67
  read 7722 -  0fb0: c9 17 96 43 4a 57 42 22 bc ec ab 40 0a 4b 67 b6
  read 7722 -  0fc0: 9d e8 e3 99 f3 48 d6 e9 42 ad 3c 1a da 93 d9 16
  read 7722 -  0fd0: 1e 5c ef 47 3e 5c 7a 42 9f 4c ae 82 93 92 37 5c
  read 7722 -  0fe0: 41 fe 78 a6 dc 35 36 dd 37 4c 0e d2 70 58 f8 e8
  read 7722 -  0ff0: 79 f7 4a 5f 30 96 30 d7 da 05 db 5e 71 2d 5b c0
  read 7722 -  1000: de 35 ab 46 2a 3e 2f b9 98 db f2 87 0f 3c bd ea
  read 7722 -  1010: 48 8e 33 5b 30 bc 12 a5 de ff c4 ff ed 96 af c3
  read 7722 -  1020: 56 07 ad 37 18 56 ab 8b a3 64 9f 5e 1f 30 7f b3
  read 7722 -  1030: d9 6d b4 0a 03 33 0a f3 34 0f b4 5a da 8c 4e d7
  read 7722 -  1040: 1e f4 35 ed 00 51 70 24 4f 23 7a 16 7e 2d e5 7b
  read 7722 -  1050: 70 38 cf 12 88 3b 11 89 38 a6 80 49 85 4b f7 32
  read 7722 -  1060: 78 0c a0 03 4b 57 7b f3 be c4 fc 50 dd d9 76 09
  read 7722 -  1070: ea df bc c4 ef 91 1a 62 96 ef d3 d0 a6 e8 5f 6e
  read 7722 -  1080: 61 6c fe 09 2f 4c 6b ab 5b d2 04 49 eb 28 81 0b
  read 7722 -  1090: ab 0f 40 d6 c8 01 07 02 11 96 56 4b d0 ef f6 88
  read 7722 -  10a0: c0 d3 5e 14 c6 5e 14 1f 5a 86 73 bd 7a 0c f2 18
  read 7722 -  10b0: 1e 87 4a 90 70 21 2b dc b3 d6 07 89 91 3d 1a 39
  read 7722 -  10c0: 28 54 85 31 6e 30 92 bf 72 4b b3 89 0f 90 a0 44
  read 7722 -  10d0: 3a 24 2d 53 da e0 27 b3 23 36 81 56 80 23 06 96
  read 7722 -  10e0: b4 ac 0d fd bf 17 6c 94 d1 07 fd d5 19 aa 5a 5e
  read 7722 -  10f0: 92 f3 06 99 ab 45 9d e5 7e 5e 73 3b dd 97 c6 3c
  read 7722 -  1100: 4b c5 c6 f0 ed 7f 95 e8 d8 a2 72 0a 8c 31 e5 f4
  read 7722 -  1110: 0e fa de af 50 3e af 8b 60 14 6a 7f 63 c1 85 13
  read 7722 -  1120: 00 ad 2e e9 4e 2b e0 e1 78 d5 ae 8c 54 6a 9c cb
  read 7722 -  1130: 99 92 f7 51 3f a5 22 d6 80 cf e6 1b 94 45 18 1e
  read 7722 -  1140: 7d c0 6f 19 54 0c 68 1a 1e 26 3e 4a e7 a2 77 0e
  read 7722 -  1150: 9a 8d bd f4 14 85 7c ab 90 85 8d b0 73 db 94 84
  read 7722 -  1160: 0d 29 9b 8c d6 9e 75 db 75 76 cb ab 10 81 8e 31
  read 7722 -  1170: 73 16 49 f9 47 b3 da 7f 2a 2d 7f 40 43 f1 0f 1f
  read 7722 -  1180: 7f 4c 03 03 96 6b aa 5a 35 cf 58 38 7e 6f 89 5b
  read 7722 -  1190: f8 13 c1 4a 4b 3e 3e a3 2f 6a 08 a1 3b 3b 3c 39
  read 7722 -  11a0: 9a 44 a3 e3 e0 13 3b 8d f8 58 10 90 3f 03 c5 21
  read 7722 -  11b0: d1 09 d7 01 69 78 4a aa 89 f4 3a 4a 16 d7 18 98
  read 7722 -  11c0: ca 95 9b 71 af d1 06 97 d5 e4 aa df 97 1f 44 54
  read 7722 -  11d0: 1b 35 61 5d 09 a5 06 af 03 34 39 f4 f9 eb e0 be
  read 7722 -  11e0: 86 93 c1 f1 72 d1 93 74 2a 94 7e 0f 65 59 c9 c5
  read 7722 -  11f0: f2 9b cc d8 8b 04 44 ba 73 a4 df 2b ab 36 9e 55
  read 7722 -  1200: ad 83 f8 0c ee b3 58 50 50 e3 8a 33 45 3d 43 d4
  read 7722 -  1210: e0 b1 12 57 bd f7 a3 ea 7e 82 b0 1f d4 c2 dc f8
  read 7722 -  1220: 11 00 42 2f 2f 86 cb cf fe a0 18 0d 9d 01 aa ff
  read 7722 -  1230: 50 0a 04 01 9b 3a 6a 22 5f 24 f0 4f 9c dc 25 7f
  read 7722 -  1240: e3 22 9d 1b b6 69 6d 55 41 1a bb 71 b9 79 ba 31
  read 7722 -  1250: ee 19 16 2c 98 0f 32 87 09 53 8c 03 10 7f 51 04
  read 7722 -  1260: cd 6d b3 10 f5 4f fb b2 e5 57 5f 4c 05 11 b7 e2
  read 7722 -  1270: a8 91 93 26 55 99 0e 79 61 fb fa 74 ad e4 d4 58
  read 7722 -  1280: f7 18 a9 0d bb 31 f1 0c 39 44 52 9c 8f 29 e8 22
  read 7722 -  1290: 88 3f f5 1b 4b 73 99 05 50 5b 7e bc 54 51 ab f9
  read 7722 -  12a0: 54 11 11 11 77 59 68 e4 a2 5c 8f 9a 9f 5c e7 4d
  read 7722 -  12b0: 08 9c 99 22 98 a1 6e 95 5b cb 49 64 56 8b 37 2f
  read 7722 -  12c0: a7 f0 5c dc 04 49 74 12 e6 1e 92 c3 ec b3 c0 88
  read 7722 -  12d0: fd 08 97 c6 46 74 d7 95 f8 70 56 ed 8f 40 dd bf
  read 7722 -  12e0: e3 af af 8f 98 b0 dd 0e b4 e8 69 7c 00 80 0f d2
  read 7722 -  12f0: ab ca ec eb d7 e6 28 d5 da a7 b5 2a 53 ee 03 0d
  read 7722 -  1300: e5 a5 db aa bb 13 c0 6d be 89 e1 ca 0b 1d f1 ed
  read 7722 -  1310: 54 2b 80 ee a2 cc 45 eb 18 90 a1 ea 0c 5e f5 db
  read 7722 -  1320: 4b c0 a9 89 31 c3 af bd cf 7c 1c 8e 90 8c 41 64
  read 7722 -  1330: 07 7e aa a5 3b 77 22 f3 30 d0 53 db c5 e5 ca c4
  read 7722 -  1340: 40 a0 f5 79 68 77 35 90 31 8d ad f8 af 85 28 ba
  read 7722 -  1350: 59 af dc 86 8a 68 8a 16 71 eb 0f af 89 f6 d7 cc
  read 7722 -  1360: 39 a1 cb 81 a9 3f 27 9c 49 03 14 a4 51 4b 12 bd
  read 7722 -  1370: 10 3d 0f 5d 35 e5 14 b8 97 1f 30 b2 c3 82 89 4b
  read 7722 -  1380: 26 71 28 3d 8b f2 3a 4f 10 24 59 25 1f 40 96 57
  read 7722 -  1390: ba 5e d1 a0 ea df d4 90 cc 4f e2 4b c8 4a 3d e5
  read 7722 -  13a0: 22 06 05 e6 d1 83 b0 b6 12 46 39 7d 9a 2d 52 8d
  read 7722 -  13b0: e2 b9 d4 2b e1 c5 ca 84 b9 24 7a 69 b4 32 a9 db
  read 7722 -  13c0: 0d b6 16 b8 8d b2 64 d4 4b 54 cb 6d dc 76 42 f2
  read 7722 -  13d0: 9f 6d 3a 01 b0 0c bc ff f2 62 0c 6d 1c 5f 67 aa
  read 7722 -  13e0: 3f 78 c1 95 0b 2d 9c 0c 01 37 92 46 a1 4e 20 69
  read 7722 -  13f0: 2a f3 3d 2a 97 57 1c a7 f9 d1 a8 6e ff 72 84 79
  read 7722 -  1400: 2b b8 a3 f9 3c 7d 3a 71 6f 1c e7 1c f0 88 a6 ed
  read 7722 -  1410: 06 5b e3 33 88 80 7a 56 32 19 f3 11 1e 06 af 39
  read 7722 -  1420: 10 16 2e b3 55 3b a4 2e d5 2b 99 ab a4 bb c3 ea
  read 7722 -  1430: 5d 39 8e 0e 5c 57 ab 06 39 87 c5 e2 53 e5 c8 8b
  read 7722 -  1440: 97 84 a9 36 58 eb 9b 74 67 b8 27 69 40 ff 37 67
  read 7722 -  1450: 1b 58 d8 af 85 c6 b0 f1 75 19 7c 51 34 38 13 87
  read 7722 -  1460: 23 34 62 96 7a d9 cb d0 38 3b 96 ed 16 6b 79 26
  read 7722 -  1470: 02 88 ac cc a2 aa 58 62 c6 07 84 e5 f9 84 99 c8
  read 7722 -  1480: 88 27 b7 52 11 dd 04 90 db 6a ef a2 f8 01 56 bc
  read 7722 -  1490: fa 79 6a f6 e9 94 47 87 6b 89 fc ba 6d ba 26 ea
  read 7722 -  14a0: 68 5b e1 53 cb 42 d3 4d 3b 5d 18 89 b7 44 38 df
  read 7722 -  14b0: fe be 7c 4a 90 23 9b 8f 33 1f 58 ad c0 18 66 53
  read 7722 -  14c0: 8d f3 bd c9 16 07 9f 48 6a 4f 8a 68 57 23 e5 38
  read 7722 -  14d0: a9 4b 08 38 b7 ca 9f ec 36 7c 37 d7 cb 80 ca 0b
  read 7722 -  14e0: c9 2f fa 09 6c 1d a6 e2 18 67 e7 a0 af 87 94 fc
  read 7722 -  14f0: d4 fa 90 e9 58 63 aa c0 77 da bf 7b 4e c2 be 42
  read 7722 -  1500: ec c1 6d 04 c9 d9 bc 68 da 7e 6d 13 18 12 5e d3
  read 7722 -  1510: e3 23 b2 b4 97 0b 6b b0 de 1d 50 57 ff dd 85 97
  read 7722 -  1520: 8a 34 ba 5a 91 6e f6 24 4c c2 65 12 d0 ee 16 22
  read 7722 -  1530: ad a0 93 d3 60 f3 d2 fc 9c 9f da 4b b0 a0 85 9d
  read 7722 -  1540: d1 0f 5d 28 63 39 ad ea 23 50 1c 87 e7 94 99 f3
  read 7722 -  1550: 2a 51 78 62 72 66 89 0a 16 3d 32 b9 42 6e 3f 2c
  read 7722 -  1560: 9d 04 5e 64 bd 5f e6 63 d6 fd 0c 63 ea 00 0c 86
  read 7722 -  1570: d9 1b 79 d2 b3 97 c0 fa 20 1a 2a 08 7a e7 3d 3b
  read 7722 -  1580: fc a7 65 44 fb e6 d9 53 f5 a2 c2 bc 59 90 73 4c
  read 7722 -  1590: fc 8b 4e 7b 4b 50 97 2b 55 d5 5b e4 db 5a 07 a7
  read 7722 -  15a0: 6d 20 30 11 42 2d aa 67 bf 07 34 88 71 2a 95 98
  read 7722 -  15b0: 61 48 8e 4e f3 12 0f d4 cc 4d 31 6e a3 d1 69 41
  read 7722 -  15c0: 38 bd c5 79 80 71 63 90 e6 f6 ee 42 ce 3d ba 06
  read 7722 -  15d0: 41 06 0c 1f 5b a3 77 47 b7 95 33 98 da 83 82 20
  read 7722 -  15e0: 71 68 1e 69 3a 62 eb af 6e 6e 69 91 6f 46 df 43
  read 7722 -  15f0: 91 fb a6 ac 33 ac 33 f5 af b6 31 8d 2e b6 db c0
  read 7722 -  1600: 60 57 66 6d 44 a0 20 5d 18 3e e9 17 ea b4 17 71
  read 7722 -  1610: ee 79 74 14 0b 4e 00 37 bd 57 91 34 13 2b c1 87
  read 7722 -  1620: 81 fa 7d c3 e5 92 99 58 09 a8 54 1f 0b 6d c1 78
  read 7722 -  1630: 28 6d c8 51 db 3a 55 b3 08 4d e9 aa e7 3c 8c 56
  read 7722 -  1640: ef d4 0a 1e d9 b4 b4 af c2 29 1b f2 a9 37 8f 94
  read 7722 -  1650: 38 46 a9 d7 1a b5 84 4a e1 93 04 00 80 7c 1f 49
  read 7722 -  1660: fe 8b 19 05 d8 c4 2d 9a 76 65 0f 50 a1 c6 43 71
  read 7722 -  1670: e4 2a ae 64 b1 33 a3 dc 32 88 d8 ab fd 08 e6 f7
  read 7722 -  1680: ec 1b a2 36 62 a5 96 40 7e 8d 13 47 a5 c5 4f ec
  read 7722 -  1690: 54 c1 6b 0a 1c 86 d9 36 38 a6 42 74 9b 21 10 1e
  read 7722 -  16a0: be 68 db 19 dc 32 2b b1 58 ff d5 71 98 e7 62 21
  read 7722 -  16b0: c2 83 5d 68 c7 b4 4c 4f 32 1f 93 24 59 8e 4b 02
  read 7722 -  16c0: a8 54 49 18 ab 6f ef 56 96 11 7f 31 4e e3 fc 04
  read 7722 -  16d0: 4e 33 3a 32 43 ea 47 b9 82 bb 8c a6 c9 fa ef d5
  read 7722 -  16e0: 11 de cc 7a 6c fd c2 03 69 bf 7c 24 de a7 15 ed
  read 7722 -  16f0: 78 3a fa 82 cc 60 25 73 6a da 54 21 8a f9 35 32
  read 7722 -  1700: 70 cd b0 df b0 6d ca 85 d0 84 d6 90 80 5c 18 bd
  read 7722 -  1710: 67 ac 66 54 7f da 42 8c 0a 82 02 52 e5 ef 19 39
  read 7722 -  1720: c4 71 8b eb 52 41 16 ac 9f ca ec c8 dd cd 7c 7f
  read 7722 -  1730: 7c 33 2c c6 51 59 4b 38 fa dd df b9 03 85 8a 17
  read 7722 -  1740: 82 b3 83 09 04 35 a4 fd e0 4b 30 15 90 4f e8 ad
  read 7722 -  1750: 8a e6 f9 a2 9c 69 ec 12 40 1f 8f c3 82 1a da 45
  read 7722 -  1760: d1 ff 93 0a a5 70 0d e1 14 05 22 ef 21 bd 77 18
  read 7722 -  1770: 3e 34 2b 26 79 ba 81 4a ee 7c 91 37 e7 bc 1c c4
  read 7722 -  1780: 21 42 b2 c1 93 fb 82 c2 2d 63 ba f5 6a 02 81 f2
  read 7722 -  1790: 88 3b 9f 34 74 85 be 62 27 db ff e1 ea 04 9c 5e
  read 7722 -  17a0: 74 24 10 04 d2 49 56 c7 55 80 7c 0d c9 66 f7 cc
  read 7722 -  17b0: fa 7d 6b 40 4b 01 1e 5a 11 06 93 85 e6 1b 06 af
  read 7722 -  17c0: 3d 6e 98 82 dc 37 75 20 58 81 d0 27 c5 f9 52 88
  read 7722 -  17d0: 7f cb 2a 9d c4 09 2f 5e 50 61 44 8a f4 10 06 0f
  read 7722 -  17e0: 51 c6 ac 23 43 2c 53 08 8a 4f 18 05 2e a6 15 f3
  read 7722 -  17f0: 35 a2 7c e6 65 47 8b d0 57 33 6a e1 16 9e 10 21
  read 7722 -  1800: 28 98 ed 1c ed d9 68 5d 72 a9 15 ff fa 3c be 14
  read 7722 -  1810: bc 8c dc db 00 74 46 15 3e cc c7 28 97 50 84 09
  read 7722 -  1820: ce 75 d5 f5 68 a3 07 1b 80 a4 0f 2e 08 18 42 03
  read 7722 -  1830: a6 68 cb 75 fe 50 d2 49 ed cc 60 c2 44 ca ba f8
  read 7722 -  1840: 7b 23 90 69 25 67 d1 7b fd e8 89 d6 53 6b 31 38
  read 7722 -  1850: 4b 3c bd c9 76 1a f6 b0 6c 9a 32 af 5e 15 e8 a9
  read 7722 -  1860: c1 d4 95 a4 43 7a cd 33 8a da f9 40 b9 f6 39 ff
  read 7722 -  1870: 07 1c 2c ca 6f 9f ba 0b 5c 4c 93 7f a7 c6 12 46
  read 7722 -  1880: 86 ad c7 6c 27 d5 58 89 c8 a8 7c 0c f0 7b 4b d5
  read 7722 -  1890: 13 b1 db 56 54 08 94 f4 19 51 59 1f 12 43 0b 80
  read 7722 -  18a0: f0 b3 98 4f 60 93 2e 91 09 4c 05 cf 1e 2f 9a 07
  read 7722 -  18b0: 95 58 b2 e4 40 6b 43 24 bc 5b 93 89 f9 72 eb a9
  read 7722 -  18c0: b2 b5 87 83 00 07 89 ac d0 42 4f 65 ef 71 50 2d
  read 7722 -  18d0: 95 5d 04 52 e7 0f c2 17 6a 25 a0 b9 22 5e d0 90
  read 7722 -  18e0: 2c 75 7d 22 b0 ea 4c a9 76 e1 b8 31 22 76 2e 95
  read 7722 -  18f0: f9 3c 5d 11 6f c8 7b 92 8f 86 f4 1e aa c1 3f 12
  read 7722 -  1900: 53 eb fb 4c 71 0d 74 24 88 35 2d c6 76 dd b0 9b
  read 7722 -  1910: b1 9e d3 dd 05 f4 b3 a7 3b 46 46 42 9f 17 72 a1
  read 7722 -  1920: 59 22 7a 36 ae 81 8b 62 55 81 66 ad 6a 96 22 b8
  read 7722 -  1930: cc 31 bc 1e 99 1a cd 8e 3a 81 c0 64 d5 b3 54 95
  read 7722 -  1940: 9a 20 ee bf 7c 92 66 a8 c6 ca 6f 43 8a e7 03 9f
  read 7722 -  1950: 57 95 79 c1 be b7 0c 73 24 4b 1e 8c f4 b8 94 7f
  read 7722 -  1960: 14 62 91 b6 bf ae ce 77 ce 91 71 82 67 30 b9 46
  read 7722 -  1970: aa 4a e4 95 ae 6f 66 5f 90 4c 7d 0c 7e a1 9a 1b
  read 7722 -  1980: 77 9d 17 7b 68 a7 56 a8 bd 5e 2d d1 c2 c7 e5 10
  read 7722 -  1990: 8f 46 d3 0f 4a 13 bd ec 22 3c 30 bd dd d2 bd 9d
  read 7722 -  19a0: e8 8c 47 1e 3c e6 ac 29 61 40 9d 7d 90 8a 9f d6
  read 7722 -  19b0: 16 1b 3c 96 57 17 6d c3 7b 7e df ce dd 8b 90 2b
  read 7722 -  19c0: f6 4b 54 32 b2 0b fe 57 40 52 6c 5f ce 1c ce 7b
  read 7722 -  19d0: 1a 52 37 4e 4b e8 38 b2 69 26 e9 30 8c 42 1a c4
  read 7722 -  19e0: 51 1e e8 90 25 8d 91 10 19 dc 1a 0f c2 2d 99 49
  read 7722 -  19f0: 49 d7 7e 28 72 b4 4e d2 a8 34 2a ab 6f 39 90 19
  read 7722 -  1a00: d3 ee 1b 35 44 61 bc 95 70 c8 a8 f6 ec b0 23 45
  read 7722 -  1a10: bb 51 af a8 46 b2 46 49 6d fa 35 dc e6 cb fd 67
  read 7722 -  1a20: f3 31 ea ee 28 e6 2c a1 43 1b 21 61 bf ab 90 a0
  read 7722 -  1a30: cc 6f 84 7e f5 b3 93 aa 91 f0 9e aa 14 b3 e4 91
  read 7722 -  1a40: ff 86 dc 78 7f 27 7a 74 51 f2 70 07 35 3c ae c0
  read 7722 -  1a50: 45 24 a8 1f 20 48 f5 81 bc 8a 86 2e bf b1 5c 3c
  read 7722 -  1a60: f3 f2 b3 0f b9 a6 82 73 4d 96 01 18 f8 28 c4 b1
  read 7722 -  1a70: 71 aa 42 71 e0 c0 34 44 75 6d 21 ae d2 17 92 08
  read 7722 -  1a80: 74 5d 9d 66 d4 36 af 6c 74 c6 49 e9 a8 59 eb e6
  read 7722 -  1a90: 02 07 de 4b e5 53 53 a8 1a 6e 41 b4 ec 30 5d 89
  read 7722 -  1aa0: 48 f7 c7 8f c2 25 b5 52 11 9f 91 92 31 20 30 ac
  read 7722 -  1ab0: 56 86 cd 58 11 c2 2d 10 80 6c c8 30 8a b0 a6 4d
  read 7722 -  1ac0: bf a0 62 35 24 6a d3 c2 03 32 0e 0d ff e7 ff be
  read 7722 -  1ad0: ca d5 a9 b1 d3 c0 bf 0e 15 76 c8 d0 15 d6 37 e7
  read 7722 -  1ae0: f9 62 d9 37 60 0c 22 83 4b cc e7 11 0f 28 56 e5
  read 7722 -  1af0: db 78 65 b4 7f e1 77 69 18 40 29 70 41 a3 9f 48
  read 7722 -  1b00: 79 14 7e a9 a2 93 cb b2 0f 69 27 2f 86 50 0d cf
  read 7722 -  1b10: b7 41 3e 21 0d 4b b5 c4 c8 21 b7 34 bb ce 6f 67
  read 7722 -  1b20: 3f 8e 7e 93 e5 a7 c4 0e 0d b2 bc 7c c9 8f ce 0c
  read 7722 -  1b30: ea ae 1a a7 dc 41 78 77 5f 50 cb cc 26 c5 67 cf
  read 7722 -  1b40: f7 3c 03 3a 5f 89 08 ea 02 e6 56 65 90 11 33 33
  read 7722 -  1b50: 25 e6 17 6e 97 43 69 b1 f4 db 4d bf 72 40 0a 99
  read 7722 -  1b60: de 3b 81 3d 83 49 f4 b0 9d 70 08 bf a1 1e f5 c3
  read 7722 -  1b70: 4b 4b 40 c0 e3 b8 8c 2f b5 3b 45 de c0 57 a1 f0
  read 7722 -  1b80: 7c ed b6 f9 11 fb bb b3 0a 08 e7 4a bb 43 fe f3
  read 7722 -  1b90: 22 97 2b c5 7d 6a 3d 93 64 9b fc 35 f3 ed 65 b0
  read 7722 -  1ba0: f2 0f f8 8d e8 37 28 8f 1e d7 48 b3 5b 8d 2b 15
  read 7722 -  1bb0: 72 79 4a f7 33 5b c0 19 ed 15 59 d3 83 59 61 5e
  read 7722 -  1bc0: 12 f4 32 28 5c f3 7f d6 4b 0f 18 06 a3 7a b8 5c
  read 7722 -  1bd0: c3 52 79 bb 13 cb 46 7b 79 87 fa 6b 8e e0 01 41
  read 7722 -  1be0: ea fa 7f 24 26 2a c1 7f fb 1e 02 29 8e bf 5d 66
  read 7722 -  1bf0: b6 e3 8a 40 dc e0 15 e0 73 dd a2 ec ab 94 3b 0f
  read 7722 -  1c00: 3a 49 91 8d 69 84 88 52 03 ed 6d 14 c5 3e 0d 17
  read 7722 -  1c10: 58 f7 e2 03 27 38 b5 0e 26 47 77 7c 8c 0c ba 37
  read 7722 -  1c20: 45 9b e8 6d a3 61 80 f8 b1 e5 83 04 81 4d 03 e5
  read 7722 -  1c30: 55 6e 01 b5 38 b1 36 61 2f b2 d4 2b c3 de 00 de
  read 7722 -  1c40: 74 a6 bd 90 24 79 6a da 44 78 30 d9 4e ac 59 60
  read 7722 -  1c50: 32 ac ff de 17 4b 37 89 61 94 0b a6 56 3b 85 a4
  read 7722 -  1c60: e1 65 94 29 3b 4d 90 79 ff bc 7b 5c 61 77 37 1a
  read 7722 -  1c70: ea dd 92 b5 bb 62 91 f7 21 bd 98 da 61 3e 91 b4
  read 7722 -  1c80: d6 ba cf cd e3 e2 28 1a ba 7a 2a 5f e1 76 7f 44
  read 7722 -  1c90: 26 11 86 7c 35 33 7b 65 2c 89 09 34 ad d0 a3 5d
  read 7722 -  1ca0: 0c ba 24 8e 15 2c 0a 4b 1d be 03 7a 30 d6 cb 4d
  read 7722 -  1cb0: a7 ba e4 d4 89 37 9f 73 50 ca 43 8d fe b9 cb c5
  read 7722 -  1cc0: fc 08 a6 f6 fb ce 52 01 82 e5 30 a3 9a 8b 5a a6
  read 7722 -  1cd0: 39 92 a2 66 f8 53 37 7e 9e 2b e1 40 25 0a cc 24
  read 7722 -  1ce0: b0 80 4c f0 4f 79 59 1f ea 62 02 ba 6d 61 0d 27
  read 7722 -  1cf0: 0e 74 64 bc 8d 3e bc 74 b8 70 b2 d4 93 b2 17 b5
  read 7722 -  1d00: cd 1c 61 cf 1f 2e a1 ec c9 fc 9c aa c2 1b a5 b3
  read 7722 -  1d10: 16 c1 ee 61 12 b5 84 41 4c 9f 73 53 e8 f3 14 0d
  read 7722 -  1d20: 47 f2 87 3b df ad 97 bb 73 6a 33 83 d4 7a 64 ab
  read 7722 -  1d30: 13 30 7c c1 f0 81 7e 1d a1 c1 26 02 37 68 d0 aa
  read 7722 -  1d40: 60 97 8b f4 54 3a 2a a8 6b f9 57 da 01 32 e1 67
  read 7722 -  1d50: 21 ea e7 47 12 e8 a1 8b fb 0b df 96 1f 4a e6 ff
  read 7722 -  1d60: 6d cc 57 3b 6b df 8a 5d 8c e8 c5 b9 ed ad 94 a7
  read 7722 -  1d70: c6 75 34 07 48 7b 33 ce c0 be 21 44 49 46 c1 0c
  read 7722 -  1d80: b1 e0 f9 5f 54 8e ec 2b 41 22 a3 d4 35 c1 be 8e
  read 7722 -  1d90: f3 68 2e 1f 1c e1 06 90 f3 03 98 dc 76 b5 11 e0
  read 7722 -  1da0: 8f 28 ad 8e 6f 44 bf 11 61 22 c8 dc 1f 13 d4 0e
  read 7722 -  1db0: d2 6a 0d 49 5a cb 85 3e 88 fd 36 65 a9 1a eb 79
  read 7722 -  1dc0: d2 48 85 fe dc 6d 01 79 80 1f 98 0c 09 92 f6 ae
  read 7722 -  1dd0: 0a 2c 28 0a 56 e3 3c c8 3f 9a 04 b3 3c 1a 3e ce
  read 7722 -  1de0: 78 dd e2 b6 cc 63 35 65 ef 86 12 b5 9c a3 b2 80
  read 7722 -  1df0: d2 57 ab b1 cd e0 68 0f fc 78 6a 91 41 5c 8a 1e
  read 7722 -  1e00: 53 ee 0c 5b 65 bb 9b eb 45 26 47 24 f4 3f 82 01
  read 7722 -  1e10: 17 4e d4 1d 2d bc 12 67 b6 1d 59 63 a0 25 4c 2c
  read 7722 -  1e20: 65 fc 56 58 63 33 bd f4 f2 51

 Goodix>>> enter
 Goodix>>> TLS LOG: => read
 Goodix>>> TLS LOG: => read record
 Goodix>>> TLS LOG: => fetch input
 Goodix>>> TLS LOG: in_left: 0, nb_want: 5
 Goodix>>> enter, tls inited 1
 Goodix>>> bytes to read: 5, bytes left: 7722
 Goodix>>> bytes read: 5, bytes left: 7717
 Goodix>>> recv ret:5.
 Goodix>>> TLS LOG: in_left: 0, nb_want: 5
 Goodix>>> TLS LOG: ssl->f_recv(_timeout)() returned 5 (-0xfffffffb)
 Goodix>>> TLS LOG: <= fetch input
 Goodix>>> TLS LOG: => fetch input
 Goodix>>> TLS LOG: in_left: 5, nb_want: 7722
 Goodix>>> enter, tls inited 1
 Goodix>>> bytes to read: 7717, bytes left: 7717
 Goodix>>> bytes read: 7717, bytes left: 0
 Goodix>>> recv ret:7717.
 Goodix>>> TLS LOG: in_left: 5, nb_want: 7722
 Goodix>>> TLS LOG: ssl->f_recv(_timeout)() returned 7717 (-0xffffe1db)
 Goodix>>> TLS LOG: <= fetch input
 Goodix>>> TLS LOG: => decrypt buf
 Goodix>>> TLS LOG: <= decrypt buf
 Goodix>>> TLS LOG: <= read record
 Goodix>>> TLS LOG: <= read
 Goodix>>> enter
 Goodix>>> TLS now IN handshake state:16.
 Goodix>>> <= tlslib_read exit with ret:7693 tls server state:16.
 Goodix>>> ---- tls 7693 bytes recv
 Goodix>>> recvd data cmd-len: 0x20-7690
 Goodix>>> --- cmd: image
 Goodix>>> 7684 7684 10240
 Goodix>>> Regroup pixels:5120
 Goodix>>> receive non-POV image, length:7690
 Goodix>>> image crc check Ok
 Goodix>>> exit
 Goodix>>> exit
 Goodix>>> <= with ret(BOOL):1.
 Goodix>>> gf_get_fdtbase 2
 Goodix>>> enter
 Goodix>>> enter, Mode 3, Type 3, base_type 1
 Goodix>>> setmode: Fdt manual
 Goodix>>> switch to FDT mode 3
 Goodix>>> data sent::0x80b080c380a680b880a880b8
 Goodix>>> cmd0-cmd1-Len-ackt-ec:0x3-3-0xe-1000-0
 write    4 -  0000: a0 12 00 b2
 write   18 -  0000: 36 0f 00 09 01 80 b0 80 c3 80 a6 80 b8 80 a8 80
 write   18 -  0010: b8 2a

  read    4 -  0000: a0 06 00 a6
  read    6 -  0000: b0 03 00 36 01 c0
 Goodix>>> recvd data cmd-len: 0xb0-3
 Goodix>>> get ack for cmd 0x36, cfg flag 0x1

  read    4 -  0000: a0 14 00 b4
  read   20 -  0000: 36 11 00 00 01 00 00 61 01 87 01 4c 01 71 01 50
  read   20 -  0010: 01 71 01 f6
 Goodix>>> recvd data cmd-len: 0x36-17

 Goodix>>> --- cmd: fdt
 Goodix>>> IrqStatus:0x100 cmd1 3
 Goodix>>> IRQ for fdt-manual, get fdt-up base, current mode is fdt-manual, touchflag 0x0
 Goodix>>> received fdt base::0x610187014c01710150017101
 Goodix>>> get fdt-down base, current mode is fdt-manual
 Goodix>>> fdt base:0x610187014c01710150017101
:0xb080
:0xc380
:0xa680
:0xb880
:0xa880
:0xb880
 Goodix>>> exit
 Goodix>>> gf_get_fdtbase 2 finshed
 Goodix>>> navret = 0x2
 Goodix>>> void
 Goodix>>> imageret 0x2
 Goodix>>> void
 Goodix>>> --- base exist, update imagebase
 Goodix>>> before calc, base_is_valid 0, 0x2 0x2
 Goodix>>> nav buffer size:3200 buffer size:10240
 Goodix>>> save imagebase
 Goodix>>> fail to create dir C:\ProgramData\Goodix, errno 17
 Goodix>>> write 13520-13520 bytes to C:\ProgramData\Goodix\goodix.dat
 Goodix>>> exit size:13520(dec)
 Goodix>>> exit, base_is_valid 0, ren 1
 Goodix>>> update all base suc, Set FDT normal base
 Goodix>>> Init: update all base have done
 Goodix>>> !!Init: Initialization done successfully
 Goodix>>> --- Init: end
 Goodix>>> target state: 4, power action: 0
 Goodix>>> no pov data
 Goodix>>> enter
 Goodix>>> suspend all
 Goodix>>> enter S0 idle
